[0.248s] DEBUG:colcon:Command line arguments: ['/usr/bin/colcon', 'build']
[0.248s] DEBUG:colcon:Parsed command line arguments: Namespace(ament_cmake_args=None, base_paths=['.'], build_base='build', catkin_cmake_args=None, catkin_skip_building_tests=False, cmake_args=None, cmake_clean_cache=False, cmake_clean_first=False, cmake_force_configure=False, cmake_target=None, cmake_target_skip_unavailable=False, continue_on_error=False, event_handlers=None, executor='parallel', ignore_user_meta=False, install_base='install', log_base=None, log_level=None, main=<bound method BuildVerb.main of <colcon_core.verb.build.BuildVerb object at 0x7f89dff34c70>>, merge_install=False, metas=['./colcon.meta'], packages_above=None, packages_above_and_dependencies=None, packages_above_depth=None, packages_end=None, packages_ignore=None, packages_ignore_regex=None, packages_select=None, packages_select_build_failed=False, packages_select_by_dep=None, packages_select_regex=None, packages_select_test_failures=False, packages_skip=None, packages_skip_build_finished=False, packages_skip_by_dep=None, packages_skip_regex=None, packages_skip_test_passed=False, packages_skip_up_to=None, packages_start=None, packages_up_to=None, packages_up_to_regex=None, parallel_workers=8, paths=None, symlink_install=False, test_result_base=None, verb_extension=<colcon_core.verb.build.BuildVerb object at 0x7f89dff34c70>, verb_name='build', verb_parser=<colcon_defaults.argument_parser.defaults.DefaultArgumentsDecorator object at 0x7f89dff40220>)
[0.252s] Level 1:colcon.colcon_core.package_discovery:discover_packages(colcon_meta) check parameters
[0.252s] Level 1:colcon.colcon_core.package_discovery:discover_packages(recursive) check parameters
[0.252s] Level 1:colcon.colcon_core.package_discovery:discover_packages(ignore) check parameters
[0.252s] Level 1:colcon.colcon_core.package_discovery:discover_packages(path) check parameters
[0.252s] Level 1:colcon.colcon_core.package_discovery:discover_packages(colcon_meta) discover
[0.252s] Level 1:colcon.colcon_core.package_discovery:discover_packages(recursive) discover
[0.252s] INFO:colcon.colcon_core.package_discovery:Crawling recursively for packages in '/home/suii/colcon_ws/suii/ros2_ws'
[0.252s] Level 1:colcon.colcon_core.package_identification:_identify(.) by extensions ['ignore', 'ignore_ament_install']
[0.252s] Level 1:colcon.colcon_core.package_identification:_identify(.) by extension 'ignore'
[0.252s] Level 1:colcon.colcon_core.package_identification:_identify(.) by extension 'ignore_ament_install'
[0.252s] Level 1:colcon.colcon_core.package_identification:_identify(.) by extensions ['colcon_pkg']
[0.252s] Level 1:colcon.colcon_core.package_identification:_identify(.) by extension 'colcon_pkg'
[0.252s] Level 1:colcon.colcon_core.package_identification:_identify(.) by extensions ['colcon_meta']
[0.252s] Level 1:colcon.colcon_core.package_identification:_identify(.) by extension 'colcon_meta'
[0.252s] Level 1:colcon.colcon_core.package_identification:_identify(.) by extensions ['ros']
[0.252s] Level 1:colcon.colcon_core.package_identification:_identify(.) by extension 'ros'
[0.262s] Level 1:colcon.colcon_core.package_identification:_identify(.) by extensions ['cmake', 'python']
[0.262s] Level 1:colcon.colcon_core.package_identification:_identify(.) by extension 'cmake'
[0.262s] Level 1:colcon.colcon_core.package_identification:_identify(.) by extension 'python'
[0.262s] Level 1:colcon.colcon_core.package_identification:_identify(.) by extensions ['python_setup_py']
[0.262s] Level 1:colcon.colcon_core.package_identification:_identify(.) by extension 'python_setup_py'
[0.262s] Level 1:colcon.colcon_core.package_identification:_identify(build) by extensions ['ignore', 'ignore_ament_install']
[0.262s] Level 1:colcon.colcon_core.package_identification:_identify(build) by extension 'ignore'
[0.262s] Level 1:colcon.colcon_core.package_identification:_identify(build) ignored
[0.262s] Level 1:colcon.colcon_core.package_identification:_identify(install) by extensions ['ignore', 'ignore_ament_install']
[0.262s] Level 1:colcon.colcon_core.package_identification:_identify(install) by extension 'ignore'
[0.262s] Level 1:colcon.colcon_core.package_identification:_identify(install) ignored
[0.263s] Level 1:colcon.colcon_core.package_identification:_identify(log) by extensions ['ignore', 'ignore_ament_install']
[0.263s] Level 1:colcon.colcon_core.package_identification:_identify(log) by extension 'ignore'
[0.263s] Level 1:colcon.colcon_core.package_identification:_identify(log) ignored
[0.263s] Level 1:colcon.colcon_core.package_identification:_identify(src) by extensions ['ignore', 'ignore_ament_install']
[0.263s] Level 1:colcon.colcon_core.package_identification:_identify(src) by extension 'ignore'
[0.263s] Level 1:colcon.colcon_core.package_identification:_identify(src) by extension 'ignore_ament_install'
[0.263s] Level 1:colcon.colcon_core.package_identification:_identify(src) by extensions ['colcon_pkg']
[0.263s] Level 1:colcon.colcon_core.package_identification:_identify(src) by extension 'colcon_pkg'
[0.263s] Level 1:colcon.colcon_core.package_identification:_identify(src) by extensions ['colcon_meta']
[0.263s] Level 1:colcon.colcon_core.package_identification:_identify(src) by extension 'colcon_meta'
[0.263s] Level 1:colcon.colcon_core.package_identification:_identify(src) by extensions ['ros']
[0.263s] Level 1:colcon.colcon_core.package_identification:_identify(src) by extension 'ros'
[0.263s] Level 1:colcon.colcon_core.package_identification:_identify(src) by extensions ['cmake', 'python']
[0.263s] Level 1:colcon.colcon_core.package_identification:_identify(src) by extension 'cmake'
[0.263s] Level 1:colcon.colcon_core.package_identification:_identify(src) by extension 'python'
[0.263s] Level 1:colcon.colcon_core.package_identification:_identify(src) by extensions ['python_setup_py']
[0.263s] Level 1:colcon.colcon_core.package_identification:_identify(src) by extension 'python_setup_py'
[0.263s] Level 1:colcon.colcon_core.package_identification:_identify(src/nav_test_package_ros2) by extensions ['ignore', 'ignore_ament_install']
[0.263s] Level 1:colcon.colcon_core.package_identification:_identify(src/nav_test_package_ros2) by extension 'ignore'
[0.264s] Level 1:colcon.colcon_core.package_identification:_identify(src/nav_test_package_ros2) by extension 'ignore_ament_install'
[0.264s] Level 1:colcon.colcon_core.package_identification:_identify(src/nav_test_package_ros2) by extensions ['colcon_pkg']
[0.264s] Level 1:colcon.colcon_core.package_identification:_identify(src/nav_test_package_ros2) by extension 'colcon_pkg'
[0.264s] Level 1:colcon.colcon_core.package_identification:_identify(src/nav_test_package_ros2) by extensions ['colcon_meta']
[0.264s] Level 1:colcon.colcon_core.package_identification:_identify(src/nav_test_package_ros2) by extension 'colcon_meta'
[0.264s] Level 1:colcon.colcon_core.package_identification:_identify(src/nav_test_package_ros2) by extensions ['ros']
[0.264s] Level 1:colcon.colcon_core.package_identification:_identify(src/nav_test_package_ros2) by extension 'ros'
[0.266s] DEBUG:colcon.colcon_core.package_identification:Package 'src/nav_test_package_ros2' with type 'ros.ament_python' and name 'nav_test_package_ros2'
[0.266s] Level 1:colcon.colcon_core.package_identification:_identify(src/ros1_bridge) by extensions ['ignore', 'ignore_ament_install']
[0.266s] Level 1:colcon.colcon_core.package_identification:_identify(src/ros1_bridge) by extension 'ignore'
[0.266s] Level 1:colcon.colcon_core.package_identification:_identify(src/ros1_bridge) by extension 'ignore_ament_install'
[0.266s] Level 1:colcon.colcon_core.package_identification:_identify(src/ros1_bridge) by extensions ['colcon_pkg']
[0.266s] Level 1:colcon.colcon_core.package_identification:_identify(src/ros1_bridge) by extension 'colcon_pkg'
[0.266s] Level 1:colcon.colcon_core.package_identification:_identify(src/ros1_bridge) by extensions ['colcon_meta']
[0.266s] Level 1:colcon.colcon_core.package_identification:_identify(src/ros1_bridge) by extension 'colcon_meta'
[0.266s] Level 1:colcon.colcon_core.package_identification:_identify(src/ros1_bridge) by extensions ['ros']
[0.266s] Level 1:colcon.colcon_core.package_identification:_identify(src/ros1_bridge) by extension 'ros'
[0.267s] DEBUG:colcon.colcon_core.package_identification:Package 'src/ros1_bridge' with type 'ros.ament_cmake' and name 'ros1_bridge'
[0.267s] Level 1:colcon.colcon_core.package_identification:_identify(src/suii_bringup) by extensions ['ignore', 'ignore_ament_install']
[0.267s] Level 1:colcon.colcon_core.package_identification:_identify(src/suii_bringup) by extension 'ignore'
[0.267s] Level 1:colcon.colcon_core.package_identification:_identify(src/suii_bringup) by extension 'ignore_ament_install'
[0.267s] Level 1:colcon.colcon_core.package_identification:_identify(src/suii_bringup) by extensions ['colcon_pkg']
[0.267s] Level 1:colcon.colcon_core.package_identification:_identify(src/suii_bringup) by extension 'colcon_pkg'
[0.267s] Level 1:colcon.colcon_core.package_identification:_identify(src/suii_bringup) by extensions ['colcon_meta']
[0.267s] Level 1:colcon.colcon_core.package_identification:_identify(src/suii_bringup) by extension 'colcon_meta'
[0.267s] Level 1:colcon.colcon_core.package_identification:_identify(src/suii_bringup) by extensions ['ros']
[0.267s] Level 1:colcon.colcon_core.package_identification:_identify(src/suii_bringup) by extension 'ros'
[0.268s] DEBUG:colcon.colcon_core.package_identification:Package 'src/suii_bringup' with type 'ros.ament_cmake' and name 'suii_bringup'
[0.268s] Level 1:colcon.colcon_core.package_identification:_identify(src/suii_communication_ros2) by extensions ['ignore', 'ignore_ament_install']
[0.268s] Level 1:colcon.colcon_core.package_identification:_identify(src/suii_communication_ros2) by extension 'ignore'
[0.268s] Level 1:colcon.colcon_core.package_identification:_identify(src/suii_communication_ros2) by extension 'ignore_ament_install'
[0.268s] Level 1:colcon.colcon_core.package_identification:_identify(src/suii_communication_ros2) by extensions ['colcon_pkg']
[0.268s] Level 1:colcon.colcon_core.package_identification:_identify(src/suii_communication_ros2) by extension 'colcon_pkg'
[0.268s] Level 1:colcon.colcon_core.package_identification:_identify(src/suii_communication_ros2) by extensions ['colcon_meta']
[0.268s] Level 1:colcon.colcon_core.package_identification:_identify(src/suii_communication_ros2) by extension 'colcon_meta'
[0.268s] Level 1:colcon.colcon_core.package_identification:_identify(src/suii_communication_ros2) by extensions ['ros']
[0.268s] Level 1:colcon.colcon_core.package_identification:_identify(src/suii_communication_ros2) by extension 'ros'
[0.268s] DEBUG:colcon.colcon_core.package_identification:Package 'src/suii_communication_ros2' with type 'ros.ament_cmake' and name 'suii_communication_ros2'
[0.268s] Level 1:colcon.colcon_core.package_identification:_identify(src/suii_description) by extensions ['ignore', 'ignore_ament_install']
[0.269s] Level 1:colcon.colcon_core.package_identification:_identify(src/suii_description) by extension 'ignore'
[0.269s] Level 1:colcon.colcon_core.package_identification:_identify(src/suii_description) by extension 'ignore_ament_install'
[0.269s] Level 1:colcon.colcon_core.package_identification:_identify(src/suii_description) by extensions ['colcon_pkg']
[0.269s] Level 1:colcon.colcon_core.package_identification:_identify(src/suii_description) by extension 'colcon_pkg'
[0.269s] Level 1:colcon.colcon_core.package_identification:_identify(src/suii_description) by extensions ['colcon_meta']
[0.269s] Level 1:colcon.colcon_core.package_identification:_identify(src/suii_description) by extension 'colcon_meta'
[0.269s] Level 1:colcon.colcon_core.package_identification:_identify(src/suii_description) by extensions ['ros']
[0.269s] Level 1:colcon.colcon_core.package_identification:_identify(src/suii_description) by extension 'ros'
[0.269s] DEBUG:colcon.colcon_core.package_identification:Package 'src/suii_description' with type 'ros.ament_cmake' and name 'suii_description'
[0.269s] Level 1:colcon.colcon_core.package_identification:_identify(src/suii_msgs) by extensions ['ignore', 'ignore_ament_install']
[0.269s] Level 1:colcon.colcon_core.package_identification:_identify(src/suii_msgs) by extension 'ignore'
[0.269s] Level 1:colcon.colcon_core.package_identification:_identify(src/suii_msgs) by extension 'ignore_ament_install'
[0.269s] Level 1:colcon.colcon_core.package_identification:_identify(src/suii_msgs) by extensions ['colcon_pkg']
[0.269s] Level 1:colcon.colcon_core.package_identification:_identify(src/suii_msgs) by extension 'colcon_pkg'
[0.269s] Level 1:colcon.colcon_core.package_identification:_identify(src/suii_msgs) by extensions ['colcon_meta']
[0.270s] Level 1:colcon.colcon_core.package_identification:_identify(src/suii_msgs) by extension 'colcon_meta'
[0.270s] Level 1:colcon.colcon_core.package_identification:_identify(src/suii_msgs) by extensions ['ros']
[0.270s] Level 1:colcon.colcon_core.package_identification:_identify(src/suii_msgs) by extension 'ros'
[0.270s] DEBUG:colcon.colcon_core.package_identification:Package 'src/suii_msgs' with type 'ros.ament_cmake' and name 'suii_msgs'
[0.270s] Level 1:colcon.colcon_core.package_identification:_identify(src/suii_navigation) by extensions ['ignore', 'ignore_ament_install']
[0.270s] Level 1:colcon.colcon_core.package_identification:_identify(src/suii_navigation) by extension 'ignore'
[0.270s] Level 1:colcon.colcon_core.package_identification:_identify(src/suii_navigation) by extension 'ignore_ament_install'
[0.270s] Level 1:colcon.colcon_core.package_identification:_identify(src/suii_navigation) by extensions ['colcon_pkg']
[0.270s] Level 1:colcon.colcon_core.package_identification:_identify(src/suii_navigation) by extension 'colcon_pkg'
[0.271s] Level 1:colcon.colcon_core.package_identification:_identify(src/suii_navigation) by extensions ['colcon_meta']
[0.271s] Level 1:colcon.colcon_core.package_identification:_identify(src/suii_navigation) by extension 'colcon_meta'
[0.271s] Level 1:colcon.colcon_core.package_identification:_identify(src/suii_navigation) by extensions ['ros']
[0.271s] Level 1:colcon.colcon_core.package_identification:_identify(src/suii_navigation) by extension 'ros'
[0.271s] DEBUG:colcon.colcon_core.package_identification:Failed to parse potential ROS package manifest in'src/suii_navigation': Error(s) in package 'src/suii_navigation/package.xml':
The manifest contains invalid XML:
mismatched tag: line 14, column 26
[0.271s] Level 1:colcon.colcon_core.package_identification:_identify(src/suii_navigation) by extensions ['cmake', 'python']
[0.271s] Level 1:colcon.colcon_core.package_identification:_identify(src/suii_navigation) by extension 'cmake'
[0.271s] Level 1:colcon.colcon_core.package_identification:_identify(src/suii_navigation) by extension 'python'
[0.271s] DEBUG:colcon.colcon_core.package_identification:Python package in 'src/suii_navigation' passes arguments to the setup() function which requires a different identification extension than 'python'
[0.271s] Level 1:colcon.colcon_core.package_identification:_identify(src/suii_navigation) by extensions ['python_setup_py']
[0.271s] Level 1:colcon.colcon_core.package_identification:_identify(src/suii_navigation) by extension 'python_setup_py'
[0.454s] DEBUG:colcon.colcon_core.package_identification:Package 'src/suii_navigation' with type 'python' and name 'suii_navigation'
[0.454s] Level 1:colcon.colcon_core.package_discovery:discover_packages(recursive) using defaults
[0.454s] Level 1:colcon.colcon_core.package_discovery:discover_packages(ignore) discover
[0.454s] Level 1:colcon.colcon_core.package_discovery:discover_packages(ignore) using defaults
[0.454s] Level 1:colcon.colcon_core.package_discovery:discover_packages(path) discover
[0.455s] Level 1:colcon.colcon_core.package_discovery:discover_packages(path) using defaults
[0.472s] Level 5:colcon.colcon_core.verb:set package 'suii_bringup' build argument 'cmake_args' from command line to 'None'
[0.472s] Level 5:colcon.colcon_core.verb:set package 'suii_bringup' build argument 'cmake_target' from command line to 'None'
[0.472s] Level 5:colcon.colcon_core.verb:set package 'suii_bringup' build argument 'cmake_target_skip_unavailable' from command line to 'False'
[0.473s] Level 5:colcon.colcon_core.verb:set package 'suii_bringup' build argument 'cmake_clean_cache' from command line to 'False'
[0.473s] Level 5:colcon.colcon_core.verb:set package 'suii_bringup' build argument 'cmake_clean_first' from command line to 'False'
[0.473s] Level 5:colcon.colcon_core.verb:set package 'suii_bringup' build argument 'cmake_force_configure' from command line to 'False'
[0.473s] Level 5:colcon.colcon_core.verb:set package 'suii_bringup' build argument 'ament_cmake_args' from command line to 'None'
[0.473s] Level 5:colcon.colcon_core.verb:set package 'suii_bringup' build argument 'catkin_cmake_args' from command line to 'None'
[0.473s] Level 5:colcon.colcon_core.verb:set package 'suii_bringup' build argument 'catkin_skip_building_tests' from command line to 'False'
[0.473s] DEBUG:colcon.colcon_core.verb:Building package 'suii_bringup' with the following arguments: {'ament_cmake_args': None, 'build_base': '/home/suii/colcon_ws/suii/ros2_ws/build/suii_bringup', 'catkin_cmake_args': None, 'catkin_skip_building_tests': False, 'cmake_args': None, 'cmake_clean_cache': False, 'cmake_clean_first': False, 'cmake_force_configure': False, 'cmake_target': None, 'cmake_target_skip_unavailable': False, 'install_base': '/home/suii/colcon_ws/suii/ros2_ws/install/suii_bringup', 'merge_install': False, 'path': '/home/suii/colcon_ws/suii/ros2_ws/src/suii_bringup', 'symlink_install': False, 'test_result_base': None}
[0.475s] Level 5:colcon.colcon_core.verb:set package 'suii_communication_ros2' build argument 'cmake_args' from command line to 'None'
[0.475s] Level 5:colcon.colcon_core.verb:set package 'suii_communication_ros2' build argument 'cmake_target' from command line to 'None'
[0.475s] Level 5:colcon.colcon_core.verb:set package 'suii_communication_ros2' build argument 'cmake_target_skip_unavailable' from command line to 'False'
[0.475s] Level 5:colcon.colcon_core.verb:set package 'suii_communication_ros2' build argument 'cmake_clean_cache' from command line to 'False'
[0.475s] Level 5:colcon.colcon_core.verb:set package 'suii_communication_ros2' build argument 'cmake_clean_first' from command line to 'False'
[0.475s] Level 5:colcon.colcon_core.verb:set package 'suii_communication_ros2' build argument 'cmake_force_configure' from command line to 'False'
[0.475s] Level 5:colcon.colcon_core.verb:set package 'suii_communication_ros2' build argument 'ament_cmake_args' from command line to 'None'
[0.475s] Level 5:colcon.colcon_core.verb:set package 'suii_communication_ros2' build argument 'catkin_cmake_args' from command line to 'None'
[0.475s] Level 5:colcon.colcon_core.verb:set package 'suii_communication_ros2' build argument 'catkin_skip_building_tests' from command line to 'False'
[0.475s] DEBUG:colcon.colcon_core.verb:Building package 'suii_communication_ros2' with the following arguments: {'ament_cmake_args': None, 'build_base': '/home/suii/colcon_ws/suii/ros2_ws/build/suii_communication_ros2', 'catkin_cmake_args': None, 'catkin_skip_building_tests': False, 'cmake_args': None, 'cmake_clean_cache': False, 'cmake_clean_first': False, 'cmake_force_configure': False, 'cmake_target': None, 'cmake_target_skip_unavailable': False, 'install_base': '/home/suii/colcon_ws/suii/ros2_ws/install/suii_communication_ros2', 'merge_install': False, 'path': '/home/suii/colcon_ws/suii/ros2_ws/src/suii_communication_ros2', 'symlink_install': False, 'test_result_base': None}
[0.477s] Level 5:colcon.colcon_core.verb:set package 'suii_description' build argument 'cmake_args' from command line to 'None'
[0.477s] Level 5:colcon.colcon_core.verb:set package 'suii_description' build argument 'cmake_target' from command line to 'None'
[0.477s] Level 5:colcon.colcon_core.verb:set package 'suii_description' build argument 'cmake_target_skip_unavailable' from command line to 'False'
[0.477s] Level 5:colcon.colcon_core.verb:set package 'suii_description' build argument 'cmake_clean_cache' from command line to 'False'
[0.477s] Level 5:colcon.colcon_core.verb:set package 'suii_description' build argument 'cmake_clean_first' from command line to 'False'
[0.477s] Level 5:colcon.colcon_core.verb:set package 'suii_description' build argument 'cmake_force_configure' from command line to 'False'
[0.477s] Level 5:colcon.colcon_core.verb:set package 'suii_description' build argument 'ament_cmake_args' from command line to 'None'
[0.477s] Level 5:colcon.colcon_core.verb:set package 'suii_description' build argument 'catkin_cmake_args' from command line to 'None'
[0.477s] Level 5:colcon.colcon_core.verb:set package 'suii_description' build argument 'catkin_skip_building_tests' from command line to 'False'
[0.477s] DEBUG:colcon.colcon_core.verb:Building package 'suii_description' with the following arguments: {'ament_cmake_args': None, 'build_base': '/home/suii/colcon_ws/suii/ros2_ws/build/suii_description', 'catkin_cmake_args': None, 'catkin_skip_building_tests': False, 'cmake_args': None, 'cmake_clean_cache': False, 'cmake_clean_first': False, 'cmake_force_configure': False, 'cmake_target': None, 'cmake_target_skip_unavailable': False, 'install_base': '/home/suii/colcon_ws/suii/ros2_ws/install/suii_description', 'merge_install': False, 'path': '/home/suii/colcon_ws/suii/ros2_ws/src/suii_description', 'symlink_install': False, 'test_result_base': None}
[0.479s] Level 5:colcon.colcon_core.verb:set package 'suii_msgs' build argument 'cmake_args' from command line to 'None'
[0.479s] Level 5:colcon.colcon_core.verb:set package 'suii_msgs' build argument 'cmake_target' from command line to 'None'
[0.479s] Level 5:colcon.colcon_core.verb:set package 'suii_msgs' build argument 'cmake_target_skip_unavailable' from command line to 'False'
[0.479s] Level 5:colcon.colcon_core.verb:set package 'suii_msgs' build argument 'cmake_clean_cache' from command line to 'False'
[0.479s] Level 5:colcon.colcon_core.verb:set package 'suii_msgs' build argument 'cmake_clean_first' from command line to 'False'
[0.479s] Level 5:colcon.colcon_core.verb:set package 'suii_msgs' build argument 'cmake_force_configure' from command line to 'False'
[0.479s] Level 5:colcon.colcon_core.verb:set package 'suii_msgs' build argument 'ament_cmake_args' from command line to 'None'
[0.479s] Level 5:colcon.colcon_core.verb:set package 'suii_msgs' build argument 'catkin_cmake_args' from command line to 'None'
[0.479s] Level 5:colcon.colcon_core.verb:set package 'suii_msgs' build argument 'catkin_skip_building_tests' from command line to 'False'
[0.479s] DEBUG:colcon.colcon_core.verb:Building package 'suii_msgs' with the following arguments: {'ament_cmake_args': None, 'build_base': '/home/suii/colcon_ws/suii/ros2_ws/build/suii_msgs', 'catkin_cmake_args': None, 'catkin_skip_building_tests': False, 'cmake_args': None, 'cmake_clean_cache': False, 'cmake_clean_first': False, 'cmake_force_configure': False, 'cmake_target': None, 'cmake_target_skip_unavailable': False, 'install_base': '/home/suii/colcon_ws/suii/ros2_ws/install/suii_msgs', 'merge_install': False, 'path': '/home/suii/colcon_ws/suii/ros2_ws/src/suii_msgs', 'symlink_install': False, 'test_result_base': None}
[0.481s] Level 5:colcon.colcon_core.verb:set package 'suii_navigation' build argument 'cmake_args' from command line to 'None'
[0.481s] Level 5:colcon.colcon_core.verb:set package 'suii_navigation' build argument 'cmake_target' from command line to 'None'
[0.481s] Level 5:colcon.colcon_core.verb:set package 'suii_navigation' build argument 'cmake_target_skip_unavailable' from command line to 'False'
[0.481s] Level 5:colcon.colcon_core.verb:set package 'suii_navigation' build argument 'cmake_clean_cache' from command line to 'False'
[0.481s] Level 5:colcon.colcon_core.verb:set package 'suii_navigation' build argument 'cmake_clean_first' from command line to 'False'
[0.481s] Level 5:colcon.colcon_core.verb:set package 'suii_navigation' build argument 'cmake_force_configure' from command line to 'False'
[0.481s] Level 5:colcon.colcon_core.verb:set package 'suii_navigation' build argument 'ament_cmake_args' from command line to 'None'
[0.481s] Level 5:colcon.colcon_core.verb:set package 'suii_navigation' build argument 'catkin_cmake_args' from command line to 'None'
[0.481s] Level 5:colcon.colcon_core.verb:set package 'suii_navigation' build argument 'catkin_skip_building_tests' from command line to 'False'
[0.481s] DEBUG:colcon.colcon_core.verb:Building package 'suii_navigation' with the following arguments: {'ament_cmake_args': None, 'build_base': '/home/suii/colcon_ws/suii/ros2_ws/build/suii_navigation', 'catkin_cmake_args': None, 'catkin_skip_building_tests': False, 'cmake_args': None, 'cmake_clean_cache': False, 'cmake_clean_first': False, 'cmake_force_configure': False, 'cmake_target': None, 'cmake_target_skip_unavailable': False, 'install_base': '/home/suii/colcon_ws/suii/ros2_ws/install/suii_navigation', 'merge_install': False, 'path': '/home/suii/colcon_ws/suii/ros2_ws/src/suii_navigation', 'symlink_install': False, 'test_result_base': None}
[0.483s] Level 5:colcon.colcon_core.verb:set package 'nav_test_package_ros2' build argument 'cmake_args' from command line to 'None'
[0.483s] Level 5:colcon.colcon_core.verb:set package 'nav_test_package_ros2' build argument 'cmake_target' from command line to 'None'
[0.483s] Level 5:colcon.colcon_core.verb:set package 'nav_test_package_ros2' build argument 'cmake_target_skip_unavailable' from command line to 'False'
[0.483s] Level 5:colcon.colcon_core.verb:set package 'nav_test_package_ros2' build argument 'cmake_clean_cache' from command line to 'False'
[0.483s] Level 5:colcon.colcon_core.verb:set package 'nav_test_package_ros2' build argument 'cmake_clean_first' from command line to 'False'
[0.483s] Level 5:colcon.colcon_core.verb:set package 'nav_test_package_ros2' build argument 'cmake_force_configure' from command line to 'False'
[0.483s] Level 5:colcon.colcon_core.verb:set package 'nav_test_package_ros2' build argument 'ament_cmake_args' from command line to 'None'
[0.483s] Level 5:colcon.colcon_core.verb:set package 'nav_test_package_ros2' build argument 'catkin_cmake_args' from command line to 'None'
[0.483s] Level 5:colcon.colcon_core.verb:set package 'nav_test_package_ros2' build argument 'catkin_skip_building_tests' from command line to 'False'
[0.483s] DEBUG:colcon.colcon_core.verb:Building package 'nav_test_package_ros2' with the following arguments: {'ament_cmake_args': None, 'build_base': '/home/suii/colcon_ws/suii/ros2_ws/build/nav_test_package_ros2', 'catkin_cmake_args': None, 'catkin_skip_building_tests': False, 'cmake_args': None, 'cmake_clean_cache': False, 'cmake_clean_first': False, 'cmake_force_configure': False, 'cmake_target': None, 'cmake_target_skip_unavailable': False, 'install_base': '/home/suii/colcon_ws/suii/ros2_ws/install/nav_test_package_ros2', 'merge_install': False, 'path': '/home/suii/colcon_ws/suii/ros2_ws/src/nav_test_package_ros2', 'symlink_install': False, 'test_result_base': None}
[0.485s] Level 5:colcon.colcon_core.verb:set package 'ros1_bridge' build argument 'cmake_args' from command line to 'None'
[0.485s] Level 5:colcon.colcon_core.verb:set package 'ros1_bridge' build argument 'cmake_target' from command line to 'None'
[0.485s] Level 5:colcon.colcon_core.verb:set package 'ros1_bridge' build argument 'cmake_target_skip_unavailable' from command line to 'False'
[0.485s] Level 5:colcon.colcon_core.verb:set package 'ros1_bridge' build argument 'cmake_clean_cache' from command line to 'False'
[0.485s] Level 5:colcon.colcon_core.verb:set package 'ros1_bridge' build argument 'cmake_clean_first' from command line to 'False'
[0.485s] Level 5:colcon.colcon_core.verb:set package 'ros1_bridge' build argument 'cmake_force_configure' from command line to 'False'
[0.485s] Level 5:colcon.colcon_core.verb:set package 'ros1_bridge' build argument 'ament_cmake_args' from command line to 'None'
[0.485s] Level 5:colcon.colcon_core.verb:set package 'ros1_bridge' build argument 'catkin_cmake_args' from command line to 'None'
[0.485s] Level 5:colcon.colcon_core.verb:set package 'ros1_bridge' build argument 'catkin_skip_building_tests' from command line to 'False'
[0.485s] DEBUG:colcon.colcon_core.verb:Building package 'ros1_bridge' with the following arguments: {'ament_cmake_args': None, 'build_base': '/home/suii/colcon_ws/suii/ros2_ws/build/ros1_bridge', 'catkin_cmake_args': None, 'catkin_skip_building_tests': False, 'cmake_args': None, 'cmake_clean_cache': False, 'cmake_clean_first': False, 'cmake_force_configure': False, 'cmake_target': None, 'cmake_target_skip_unavailable': False, 'install_base': '/home/suii/colcon_ws/suii/ros2_ws/install/ros1_bridge', 'merge_install': False, 'path': '/home/suii/colcon_ws/suii/ros2_ws/src/ros1_bridge', 'symlink_install': False, 'test_result_base': None}
[0.486s] INFO:colcon.colcon_core.executor:Executing jobs using 'parallel' executor
[0.487s] DEBUG:colcon.colcon_parallel_executor.executor.parallel:run_until_complete
[0.489s] INFO:colcon.colcon_ros.task.ament_cmake.build:Building ROS package in '/home/suii/colcon_ws/suii/ros2_ws/src/suii_msgs' with build type 'ament_cmake'
[0.489s] INFO:colcon.colcon_cmake.task.cmake.build:Building CMake package in '/home/suii/colcon_ws/suii/ros2_ws/src/suii_msgs'
[0.492s] INFO:colcon.colcon_core.plugin_system:Skipping extension 'colcon_core.shell.bat': Not used on non-Windows systems
[0.492s] INFO:colcon.colcon_core.shell:Skip shell extension 'powershell' for command environment: Not usable outside of PowerShell
[0.492s] DEBUG:colcon.colcon_core.shell:Skip shell extension 'dsv' for command environment
[0.495s] DEBUG:colcon.colcon_core.shell:Ignoring prefix path '/opt/ros/foxy'
[0.497s] INFO:colcon.colcon_ros.task.ament_cmake.build:Building ROS package in '/home/suii/colcon_ws/suii/ros2_ws/src/suii_communication_ros2' with build type 'ament_cmake'
[0.497s] INFO:colcon.colcon_cmake.task.cmake.build:Building CMake package in '/home/suii/colcon_ws/suii/ros2_ws/src/suii_communication_ros2'
[0.498s] INFO:colcon.colcon_core.shell:Skip shell extension 'powershell' for command environment: Not usable outside of PowerShell
[0.498s] DEBUG:colcon.colcon_core.shell:Skip shell extension 'dsv' for command environment
[0.500s] DEBUG:colcon.colcon_core.shell:Ignoring prefix path '/opt/ros/foxy'
[0.502s] INFO:colcon.colcon_ros.task.ament_cmake.build:Building ROS package in '/home/suii/colcon_ws/suii/ros2_ws/src/suii_bringup' with build type 'ament_cmake'
[0.502s] INFO:colcon.colcon_cmake.task.cmake.build:Building CMake package in '/home/suii/colcon_ws/suii/ros2_ws/src/suii_bringup'
[0.503s] INFO:colcon.colcon_core.shell:Skip shell extension 'powershell' for command environment: Not usable outside of PowerShell
[0.503s] DEBUG:colcon.colcon_core.shell:Skip shell extension 'dsv' for command environment
[0.505s] DEBUG:colcon.colcon_core.shell:Ignoring prefix path '/opt/ros/foxy'
[0.507s] INFO:colcon.colcon_ros.task.ament_cmake.build:Building ROS package in '/home/suii/colcon_ws/suii/ros2_ws/src/suii_description' with build type 'ament_cmake'
[0.507s] INFO:colcon.colcon_cmake.task.cmake.build:Building CMake package in '/home/suii/colcon_ws/suii/ros2_ws/src/suii_description'
[0.508s] INFO:colcon.colcon_core.shell:Skip shell extension 'powershell' for command environment: Not usable outside of PowerShell
[0.508s] DEBUG:colcon.colcon_core.shell:Skip shell extension 'dsv' for command environment
[0.510s] DEBUG:colcon.colcon_core.shell:Ignoring prefix path '/opt/ros/foxy'
[0.512s] INFO:colcon.colcon_core.task.python.build:Building Python package in '/home/suii/colcon_ws/suii/ros2_ws/src/suii_navigation'
[0.513s] INFO:colcon.colcon_core.shell:Skip shell extension 'powershell' for command environment: Not usable outside of PowerShell
[0.513s] DEBUG:colcon.colcon_core.shell:Skip shell extension 'dsv' for command environment
[0.515s] DEBUG:colcon.colcon_core.shell:Ignoring prefix path '/opt/ros/foxy'
[0.523s] DEBUG:colcon.colcon_core.event_handler.log_command:Invoking command in '/home/suii/colcon_ws/suii/ros2_ws/build/suii_msgs': CMAKE_PREFIX_PATH=${CMAKE_PREFIX_PATH}:/home/suii/colcon_ws/suii/ros2_ws/install/nav_test_package_ros2:/opt/ros/foxy /usr/bin/cmake --build /home/suii/colcon_ws/suii/ros2_ws/build/suii_msgs -- -j8 -l8
[0.566s] DEBUG:colcon.colcon_core.event_handler.log_command:Invoking command in '/home/suii/colcon_ws/suii/ros2_ws/build/suii_communication_ros2': CMAKE_PREFIX_PATH=${CMAKE_PREFIX_PATH}:/home/suii/colcon_ws/suii/ros2_ws/install/nav_test_package_ros2:/opt/ros/foxy /usr/bin/cmake --build /home/suii/colcon_ws/suii/ros2_ws/build/suii_communication_ros2 -- -j8 -l8
[0.571s] DEBUG:colcon.colcon_core.event_handler.log_command:Invoking command in '/home/suii/colcon_ws/suii/ros2_ws/build/suii_bringup': CMAKE_PREFIX_PATH=${CMAKE_PREFIX_PATH}:/home/suii/colcon_ws/suii/ros2_ws/install/nav_test_package_ros2:/opt/ros/foxy /usr/bin/cmake --build /home/suii/colcon_ws/suii/ros2_ws/build/suii_bringup -- -j8 -l8
[0.577s] DEBUG:colcon.colcon_core.event_handler.log_command:Invoking command in '/home/suii/colcon_ws/suii/ros2_ws/build/suii_description': CMAKE_PREFIX_PATH=${CMAKE_PREFIX_PATH}:/home/suii/colcon_ws/suii/ros2_ws/install/nav_test_package_ros2:/opt/ros/foxy /usr/bin/cmake --build /home/suii/colcon_ws/suii/ros2_ws/build/suii_description -- -j8 -l8
[0.837s] DEBUG:colcon.colcon_core.event_handler.log_command:Invoking command in '/home/suii/colcon_ws/suii/ros2_ws/build/suii_navigation': PYTHONPATH=/home/suii/colcon_ws/suii/ros2_ws/install/suii_navigation/lib/python3.8/site-packages:${PYTHONPATH} /usr/bin/python3 setup.py develop --prefix /home/suii/colcon_ws/suii/ros2_ws/install/suii_navigation --uninstall --editable --build-directory /home/suii/colcon_ws/suii/ros2_ws/build/suii_navigation/build
[0.848s] DEBUG:colcon.colcon_core.event_handler.log_command:Invoked command in '/home/suii/colcon_ws/suii/ros2_ws/build/suii_msgs' returned '0': CMAKE_PREFIX_PATH=${CMAKE_PREFIX_PATH}:/home/suii/colcon_ws/suii/ros2_ws/install/nav_test_package_ros2:/opt/ros/foxy /usr/bin/cmake --build /home/suii/colcon_ws/suii/ros2_ws/build/suii_msgs -- -j8 -l8
[0.848s] DEBUG:colcon.colcon_core.event_handler.log_command:Invoked command in '/home/suii/colcon_ws/suii/ros2_ws/build/suii_communication_ros2' returned '0': CMAKE_PREFIX_PATH=${CMAKE_PREFIX_PATH}:/home/suii/colcon_ws/suii/ros2_ws/install/nav_test_package_ros2:/opt/ros/foxy /usr/bin/cmake --build /home/suii/colcon_ws/suii/ros2_ws/build/suii_communication_ros2 -- -j8 -l8
[0.851s] DEBUG:colcon.colcon_core.event_handler.log_command:Invoked command in '/home/suii/colcon_ws/suii/ros2_ws/build/suii_bringup' returned '0': CMAKE_PREFIX_PATH=${CMAKE_PREFIX_PATH}:/home/suii/colcon_ws/suii/ros2_ws/install/nav_test_package_ros2:/opt/ros/foxy /usr/bin/cmake --build /home/suii/colcon_ws/suii/ros2_ws/build/suii_bringup -- -j8 -l8
[0.853s] DEBUG:colcon.colcon_core.event_handler.log_command:Invoked command in '/home/suii/colcon_ws/suii/ros2_ws/build/suii_description' returned '0': CMAKE_PREFIX_PATH=${CMAKE_PREFIX_PATH}:/home/suii/colcon_ws/suii/ros2_ws/install/nav_test_package_ros2:/opt/ros/foxy /usr/bin/cmake --build /home/suii/colcon_ws/suii/ros2_ws/build/suii_description -- -j8 -l8
[0.882s] DEBUG:colcon.colcon_core.event_handler.log_command:Invoking command in '/home/suii/colcon_ws/suii/ros2_ws/build/suii_bringup': CMAKE_PREFIX_PATH=${CMAKE_PREFIX_PATH}:/home/suii/colcon_ws/suii/ros2_ws/install/nav_test_package_ros2:/opt/ros/foxy /usr/bin/cmake --install /home/suii/colcon_ws/suii/ros2_ws/build/suii_bringup
[0.887s] DEBUG:colcon.colcon_core.event_handler.log_command:Invoking command in '/home/suii/colcon_ws/suii/ros2_ws/build/suii_description': CMAKE_PREFIX_PATH=${CMAKE_PREFIX_PATH}:/home/suii/colcon_ws/suii/ros2_ws/install/nav_test_package_ros2:/opt/ros/foxy /usr/bin/cmake --install /home/suii/colcon_ws/suii/ros2_ws/build/suii_description
[0.892s] DEBUG:colcon.colcon_core.event_handler.log_command:Invoking command in '/home/suii/colcon_ws/suii/ros2_ws/build/suii_communication_ros2': CMAKE_PREFIX_PATH=${CMAKE_PREFIX_PATH}:/home/suii/colcon_ws/suii/ros2_ws/install/nav_test_package_ros2:/opt/ros/foxy /usr/bin/cmake --install /home/suii/colcon_ws/suii/ros2_ws/build/suii_communication_ros2
[0.897s] Level 1:colcon.colcon_core.environment:create_environment_scripts_only(suii_bringup)
[0.901s] DEBUG:colcon.colcon_core.event_handler.log_command:Invoked command in '/home/suii/colcon_ws/suii/ros2_ws/build/suii_bringup' returned '0': CMAKE_PREFIX_PATH=${CMAKE_PREFIX_PATH}:/home/suii/colcon_ws/suii/ros2_ws/install/nav_test_package_ros2:/opt/ros/foxy /usr/bin/cmake --install /home/suii/colcon_ws/suii/ros2_ws/build/suii_bringup
[0.908s] Level 1:colcon.colcon_core.environment:checking '/home/suii/colcon_ws/suii/ros2_ws/install/suii_bringup' for CMake module files
[0.909s] Level 1:colcon.colcon_core.environment:checking '/home/suii/colcon_ws/suii/ros2_ws/install/suii_bringup' for CMake config files
[0.910s] Level 1:colcon.colcon_core.shell:create_environment_hook('suii_bringup', 'cmake_prefix_path')
[0.910s] INFO:colcon.colcon_core.shell:Creating environment hook '/home/suii/colcon_ws/suii/ros2_ws/install/suii_bringup/share/suii_bringup/hook/cmake_prefix_path.ps1'
[0.911s] INFO:colcon.colcon_core.shell:Creating environment descriptor '/home/suii/colcon_ws/suii/ros2_ws/install/suii_bringup/share/suii_bringup/hook/cmake_prefix_path.dsv'
[0.912s] INFO:colcon.colcon_core.shell:Creating environment hook '/home/suii/colcon_ws/suii/ros2_ws/install/suii_bringup/share/suii_bringup/hook/cmake_prefix_path.sh'
[0.914s] Level 1:colcon.colcon_core.environment:checking '/home/suii/colcon_ws/suii/ros2_ws/install/suii_bringup/bin'
[0.914s] Level 1:colcon.colcon_core.environment:checking '/home/suii/colcon_ws/suii/ros2_ws/install/suii_bringup/lib/pkgconfig/suii_bringup.pc'
[0.914s] Level 1:colcon.colcon_core.environment:checking '/home/suii/colcon_ws/suii/ros2_ws/install/suii_bringup/lib/python3.8/site-packages'
[0.915s] INFO:colcon.colcon_core.shell:Creating package script '/home/suii/colcon_ws/suii/ros2_ws/install/suii_bringup/share/suii_bringup/package.ps1'
[0.916s] INFO:colcon.colcon_core.shell:Creating package descriptor '/home/suii/colcon_ws/suii/ros2_ws/install/suii_bringup/share/suii_bringup/package.dsv'
[0.917s] INFO:colcon.colcon_core.shell:Creating package script '/home/suii/colcon_ws/suii/ros2_ws/install/suii_bringup/share/suii_bringup/package.sh'
[0.918s] INFO:colcon.colcon_core.shell:Creating package script '/home/suii/colcon_ws/suii/ros2_ws/install/suii_bringup/share/suii_bringup/package.bash'
[0.919s] INFO:colcon.colcon_core.shell:Creating package script '/home/suii/colcon_ws/suii/ros2_ws/install/suii_bringup/share/suii_bringup/package.zsh'
[0.920s] Level 1:colcon.colcon_core.environment:create_file_with_runtime_dependencies(/home/suii/colcon_ws/suii/ros2_ws/install/suii_bringup/share/colcon-core/packages/suii_bringup)
[0.924s] Level 1:colcon.colcon_core.environment:create_environment_scripts_only(suii_description)
[0.926s] Level 1:colcon.colcon_core.environment:checking '/home/suii/colcon_ws/suii/ros2_ws/install/suii_description' for CMake module files
[0.927s] DEBUG:colcon.colcon_core.event_handler.log_command:Invoked command in '/home/suii/colcon_ws/suii/ros2_ws/build/suii_description' returned '0': CMAKE_PREFIX_PATH=${CMAKE_PREFIX_PATH}:/home/suii/colcon_ws/suii/ros2_ws/install/nav_test_package_ros2:/opt/ros/foxy /usr/bin/cmake --install /home/suii/colcon_ws/suii/ros2_ws/build/suii_description
[0.929s] Level 1:colcon.colcon_core.environment:checking '/home/suii/colcon_ws/suii/ros2_ws/install/suii_description' for CMake config files
[0.931s] Level 1:colcon.colcon_core.shell:create_environment_hook('suii_description', 'cmake_prefix_path')
[0.932s] INFO:colcon.colcon_core.shell:Creating environment hook '/home/suii/colcon_ws/suii/ros2_ws/install/suii_description/share/suii_description/hook/cmake_prefix_path.ps1'
[0.932s] INFO:colcon.colcon_core.shell:Creating environment descriptor '/home/suii/colcon_ws/suii/ros2_ws/install/suii_description/share/suii_description/hook/cmake_prefix_path.dsv'
[0.933s] INFO:colcon.colcon_core.shell:Creating environment hook '/home/suii/colcon_ws/suii/ros2_ws/install/suii_description/share/suii_description/hook/cmake_prefix_path.sh'
[0.933s] Level 1:colcon.colcon_core.environment:checking '/home/suii/colcon_ws/suii/ros2_ws/install/suii_description/bin'
[0.933s] Level 1:colcon.colcon_core.environment:checking '/home/suii/colcon_ws/suii/ros2_ws/install/suii_description/lib/pkgconfig/suii_description.pc'
[0.933s] Level 1:colcon.colcon_core.environment:checking '/home/suii/colcon_ws/suii/ros2_ws/install/suii_description/lib/python3.8/site-packages'
[0.934s] INFO:colcon.colcon_core.shell:Creating package script '/home/suii/colcon_ws/suii/ros2_ws/install/suii_description/share/suii_description/package.ps1'
[0.935s] INFO:colcon.colcon_core.shell:Creating package descriptor '/home/suii/colcon_ws/suii/ros2_ws/install/suii_description/share/suii_description/package.dsv'
[0.935s] INFO:colcon.colcon_core.shell:Creating package script '/home/suii/colcon_ws/suii/ros2_ws/install/suii_description/share/suii_description/package.sh'
[0.935s] INFO:colcon.colcon_core.shell:Creating package script '/home/suii/colcon_ws/suii/ros2_ws/install/suii_description/share/suii_description/package.bash'
[0.936s] INFO:colcon.colcon_core.shell:Creating package script '/home/suii/colcon_ws/suii/ros2_ws/install/suii_description/share/suii_description/package.zsh'
[0.936s] Level 1:colcon.colcon_core.environment:create_file_with_runtime_dependencies(/home/suii/colcon_ws/suii/ros2_ws/install/suii_description/share/colcon-core/packages/suii_description)
[0.946s] Level 1:colcon.colcon_core.environment:create_environment_scripts_only(suii_bringup)
[0.947s] Level 1:colcon.colcon_core.environment:checking '/home/suii/colcon_ws/suii/ros2_ws/install/suii_bringup' for CMake module files
[0.948s] Level 1:colcon.colcon_core.environment:checking '/home/suii/colcon_ws/suii/ros2_ws/install/suii_bringup' for CMake config files
[0.949s] Level 1:colcon.colcon_core.shell:create_environment_hook('suii_bringup', 'cmake_prefix_path')
[0.950s] INFO:colcon.colcon_core.shell:Creating environment hook '/home/suii/colcon_ws/suii/ros2_ws/install/suii_bringup/share/suii_bringup/hook/cmake_prefix_path.ps1'
[0.950s] INFO:colcon.colcon_core.shell:Creating environment descriptor '/home/suii/colcon_ws/suii/ros2_ws/install/suii_bringup/share/suii_bringup/hook/cmake_prefix_path.dsv'
[0.951s] INFO:colcon.colcon_core.shell:Creating environment hook '/home/suii/colcon_ws/suii/ros2_ws/install/suii_bringup/share/suii_bringup/hook/cmake_prefix_path.sh'
[0.952s] Level 1:colcon.colcon_core.environment:checking '/home/suii/colcon_ws/suii/ros2_ws/install/suii_bringup/bin'
[0.952s] Level 1:colcon.colcon_core.environment:checking '/home/suii/colcon_ws/suii/ros2_ws/install/suii_bringup/lib/pkgconfig/suii_bringup.pc'
[0.952s] Level 1:colcon.colcon_core.environment:checking '/home/suii/colcon_ws/suii/ros2_ws/install/suii_bringup/lib/python3.8/site-packages'
[0.953s] INFO:colcon.colcon_core.shell:Creating package script '/home/suii/colcon_ws/suii/ros2_ws/install/suii_bringup/share/suii_bringup/package.ps1'
[0.954s] INFO:colcon.colcon_core.shell:Creating package descriptor '/home/suii/colcon_ws/suii/ros2_ws/install/suii_bringup/share/suii_bringup/package.dsv'
[0.954s] INFO:colcon.colcon_core.shell:Creating package script '/home/suii/colcon_ws/suii/ros2_ws/install/suii_bringup/share/suii_bringup/package.sh'
[0.955s] INFO:colcon.colcon_core.shell:Creating package script '/home/suii/colcon_ws/suii/ros2_ws/install/suii_bringup/share/suii_bringup/package.bash'
[0.956s] INFO:colcon.colcon_core.shell:Creating package script '/home/suii/colcon_ws/suii/ros2_ws/install/suii_bringup/share/suii_bringup/package.zsh'
[0.956s] Level 1:colcon.colcon_core.environment:create_file_with_runtime_dependencies(/home/suii/colcon_ws/suii/ros2_ws/install/suii_bringup/share/colcon-core/packages/suii_bringup)
[0.959s] Level 1:colcon.colcon_core.environment:create_environment_scripts_only(suii_description)
[0.960s] Level 1:colcon.colcon_core.environment:checking '/home/suii/colcon_ws/suii/ros2_ws/install/suii_description' for CMake module files
[0.960s] Level 1:colcon.colcon_core.environment:checking '/home/suii/colcon_ws/suii/ros2_ws/install/suii_description' for CMake config files
[0.960s] Level 1:colcon.colcon_core.shell:create_environment_hook('suii_description', 'cmake_prefix_path')
[0.961s] INFO:colcon.colcon_core.shell:Creating environment hook '/home/suii/colcon_ws/suii/ros2_ws/install/suii_description/share/suii_description/hook/cmake_prefix_path.ps1'
[0.961s] INFO:colcon.colcon_core.shell:Creating environment descriptor '/home/suii/colcon_ws/suii/ros2_ws/install/suii_description/share/suii_description/hook/cmake_prefix_path.dsv'
[0.961s] INFO:colcon.colcon_core.shell:Creating environment hook '/home/suii/colcon_ws/suii/ros2_ws/install/suii_description/share/suii_description/hook/cmake_prefix_path.sh'
[0.962s] Level 1:colcon.colcon_core.environment:checking '/home/suii/colcon_ws/suii/ros2_ws/install/suii_description/bin'
[0.962s] Level 1:colcon.colcon_core.environment:checking '/home/suii/colcon_ws/suii/ros2_ws/install/suii_description/lib/pkgconfig/suii_description.pc'
[0.962s] Level 1:colcon.colcon_core.environment:checking '/home/suii/colcon_ws/suii/ros2_ws/install/suii_description/lib/python3.8/site-packages'
[0.963s] INFO:colcon.colcon_core.shell:Creating package script '/home/suii/colcon_ws/suii/ros2_ws/install/suii_description/share/suii_description/package.ps1'
[0.963s] INFO:colcon.colcon_core.shell:Creating package descriptor '/home/suii/colcon_ws/suii/ros2_ws/install/suii_description/share/suii_description/package.dsv'
[0.963s] INFO:colcon.colcon_core.shell:Creating package script '/home/suii/colcon_ws/suii/ros2_ws/install/suii_description/share/suii_description/package.sh'
[0.964s] INFO:colcon.colcon_core.shell:Creating package script '/home/suii/colcon_ws/suii/ros2_ws/install/suii_description/share/suii_description/package.bash'
[0.964s] INFO:colcon.colcon_core.shell:Creating package script '/home/suii/colcon_ws/suii/ros2_ws/install/suii_description/share/suii_description/package.zsh'
[0.964s] Level 1:colcon.colcon_core.environment:create_file_with_runtime_dependencies(/home/suii/colcon_ws/suii/ros2_ws/install/suii_description/share/colcon-core/packages/suii_description)
[0.977s] Level 1:colcon.colcon_core.environment:create_environment_scripts_only(suii_communication_ros2)
[0.977s] Level 1:colcon.colcon_core.environment:checking '/home/suii/colcon_ws/suii/ros2_ws/install/suii_communication_ros2' for CMake module files
[0.978s] DEBUG:colcon.colcon_core.event_handler.log_command:Invoked command in '/home/suii/colcon_ws/suii/ros2_ws/build/suii_communication_ros2' returned '0': CMAKE_PREFIX_PATH=${CMAKE_PREFIX_PATH}:/home/suii/colcon_ws/suii/ros2_ws/install/nav_test_package_ros2:/opt/ros/foxy /usr/bin/cmake --install /home/suii/colcon_ws/suii/ros2_ws/build/suii_communication_ros2
[0.978s] Level 1:colcon.colcon_core.environment:checking '/home/suii/colcon_ws/suii/ros2_ws/install/suii_communication_ros2' for CMake config files
[0.979s] Level 1:colcon.colcon_core.shell:create_environment_hook('suii_communication_ros2', 'cmake_prefix_path')
[0.979s] INFO:colcon.colcon_core.shell:Creating environment hook '/home/suii/colcon_ws/suii/ros2_ws/install/suii_communication_ros2/share/suii_communication_ros2/hook/cmake_prefix_path.ps1'
[0.980s] INFO:colcon.colcon_core.shell:Creating environment descriptor '/home/suii/colcon_ws/suii/ros2_ws/install/suii_communication_ros2/share/suii_communication_ros2/hook/cmake_prefix_path.dsv'
[0.980s] INFO:colcon.colcon_core.shell:Creating environment hook '/home/suii/colcon_ws/suii/ros2_ws/install/suii_communication_ros2/share/suii_communication_ros2/hook/cmake_prefix_path.sh'
[0.981s] Level 1:colcon.colcon_core.environment:checking '/home/suii/colcon_ws/suii/ros2_ws/install/suii_communication_ros2/lib'
[0.981s] Level 1:colcon.colcon_core.shell:create_environment_hook('suii_communication_ros2', 'ld_library_path_lib')
[0.982s] INFO:colcon.colcon_core.shell:Creating environment hook '/home/suii/colcon_ws/suii/ros2_ws/install/suii_communication_ros2/share/suii_communication_ros2/hook/ld_library_path_lib.ps1'
[0.982s] INFO:colcon.colcon_core.shell:Creating environment descriptor '/home/suii/colcon_ws/suii/ros2_ws/install/suii_communication_ros2/share/suii_communication_ros2/hook/ld_library_path_lib.dsv'
[0.983s] INFO:colcon.colcon_core.shell:Creating environment hook '/home/suii/colcon_ws/suii/ros2_ws/install/suii_communication_ros2/share/suii_communication_ros2/hook/ld_library_path_lib.sh'
[0.983s] Level 1:colcon.colcon_core.environment:checking '/home/suii/colcon_ws/suii/ros2_ws/install/suii_communication_ros2/bin'
[0.983s] Level 1:colcon.colcon_core.environment:checking '/home/suii/colcon_ws/suii/ros2_ws/install/suii_communication_ros2/lib/pkgconfig/suii_communication_ros2.pc'
[0.983s] Level 1:colcon.colcon_core.environment:checking '/home/suii/colcon_ws/suii/ros2_ws/install/suii_communication_ros2/lib/python3.8/site-packages'
[0.983s] Level 1:colcon.colcon_core.shell:create_environment_hook('suii_communication_ros2', 'pythonpath')
[0.984s] INFO:colcon.colcon_core.shell:Creating environment hook '/home/suii/colcon_ws/suii/ros2_ws/install/suii_communication_ros2/share/suii_communication_ros2/hook/pythonpath.ps1'
[0.984s] INFO:colcon.colcon_core.shell:Creating environment descriptor '/home/suii/colcon_ws/suii/ros2_ws/install/suii_communication_ros2/share/suii_communication_ros2/hook/pythonpath.dsv'
[0.985s] INFO:colcon.colcon_core.shell:Creating environment hook '/home/suii/colcon_ws/suii/ros2_ws/install/suii_communication_ros2/share/suii_communication_ros2/hook/pythonpath.sh'
[0.986s] INFO:colcon.colcon_core.shell:Creating package script '/home/suii/colcon_ws/suii/ros2_ws/install/suii_communication_ros2/share/suii_communication_ros2/package.ps1'
[0.986s] INFO:colcon.colcon_core.shell:Creating package descriptor '/home/suii/colcon_ws/suii/ros2_ws/install/suii_communication_ros2/share/suii_communication_ros2/package.dsv'
[0.987s] INFO:colcon.colcon_core.shell:Creating package script '/home/suii/colcon_ws/suii/ros2_ws/install/suii_communication_ros2/share/suii_communication_ros2/package.sh'
[0.987s] INFO:colcon.colcon_core.shell:Creating package script '/home/suii/colcon_ws/suii/ros2_ws/install/suii_communication_ros2/share/suii_communication_ros2/package.bash'
[0.988s] INFO:colcon.colcon_core.shell:Creating package script '/home/suii/colcon_ws/suii/ros2_ws/install/suii_communication_ros2/share/suii_communication_ros2/package.zsh'
[0.988s] Level 1:colcon.colcon_core.environment:create_file_with_runtime_dependencies(/home/suii/colcon_ws/suii/ros2_ws/install/suii_communication_ros2/share/colcon-core/packages/suii_communication_ros2)
[1.033s] Level 1:colcon.colcon_core.environment:create_environment_scripts_only(suii_communication_ros2)
[1.034s] Level 1:colcon.colcon_core.environment:checking '/home/suii/colcon_ws/suii/ros2_ws/install/suii_communication_ros2' for CMake module files
[1.035s] Level 1:colcon.colcon_core.environment:checking '/home/suii/colcon_ws/suii/ros2_ws/install/suii_communication_ros2' for CMake config files
[1.035s] Level 1:colcon.colcon_core.shell:create_environment_hook('suii_communication_ros2', 'cmake_prefix_path')
[1.036s] INFO:colcon.colcon_core.shell:Creating environment hook '/home/suii/colcon_ws/suii/ros2_ws/install/suii_communication_ros2/share/suii_communication_ros2/hook/cmake_prefix_path.ps1'
[1.036s] INFO:colcon.colcon_core.shell:Creating environment descriptor '/home/suii/colcon_ws/suii/ros2_ws/install/suii_communication_ros2/share/suii_communication_ros2/hook/cmake_prefix_path.dsv'
[1.036s] INFO:colcon.colcon_core.shell:Creating environment hook '/home/suii/colcon_ws/suii/ros2_ws/install/suii_communication_ros2/share/suii_communication_ros2/hook/cmake_prefix_path.sh'
[1.037s] Level 1:colcon.colcon_core.environment:checking '/home/suii/colcon_ws/suii/ros2_ws/install/suii_communication_ros2/lib'
[1.037s] Level 1:colcon.colcon_core.shell:create_environment_hook('suii_communication_ros2', 'ld_library_path_lib')
[1.037s] INFO:colcon.colcon_core.shell:Creating environment hook '/home/suii/colcon_ws/suii/ros2_ws/install/suii_communication_ros2/share/suii_communication_ros2/hook/ld_library_path_lib.ps1'
[1.038s] INFO:colcon.colcon_core.shell:Creating environment descriptor '/home/suii/colcon_ws/suii/ros2_ws/install/suii_communication_ros2/share/suii_communication_ros2/hook/ld_library_path_lib.dsv'
[1.038s] INFO:colcon.colcon_core.shell:Creating environment hook '/home/suii/colcon_ws/suii/ros2_ws/install/suii_communication_ros2/share/suii_communication_ros2/hook/ld_library_path_lib.sh'
[1.038s] Level 1:colcon.colcon_core.environment:checking '/home/suii/colcon_ws/suii/ros2_ws/install/suii_communication_ros2/bin'
[1.038s] Level 1:colcon.colcon_core.environment:checking '/home/suii/colcon_ws/suii/ros2_ws/install/suii_communication_ros2/lib/pkgconfig/suii_communication_ros2.pc'
[1.038s] Level 1:colcon.colcon_core.environment:checking '/home/suii/colcon_ws/suii/ros2_ws/install/suii_communication_ros2/lib/python3.8/site-packages'
[1.039s] Level 1:colcon.colcon_core.shell:create_environment_hook('suii_communication_ros2', 'pythonpath')
[1.039s] INFO:colcon.colcon_core.shell:Creating environment hook '/home/suii/colcon_ws/suii/ros2_ws/install/suii_communication_ros2/share/suii_communication_ros2/hook/pythonpath.ps1'
[1.039s] INFO:colcon.colcon_core.shell:Creating environment descriptor '/home/suii/colcon_ws/suii/ros2_ws/install/suii_communication_ros2/share/suii_communication_ros2/hook/pythonpath.dsv'
[1.040s] INFO:colcon.colcon_core.shell:Creating environment hook '/home/suii/colcon_ws/suii/ros2_ws/install/suii_communication_ros2/share/suii_communication_ros2/hook/pythonpath.sh'
[1.040s] INFO:colcon.colcon_core.shell:Creating package script '/home/suii/colcon_ws/suii/ros2_ws/install/suii_communication_ros2/share/suii_communication_ros2/package.ps1'
[1.041s] INFO:colcon.colcon_core.shell:Creating package descriptor '/home/suii/colcon_ws/suii/ros2_ws/install/suii_communication_ros2/share/suii_communication_ros2/package.dsv'
[1.041s] INFO:colcon.colcon_core.shell:Creating package script '/home/suii/colcon_ws/suii/ros2_ws/install/suii_communication_ros2/share/suii_communication_ros2/package.sh'
[1.042s] INFO:colcon.colcon_core.shell:Creating package script '/home/suii/colcon_ws/suii/ros2_ws/install/suii_communication_ros2/share/suii_communication_ros2/package.bash'
[1.042s] INFO:colcon.colcon_core.shell:Creating package script '/home/suii/colcon_ws/suii/ros2_ws/install/suii_communication_ros2/share/suii_communication_ros2/package.zsh'
[1.042s] Level 1:colcon.colcon_core.environment:create_file_with_runtime_dependencies(/home/suii/colcon_ws/suii/ros2_ws/install/suii_communication_ros2/share/colcon-core/packages/suii_communication_ros2)
[1.089s] DEBUG:colcon.colcon_core.event_handler.log_command:Invoking command in '/home/suii/colcon_ws/suii/ros2_ws/build/suii_msgs': CMAKE_PREFIX_PATH=${CMAKE_PREFIX_PATH}:/home/suii/colcon_ws/suii/ros2_ws/install/nav_test_package_ros2:/opt/ros/foxy /usr/bin/cmake --install /home/suii/colcon_ws/suii/ros2_ws/build/suii_msgs
[1.205s] Level 1:colcon.colcon_core.environment:create_environment_scripts_only(suii_msgs)
[1.206s] Level 1:colcon.colcon_core.environment:checking '/home/suii/colcon_ws/suii/ros2_ws/install/suii_msgs' for CMake module files
[1.207s] DEBUG:colcon.colcon_core.event_handler.log_command:Invoked command in '/home/suii/colcon_ws/suii/ros2_ws/build/suii_msgs' returned '0': CMAKE_PREFIX_PATH=${CMAKE_PREFIX_PATH}:/home/suii/colcon_ws/suii/ros2_ws/install/nav_test_package_ros2:/opt/ros/foxy /usr/bin/cmake --install /home/suii/colcon_ws/suii/ros2_ws/build/suii_msgs
[1.207s] Level 1:colcon.colcon_core.environment:checking '/home/suii/colcon_ws/suii/ros2_ws/install/suii_msgs' for CMake config files
[1.208s] Level 1:colcon.colcon_core.shell:create_environment_hook('suii_msgs', 'cmake_prefix_path')
[1.209s] INFO:colcon.colcon_core.shell:Creating environment hook '/home/suii/colcon_ws/suii/ros2_ws/install/suii_msgs/share/suii_msgs/hook/cmake_prefix_path.ps1'
[1.210s] INFO:colcon.colcon_core.shell:Creating environment descriptor '/home/suii/colcon_ws/suii/ros2_ws/install/suii_msgs/share/suii_msgs/hook/cmake_prefix_path.dsv'
[1.210s] INFO:colcon.colcon_core.shell:Creating environment hook '/home/suii/colcon_ws/suii/ros2_ws/install/suii_msgs/share/suii_msgs/hook/cmake_prefix_path.sh'
[1.210s] Level 1:colcon.colcon_core.environment:checking '/home/suii/colcon_ws/suii/ros2_ws/install/suii_msgs/lib'
[1.210s] Level 1:colcon.colcon_core.shell:create_environment_hook('suii_msgs', 'ld_library_path_lib')
[1.211s] INFO:colcon.colcon_core.shell:Creating environment hook '/home/suii/colcon_ws/suii/ros2_ws/install/suii_msgs/share/suii_msgs/hook/ld_library_path_lib.ps1'
[1.211s] INFO:colcon.colcon_core.shell:Creating environment descriptor '/home/suii/colcon_ws/suii/ros2_ws/install/suii_msgs/share/suii_msgs/hook/ld_library_path_lib.dsv'
[1.211s] INFO:colcon.colcon_core.shell:Creating environment hook '/home/suii/colcon_ws/suii/ros2_ws/install/suii_msgs/share/suii_msgs/hook/ld_library_path_lib.sh'
[1.212s] Level 1:colcon.colcon_core.environment:checking '/home/suii/colcon_ws/suii/ros2_ws/install/suii_msgs/bin'
[1.212s] Level 1:colcon.colcon_core.environment:checking '/home/suii/colcon_ws/suii/ros2_ws/install/suii_msgs/lib/pkgconfig/suii_msgs.pc'
[1.212s] Level 1:colcon.colcon_core.environment:checking '/home/suii/colcon_ws/suii/ros2_ws/install/suii_msgs/lib/python3.8/site-packages'
[1.212s] Level 1:colcon.colcon_core.shell:create_environment_hook('suii_msgs', 'pythonpath')
[1.212s] INFO:colcon.colcon_core.shell:Creating environment hook '/home/suii/colcon_ws/suii/ros2_ws/install/suii_msgs/share/suii_msgs/hook/pythonpath.ps1'
[1.213s] INFO:colcon.colcon_core.shell:Creating environment descriptor '/home/suii/colcon_ws/suii/ros2_ws/install/suii_msgs/share/suii_msgs/hook/pythonpath.dsv'
[1.213s] INFO:colcon.colcon_core.shell:Creating environment hook '/home/suii/colcon_ws/suii/ros2_ws/install/suii_msgs/share/suii_msgs/hook/pythonpath.sh'
[1.214s] INFO:colcon.colcon_core.shell:Creating package script '/home/suii/colcon_ws/suii/ros2_ws/install/suii_msgs/share/suii_msgs/package.ps1'
[1.214s] INFO:colcon.colcon_core.shell:Creating package descriptor '/home/suii/colcon_ws/suii/ros2_ws/install/suii_msgs/share/suii_msgs/package.dsv'
[1.215s] INFO:colcon.colcon_core.shell:Creating package script '/home/suii/colcon_ws/suii/ros2_ws/install/suii_msgs/share/suii_msgs/package.sh'
[1.215s] INFO:colcon.colcon_core.shell:Creating package script '/home/suii/colcon_ws/suii/ros2_ws/install/suii_msgs/share/suii_msgs/package.bash'
[1.215s] INFO:colcon.colcon_core.shell:Creating package script '/home/suii/colcon_ws/suii/ros2_ws/install/suii_msgs/share/suii_msgs/package.zsh'
[1.216s] Level 1:colcon.colcon_core.environment:create_file_with_runtime_dependencies(/home/suii/colcon_ws/suii/ros2_ws/install/suii_msgs/share/colcon-core/packages/suii_msgs)
[1.228s] DEBUG:colcon.colcon_core.event_handler.log_command:Invoked command in '/home/suii/colcon_ws/suii/ros2_ws/build/suii_navigation' returned '0': PYTHONPATH=/home/suii/colcon_ws/suii/ros2_ws/install/suii_navigation/lib/python3.8/site-packages:${PYTHONPATH} /usr/bin/python3 setup.py develop --prefix /home/suii/colcon_ws/suii/ros2_ws/install/suii_navigation --uninstall --editable --build-directory /home/suii/colcon_ws/suii/ros2_ws/build/suii_navigation/build
[1.229s] DEBUG:colcon.colcon_core.event_handler.log_command:Invoking command in '/home/suii/colcon_ws/suii/ros2_ws/src/suii_navigation': PYTHONPATH=/home/suii/colcon_ws/suii/ros2_ws/install/suii_navigation/lib/python3.8/site-packages:${PYTHONPATH} /usr/bin/python3 setup.py egg_info --egg-base ../../build/suii_navigation build --build-base /home/suii/colcon_ws/suii/ros2_ws/build/suii_navigation/build install --prefix /home/suii/colcon_ws/suii/ros2_ws/install/suii_navigation --record /home/suii/colcon_ws/suii/ros2_ws/build/suii_navigation/install.log --single-version-externally-managed
[1.430s] Level 1:colcon.colcon_core.environment:create_environment_scripts_only(suii_msgs)
[1.431s] Level 1:colcon.colcon_core.environment:checking '/home/suii/colcon_ws/suii/ros2_ws/install/suii_msgs' for CMake module files
[1.432s] Level 1:colcon.colcon_core.environment:checking '/home/suii/colcon_ws/suii/ros2_ws/install/suii_msgs' for CMake config files
[1.433s] Level 1:colcon.colcon_core.shell:create_environment_hook('suii_msgs', 'cmake_prefix_path')
[1.433s] INFO:colcon.colcon_core.shell:Creating environment hook '/home/suii/colcon_ws/suii/ros2_ws/install/suii_msgs/share/suii_msgs/hook/cmake_prefix_path.ps1'
[1.434s] INFO:colcon.colcon_core.shell:Creating environment descriptor '/home/suii/colcon_ws/suii/ros2_ws/install/suii_msgs/share/suii_msgs/hook/cmake_prefix_path.dsv'
[1.434s] INFO:colcon.colcon_core.shell:Creating environment hook '/home/suii/colcon_ws/suii/ros2_ws/install/suii_msgs/share/suii_msgs/hook/cmake_prefix_path.sh'
[1.434s] Level 1:colcon.colcon_core.environment:checking '/home/suii/colcon_ws/suii/ros2_ws/install/suii_msgs/lib'
[1.435s] Level 1:colcon.colcon_core.shell:create_environment_hook('suii_msgs', 'ld_library_path_lib')
[1.435s] INFO:colcon.colcon_core.shell:Creating environment hook '/home/suii/colcon_ws/suii/ros2_ws/install/suii_msgs/share/suii_msgs/hook/ld_library_path_lib.ps1'
[1.435s] INFO:colcon.colcon_core.shell:Creating environment descriptor '/home/suii/colcon_ws/suii/ros2_ws/install/suii_msgs/share/suii_msgs/hook/ld_library_path_lib.dsv'
[1.436s] INFO:colcon.colcon_core.shell:Creating environment hook '/home/suii/colcon_ws/suii/ros2_ws/install/suii_msgs/share/suii_msgs/hook/ld_library_path_lib.sh'
[1.436s] Level 1:colcon.colcon_core.environment:checking '/home/suii/colcon_ws/suii/ros2_ws/install/suii_msgs/bin'
[1.436s] Level 1:colcon.colcon_core.environment:checking '/home/suii/colcon_ws/suii/ros2_ws/install/suii_msgs/lib/pkgconfig/suii_msgs.pc'
[1.436s] Level 1:colcon.colcon_core.environment:checking '/home/suii/colcon_ws/suii/ros2_ws/install/suii_msgs/lib/python3.8/site-packages'
[1.436s] Level 1:colcon.colcon_core.shell:create_environment_hook('suii_msgs', 'pythonpath')
[1.436s] INFO:colcon.colcon_core.shell:Creating environment hook '/home/suii/colcon_ws/suii/ros2_ws/install/suii_msgs/share/suii_msgs/hook/pythonpath.ps1'
[1.437s] INFO:colcon.colcon_core.shell:Creating environment descriptor '/home/suii/colcon_ws/suii/ros2_ws/install/suii_msgs/share/suii_msgs/hook/pythonpath.dsv'
[1.437s] INFO:colcon.colcon_core.shell:Creating environment hook '/home/suii/colcon_ws/suii/ros2_ws/install/suii_msgs/share/suii_msgs/hook/pythonpath.sh'
[1.438s] INFO:colcon.colcon_core.shell:Creating package script '/home/suii/colcon_ws/suii/ros2_ws/install/suii_msgs/share/suii_msgs/package.ps1'
[1.438s] INFO:colcon.colcon_core.shell:Creating package descriptor '/home/suii/colcon_ws/suii/ros2_ws/install/suii_msgs/share/suii_msgs/package.dsv'
[1.439s] INFO:colcon.colcon_core.shell:Creating package script '/home/suii/colcon_ws/suii/ros2_ws/install/suii_msgs/share/suii_msgs/package.sh'
[1.439s] INFO:colcon.colcon_core.shell:Creating package script '/home/suii/colcon_ws/suii/ros2_ws/install/suii_msgs/share/suii_msgs/package.bash'
[1.439s] INFO:colcon.colcon_core.shell:Creating package script '/home/suii/colcon_ws/suii/ros2_ws/install/suii_msgs/share/suii_msgs/package.zsh'
[1.440s] Level 1:colcon.colcon_core.environment:create_file_with_runtime_dependencies(/home/suii/colcon_ws/suii/ros2_ws/install/suii_msgs/share/colcon-core/packages/suii_msgs)
[1.440s] INFO:colcon.colcon_ros.task.ament_python.build:Building ROS package in '/home/suii/colcon_ws/suii/ros2_ws/src/nav_test_package_ros2' with build type 'ament_python'
[1.440s] Level 1:colcon.colcon_core.shell:create_environment_hook('nav_test_package_ros2', 'ament_prefix_path')
[1.441s] INFO:colcon.colcon_core.shell:Creating environment hook '/home/suii/colcon_ws/suii/ros2_ws/install/nav_test_package_ros2/share/nav_test_package_ros2/hook/ament_prefix_path.ps1'
[1.441s] INFO:colcon.colcon_core.shell:Creating environment descriptor '/home/suii/colcon_ws/suii/ros2_ws/install/nav_test_package_ros2/share/nav_test_package_ros2/hook/ament_prefix_path.dsv'
[1.442s] INFO:colcon.colcon_core.shell:Creating environment hook '/home/suii/colcon_ws/suii/ros2_ws/install/nav_test_package_ros2/share/nav_test_package_ros2/hook/ament_prefix_path.sh'
[1.442s] INFO:colcon.colcon_core.shell:Skip shell extension 'powershell' for command environment: Not usable outside of PowerShell
[1.442s] DEBUG:colcon.colcon_core.shell:Skip shell extension 'dsv' for command environment
[1.444s] DEBUG:colcon.colcon_core.shell:Ignoring prefix path '/opt/ros/foxy'
[1.447s] INFO:colcon.colcon_ros.task.ament_cmake.build:Building ROS package in '/home/suii/colcon_ws/suii/ros2_ws/src/ros1_bridge' with build type 'ament_cmake'
[1.447s] INFO:colcon.colcon_cmake.task.cmake.build:Building CMake package in '/home/suii/colcon_ws/suii/ros2_ws/src/ros1_bridge'
[1.449s] INFO:colcon.colcon_core.shell:Skip shell extension 'powershell' for command environment: Not usable outside of PowerShell
[1.449s] DEBUG:colcon.colcon_core.shell:Skip shell extension 'dsv' for command environment
[1.452s] DEBUG:colcon.colcon_core.shell:Ignoring prefix path '/opt/ros/foxy'
[1.657s] INFO:colcon.colcon_core.task.python.build:Building Python package in '/home/suii/colcon_ws/suii/ros2_ws/src/nav_test_package_ros2'
[1.658s] INFO:colcon.colcon_core.shell:Skip shell extension 'powershell' for command environment: Not usable outside of PowerShell
[1.658s] DEBUG:colcon.colcon_core.shell:Skip shell extension 'dsv' for command environment
[1.660s] DEBUG:colcon.colcon_core.shell:Ignoring prefix path '/opt/ros/foxy'
[1.668s] Level 1:colcon.colcon_core.environment:checking '/home/suii/colcon_ws/suii/ros2_ws/install/suii_navigation' for CMake module files
[1.669s] Level 1:colcon.colcon_core.environment:checking '/home/suii/colcon_ws/suii/ros2_ws/install/suii_navigation' for CMake config files
[1.669s] DEBUG:colcon.colcon_core.event_handler.log_command:Invoking command in '/home/suii/colcon_ws/suii/ros2_ws/build/ros1_bridge': CMAKE_PREFIX_PATH=/home/suii/colcon_ws/suii/ros2_ws/install/suii_msgs:/home/suii/colcon_ws/suii/ros2_ws/install/suii_communication_ros2:/home/suii/colcon_ws/suii/ros2_ws/install/suii_description:/home/suii/colcon_ws/suii/ros2_ws/install/ros1_bridge:/home/suii/colcon_ws/suii/ros2_ws/install/suii_bringup:/home/suii/colcon_ws/suii/ros2_ws/install/nav_test_package_ros2:/opt/ros/foxy PYTHONPATH=/home/suii/colcon_ws/suii/ros2_ws/install/suii_msgs/lib/python3.8/site-packages:/home/suii/colcon_ws/suii/ros2_ws/install/suii_communication_ros2/lib/python3.8/site-packages:/home/suii/colcon_ws/suii/ros2_ws/install/suii_navigation/lib/python3.8/site-packages:/home/suii/colcon_ws/suii/ros2_ws/install/nav_test_package_ros2/lib/python3.8/site-packages:/opt/ros/foxy/lib/python3.8/site-packages /usr/bin/cmake --build /home/suii/colcon_ws/suii/ros2_ws/build/ros1_bridge -- -j8 -l8
[1.670s] DEBUG:colcon.colcon_core.event_handler.log_command:Invoked command in '/home/suii/colcon_ws/suii/ros2_ws/src/suii_navigation' returned '0': PYTHONPATH=/home/suii/colcon_ws/suii/ros2_ws/install/suii_navigation/lib/python3.8/site-packages:${PYTHONPATH} /usr/bin/python3 setup.py egg_info --egg-base ../../build/suii_navigation build --build-base /home/suii/colcon_ws/suii/ros2_ws/build/suii_navigation/build install --prefix /home/suii/colcon_ws/suii/ros2_ws/install/suii_navigation --record /home/suii/colcon_ws/suii/ros2_ws/build/suii_navigation/install.log --single-version-externally-managed
[1.670s] Level 1:colcon.colcon_core.environment:checking '/home/suii/colcon_ws/suii/ros2_ws/install/suii_navigation/lib'
[1.670s] Level 1:colcon.colcon_core.environment:checking '/home/suii/colcon_ws/suii/ros2_ws/install/suii_navigation/bin'
[1.670s] Level 1:colcon.colcon_core.environment:checking '/home/suii/colcon_ws/suii/ros2_ws/install/suii_navigation/lib/pkgconfig/suii_navigation.pc'
[1.670s] Level 1:colcon.colcon_core.environment:checking '/home/suii/colcon_ws/suii/ros2_ws/install/suii_navigation/lib/python3.8/site-packages'
[1.670s] Level 1:colcon.colcon_core.shell:create_environment_hook('suii_navigation', 'pythonpath')
[1.671s] INFO:colcon.colcon_core.shell:Creating environment hook '/home/suii/colcon_ws/suii/ros2_ws/install/suii_navigation/share/suii_navigation/hook/pythonpath.ps1'
[1.671s] INFO:colcon.colcon_core.shell:Creating environment descriptor '/home/suii/colcon_ws/suii/ros2_ws/install/suii_navigation/share/suii_navigation/hook/pythonpath.dsv'
[1.672s] INFO:colcon.colcon_core.shell:Creating environment hook '/home/suii/colcon_ws/suii/ros2_ws/install/suii_navigation/share/suii_navigation/hook/pythonpath.sh'
[1.672s] Level 1:colcon.colcon_core.environment:create_environment_scripts_only(suii_navigation)
[1.672s] INFO:colcon.colcon_core.shell:Creating package script '/home/suii/colcon_ws/suii/ros2_ws/install/suii_navigation/share/suii_navigation/package.ps1'
[1.673s] INFO:colcon.colcon_core.shell:Creating package descriptor '/home/suii/colcon_ws/suii/ros2_ws/install/suii_navigation/share/suii_navigation/package.dsv'
[1.673s] INFO:colcon.colcon_core.shell:Creating package script '/home/suii/colcon_ws/suii/ros2_ws/install/suii_navigation/share/suii_navigation/package.sh'
[1.673s] INFO:colcon.colcon_core.shell:Creating package script '/home/suii/colcon_ws/suii/ros2_ws/install/suii_navigation/share/suii_navigation/package.bash'
[1.674s] INFO:colcon.colcon_core.shell:Creating package script '/home/suii/colcon_ws/suii/ros2_ws/install/suii_navigation/share/suii_navigation/package.zsh'
[1.674s] Level 1:colcon.colcon_core.environment:create_file_with_runtime_dependencies(/home/suii/colcon_ws/suii/ros2_ws/install/suii_navigation/share/colcon-core/packages/suii_navigation)
[1.678s] DEBUG:colcon.colcon_core.event_handler.log_command:Invoking command in '/home/suii/colcon_ws/suii/ros2_ws/build/nav_test_package_ros2': CMAKE_PREFIX_PATH=/home/suii/colcon_ws/suii/ros2_ws/install/suii_msgs:/home/suii/colcon_ws/suii/ros2_ws/install/suii_description:/home/suii/colcon_ws/suii/ros2_ws/install/ros1_bridge:/home/suii/colcon_ws/suii/ros2_ws/install/suii_communication_ros2:/home/suii/colcon_ws/suii/ros2_ws/install/suii_bringup PYTHONPATH=/home/suii/colcon_ws/suii/ros2_ws/install/nav_test_package_ros2/lib/python3.8/site-packages:/home/suii/colcon_ws/suii/ros2_ws/install/suii_msgs/lib/python3.8/site-packages:/home/suii/colcon_ws/suii/ros2_ws/install/suii_navigation/lib/python3.8/site-packages:/home/suii/colcon_ws/suii/ros2_ws/install/nav_test_package_ros2/lib/python3.8/site-packages:/home/suii/colcon_ws/suii/ros2_ws/install/suii_communication_ros2/lib/python3.8/site-packages:/opt/ros/foxy/lib/python3.8/site-packages /usr/bin/python3 setup.py develop --prefix /home/suii/colcon_ws/suii/ros2_ws/install/nav_test_package_ros2 --uninstall --editable --build-directory /home/suii/colcon_ws/suii/ros2_ws/build/nav_test_package_ros2/build
[1.705s] DEBUG:colcon.colcon_core.event_handler.log_command:Invoked command in '/home/suii/colcon_ws/suii/ros2_ws/build/ros1_bridge' returned '0': CMAKE_PREFIX_PATH=/home/suii/colcon_ws/suii/ros2_ws/install/suii_msgs:/home/suii/colcon_ws/suii/ros2_ws/install/suii_communication_ros2:/home/suii/colcon_ws/suii/ros2_ws/install/suii_description:/home/suii/colcon_ws/suii/ros2_ws/install/ros1_bridge:/home/suii/colcon_ws/suii/ros2_ws/install/suii_bringup:/home/suii/colcon_ws/suii/ros2_ws/install/nav_test_package_ros2:/opt/ros/foxy PYTHONPATH=/home/suii/colcon_ws/suii/ros2_ws/install/suii_msgs/lib/python3.8/site-packages:/home/suii/colcon_ws/suii/ros2_ws/install/suii_communication_ros2/lib/python3.8/site-packages:/home/suii/colcon_ws/suii/ros2_ws/install/suii_navigation/lib/python3.8/site-packages:/home/suii/colcon_ws/suii/ros2_ws/install/nav_test_package_ros2/lib/python3.8/site-packages:/opt/ros/foxy/lib/python3.8/site-packages /usr/bin/cmake --build /home/suii/colcon_ws/suii/ros2_ws/build/ros1_bridge -- -j8 -l8
[1.729s] DEBUG:colcon.colcon_core.event_handler.log_command:Invoking command in '/home/suii/colcon_ws/suii/ros2_ws/build/ros1_bridge': CMAKE_PREFIX_PATH=/home/suii/colcon_ws/suii/ros2_ws/install/suii_msgs:/home/suii/colcon_ws/suii/ros2_ws/install/suii_communication_ros2:/home/suii/colcon_ws/suii/ros2_ws/install/suii_description:/home/suii/colcon_ws/suii/ros2_ws/install/ros1_bridge:/home/suii/colcon_ws/suii/ros2_ws/install/suii_bringup:/home/suii/colcon_ws/suii/ros2_ws/install/nav_test_package_ros2:/opt/ros/foxy PYTHONPATH=/home/suii/colcon_ws/suii/ros2_ws/install/suii_msgs/lib/python3.8/site-packages:/home/suii/colcon_ws/suii/ros2_ws/install/suii_communication_ros2/lib/python3.8/site-packages:/home/suii/colcon_ws/suii/ros2_ws/install/suii_navigation/lib/python3.8/site-packages:/home/suii/colcon_ws/suii/ros2_ws/install/nav_test_package_ros2/lib/python3.8/site-packages:/opt/ros/foxy/lib/python3.8/site-packages /usr/bin/cmake --install /home/suii/colcon_ws/suii/ros2_ws/build/ros1_bridge
[1.752s] Level 1:colcon.colcon_core.environment:create_environment_scripts_only(ros1_bridge)
[1.753s] DEBUG:colcon.colcon_core.event_handler.log_command:Invoked command in '/home/suii/colcon_ws/suii/ros2_ws/build/ros1_bridge' returned '0': CMAKE_PREFIX_PATH=/home/suii/colcon_ws/suii/ros2_ws/install/suii_msgs:/home/suii/colcon_ws/suii/ros2_ws/install/suii_communication_ros2:/home/suii/colcon_ws/suii/ros2_ws/install/suii_description:/home/suii/colcon_ws/suii/ros2_ws/install/ros1_bridge:/home/suii/colcon_ws/suii/ros2_ws/install/suii_bringup:/home/suii/colcon_ws/suii/ros2_ws/install/nav_test_package_ros2:/opt/ros/foxy PYTHONPATH=/home/suii/colcon_ws/suii/ros2_ws/install/suii_msgs/lib/python3.8/site-packages:/home/suii/colcon_ws/suii/ros2_ws/install/suii_communication_ros2/lib/python3.8/site-packages:/home/suii/colcon_ws/suii/ros2_ws/install/suii_navigation/lib/python3.8/site-packages:/home/suii/colcon_ws/suii/ros2_ws/install/nav_test_package_ros2/lib/python3.8/site-packages:/opt/ros/foxy/lib/python3.8/site-packages /usr/bin/cmake --install /home/suii/colcon_ws/suii/ros2_ws/build/ros1_bridge
[1.754s] Level 1:colcon.colcon_core.environment:checking '/home/suii/colcon_ws/suii/ros2_ws/install/ros1_bridge' for CMake module files
[1.755s] Level 1:colcon.colcon_core.environment:checking '/home/suii/colcon_ws/suii/ros2_ws/install/ros1_bridge' for CMake config files
[1.755s] Level 1:colcon.colcon_core.shell:create_environment_hook('ros1_bridge', 'cmake_prefix_path')
[1.755s] INFO:colcon.colcon_core.shell:Creating environment hook '/home/suii/colcon_ws/suii/ros2_ws/install/ros1_bridge/share/ros1_bridge/hook/cmake_prefix_path.ps1'
[1.756s] INFO:colcon.colcon_core.shell:Creating environment descriptor '/home/suii/colcon_ws/suii/ros2_ws/install/ros1_bridge/share/ros1_bridge/hook/cmake_prefix_path.dsv'
[1.756s] INFO:colcon.colcon_core.shell:Creating environment hook '/home/suii/colcon_ws/suii/ros2_ws/install/ros1_bridge/share/ros1_bridge/hook/cmake_prefix_path.sh'
[1.757s] Level 1:colcon.colcon_core.environment:checking '/home/suii/colcon_ws/suii/ros2_ws/install/ros1_bridge/bin'
[1.757s] Level 1:colcon.colcon_core.environment:checking '/home/suii/colcon_ws/suii/ros2_ws/install/ros1_bridge/lib/pkgconfig/ros1_bridge.pc'
[1.757s] Level 1:colcon.colcon_core.environment:checking '/home/suii/colcon_ws/suii/ros2_ws/install/ros1_bridge/lib/python3.8/site-packages'
[1.757s] INFO:colcon.colcon_core.shell:Creating package script '/home/suii/colcon_ws/suii/ros2_ws/install/ros1_bridge/share/ros1_bridge/package.ps1'
[1.758s] INFO:colcon.colcon_core.shell:Creating package descriptor '/home/suii/colcon_ws/suii/ros2_ws/install/ros1_bridge/share/ros1_bridge/package.dsv'
[1.758s] INFO:colcon.colcon_core.shell:Creating package script '/home/suii/colcon_ws/suii/ros2_ws/install/ros1_bridge/share/ros1_bridge/package.sh'
[1.758s] INFO:colcon.colcon_core.shell:Creating package script '/home/suii/colcon_ws/suii/ros2_ws/install/ros1_bridge/share/ros1_bridge/package.bash'
[1.759s] INFO:colcon.colcon_core.shell:Creating package script '/home/suii/colcon_ws/suii/ros2_ws/install/ros1_bridge/share/ros1_bridge/package.zsh'
[1.759s] Level 1:colcon.colcon_core.environment:create_file_with_runtime_dependencies(/home/suii/colcon_ws/suii/ros2_ws/install/ros1_bridge/share/colcon-core/packages/ros1_bridge)
[1.778s] Level 1:colcon.colcon_core.environment:create_environment_scripts_only(ros1_bridge)
[1.779s] Level 1:colcon.colcon_core.environment:checking '/home/suii/colcon_ws/suii/ros2_ws/install/ros1_bridge' for CMake module files
[1.780s] Level 1:colcon.colcon_core.environment:checking '/home/suii/colcon_ws/suii/ros2_ws/install/ros1_bridge' for CMake config files
[1.780s] Level 1:colcon.colcon_core.shell:create_environment_hook('ros1_bridge', 'cmake_prefix_path')
[1.780s] INFO:colcon.colcon_core.shell:Creating environment hook '/home/suii/colcon_ws/suii/ros2_ws/install/ros1_bridge/share/ros1_bridge/hook/cmake_prefix_path.ps1'
[1.781s] INFO:colcon.colcon_core.shell:Creating environment descriptor '/home/suii/colcon_ws/suii/ros2_ws/install/ros1_bridge/share/ros1_bridge/hook/cmake_prefix_path.dsv'
[1.781s] INFO:colcon.colcon_core.shell:Creating environment hook '/home/suii/colcon_ws/suii/ros2_ws/install/ros1_bridge/share/ros1_bridge/hook/cmake_prefix_path.sh'
[1.781s] Level 1:colcon.colcon_core.environment:checking '/home/suii/colcon_ws/suii/ros2_ws/install/ros1_bridge/bin'
[1.782s] Level 1:colcon.colcon_core.environment:checking '/home/suii/colcon_ws/suii/ros2_ws/install/ros1_bridge/lib/pkgconfig/ros1_bridge.pc'
[1.782s] Level 1:colcon.colcon_core.environment:checking '/home/suii/colcon_ws/suii/ros2_ws/install/ros1_bridge/lib/python3.8/site-packages'
[1.782s] INFO:colcon.colcon_core.shell:Creating package script '/home/suii/colcon_ws/suii/ros2_ws/install/ros1_bridge/share/ros1_bridge/package.ps1'
[1.783s] INFO:colcon.colcon_core.shell:Creating package descriptor '/home/suii/colcon_ws/suii/ros2_ws/install/ros1_bridge/share/ros1_bridge/package.dsv'
[1.783s] INFO:colcon.colcon_core.shell:Creating package script '/home/suii/colcon_ws/suii/ros2_ws/install/ros1_bridge/share/ros1_bridge/package.sh'
[1.783s] INFO:colcon.colcon_core.shell:Creating package script '/home/suii/colcon_ws/suii/ros2_ws/install/ros1_bridge/share/ros1_bridge/package.bash'
[1.784s] INFO:colcon.colcon_core.shell:Creating package script '/home/suii/colcon_ws/suii/ros2_ws/install/ros1_bridge/share/ros1_bridge/package.zsh'
[1.784s] Level 1:colcon.colcon_core.environment:create_file_with_runtime_dependencies(/home/suii/colcon_ws/suii/ros2_ws/install/ros1_bridge/share/colcon-core/packages/ros1_bridge)
[2.021s] DEBUG:colcon.colcon_core.event_handler.log_command:Invoked command in '/home/suii/colcon_ws/suii/ros2_ws/build/nav_test_package_ros2' returned '0': CMAKE_PREFIX_PATH=/home/suii/colcon_ws/suii/ros2_ws/install/suii_msgs:/home/suii/colcon_ws/suii/ros2_ws/install/suii_description:/home/suii/colcon_ws/suii/ros2_ws/install/ros1_bridge:/home/suii/colcon_ws/suii/ros2_ws/install/suii_communication_ros2:/home/suii/colcon_ws/suii/ros2_ws/install/suii_bringup PYTHONPATH=/home/suii/colcon_ws/suii/ros2_ws/install/nav_test_package_ros2/lib/python3.8/site-packages:/home/suii/colcon_ws/suii/ros2_ws/install/suii_msgs/lib/python3.8/site-packages:/home/suii/colcon_ws/suii/ros2_ws/install/suii_navigation/lib/python3.8/site-packages:/home/suii/colcon_ws/suii/ros2_ws/install/nav_test_package_ros2/lib/python3.8/site-packages:/home/suii/colcon_ws/suii/ros2_ws/install/suii_communication_ros2/lib/python3.8/site-packages:/opt/ros/foxy/lib/python3.8/site-packages /usr/bin/python3 setup.py develop --prefix /home/suii/colcon_ws/suii/ros2_ws/install/nav_test_package_ros2 --uninstall --editable --build-directory /home/suii/colcon_ws/suii/ros2_ws/build/nav_test_package_ros2/build
[2.022s] DEBUG:colcon.colcon_core.event_handler.log_command:Invoking command in '/home/suii/colcon_ws/suii/ros2_ws/src/nav_test_package_ros2': CMAKE_PREFIX_PATH=/home/suii/colcon_ws/suii/ros2_ws/install/suii_msgs:/home/suii/colcon_ws/suii/ros2_ws/install/suii_description:/home/suii/colcon_ws/suii/ros2_ws/install/ros1_bridge:/home/suii/colcon_ws/suii/ros2_ws/install/suii_communication_ros2:/home/suii/colcon_ws/suii/ros2_ws/install/suii_bringup PYTHONPATH=/home/suii/colcon_ws/suii/ros2_ws/install/nav_test_package_ros2/lib/python3.8/site-packages:/home/suii/colcon_ws/suii/ros2_ws/install/suii_msgs/lib/python3.8/site-packages:/home/suii/colcon_ws/suii/ros2_ws/install/suii_navigation/lib/python3.8/site-packages:/home/suii/colcon_ws/suii/ros2_ws/install/nav_test_package_ros2/lib/python3.8/site-packages:/home/suii/colcon_ws/suii/ros2_ws/install/suii_communication_ros2/lib/python3.8/site-packages:/opt/ros/foxy/lib/python3.8/site-packages /usr/bin/python3 setup.py egg_info --egg-base ../../build/nav_test_package_ros2 build --build-base /home/suii/colcon_ws/suii/ros2_ws/build/nav_test_package_ros2/build install --prefix /home/suii/colcon_ws/suii/ros2_ws/install/nav_test_package_ros2 --record /home/suii/colcon_ws/suii/ros2_ws/build/nav_test_package_ros2/install.log --single-version-externally-managed
[2.265s] Level 1:colcon.colcon_core.environment:checking '/home/suii/colcon_ws/suii/ros2_ws/install/nav_test_package_ros2' for CMake module files
[2.266s] DEBUG:colcon.colcon_core.event_handler.log_command:Invoked command in '/home/suii/colcon_ws/suii/ros2_ws/src/nav_test_package_ros2' returned '0': CMAKE_PREFIX_PATH=/home/suii/colcon_ws/suii/ros2_ws/install/suii_msgs:/home/suii/colcon_ws/suii/ros2_ws/install/suii_description:/home/suii/colcon_ws/suii/ros2_ws/install/ros1_bridge:/home/suii/colcon_ws/suii/ros2_ws/install/suii_communication_ros2:/home/suii/colcon_ws/suii/ros2_ws/install/suii_bringup PYTHONPATH=/home/suii/colcon_ws/suii/ros2_ws/install/nav_test_package_ros2/lib/python3.8/site-packages:/home/suii/colcon_ws/suii/ros2_ws/install/suii_msgs/lib/python3.8/site-packages:/home/suii/colcon_ws/suii/ros2_ws/install/suii_navigation/lib/python3.8/site-packages:/home/suii/colcon_ws/suii/ros2_ws/install/nav_test_package_ros2/lib/python3.8/site-packages:/home/suii/colcon_ws/suii/ros2_ws/install/suii_communication_ros2/lib/python3.8/site-packages:/opt/ros/foxy/lib/python3.8/site-packages /usr/bin/python3 setup.py egg_info --egg-base ../../build/nav_test_package_ros2 build --build-base /home/suii/colcon_ws/suii/ros2_ws/build/nav_test_package_ros2/build install --prefix /home/suii/colcon_ws/suii/ros2_ws/install/nav_test_package_ros2 --record /home/suii/colcon_ws/suii/ros2_ws/build/nav_test_package_ros2/install.log --single-version-externally-managed
[2.266s] Level 1:colcon.colcon_core.environment:checking '/home/suii/colcon_ws/suii/ros2_ws/install/nav_test_package_ros2' for CMake config files
[2.267s] Level 1:colcon.colcon_core.environment:checking '/home/suii/colcon_ws/suii/ros2_ws/install/nav_test_package_ros2/lib'
[2.267s] Level 1:colcon.colcon_core.environment:checking '/home/suii/colcon_ws/suii/ros2_ws/install/nav_test_package_ros2/bin'
[2.267s] Level 1:colcon.colcon_core.environment:checking '/home/suii/colcon_ws/suii/ros2_ws/install/nav_test_package_ros2/lib/pkgconfig/nav_test_package_ros2.pc'
[2.267s] Level 1:colcon.colcon_core.environment:checking '/home/suii/colcon_ws/suii/ros2_ws/install/nav_test_package_ros2/lib/python3.8/site-packages'
[2.267s] Level 1:colcon.colcon_core.shell:create_environment_hook('nav_test_package_ros2', 'pythonpath')
[2.268s] INFO:colcon.colcon_core.shell:Creating environment hook '/home/suii/colcon_ws/suii/ros2_ws/install/nav_test_package_ros2/share/nav_test_package_ros2/hook/pythonpath.ps1'
[2.268s] INFO:colcon.colcon_core.shell:Creating environment descriptor '/home/suii/colcon_ws/suii/ros2_ws/install/nav_test_package_ros2/share/nav_test_package_ros2/hook/pythonpath.dsv'
[2.268s] INFO:colcon.colcon_core.shell:Creating environment hook '/home/suii/colcon_ws/suii/ros2_ws/install/nav_test_package_ros2/share/nav_test_package_ros2/hook/pythonpath.sh'
[2.269s] Level 1:colcon.colcon_core.environment:create_environment_scripts_only(nav_test_package_ros2)
[2.269s] INFO:colcon.colcon_core.shell:Creating package script '/home/suii/colcon_ws/suii/ros2_ws/install/nav_test_package_ros2/share/nav_test_package_ros2/package.ps1'
[2.270s] INFO:colcon.colcon_core.shell:Creating package descriptor '/home/suii/colcon_ws/suii/ros2_ws/install/nav_test_package_ros2/share/nav_test_package_ros2/package.dsv'
[2.270s] INFO:colcon.colcon_core.shell:Creating package script '/home/suii/colcon_ws/suii/ros2_ws/install/nav_test_package_ros2/share/nav_test_package_ros2/package.sh'
[2.271s] INFO:colcon.colcon_core.shell:Creating package script '/home/suii/colcon_ws/suii/ros2_ws/install/nav_test_package_ros2/share/nav_test_package_ros2/package.bash'
[2.271s] INFO:colcon.colcon_core.shell:Creating package script '/home/suii/colcon_ws/suii/ros2_ws/install/nav_test_package_ros2/share/nav_test_package_ros2/package.zsh'
[2.271s] Level 1:colcon.colcon_core.environment:create_file_with_runtime_dependencies(/home/suii/colcon_ws/suii/ros2_ws/install/nav_test_package_ros2/share/colcon-core/packages/nav_test_package_ros2)
[2.271s] DEBUG:colcon.colcon_parallel_executor.executor.parallel:closing loop
[2.272s] DEBUG:colcon.colcon_parallel_executor.executor.parallel:loop closed
[2.272s] DEBUG:colcon.colcon_parallel_executor.executor.parallel:run_until_complete finished with '0'
[2.272s] DEBUG:colcon.colcon_core.event_reactor:joining thread
[2.277s] INFO:colcon.colcon_core.plugin_system:Skipping extension 'colcon_notification.desktop_notification.terminal_notifier': Not used on non-Darwin systems
[2.278s] INFO:colcon.colcon_core.plugin_system:Skipping extension 'colcon_notification.desktop_notification.win32': Not used on non-Windows systems
[2.278s] INFO:colcon.colcon_notification.desktop_notification:Sending desktop notification using 'notify2'
[2.291s] DEBUG:colcon.colcon_core.event_reactor:joined thread
[2.292s] INFO:colcon.colcon_core.shell:Creating prefix script '/home/suii/colcon_ws/suii/ros2_ws/install/local_setup.ps1'
[2.292s] INFO:colcon.colcon_core.shell:Creating prefix util module '/home/suii/colcon_ws/suii/ros2_ws/install/_local_setup_util_ps1.py'
[2.293s] INFO:colcon.colcon_core.shell:Creating prefix chain script '/home/suii/colcon_ws/suii/ros2_ws/install/setup.ps1'
[2.296s] INFO:colcon.colcon_core.shell:Creating prefix script '/home/suii/colcon_ws/suii/ros2_ws/install/local_setup.sh'
[2.296s] INFO:colcon.colcon_core.shell:Creating prefix util module '/home/suii/colcon_ws/suii/ros2_ws/install/_local_setup_util_sh.py'
[2.296s] INFO:colcon.colcon_core.shell:Creating prefix chain script '/home/suii/colcon_ws/suii/ros2_ws/install/setup.sh'
[2.298s] INFO:colcon.colcon_core.shell:Creating prefix script '/home/suii/colcon_ws/suii/ros2_ws/install/local_setup.bash'
[2.299s] INFO:colcon.colcon_core.shell:Creating prefix chain script '/home/suii/colcon_ws/suii/ros2_ws/install/setup.bash'
[2.301s] INFO:colcon.colcon_core.shell:Creating prefix script '/home/suii/colcon_ws/suii/ros2_ws/install/local_setup.zsh'
[2.302s] INFO:colcon.colcon_core.shell:Creating prefix chain script '/home/suii/colcon_ws/suii/ros2_ws/install/setup.zsh'
