[0.027s] Invoking command in '/home/suii/colcon_ws/suii/ros2_ws/build/suii_bringup': /usr/bin/cmake --build /home/suii/colcon_ws/suii/ros2_ws/build/suii_bringup -- -j8 -l8
[0.277s] Invoked command in '/home/suii/colcon_ws/suii/ros2_ws/build/suii_bringup' returned '0': /usr/bin/cmake --build /home/suii/colcon_ws/suii/ros2_ws/build/suii_bringup -- -j8 -l8
[0.311s] Invoking command in '/home/suii/colcon_ws/suii/ros2_ws/build/suii_bringup': /usr/bin/cmake --install /home/suii/colcon_ws/suii/ros2_ws/build/suii_bringup
[0.327s] -- Install configuration: ""
[0.329s] -- Up-to-date: /home/suii/colcon_ws/suii/ros2_ws/install/suii_bringup/share/suii_bringup//launch
[0.329s] -- Up-to-date: /home/suii/colcon_ws/suii/ros2_ws/install/suii_bringup/share/suii_bringup//launch/Oldnav2_core.launch.py
[0.330s] -- Up-to-date: /home/suii/colcon_ws/suii/ros2_ws/install/suii_bringup/share/suii_bringup//launch/suii_bringup_launch.py
[0.330s] -- Up-to-date: /home/suii/colcon_ws/suii/ros2_ws/install/suii_bringup/share/suii_bringup//launch/slam_launch.launch.py
[0.330s] -- Up-to-date: /home/suii/colcon_ws/suii/ros2_ws/install/suii_bringup/share/suii_bringup//launch/nav2_core.launch.py
[0.330s] -- Up-to-date: /home/suii/colcon_ws/suii/ros2_ws/install/suii_bringup/share/suii_bringup//launch/suii_bringup.launch.py
[0.330s] -- Up-to-date: /home/suii/colcon_ws/suii/ros2_ws/install/suii_bringup/share/ament_index/resource_index/package_run_dependencies/suii_bringup
[0.331s] -- Up-to-date: /home/suii/colcon_ws/suii/ros2_ws/install/suii_bringup/share/ament_index/resource_index/parent_prefix_path/suii_bringup
[0.331s] -- Up-to-date: /home/suii/colcon_ws/suii/ros2_ws/install/suii_bringup/share/suii_bringup/environment/ament_prefix_path.sh
[0.331s] -- Up-to-date: /home/suii/colcon_ws/suii/ros2_ws/install/suii_bringup/share/suii_bringup/environment/ament_prefix_path.dsv
[0.331s] -- Up-to-date: /home/suii/colcon_ws/suii/ros2_ws/install/suii_bringup/share/suii_bringup/environment/path.sh
[0.331s] -- Up-to-date: /home/suii/colcon_ws/suii/ros2_ws/install/suii_bringup/share/suii_bringup/environment/path.dsv
[0.332s] -- Up-to-date: /home/suii/colcon_ws/suii/ros2_ws/install/suii_bringup/share/suii_bringup/local_setup.bash
[0.332s] -- Up-to-date: /home/suii/colcon_ws/suii/ros2_ws/install/suii_bringup/share/suii_bringup/local_setup.sh
[0.332s] -- Up-to-date: /home/suii/colcon_ws/suii/ros2_ws/install/suii_bringup/share/suii_bringup/local_setup.zsh
[0.332s] -- Up-to-date: /home/suii/colcon_ws/suii/ros2_ws/install/suii_bringup/share/suii_bringup/local_setup.dsv
[0.333s] -- Installing: /home/suii/colcon_ws/suii/ros2_ws/install/suii_bringup/share/suii_bringup/package.dsv
[0.333s] -- Up-to-date: /home/suii/colcon_ws/suii/ros2_ws/install/suii_bringup/share/ament_index/resource_index/packages/suii_bringup
[0.333s] -- Up-to-date: /home/suii/colcon_ws/suii/ros2_ws/install/suii_bringup/share/suii_bringup/cmake/suii_bringupConfig.cmake
[0.333s] -- Up-to-date: /home/suii/colcon_ws/suii/ros2_ws/install/suii_bringup/share/suii_bringup/cmake/suii_bringupConfig-version.cmake
[0.333s] -- Up-to-date: /home/suii/colcon_ws/suii/ros2_ws/install/suii_bringup/share/suii_bringup/package.xml
[0.355s] Invoked command in '/home/suii/colcon_ws/suii/ros2_ws/build/suii_bringup' returned '0': /usr/bin/cmake --install /home/suii/colcon_ws/suii/ros2_ws/build/suii_bringup
