[  0%] Built target suii_msgs__cpp
[ 12%] Built target suii_msgs__rosidl_generator_c
[ 24%] Built target suii_msgs__rosidl_typesupport_cpp
[ 36%] Built target suii_msgs__rosidl_typesupport_introspection_cpp
[ 48%] Built target suii_msgs__rosidl_typesupport_fastrtps_cpp
[ 60%] Built target suii_msgs__rosidl_typesupport_c
[ 72%] Built target suii_msgs__rosidl_typesupport_introspection_c
[ 84%] Built target suii_msgs__rosidl_typesupport_fastrtps_c
[ 84%] Built target suii_msgs
[ 85%] Built target suii_msgs__py
[ 96%] Built target suii_msgs__python
[ 97%] Built target suii_msgs__rosidl_typesupport_fastrtps_c__pyext
[ 99%] Built target suii_msgs__rosidl_typesupport_c__pyext
[100%] Built target suii_msgs__rosidl_typesupport_introspection_c__pyext
-- Install configuration: ""
-- Execute custom install script
-- Up-to-date symlink: /home/suii/colcon_ws/suii/ros2_ws/install/suii_msgs/share/ament_index/resource_index/rosidl_interfaces/suii_msgs
-- Up-to-date symlink: /home/suii/colcon_ws/suii/ros2_ws/install/suii_msgs/include/suii_msgs/msg/detail/suii_task__functions.h
-- Up-to-date symlink: /home/suii/colcon_ws/suii/ros2_ws/install/suii_msgs/include/suii_msgs/msg/detail/suii_task__struct.h
-- Up-to-date symlink: /home/suii/colcon_ws/suii/ros2_ws/install/suii_msgs/include/suii_msgs/msg/detail/suii_task__type_support.h
-- Up-to-date symlink: /home/suii/colcon_ws/suii/ros2_ws/install/suii_msgs/include/suii_msgs/msg/detail/suii_task_list__functions.h
-- Up-to-date symlink: /home/suii/colcon_ws/suii/ros2_ws/install/suii_msgs/include/suii_msgs/msg/detail/suii_task_list__struct.h
-- Up-to-date symlink: /home/suii/colcon_ws/suii/ros2_ws/install/suii_msgs/include/suii_msgs/msg/detail/suii_task_list__type_support.h
-- Up-to-date symlink: /home/suii/colcon_ws/suii/ros2_ws/install/suii_msgs/include/suii_msgs/msg/detail/task__functions.h
-- Up-to-date symlink: /home/suii/colcon_ws/suii/ros2_ws/install/suii_msgs/include/suii_msgs/msg/detail/task__struct.h
-- Up-to-date symlink: /home/suii/colcon_ws/suii/ros2_ws/install/suii_msgs/include/suii_msgs/msg/detail/task__type_support.h
-- Up-to-date symlink: /home/suii/colcon_ws/suii/ros2_ws/install/suii_msgs/include/suii_msgs/msg/detail/vision_scan_object__functions.h
-- Up-to-date symlink: /home/suii/colcon_ws/suii/ros2_ws/install/suii_msgs/include/suii_msgs/msg/detail/vision_scan_object__struct.h
-- Up-to-date symlink: /home/suii/colcon_ws/suii/ros2_ws/install/suii_msgs/include/suii_msgs/msg/detail/vision_scan_object__type_support.h
-- Up-to-date symlink: /home/suii/colcon_ws/suii/ros2_ws/install/suii_msgs/include/suii_msgs/msg/rosidl_generator_c__visibility_control.h
-- Up-to-date symlink: /home/suii/colcon_ws/suii/ros2_ws/install/suii_msgs/include/suii_msgs/msg/suii_task.h
-- Up-to-date symlink: /home/suii/colcon_ws/suii/ros2_ws/install/suii_msgs/include/suii_msgs/msg/suii_task_list.h
-- Up-to-date symlink: /home/suii/colcon_ws/suii/ros2_ws/install/suii_msgs/include/suii_msgs/msg/task.h
-- Up-to-date symlink: /home/suii/colcon_ws/suii/ros2_ws/install/suii_msgs/include/suii_msgs/msg/vision_scan_object.h
-- Up-to-date symlink: /home/suii/colcon_ws/suii/ros2_ws/install/suii_msgs/include/suii_msgs/srv/detail/distance_to_goal__functions.h
-- Up-to-date symlink: /home/suii/colcon_ws/suii/ros2_ws/install/suii_msgs/include/suii_msgs/srv/detail/distance_to_goal__struct.h
-- Up-to-date symlink: /home/suii/colcon_ws/suii/ros2_ws/install/suii_msgs/include/suii_msgs/srv/detail/distance_to_goal__type_support.h
-- Up-to-date symlink: /home/suii/colcon_ws/suii/ros2_ws/install/suii_msgs/include/suii_msgs/srv/detail/get_free_spot__functions.h
-- Up-to-date symlink: /home/suii/colcon_ws/suii/ros2_ws/install/suii_msgs/include/suii_msgs/srv/detail/get_free_spot__struct.h
-- Up-to-date symlink: /home/suii/colcon_ws/suii/ros2_ws/install/suii_msgs/include/suii_msgs/srv/detail/get_free_spot__type_support.h
-- Up-to-date symlink: /home/suii/colcon_ws/suii/ros2_ws/install/suii_msgs/include/suii_msgs/srv/detail/item__functions.h
-- Up-to-date symlink: /home/suii/colcon_ws/suii/ros2_ws/install/suii_msgs/include/suii_msgs/srv/detail/item__struct.h
-- Up-to-date symlink: /home/suii/colcon_ws/suii/ros2_ws/install/suii_msgs/include/suii_msgs/srv/detail/item__type_support.h
-- Up-to-date symlink: /home/suii/colcon_ws/suii/ros2_ws/install/suii_msgs/include/suii_msgs/srv/detail/item_drive__functions.h
-- Up-to-date symlink: /home/suii/colcon_ws/suii/ros2_ws/install/suii_msgs/include/suii_msgs/srv/detail/item_drive__struct.h
-- Up-to-date symlink: /home/suii/colcon_ws/suii/ros2_ws/install/suii_msgs/include/suii_msgs/srv/detail/item_drive__type_support.h
-- Up-to-date symlink: /home/suii/colcon_ws/suii/ros2_ws/install/suii_msgs/include/suii_msgs/srv/detail/item_move__functions.h
-- Up-to-date symlink: /home/suii/colcon_ws/suii/ros2_ws/install/suii_msgs/include/suii_msgs/srv/detail/item_move__struct.h
-- Up-to-date symlink: /home/suii/colcon_ws/suii/ros2_ws/install/suii_msgs/include/suii_msgs/srv/detail/item_move__type_support.h
-- Up-to-date symlink: /home/suii/colcon_ws/suii/ros2_ws/install/suii_msgs/include/suii_msgs/srv/detail/item_pick__functions.h
-- Up-to-date symlink: /home/suii/colcon_ws/suii/ros2_ws/install/suii_msgs/include/suii_msgs/srv/detail/item_pick__struct.h
-- Up-to-date symlink: /home/suii/colcon_ws/suii/ros2_ws/install/suii_msgs/include/suii_msgs/srv/detail/item_pick__type_support.h
-- Up-to-date symlink: /home/suii/colcon_ws/suii/ros2_ws/install/suii_msgs/include/suii_msgs/srv/detail/item_place__functions.h
-- Up-to-date symlink: /home/suii/colcon_ws/suii/ros2_ws/install/suii_msgs/include/suii_msgs/srv/detail/item_place__struct.h
-- Up-to-date symlink: /home/suii/colcon_ws/suii/ros2_ws/install/suii_msgs/include/suii_msgs/srv/detail/item_place__type_support.h
-- Up-to-date symlink: /home/suii/colcon_ws/suii/ros2_ws/install/suii_msgs/include/suii_msgs/srv/detail/manipulation_action__functions.h
-- Up-to-date symlink: /home/suii/colcon_ws/suii/ros2_ws/install/suii_msgs/include/suii_msgs/srv/detail/manipulation_action__struct.h
-- Up-to-date symlink: /home/suii/colcon_ws/suii/ros2_ws/install/suii_msgs/include/suii_msgs/srv/detail/manipulation_action__type_support.h
-- Up-to-date symlink: /home/suii/colcon_ws/suii/ros2_ws/install/suii_msgs/include/suii_msgs/srv/detail/manipulation_pose__functions.h
-- Up-to-date symlink: /home/suii/colcon_ws/suii/ros2_ws/install/suii_msgs/include/suii_msgs/srv/detail/manipulation_pose__struct.h
-- Up-to-date symlink: /home/suii/colcon_ws/suii/ros2_ws/install/suii_msgs/include/suii_msgs/srv/detail/manipulation_pose__type_support.h
-- Up-to-date symlink: /home/suii/colcon_ws/suii/ros2_ws/install/suii_msgs/include/suii_msgs/srv/detail/navigation_goal__functions.h
-- Up-to-date symlink: /home/suii/colcon_ws/suii/ros2_ws/install/suii_msgs/include/suii_msgs/srv/detail/navigation_goal__struct.h
-- Up-to-date symlink: /home/suii/colcon_ws/suii/ros2_ws/install/suii_msgs/include/suii_msgs/srv/detail/navigation_goal__type_support.h
-- Up-to-date symlink: /home/suii/colcon_ws/suii/ros2_ws/install/suii_msgs/include/suii_msgs/srv/detail/navigation_repose__functions.h
-- Up-to-date symlink: /home/suii/colcon_ws/suii/ros2_ws/install/suii_msgs/include/suii_msgs/srv/detail/navigation_repose__struct.h
-- Up-to-date symlink: /home/suii/colcon_ws/suii/ros2_ws/install/suii_msgs/include/suii_msgs/srv/detail/navigation_repose__type_support.h
-- Up-to-date symlink: /home/suii/colcon_ws/suii/ros2_ws/install/suii_msgs/include/suii_msgs/srv/detail/update_items__functions.h
-- Up-to-date symlink: /home/suii/colcon_ws/suii/ros2_ws/install/suii_msgs/include/suii_msgs/srv/detail/update_items__struct.h
-- Up-to-date symlink: /home/suii/colcon_ws/suii/ros2_ws/install/suii_msgs/include/suii_msgs/srv/detail/update_items__type_support.h
-- Up-to-date symlink: /home/suii/colcon_ws/suii/ros2_ws/install/suii_msgs/include/suii_msgs/srv/detail/vision_scan__functions.h
-- Up-to-date symlink: /home/suii/colcon_ws/suii/ros2_ws/install/suii_msgs/include/suii_msgs/srv/detail/vision_scan__struct.h
-- Up-to-date symlink: /home/suii/colcon_ws/suii/ros2_ws/install/suii_msgs/include/suii_msgs/srv/detail/vision_scan__type_support.h
-- Up-to-date symlink: /home/suii/colcon_ws/suii/ros2_ws/install/suii_msgs/include/suii_msgs/srv/distance_to_goal.h
-- Up-to-date symlink: /home/suii/colcon_ws/suii/ros2_ws/install/suii_msgs/include/suii_msgs/srv/get_free_spot.h
-- Up-to-date symlink: /home/suii/colcon_ws/suii/ros2_ws/install/suii_msgs/include/suii_msgs/srv/item.h
-- Up-to-date symlink: /home/suii/colcon_ws/suii/ros2_ws/install/suii_msgs/include/suii_msgs/srv/item_drive.h
-- Up-to-date symlink: /home/suii/colcon_ws/suii/ros2_ws/install/suii_msgs/include/suii_msgs/srv/item_move.h
-- Up-to-date symlink: /home/suii/colcon_ws/suii/ros2_ws/install/suii_msgs/include/suii_msgs/srv/item_pick.h
-- Up-to-date symlink: /home/suii/colcon_ws/suii/ros2_ws/install/suii_msgs/include/suii_msgs/srv/item_place.h
-- Up-to-date symlink: /home/suii/colcon_ws/suii/ros2_ws/install/suii_msgs/include/suii_msgs/srv/manipulation_action.h
-- Up-to-date symlink: /home/suii/colcon_ws/suii/ros2_ws/install/suii_msgs/include/suii_msgs/srv/manipulation_pose.h
-- Up-to-date symlink: /home/suii/colcon_ws/suii/ros2_ws/install/suii_msgs/include/suii_msgs/srv/navigation_goal.h
-- Up-to-date symlink: /home/suii/colcon_ws/suii/ros2_ws/install/suii_msgs/include/suii_msgs/srv/navigation_repose.h
-- Up-to-date symlink: /home/suii/colcon_ws/suii/ros2_ws/install/suii_msgs/include/suii_msgs/srv/update_items.h
-- Up-to-date symlink: /home/suii/colcon_ws/suii/ros2_ws/install/suii_msgs/include/suii_msgs/srv/vision_scan.h
-- Up-to-date symlink: /home/suii/colcon_ws/suii/ros2_ws/install/suii_msgs/share/suii_msgs/environment/library_path.sh
-- Up-to-date symlink: /home/suii/colcon_ws/suii/ros2_ws/install/suii_msgs/share/suii_msgs/environment/library_path.dsv
-- Up-to-date symlink: /home/suii/colcon_ws/suii/ros2_ws/install/suii_msgs/include/suii_msgs/msg/detail/suii_task__rosidl_typesupport_fastrtps_c.h
-- Up-to-date symlink: /home/suii/colcon_ws/suii/ros2_ws/install/suii_msgs/include/suii_msgs/msg/detail/suii_task_list__rosidl_typesupport_fastrtps_c.h
-- Up-to-date symlink: /home/suii/colcon_ws/suii/ros2_ws/install/suii_msgs/include/suii_msgs/msg/detail/task__rosidl_typesupport_fastrtps_c.h
-- Up-to-date symlink: /home/suii/colcon_ws/suii/ros2_ws/install/suii_msgs/include/suii_msgs/msg/detail/vision_scan_object__rosidl_typesupport_fastrtps_c.h
-- Up-to-date symlink: /home/suii/colcon_ws/suii/ros2_ws/install/suii_msgs/include/suii_msgs/msg/rosidl_typesupport_fastrtps_c__visibility_control.h
-- Up-to-date symlink: /home/suii/colcon_ws/suii/ros2_ws/install/suii_msgs/include/suii_msgs/srv/detail/distance_to_goal__rosidl_typesupport_fastrtps_c.h
-- Up-to-date symlink: /home/suii/colcon_ws/suii/ros2_ws/install/suii_msgs/include/suii_msgs/srv/detail/get_free_spot__rosidl_typesupport_fastrtps_c.h
-- Up-to-date symlink: /home/suii/colcon_ws/suii/ros2_ws/install/suii_msgs/include/suii_msgs/srv/detail/item__rosidl_typesupport_fastrtps_c.h
-- Up-to-date symlink: /home/suii/colcon_ws/suii/ros2_ws/install/suii_msgs/include/suii_msgs/srv/detail/item_drive__rosidl_typesupport_fastrtps_c.h
-- Up-to-date symlink: /home/suii/colcon_ws/suii/ros2_ws/install/suii_msgs/include/suii_msgs/srv/detail/item_move__rosidl_typesupport_fastrtps_c.h
-- Up-to-date symlink: /home/suii/colcon_ws/suii/ros2_ws/install/suii_msgs/include/suii_msgs/srv/detail/item_pick__rosidl_typesupport_fastrtps_c.h
-- Up-to-date symlink: /home/suii/colcon_ws/suii/ros2_ws/install/suii_msgs/include/suii_msgs/srv/detail/item_place__rosidl_typesupport_fastrtps_c.h
-- Up-to-date symlink: /home/suii/colcon_ws/suii/ros2_ws/install/suii_msgs/include/suii_msgs/srv/detail/manipulation_action__rosidl_typesupport_fastrtps_c.h
-- Up-to-date symlink: /home/suii/colcon_ws/suii/ros2_ws/install/suii_msgs/include/suii_msgs/srv/detail/manipulation_pose__rosidl_typesupport_fastrtps_c.h
-- Up-to-date symlink: /home/suii/colcon_ws/suii/ros2_ws/install/suii_msgs/include/suii_msgs/srv/detail/navigation_goal__rosidl_typesupport_fastrtps_c.h
-- Up-to-date symlink: /home/suii/colcon_ws/suii/ros2_ws/install/suii_msgs/include/suii_msgs/srv/detail/navigation_repose__rosidl_typesupport_fastrtps_c.h
-- Up-to-date symlink: /home/suii/colcon_ws/suii/ros2_ws/install/suii_msgs/include/suii_msgs/srv/detail/update_items__rosidl_typesupport_fastrtps_c.h
-- Up-to-date symlink: /home/suii/colcon_ws/suii/ros2_ws/install/suii_msgs/include/suii_msgs/srv/detail/vision_scan__rosidl_typesupport_fastrtps_c.h
-- Up-to-date symlink: /home/suii/colcon_ws/suii/ros2_ws/install/suii_msgs/lib/libsuii_msgs__rosidl_typesupport_fastrtps_c.so
-- Up-to-date symlink: /home/suii/colcon_ws/suii/ros2_ws/install/suii_msgs/include/suii_msgs/msg/detail/suii_task__rosidl_typesupport_fastrtps_cpp.hpp
-- Up-to-date symlink: /home/suii/colcon_ws/suii/ros2_ws/install/suii_msgs/include/suii_msgs/msg/detail/suii_task_list__rosidl_typesupport_fastrtps_cpp.hpp
-- Up-to-date symlink: /home/suii/colcon_ws/suii/ros2_ws/install/suii_msgs/include/suii_msgs/msg/detail/task__rosidl_typesupport_fastrtps_cpp.hpp
-- Up-to-date symlink: /home/suii/colcon_ws/suii/ros2_ws/install/suii_msgs/include/suii_msgs/msg/detail/vision_scan_object__rosidl_typesupport_fastrtps_cpp.hpp
-- Up-to-date symlink: /home/suii/colcon_ws/suii/ros2_ws/install/suii_msgs/include/suii_msgs/msg/rosidl_typesupport_fastrtps_cpp__visibility_control.h
-- Up-to-date symlink: /home/suii/colcon_ws/suii/ros2_ws/install/suii_msgs/include/suii_msgs/srv/detail/distance_to_goal__rosidl_typesupport_fastrtps_cpp.hpp
-- Up-to-date symlink: /home/suii/colcon_ws/suii/ros2_ws/install/suii_msgs/include/suii_msgs/srv/detail/get_free_spot__rosidl_typesupport_fastrtps_cpp.hpp
-- Up-to-date symlink: /home/suii/colcon_ws/suii/ros2_ws/install/suii_msgs/include/suii_msgs/srv/detail/item__rosidl_typesupport_fastrtps_cpp.hpp
-- Up-to-date symlink: /home/suii/colcon_ws/suii/ros2_ws/install/suii_msgs/include/suii_msgs/srv/detail/item_drive__rosidl_typesupport_fastrtps_cpp.hpp
-- Up-to-date symlink: /home/suii/colcon_ws/suii/ros2_ws/install/suii_msgs/include/suii_msgs/srv/detail/item_move__rosidl_typesupport_fastrtps_cpp.hpp
-- Up-to-date symlink: /home/suii/colcon_ws/suii/ros2_ws/install/suii_msgs/include/suii_msgs/srv/detail/item_pick__rosidl_typesupport_fastrtps_cpp.hpp
-- Up-to-date symlink: /home/suii/colcon_ws/suii/ros2_ws/install/suii_msgs/include/suii_msgs/srv/detail/item_place__rosidl_typesupport_fastrtps_cpp.hpp
-- Up-to-date symlink: /home/suii/colcon_ws/suii/ros2_ws/install/suii_msgs/include/suii_msgs/srv/detail/manipulation_action__rosidl_typesupport_fastrtps_cpp.hpp
-- Up-to-date symlink: /home/suii/colcon_ws/suii/ros2_ws/install/suii_msgs/include/suii_msgs/srv/detail/manipulation_pose__rosidl_typesupport_fastrtps_cpp.hpp
-- Up-to-date symlink: /home/suii/colcon_ws/suii/ros2_ws/install/suii_msgs/include/suii_msgs/srv/detail/navigation_goal__rosidl_typesupport_fastrtps_cpp.hpp
-- Up-to-date symlink: /home/suii/colcon_ws/suii/ros2_ws/install/suii_msgs/include/suii_msgs/srv/detail/navigation_repose__rosidl_typesupport_fastrtps_cpp.hpp
-- Up-to-date symlink: /home/suii/colcon_ws/suii/ros2_ws/install/suii_msgs/include/suii_msgs/srv/detail/update_items__rosidl_typesupport_fastrtps_cpp.hpp
-- Up-to-date symlink: /home/suii/colcon_ws/suii/ros2_ws/install/suii_msgs/include/suii_msgs/srv/detail/vision_scan__rosidl_typesupport_fastrtps_cpp.hpp
-- Up-to-date symlink: /home/suii/colcon_ws/suii/ros2_ws/install/suii_msgs/lib/libsuii_msgs__rosidl_typesupport_fastrtps_cpp.so
-- Up-to-date symlink: /home/suii/colcon_ws/suii/ros2_ws/install/suii_msgs/include/suii_msgs/msg/detail/suii_task__rosidl_typesupport_introspection_c.h
-- Up-to-date symlink: /home/suii/colcon_ws/suii/ros2_ws/install/suii_msgs/include/suii_msgs/msg/detail/suii_task_list__rosidl_typesupport_introspection_c.h
-- Up-to-date symlink: /home/suii/colcon_ws/suii/ros2_ws/install/suii_msgs/include/suii_msgs/msg/detail/task__rosidl_typesupport_introspection_c.h
-- Up-to-date symlink: /home/suii/colcon_ws/suii/ros2_ws/install/suii_msgs/include/suii_msgs/msg/detail/vision_scan_object__rosidl_typesupport_introspection_c.h
-- Up-to-date symlink: /home/suii/colcon_ws/suii/ros2_ws/install/suii_msgs/include/suii_msgs/msg/rosidl_typesupport_introspection_c__visibility_control.h
-- Up-to-date symlink: /home/suii/colcon_ws/suii/ros2_ws/install/suii_msgs/include/suii_msgs/srv/detail/distance_to_goal__rosidl_typesupport_introspection_c.h
-- Up-to-date symlink: /home/suii/colcon_ws/suii/ros2_ws/install/suii_msgs/include/suii_msgs/srv/detail/get_free_spot__rosidl_typesupport_introspection_c.h
-- Up-to-date symlink: /home/suii/colcon_ws/suii/ros2_ws/install/suii_msgs/include/suii_msgs/srv/detail/item__rosidl_typesupport_introspection_c.h
-- Up-to-date symlink: /home/suii/colcon_ws/suii/ros2_ws/install/suii_msgs/include/suii_msgs/srv/detail/item_drive__rosidl_typesupport_introspection_c.h
-- Up-to-date symlink: /home/suii/colcon_ws/suii/ros2_ws/install/suii_msgs/include/suii_msgs/srv/detail/item_move__rosidl_typesupport_introspection_c.h
-- Up-to-date symlink: /home/suii/colcon_ws/suii/ros2_ws/install/suii_msgs/include/suii_msgs/srv/detail/item_pick__rosidl_typesupport_introspection_c.h
-- Up-to-date symlink: /home/suii/colcon_ws/suii/ros2_ws/install/suii_msgs/include/suii_msgs/srv/detail/item_place__rosidl_typesupport_introspection_c.h
-- Up-to-date symlink: /home/suii/colcon_ws/suii/ros2_ws/install/suii_msgs/include/suii_msgs/srv/detail/manipulation_action__rosidl_typesupport_introspection_c.h
-- Up-to-date symlink: /home/suii/colcon_ws/suii/ros2_ws/install/suii_msgs/include/suii_msgs/srv/detail/manipulation_pose__rosidl_typesupport_introspection_c.h
-- Up-to-date symlink: /home/suii/colcon_ws/suii/ros2_ws/install/suii_msgs/include/suii_msgs/srv/detail/navigation_goal__rosidl_typesupport_introspection_c.h
-- Up-to-date symlink: /home/suii/colcon_ws/suii/ros2_ws/install/suii_msgs/include/suii_msgs/srv/detail/navigation_repose__rosidl_typesupport_introspection_c.h
-- Up-to-date symlink: /home/suii/colcon_ws/suii/ros2_ws/install/suii_msgs/include/suii_msgs/srv/detail/update_items__rosidl_typesupport_introspection_c.h
-- Up-to-date symlink: /home/suii/colcon_ws/suii/ros2_ws/install/suii_msgs/include/suii_msgs/srv/detail/vision_scan__rosidl_typesupport_introspection_c.h
-- Up-to-date symlink: /home/suii/colcon_ws/suii/ros2_ws/install/suii_msgs/include/suii_msgs/msg/detail/suii_task__builder.hpp
-- Up-to-date symlink: /home/suii/colcon_ws/suii/ros2_ws/install/suii_msgs/include/suii_msgs/msg/detail/suii_task__struct.hpp
-- Up-to-date symlink: /home/suii/colcon_ws/suii/ros2_ws/install/suii_msgs/include/suii_msgs/msg/detail/suii_task__traits.hpp
-- Up-to-date symlink: /home/suii/colcon_ws/suii/ros2_ws/install/suii_msgs/include/suii_msgs/msg/detail/suii_task_list__builder.hpp
-- Up-to-date symlink: /home/suii/colcon_ws/suii/ros2_ws/install/suii_msgs/include/suii_msgs/msg/detail/suii_task_list__struct.hpp
-- Up-to-date symlink: /home/suii/colcon_ws/suii/ros2_ws/install/suii_msgs/include/suii_msgs/msg/detail/suii_task_list__traits.hpp
-- Up-to-date symlink: /home/suii/colcon_ws/suii/ros2_ws/install/suii_msgs/include/suii_msgs/msg/detail/task__builder.hpp
-- Up-to-date symlink: /home/suii/colcon_ws/suii/ros2_ws/install/suii_msgs/include/suii_msgs/msg/detail/task__struct.hpp
-- Up-to-date symlink: /home/suii/colcon_ws/suii/ros2_ws/install/suii_msgs/include/suii_msgs/msg/detail/task__traits.hpp
-- Up-to-date symlink: /home/suii/colcon_ws/suii/ros2_ws/install/suii_msgs/include/suii_msgs/msg/detail/vision_scan_object__builder.hpp
-- Up-to-date symlink: /home/suii/colcon_ws/suii/ros2_ws/install/suii_msgs/include/suii_msgs/msg/detail/vision_scan_object__struct.hpp
-- Up-to-date symlink: /home/suii/colcon_ws/suii/ros2_ws/install/suii_msgs/include/suii_msgs/msg/detail/vision_scan_object__traits.hpp
-- Up-to-date symlink: /home/suii/colcon_ws/suii/ros2_ws/install/suii_msgs/include/suii_msgs/msg/suii_task.hpp
-- Up-to-date symlink: /home/suii/colcon_ws/suii/ros2_ws/install/suii_msgs/include/suii_msgs/msg/suii_task_list.hpp
-- Up-to-date symlink: /home/suii/colcon_ws/suii/ros2_ws/install/suii_msgs/include/suii_msgs/msg/task.hpp
-- Up-to-date symlink: /home/suii/colcon_ws/suii/ros2_ws/install/suii_msgs/include/suii_msgs/msg/vision_scan_object.hpp
-- Up-to-date symlink: /home/suii/colcon_ws/suii/ros2_ws/install/suii_msgs/include/suii_msgs/srv/detail/distance_to_goal__builder.hpp
-- Up-to-date symlink: /home/suii/colcon_ws/suii/ros2_ws/install/suii_msgs/include/suii_msgs/srv/detail/distance_to_goal__struct.hpp
-- Up-to-date symlink: /home/suii/colcon_ws/suii/ros2_ws/install/suii_msgs/include/suii_msgs/srv/detail/distance_to_goal__traits.hpp
-- Up-to-date symlink: /home/suii/colcon_ws/suii/ros2_ws/install/suii_msgs/include/suii_msgs/srv/detail/get_free_spot__builder.hpp
-- Up-to-date symlink: /home/suii/colcon_ws/suii/ros2_ws/install/suii_msgs/include/suii_msgs/srv/detail/get_free_spot__struct.hpp
-- Up-to-date symlink: /home/suii/colcon_ws/suii/ros2_ws/install/suii_msgs/include/suii_msgs/srv/detail/get_free_spot__traits.hpp
-- Up-to-date symlink: /home/suii/colcon_ws/suii/ros2_ws/install/suii_msgs/include/suii_msgs/srv/detail/item__builder.hpp
-- Up-to-date symlink: /home/suii/colcon_ws/suii/ros2_ws/install/suii_msgs/include/suii_msgs/srv/detail/item__struct.hpp
-- Up-to-date symlink: /home/suii/colcon_ws/suii/ros2_ws/install/suii_msgs/include/suii_msgs/srv/detail/item__traits.hpp
-- Up-to-date symlink: /home/suii/colcon_ws/suii/ros2_ws/install/suii_msgs/include/suii_msgs/srv/detail/item_drive__builder.hpp
-- Up-to-date symlink: /home/suii/colcon_ws/suii/ros2_ws/install/suii_msgs/include/suii_msgs/srv/detail/item_drive__struct.hpp
-- Up-to-date symlink: /home/suii/colcon_ws/suii/ros2_ws/install/suii_msgs/include/suii_msgs/srv/detail/item_drive__traits.hpp
-- Up-to-date symlink: /home/suii/colcon_ws/suii/ros2_ws/install/suii_msgs/include/suii_msgs/srv/detail/item_move__builder.hpp
-- Up-to-date symlink: /home/suii/colcon_ws/suii/ros2_ws/install/suii_msgs/include/suii_msgs/srv/detail/item_move__struct.hpp
-- Up-to-date symlink: /home/suii/colcon_ws/suii/ros2_ws/install/suii_msgs/include/suii_msgs/srv/detail/item_move__traits.hpp
-- Up-to-date symlink: /home/suii/colcon_ws/suii/ros2_ws/install/suii_msgs/include/suii_msgs/srv/detail/item_pick__builder.hpp
-- Up-to-date symlink: /home/suii/colcon_ws/suii/ros2_ws/install/suii_msgs/include/suii_msgs/srv/detail/item_pick__struct.hpp
-- Up-to-date symlink: /home/suii/colcon_ws/suii/ros2_ws/install/suii_msgs/include/suii_msgs/srv/detail/item_pick__traits.hpp
-- Up-to-date symlink: /home/suii/colcon_ws/suii/ros2_ws/install/suii_msgs/include/suii_msgs/srv/detail/item_place__builder.hpp
-- Up-to-date symlink: /home/suii/colcon_ws/suii/ros2_ws/install/suii_msgs/include/suii_msgs/srv/detail/item_place__struct.hpp
-- Up-to-date symlink: /home/suii/colcon_ws/suii/ros2_ws/install/suii_msgs/include/suii_msgs/srv/detail/item_place__traits.hpp
-- Up-to-date symlink: /home/suii/colcon_ws/suii/ros2_ws/install/suii_msgs/include/suii_msgs/srv/detail/manipulation_action__builder.hpp
-- Up-to-date symlink: /home/suii/colcon_ws/suii/ros2_ws/install/suii_msgs/include/suii_msgs/srv/detail/manipulation_action__struct.hpp
-- Up-to-date symlink: /home/suii/colcon_ws/suii/ros2_ws/install/suii_msgs/include/suii_msgs/srv/detail/manipulation_action__traits.hpp
-- Up-to-date symlink: /home/suii/colcon_ws/suii/ros2_ws/install/suii_msgs/include/suii_msgs/srv/detail/manipulation_pose__builder.hpp
-- Up-to-date symlink: /home/suii/colcon_ws/suii/ros2_ws/install/suii_msgs/include/suii_msgs/srv/detail/manipulation_pose__struct.hpp
-- Up-to-date symlink: /home/suii/colcon_ws/suii/ros2_ws/install/suii_msgs/include/suii_msgs/srv/detail/manipulation_pose__traits.hpp
-- Up-to-date symlink: /home/suii/colcon_ws/suii/ros2_ws/install/suii_msgs/include/suii_msgs/srv/detail/navigation_goal__builder.hpp
-- Up-to-date symlink: /home/suii/colcon_ws/suii/ros2_ws/install/suii_msgs/include/suii_msgs/srv/detail/navigation_goal__struct.hpp
-- Up-to-date symlink: /home/suii/colcon_ws/suii/ros2_ws/install/suii_msgs/include/suii_msgs/srv/detail/navigation_goal__traits.hpp
-- Up-to-date symlink: /home/suii/colcon_ws/suii/ros2_ws/install/suii_msgs/include/suii_msgs/srv/detail/navigation_repose__builder.hpp
-- Up-to-date symlink: /home/suii/colcon_ws/suii/ros2_ws/install/suii_msgs/include/suii_msgs/srv/detail/navigation_repose__struct.hpp
-- Up-to-date symlink: /home/suii/colcon_ws/suii/ros2_ws/install/suii_msgs/include/suii_msgs/srv/detail/navigation_repose__traits.hpp
-- Up-to-date symlink: /home/suii/colcon_ws/suii/ros2_ws/install/suii_msgs/include/suii_msgs/srv/detail/update_items__builder.hpp
-- Up-to-date symlink: /home/suii/colcon_ws/suii/ros2_ws/install/suii_msgs/include/suii_msgs/srv/detail/update_items__struct.hpp
-- Up-to-date symlink: /home/suii/colcon_ws/suii/ros2_ws/install/suii_msgs/include/suii_msgs/srv/detail/update_items__traits.hpp
-- Up-to-date symlink: /home/suii/colcon_ws/suii/ros2_ws/install/suii_msgs/include/suii_msgs/srv/detail/vision_scan__builder.hpp
-- Up-to-date symlink: /home/suii/colcon_ws/suii/ros2_ws/install/suii_msgs/include/suii_msgs/srv/detail/vision_scan__struct.hpp
-- Up-to-date symlink: /home/suii/colcon_ws/suii/ros2_ws/install/suii_msgs/include/suii_msgs/srv/detail/vision_scan__traits.hpp
-- Up-to-date symlink: /home/suii/colcon_ws/suii/ros2_ws/install/suii_msgs/include/suii_msgs/srv/distance_to_goal.hpp
-- Up-to-date symlink: /home/suii/colcon_ws/suii/ros2_ws/install/suii_msgs/include/suii_msgs/srv/get_free_spot.hpp
-- Up-to-date symlink: /home/suii/colcon_ws/suii/ros2_ws/install/suii_msgs/include/suii_msgs/srv/item.hpp
-- Up-to-date symlink: /home/suii/colcon_ws/suii/ros2_ws/install/suii_msgs/include/suii_msgs/srv/item_drive.hpp
-- Up-to-date symlink: /home/suii/colcon_ws/suii/ros2_ws/install/suii_msgs/include/suii_msgs/srv/item_move.hpp
-- Up-to-date symlink: /home/suii/colcon_ws/suii/ros2_ws/install/suii_msgs/include/suii_msgs/srv/item_pick.hpp
-- Up-to-date symlink: /home/suii/colcon_ws/suii/ros2_ws/install/suii_msgs/include/suii_msgs/srv/item_place.hpp
-- Up-to-date symlink: /home/suii/colcon_ws/suii/ros2_ws/install/suii_msgs/include/suii_msgs/srv/manipulation_action.hpp
-- Up-to-date symlink: /home/suii/colcon_ws/suii/ros2_ws/install/suii_msgs/include/suii_msgs/srv/manipulation_pose.hpp
-- Up-to-date symlink: /home/suii/colcon_ws/suii/ros2_ws/install/suii_msgs/include/suii_msgs/srv/navigation_goal.hpp
-- Up-to-date symlink: /home/suii/colcon_ws/suii/ros2_ws/install/suii_msgs/include/suii_msgs/srv/navigation_repose.hpp
-- Up-to-date symlink: /home/suii/colcon_ws/suii/ros2_ws/install/suii_msgs/include/suii_msgs/srv/update_items.hpp
-- Up-to-date symlink: /home/suii/colcon_ws/suii/ros2_ws/install/suii_msgs/include/suii_msgs/srv/vision_scan.hpp
-- Up-to-date symlink: /home/suii/colcon_ws/suii/ros2_ws/install/suii_msgs/include/suii_msgs/msg/detail/suii_task__rosidl_typesupport_introspection_cpp.hpp
-- Up-to-date symlink: /home/suii/colcon_ws/suii/ros2_ws/install/suii_msgs/include/suii_msgs/msg/detail/suii_task_list__rosidl_typesupport_introspection_cpp.hpp
-- Up-to-date symlink: /home/suii/colcon_ws/suii/ros2_ws/install/suii_msgs/include/suii_msgs/msg/detail/task__rosidl_typesupport_introspection_cpp.hpp
-- Up-to-date symlink: /home/suii/colcon_ws/suii/ros2_ws/install/suii_msgs/include/suii_msgs/msg/detail/vision_scan_object__rosidl_typesupport_introspection_cpp.hpp
-- Up-to-date symlink: /home/suii/colcon_ws/suii/ros2_ws/install/suii_msgs/include/suii_msgs/srv/detail/distance_to_goal__rosidl_typesupport_introspection_cpp.hpp
-- Up-to-date symlink: /home/suii/colcon_ws/suii/ros2_ws/install/suii_msgs/include/suii_msgs/srv/detail/get_free_spot__rosidl_typesupport_introspection_cpp.hpp
-- Up-to-date symlink: /home/suii/colcon_ws/suii/ros2_ws/install/suii_msgs/include/suii_msgs/srv/detail/item__rosidl_typesupport_introspection_cpp.hpp
-- Up-to-date symlink: /home/suii/colcon_ws/suii/ros2_ws/install/suii_msgs/include/suii_msgs/srv/detail/item_drive__rosidl_typesupport_introspection_cpp.hpp
-- Up-to-date symlink: /home/suii/colcon_ws/suii/ros2_ws/install/suii_msgs/include/suii_msgs/srv/detail/item_move__rosidl_typesupport_introspection_cpp.hpp
-- Up-to-date symlink: /home/suii/colcon_ws/suii/ros2_ws/install/suii_msgs/include/suii_msgs/srv/detail/item_pick__rosidl_typesupport_introspection_cpp.hpp
-- Up-to-date symlink: /home/suii/colcon_ws/suii/ros2_ws/install/suii_msgs/include/suii_msgs/srv/detail/item_place__rosidl_typesupport_introspection_cpp.hpp
-- Up-to-date symlink: /home/suii/colcon_ws/suii/ros2_ws/install/suii_msgs/include/suii_msgs/srv/detail/manipulation_action__rosidl_typesupport_introspection_cpp.hpp
-- Up-to-date symlink: /home/suii/colcon_ws/suii/ros2_ws/install/suii_msgs/include/suii_msgs/srv/detail/manipulation_pose__rosidl_typesupport_introspection_cpp.hpp
-- Up-to-date symlink: /home/suii/colcon_ws/suii/ros2_ws/install/suii_msgs/include/suii_msgs/srv/detail/navigation_goal__rosidl_typesupport_introspection_cpp.hpp
-- Up-to-date symlink: /home/suii/colcon_ws/suii/ros2_ws/install/suii_msgs/include/suii_msgs/srv/detail/navigation_repose__rosidl_typesupport_introspection_cpp.hpp
-- Up-to-date symlink: /home/suii/colcon_ws/suii/ros2_ws/install/suii_msgs/include/suii_msgs/srv/detail/update_items__rosidl_typesupport_introspection_cpp.hpp
-- Up-to-date symlink: /home/suii/colcon_ws/suii/ros2_ws/install/suii_msgs/include/suii_msgs/srv/detail/vision_scan__rosidl_typesupport_introspection_cpp.hpp
-- Up-to-date symlink: /home/suii/colcon_ws/suii/ros2_ws/install/suii_msgs/share/suii_msgs/environment/pythonpath.sh
-- Up-to-date symlink: /home/suii/colcon_ws/suii/ros2_ws/install/suii_msgs/share/suii_msgs/environment/pythonpath.dsv
-- Up-to-date symlink: /home/suii/colcon_ws/suii/ros2_ws/install/suii_msgs/lib/python3.8/site-packages/suii_msgs/__init__.py
-- Up-to-date symlink: /home/suii/colcon_ws/suii/ros2_ws/install/suii_msgs/lib/python3.8/site-packages/suii_msgs/msg/__init__.py
-- Up-to-date symlink: /home/suii/colcon_ws/suii/ros2_ws/install/suii_msgs/lib/python3.8/site-packages/suii_msgs/msg/_suii_task.py
-- Up-to-date symlink: /home/suii/colcon_ws/suii/ros2_ws/install/suii_msgs/lib/python3.8/site-packages/suii_msgs/msg/_suii_task_list.py
-- Up-to-date symlink: /home/suii/colcon_ws/suii/ros2_ws/install/suii_msgs/lib/python3.8/site-packages/suii_msgs/msg/_task.py
-- Up-to-date symlink: /home/suii/colcon_ws/suii/ros2_ws/install/suii_msgs/lib/python3.8/site-packages/suii_msgs/msg/_vision_scan_object.py
-- Up-to-date symlink: /home/suii/colcon_ws/suii/ros2_ws/install/suii_msgs/lib/python3.8/site-packages/suii_msgs/srv/__init__.py
-- Up-to-date symlink: /home/suii/colcon_ws/suii/ros2_ws/install/suii_msgs/lib/python3.8/site-packages/suii_msgs/srv/_distance_to_goal.py
-- Up-to-date symlink: /home/suii/colcon_ws/suii/ros2_ws/install/suii_msgs/lib/python3.8/site-packages/suii_msgs/srv/_get_free_spot.py
-- Up-to-date symlink: /home/suii/colcon_ws/suii/ros2_ws/install/suii_msgs/lib/python3.8/site-packages/suii_msgs/srv/_item.py
-- Up-to-date symlink: /home/suii/colcon_ws/suii/ros2_ws/install/suii_msgs/lib/python3.8/site-packages/suii_msgs/srv/_item_drive.py
-- Up-to-date symlink: /home/suii/colcon_ws/suii/ros2_ws/install/suii_msgs/lib/python3.8/site-packages/suii_msgs/srv/_item_move.py
-- Up-to-date symlink: /home/suii/colcon_ws/suii/ros2_ws/install/suii_msgs/lib/python3.8/site-packages/suii_msgs/srv/_item_pick.py
-- Up-to-date symlink: /home/suii/colcon_ws/suii/ros2_ws/install/suii_msgs/lib/python3.8/site-packages/suii_msgs/srv/_item_place.py
-- Up-to-date symlink: /home/suii/colcon_ws/suii/ros2_ws/install/suii_msgs/lib/python3.8/site-packages/suii_msgs/srv/_manipulation_action.py
-- Up-to-date symlink: /home/suii/colcon_ws/suii/ros2_ws/install/suii_msgs/lib/python3.8/site-packages/suii_msgs/srv/_manipulation_pose.py
-- Up-to-date symlink: /home/suii/colcon_ws/suii/ros2_ws/install/suii_msgs/lib/python3.8/site-packages/suii_msgs/srv/_navigation_goal.py
-- Up-to-date symlink: /home/suii/colcon_ws/suii/ros2_ws/install/suii_msgs/lib/python3.8/site-packages/suii_msgs/srv/_navigation_repose.py
-- Up-to-date symlink: /home/suii/colcon_ws/suii/ros2_ws/install/suii_msgs/lib/python3.8/site-packages/suii_msgs/srv/_update_items.py
-- Up-to-date symlink: /home/suii/colcon_ws/suii/ros2_ws/install/suii_msgs/lib/python3.8/site-packages/suii_msgs/srv/_vision_scan.py
-- Up-to-date symlink: /home/suii/colcon_ws/suii/ros2_ws/install/suii_msgs/lib/python3.8/site-packages/suii_msgs/suii_msgs_s__rosidl_typesupport_fastrtps_c.cpython-38-x86_64-linux-gnu.so
-- Up-to-date symlink: /home/suii/colcon_ws/suii/ros2_ws/install/suii_msgs/lib/python3.8/site-packages/suii_msgs/suii_msgs_s__rosidl_typesupport_introspection_c.cpython-38-x86_64-linux-gnu.so
-- Up-to-date symlink: /home/suii/colcon_ws/suii/ros2_ws/install/suii_msgs/lib/python3.8/site-packages/suii_msgs/suii_msgs_s__rosidl_typesupport_c.cpython-38-x86_64-linux-gnu.so
-- Up-to-date symlink: /home/suii/colcon_ws/suii/ros2_ws/install/suii_msgs/lib/libsuii_msgs__python.so
-- Up-to-date symlink: /home/suii/colcon_ws/suii/ros2_ws/install/suii_msgs/share/suii_msgs/msg/SuiiTask.idl
-- Up-to-date symlink: /home/suii/colcon_ws/suii/ros2_ws/install/suii_msgs/share/suii_msgs/msg/SuiiTaskList.idl
-- Up-to-date symlink: /home/suii/colcon_ws/suii/ros2_ws/install/suii_msgs/share/suii_msgs/msg/Task.idl
-- Up-to-date symlink: /home/suii/colcon_ws/suii/ros2_ws/install/suii_msgs/share/suii_msgs/msg/VisionScanObject.idl
-- Up-to-date symlink: /home/suii/colcon_ws/suii/ros2_ws/install/suii_msgs/share/suii_msgs/srv/DistanceToGoal.idl
-- Up-to-date symlink: /home/suii/colcon_ws/suii/ros2_ws/install/suii_msgs/share/suii_msgs/srv/GetFreeSpot.idl
-- Up-to-date symlink: /home/suii/colcon_ws/suii/ros2_ws/install/suii_msgs/share/suii_msgs/srv/Item.idl
-- Up-to-date symlink: /home/suii/colcon_ws/suii/ros2_ws/install/suii_msgs/share/suii_msgs/srv/ItemDrive.idl
-- Up-to-date symlink: /home/suii/colcon_ws/suii/ros2_ws/install/suii_msgs/share/suii_msgs/srv/ItemMove.idl
-- Up-to-date symlink: /home/suii/colcon_ws/suii/ros2_ws/install/suii_msgs/share/suii_msgs/srv/ItemPick.idl
-- Up-to-date symlink: /home/suii/colcon_ws/suii/ros2_ws/install/suii_msgs/share/suii_msgs/srv/ItemPlace.idl
-- Up-to-date symlink: /home/suii/colcon_ws/suii/ros2_ws/install/suii_msgs/share/suii_msgs/srv/ManipulationAction.idl
-- Up-to-date symlink: /home/suii/colcon_ws/suii/ros2_ws/install/suii_msgs/share/suii_msgs/srv/ManipulationPose.idl
-- Up-to-date symlink: /home/suii/colcon_ws/suii/ros2_ws/install/suii_msgs/share/suii_msgs/srv/NavigationGoal.idl
-- Up-to-date symlink: /home/suii/colcon_ws/suii/ros2_ws/install/suii_msgs/share/suii_msgs/srv/NavigationRepose.idl
-- Up-to-date symlink: /home/suii/colcon_ws/suii/ros2_ws/install/suii_msgs/share/suii_msgs/srv/UpdateItems.idl
-- Up-to-date symlink: /home/suii/colcon_ws/suii/ros2_ws/install/suii_msgs/share/suii_msgs/srv/VisionScan.idl
-- Up-to-date symlink: /home/suii/colcon_ws/suii/ros2_ws/install/suii_msgs/share/suii_msgs/msg/SuiiTask.msg
-- Up-to-date symlink: /home/suii/colcon_ws/suii/ros2_ws/install/suii_msgs/share/suii_msgs/msg/SuiiTaskList.msg
-- Up-to-date symlink: /home/suii/colcon_ws/suii/ros2_ws/install/suii_msgs/share/suii_msgs/msg/Task.msg
-- Up-to-date symlink: /home/suii/colcon_ws/suii/ros2_ws/install/suii_msgs/share/suii_msgs/msg/VisionScanObject.msg
-- Up-to-date symlink: /home/suii/colcon_ws/suii/ros2_ws/install/suii_msgs/share/suii_msgs/srv/DistanceToGoal.srv
-- Up-to-date symlink: /home/suii/colcon_ws/suii/ros2_ws/install/suii_msgs/share/suii_msgs/srv/DistanceToGoal_Request.msg
-- Up-to-date symlink: /home/suii/colcon_ws/suii/ros2_ws/install/suii_msgs/share/suii_msgs/srv/DistanceToGoal_Response.msg
-- Up-to-date symlink: /home/suii/colcon_ws/suii/ros2_ws/install/suii_msgs/share/suii_msgs/srv/GetFreeSpot.srv
-- Up-to-date symlink: /home/suii/colcon_ws/suii/ros2_ws/install/suii_msgs/share/suii_msgs/srv/GetFreeSpot_Request.msg
-- Up-to-date symlink: /home/suii/colcon_ws/suii/ros2_ws/install/suii_msgs/share/suii_msgs/srv/GetFreeSpot_Response.msg
-- Up-to-date symlink: /home/suii/colcon_ws/suii/ros2_ws/install/suii_msgs/share/suii_msgs/srv/Item.srv
-- Up-to-date symlink: /home/suii/colcon_ws/suii/ros2_ws/install/suii_msgs/share/suii_msgs/srv/Item_Request.msg
-- Up-to-date symlink: /home/suii/colcon_ws/suii/ros2_ws/install/suii_msgs/share/suii_msgs/srv/Item_Response.msg
-- Up-to-date symlink: /home/suii/colcon_ws/suii/ros2_ws/install/suii_msgs/share/suii_msgs/srv/ItemDrive.srv
-- Up-to-date symlink: /home/suii/colcon_ws/suii/ros2_ws/install/suii_msgs/share/suii_msgs/srv/ItemDrive_Request.msg
-- Up-to-date symlink: /home/suii/colcon_ws/suii/ros2_ws/install/suii_msgs/share/suii_msgs/srv/ItemDrive_Response.msg
-- Up-to-date symlink: /home/suii/colcon_ws/suii/ros2_ws/install/suii_msgs/share/suii_msgs/srv/ItemMove.srv
-- Up-to-date symlink: /home/suii/colcon_ws/suii/ros2_ws/install/suii_msgs/share/suii_msgs/srv/ItemMove_Request.msg
-- Up-to-date symlink: /home/suii/colcon_ws/suii/ros2_ws/install/suii_msgs/share/suii_msgs/srv/ItemMove_Response.msg
-- Up-to-date symlink: /home/suii/colcon_ws/suii/ros2_ws/install/suii_msgs/share/suii_msgs/srv/ItemPick.srv
-- Up-to-date symlink: /home/suii/colcon_ws/suii/ros2_ws/install/suii_msgs/share/suii_msgs/srv/ItemPick_Request.msg
-- Up-to-date symlink: /home/suii/colcon_ws/suii/ros2_ws/install/suii_msgs/share/suii_msgs/srv/ItemPick_Response.msg
-- Up-to-date symlink: /home/suii/colcon_ws/suii/ros2_ws/install/suii_msgs/share/suii_msgs/srv/ItemPlace.srv
-- Up-to-date symlink: /home/suii/colcon_ws/suii/ros2_ws/install/suii_msgs/share/suii_msgs/srv/ItemPlace_Request.msg
-- Up-to-date symlink: /home/suii/colcon_ws/suii/ros2_ws/install/suii_msgs/share/suii_msgs/srv/ItemPlace_Response.msg
-- Up-to-date symlink: /home/suii/colcon_ws/suii/ros2_ws/install/suii_msgs/share/suii_msgs/srv/ManipulationAction.srv
-- Up-to-date symlink: /home/suii/colcon_ws/suii/ros2_ws/install/suii_msgs/share/suii_msgs/srv/ManipulationAction_Request.msg
-- Up-to-date symlink: /home/suii/colcon_ws/suii/ros2_ws/install/suii_msgs/share/suii_msgs/srv/ManipulationAction_Response.msg
-- Up-to-date symlink: /home/suii/colcon_ws/suii/ros2_ws/install/suii_msgs/share/suii_msgs/srv/ManipulationPose.srv
-- Up-to-date symlink: /home/suii/colcon_ws/suii/ros2_ws/install/suii_msgs/share/suii_msgs/srv/ManipulationPose_Request.msg
-- Up-to-date symlink: /home/suii/colcon_ws/suii/ros2_ws/install/suii_msgs/share/suii_msgs/srv/ManipulationPose_Response.msg
-- Up-to-date symlink: /home/suii/colcon_ws/suii/ros2_ws/install/suii_msgs/share/suii_msgs/srv/NavigationGoal.srv
-- Up-to-date symlink: /home/suii/colcon_ws/suii/ros2_ws/install/suii_msgs/share/suii_msgs/srv/NavigationGoal_Request.msg
-- Up-to-date symlink: /home/suii/colcon_ws/suii/ros2_ws/install/suii_msgs/share/suii_msgs/srv/NavigationGoal_Response.msg
-- Up-to-date symlink: /home/suii/colcon_ws/suii/ros2_ws/install/suii_msgs/share/suii_msgs/srv/NavigationRepose.srv
-- Up-to-date symlink: /home/suii/colcon_ws/suii/ros2_ws/install/suii_msgs/share/suii_msgs/srv/NavigationRepose_Request.msg
-- Up-to-date symlink: /home/suii/colcon_ws/suii/ros2_ws/install/suii_msgs/share/suii_msgs/srv/NavigationRepose_Response.msg
-- Up-to-date symlink: /home/suii/colcon_ws/suii/ros2_ws/install/suii_msgs/share/suii_msgs/srv/UpdateItems.srv
-- Up-to-date symlink: /home/suii/colcon_ws/suii/ros2_ws/install/suii_msgs/share/suii_msgs/srv/UpdateItems_Request.msg
-- Up-to-date symlink: /home/suii/colcon_ws/suii/ros2_ws/install/suii_msgs/share/suii_msgs/srv/UpdateItems_Response.msg
-- Up-to-date symlink: /home/suii/colcon_ws/suii/ros2_ws/install/suii_msgs/share/suii_msgs/srv/VisionScan.srv
-- Up-to-date symlink: /home/suii/colcon_ws/suii/ros2_ws/install/suii_msgs/share/suii_msgs/srv/VisionScan_Request.msg
-- Up-to-date symlink: /home/suii/colcon_ws/suii/ros2_ws/install/suii_msgs/share/suii_msgs/srv/VisionScan_Response.msg
-- Up-to-date symlink: /home/suii/colcon_ws/suii/ros2_ws/install/suii_msgs/share/ament_index/resource_index/package_run_dependencies/suii_msgs
-- Up-to-date symlink: /home/suii/colcon_ws/suii/ros2_ws/install/suii_msgs/share/ament_index/resource_index/parent_prefix_path/suii_msgs
-- Up-to-date symlink: /home/suii/colcon_ws/suii/ros2_ws/install/suii_msgs/share/suii_msgs/environment/ament_prefix_path.sh
-- Up-to-date symlink: /home/suii/colcon_ws/suii/ros2_ws/install/suii_msgs/share/suii_msgs/environment/ament_prefix_path.dsv
-- Up-to-date symlink: /home/suii/colcon_ws/suii/ros2_ws/install/suii_msgs/share/suii_msgs/environment/path.sh
-- Up-to-date symlink: /home/suii/colcon_ws/suii/ros2_ws/install/suii_msgs/share/suii_msgs/environment/path.dsv
-- Up-to-date symlink: /home/suii/colcon_ws/suii/ros2_ws/install/suii_msgs/share/suii_msgs/local_setup.bash
-- Up-to-date symlink: /home/suii/colcon_ws/suii/ros2_ws/install/suii_msgs/share/suii_msgs/local_setup.sh
-- Up-to-date symlink: /home/suii/colcon_ws/suii/ros2_ws/install/suii_msgs/share/suii_msgs/local_setup.zsh
-- Up-to-date symlink: /home/suii/colcon_ws/suii/ros2_ws/install/suii_msgs/share/suii_msgs/local_setup.dsv
-- Symlinking: /home/suii/colcon_ws/suii/ros2_ws/install/suii_msgs/share/suii_msgs/package.dsv
-- Up-to-date symlink: /home/suii/colcon_ws/suii/ros2_ws/install/suii_msgs/share/ament_index/resource_index/packages/suii_msgs
-- Up-to-date symlink: /home/suii/colcon_ws/suii/ros2_ws/install/suii_msgs/share/suii_msgs/cmake/rosidl_cmake-extras.cmake
-- Up-to-date symlink: /home/suii/colcon_ws/suii/ros2_ws/install/suii_msgs/share/suii_msgs/cmake/ament_cmake_export_dependencies-extras.cmake
-- Up-to-date symlink: /home/suii/colcon_ws/suii/ros2_ws/install/suii_msgs/share/suii_msgs/cmake/ament_cmake_export_libraries-extras.cmake
-- Up-to-date symlink: /home/suii/colcon_ws/suii/ros2_ws/install/suii_msgs/share/suii_msgs/cmake/ament_cmake_export_targets-extras.cmake
-- Up-to-date symlink: /home/suii/colcon_ws/suii/ros2_ws/install/suii_msgs/share/suii_msgs/cmake/ament_cmake_export_include_directories-extras.cmake
-- Up-to-date symlink: /home/suii/colcon_ws/suii/ros2_ws/install/suii_msgs/share/suii_msgs/cmake/rosidl_cmake_export_typesupport_libraries-extras.cmake
-- Up-to-date symlink: /home/suii/colcon_ws/suii/ros2_ws/install/suii_msgs/share/suii_msgs/cmake/rosidl_cmake_export_typesupport_targets-extras.cmake
-- Up-to-date symlink: /home/suii/colcon_ws/suii/ros2_ws/install/suii_msgs/share/suii_msgs/cmake/suii_msgsConfig.cmake
-- Up-to-date symlink: /home/suii/colcon_ws/suii/ros2_ws/install/suii_msgs/share/suii_msgs/cmake/suii_msgsConfig-version.cmake
-- Up-to-date symlink: /home/suii/colcon_ws/suii/ros2_ws/install/suii_msgs/share/suii_msgs/package.xml
-- Up-to-date: /home/suii/colcon_ws/suii/ros2_ws/install/suii_msgs/lib/libsuii_msgs__rosidl_generator_c.so
-- Up-to-date: /home/suii/colcon_ws/suii/ros2_ws/install/suii_msgs/lib/libsuii_msgs__rosidl_typesupport_introspection_c.so
-- Up-to-date: /home/suii/colcon_ws/suii/ros2_ws/install/suii_msgs/lib/libsuii_msgs__rosidl_typesupport_c.so
-- Up-to-date: /home/suii/colcon_ws/suii/ros2_ws/install/suii_msgs/lib/libsuii_msgs__rosidl_typesupport_introspection_cpp.so
-- Up-to-date: /home/suii/colcon_ws/suii/ros2_ws/install/suii_msgs/lib/libsuii_msgs__rosidl_typesupport_cpp.so
-- Up-to-date: /home/suii/colcon_ws/suii/ros2_ws/install/suii_msgs/share/suii_msgs/cmake/suii_msgs__rosidl_generator_cExport.cmake
-- Up-to-date: /home/suii/colcon_ws/suii/ros2_ws/install/suii_msgs/share/suii_msgs/cmake/suii_msgs__rosidl_generator_cExport-noconfig.cmake
-- Up-to-date: /home/suii/colcon_ws/suii/ros2_ws/install/suii_msgs/share/suii_msgs/cmake/suii_msgs__rosidl_typesupport_introspection_cExport.cmake
-- Up-to-date: /home/suii/colcon_ws/suii/ros2_ws/install/suii_msgs/share/suii_msgs/cmake/suii_msgs__rosidl_typesupport_introspection_cExport-noconfig.cmake
-- Up-to-date: /home/suii/colcon_ws/suii/ros2_ws/install/suii_msgs/share/suii_msgs/cmake/suii_msgs__rosidl_typesupport_cExport.cmake
-- Up-to-date: /home/suii/colcon_ws/suii/ros2_ws/install/suii_msgs/share/suii_msgs/cmake/suii_msgs__rosidl_typesupport_cExport-noconfig.cmake
-- Up-to-date: /home/suii/colcon_ws/suii/ros2_ws/install/suii_msgs/share/suii_msgs/cmake/suii_msgs__rosidl_generator_cppExport.cmake
-- Up-to-date: /home/suii/colcon_ws/suii/ros2_ws/install/suii_msgs/share/suii_msgs/cmake/suii_msgs__rosidl_typesupport_introspection_cppExport.cmake
-- Up-to-date: /home/suii/colcon_ws/suii/ros2_ws/install/suii_msgs/share/suii_msgs/cmake/suii_msgs__rosidl_typesupport_introspection_cppExport-noconfig.cmake
-- Up-to-date: /home/suii/colcon_ws/suii/ros2_ws/install/suii_msgs/share/suii_msgs/cmake/suii_msgs__rosidl_typesupport_cppExport.cmake
-- Up-to-date: /home/suii/colcon_ws/suii/ros2_ws/install/suii_msgs/share/suii_msgs/cmake/suii_msgs__rosidl_typesupport_cppExport-noconfig.cmake
