-- Found ament_cmake: 0.9.8 (/opt/ros/foxy/share/ament_cmake/cmake)
-- Found PythonInterp: /usr/bin/python3 (found suitable version "3.8.5", minimum required is "3") 
-- Using PYTHON_EXECUTABLE: /usr/bin/python3
-- Override CMake install command with custom implementation using symlinks instead of copying resources
-- Found rclpy: 1.0.5 (/opt/ros/foxy/share/rclpy/cmake)
-- Found rosidl_default_generators: 1.0.1 (/opt/ros/foxy/share/rosidl_default_generators/cmake)
-- Using all available rosidl_typesupport_c: rosidl_typesupport_fastrtps_c;rosidl_typesupport_introspection_c
-- Found rosidl_adapter: 1.2.1 (/opt/ros/foxy/share/rosidl_adapter/cmake)
-- Found OpenSSL: /usr/lib/x86_64-linux-gnu/libcrypto.so (found version "1.1.1f")  
-- Found FastRTPS: /opt/ros/foxy/include  
-- Using all available rosidl_typesupport_cpp: rosidl_typesupport_fastrtps_cpp;rosidl_typesupport_introspection_cpp
-- Found PythonInterp: /usr/bin/python3 (found version "3.8.5") 
-- Found ament_cmake_ros: 0.9.2 (/opt/ros/foxy/share/ament_cmake_ros/cmake)
-- Using all available rosidl_typesupport_c: rosidl_typesupport_fastrtps_c;rosidl_typesupport_introspection_c
-- Using all available rosidl_typesupport_cpp: rosidl_typesupport_fastrtps_cpp;rosidl_typesupport_introspection_cpp
-- Found PythonInterp: /usr/bin/python3 (found suitable version "3.8.5", minimum required is "3.5") 
-- Found python_cmake_module: 0.8.1 (/opt/ros/foxy/share/python_cmake_module/cmake)
-- Found PythonLibs: /usr/lib/x86_64-linux-gnu/libpython3.8.so (found suitable version "3.8.5", minimum required is "3.5") 
-- Using PYTHON_EXECUTABLE: /usr/bin/python3
-- Using PYTHON_INCLUDE_DIRS: /usr/include/python3.8
-- Using PYTHON_LIBRARIES: /usr/lib/x86_64-linux-gnu/libpython3.8.so
-- Found PythonExtra: .so  
-- Found ament_lint_auto: 0.9.6 (/opt/ros/foxy/share/ament_lint_auto/cmake)
-- Added test 'copyright' to check source files copyright and LICENSE
-- Added test 'lint_cmake' to check CMake code style
-- Added test 'xmllint' to check XML markup files
-- Configuring done
-- Generating done
-- Build files have been written to: /home/suii/colcon_ws/suii/ros2_ws/build/suii_communication_ros2
[  3%] [34m[1mGenerating C code for ROS interfaces[0m
[35m[1mScanning dependencies of target suii_communication_ros2__cpp[0m
[  6%] [34m[1mGenerating C++ code for ROS interfaces[0m
[35m[1mScanning dependencies of target suii_communication_ros2__rosidl_generator_c[0m
[  6%] Built target suii_communication_ros2__cpp
[  9%] [32mBuilding C object CMakeFiles/suii_communication_ros2__rosidl_generator_c.dir/rosidl_generator_c/suii_communication_ros2/srv/detail/table_goal__functions.c.o[0m
[ 16%] [34m[1mGenerating C++ introspection for ROS interfaces[0m
[ 16%] [34m[1mGenerating C++ type support for eProsima Fast-RTPS[0m
[ 19%] [34m[1mGenerating C++ type support dispatch for ROS interfaces[0m
[ 22%] [32m[1mLinking C shared library libsuii_communication_ros2__rosidl_generator_c.so[0m
[ 22%] Built target suii_communication_ros2__rosidl_generator_c
[ 29%] [34m[1mGenerating C introspection for ROS interfaces[0m
[ 29%] [34m[1mGenerating C type support dispatch for ROS interfaces[0m
[35m[1mScanning dependencies of target suii_communication_ros2__rosidl_typesupport_cpp[0m
[ 32%] [32mBuilding CXX object CMakeFiles/suii_communication_ros2__rosidl_typesupport_cpp.dir/rosidl_typesupport_cpp/suii_communication_ros2/srv/table_goal__type_support.cpp.o[0m
[35m[1mScanning dependencies of target suii_communication_ros2__rosidl_typesupport_c[0m
[ 35%] [32mBuilding CXX object CMakeFiles/suii_communication_ros2__rosidl_typesupport_c.dir/rosidl_typesupport_c/suii_communication_ros2/srv/table_goal__type_support.cpp.o[0m
[35m[1mScanning dependencies of target suii_communication_ros2__rosidl_typesupport_fastrtps_cpp[0m
[ 38%] [32mBuilding CXX object CMakeFiles/suii_communication_ros2__rosidl_typesupport_fastrtps_cpp.dir/rosidl_typesupport_fastrtps_cpp/suii_communication_ros2/srv/detail/dds_fastrtps/table_goal__type_support.cpp.o[0m
[35m[1mScanning dependencies of target suii_communication_ros2__rosidl_typesupport_introspection_cpp[0m
[ 41%] [32m[1mLinking CXX shared library libsuii_communication_ros2__rosidl_typesupport_c.so[0m
[ 45%] [32mBuilding CXX object CMakeFiles/suii_communication_ros2__rosidl_typesupport_introspection_cpp.dir/rosidl_typesupport_introspection_cpp/suii_communication_ros2/srv/detail/table_goal__type_support.cpp.o[0m
[ 45%] Built target suii_communication_ros2__rosidl_typesupport_c
[35m[1mScanning dependencies of target suii_communication_ros2__rosidl_typesupport_introspection_c[0m
[ 48%] [32mBuilding C object CMakeFiles/suii_communication_ros2__rosidl_typesupport_introspection_c.dir/rosidl_typesupport_introspection_c/suii_communication_ros2/srv/detail/table_goal__type_support.c.o[0m
[ 51%] [32m[1mLinking C shared library libsuii_communication_ros2__rosidl_typesupport_introspection_c.so[0m
[ 54%] [32m[1mLinking CXX shared library libsuii_communication_ros2__rosidl_typesupport_cpp.so[0m
[ 54%] Built target suii_communication_ros2__rosidl_typesupport_introspection_c
[ 54%] Built target suii_communication_ros2__rosidl_typesupport_cpp
[ 58%] [32m[1mLinking CXX shared library libsuii_communication_ros2__rosidl_typesupport_introspection_cpp.so[0m
[ 58%] Built target suii_communication_ros2__rosidl_typesupport_introspection_cpp
[ 61%] [32m[1mLinking CXX shared library libsuii_communication_ros2__rosidl_typesupport_fastrtps_cpp.so[0m
[ 61%] Built target suii_communication_ros2__rosidl_typesupport_fastrtps_cpp
[ 64%] [34m[1mGenerating C type support for eProsima Fast-RTPS[0m
[35m[1mScanning dependencies of target suii_communication_ros2__rosidl_typesupport_fastrtps_c[0m
[ 67%] [32mBuilding CXX object CMakeFiles/suii_communication_ros2__rosidl_typesupport_fastrtps_c.dir/rosidl_typesupport_fastrtps_c/suii_communication_ros2/srv/detail/table_goal__type_support_c.cpp.o[0m
[ 70%] [32m[1mLinking CXX shared library libsuii_communication_ros2__rosidl_typesupport_fastrtps_c.so[0m
[ 70%] Built target suii_communication_ros2__rosidl_typesupport_fastrtps_c
[35m[1mScanning dependencies of target suii_communication_ros2[0m
[ 70%] Built target suii_communication_ros2
[35m[1mScanning dependencies of target suii_communication_ros2__py[0m
[ 74%] [34m[1mGenerating Python code for ROS interfaces[0m
[ 74%] Built target suii_communication_ros2__py
[35m[1mScanning dependencies of target suii_communication_ros2__python[0m
[ 77%] [32mBuilding C object CMakeFiles/suii_communication_ros2__python.dir/rosidl_generator_py/suii_communication_ros2/srv/_table_goal_s.c.o[0m
[ 80%] [32m[1mLinking C shared library rosidl_generator_py/suii_communication_ros2/libsuii_communication_ros2__python.so[0m
[ 80%] Built target suii_communication_ros2__python
[35m[1mScanning dependencies of target suii_communication_ros2__rosidl_typesupport_c__pyext[0m
[35m[1mScanning dependencies of target suii_communication_ros2__rosidl_typesupport_fastrtps_c__pyext[0m
[35m[1mScanning dependencies of target suii_communication_ros2__rosidl_typesupport_introspection_c__pyext[0m
[ 83%] [32mBuilding C object CMakeFiles/suii_communication_ros2__rosidl_typesupport_c__pyext.dir/rosidl_generator_py/suii_communication_ros2/_suii_communication_ros2_s.ep.rosidl_typesupport_c.c.o[0m
[ 87%] [32mBuilding C object CMakeFiles/suii_communication_ros2__rosidl_typesupport_fastrtps_c__pyext.dir/rosidl_generator_py/suii_communication_ros2/_suii_communication_ros2_s.ep.rosidl_typesupport_fastrtps_c.c.o[0m
[ 90%] [32mBuilding C object CMakeFiles/suii_communication_ros2__rosidl_typesupport_introspection_c__pyext.dir/rosidl_generator_py/suii_communication_ros2/_suii_communication_ros2_s.ep.rosidl_typesupport_introspection_c.c.o[0m
[ 93%] [32m[1mLinking CXX shared library rosidl_generator_py/suii_communication_ros2/suii_communication_ros2_s__rosidl_typesupport_fastrtps_c.cpython-38-x86_64-linux-gnu.so[0m
[ 96%] [32m[1mLinking C shared library rosidl_generator_py/suii_communication_ros2/suii_communication_ros2_s__rosidl_typesupport_introspection_c.cpython-38-x86_64-linux-gnu.so[0m
[100%] [32m[1mLinking C shared library rosidl_generator_py/suii_communication_ros2/suii_communication_ros2_s__rosidl_typesupport_c.cpython-38-x86_64-linux-gnu.so[0m
[100%] Built target suii_communication_ros2__rosidl_typesupport_c__pyext
[100%] Built target suii_communication_ros2__rosidl_typesupport_introspection_c__pyext
[100%] Built target suii_communication_ros2__rosidl_typesupport_fastrtps_c__pyext
-- Install configuration: ""
-- Execute custom install script
-- Symlinking: /home/suii/colcon_ws/suii/ros2_ws/install/suii_communication_ros2/share/ament_index/resource_index/rosidl_interfaces/suii_communication_ros2
-- Symlinking: /home/suii/colcon_ws/suii/ros2_ws/install/suii_communication_ros2/include/suii_communication_ros2/msg/rosidl_generator_c__visibility_control.h
-- Symlinking: /home/suii/colcon_ws/suii/ros2_ws/install/suii_communication_ros2/include/suii_communication_ros2/srv/detail/table_goal__functions.h
-- Symlinking: /home/suii/colcon_ws/suii/ros2_ws/install/suii_communication_ros2/include/suii_communication_ros2/srv/detail/table_goal__struct.h
-- Symlinking: /home/suii/colcon_ws/suii/ros2_ws/install/suii_communication_ros2/include/suii_communication_ros2/srv/detail/table_goal__type_support.h
-- Symlinking: /home/suii/colcon_ws/suii/ros2_ws/install/suii_communication_ros2/include/suii_communication_ros2/srv/table_goal.h
-- Symlinking: /home/suii/colcon_ws/suii/ros2_ws/install/suii_communication_ros2/share/suii_communication_ros2/environment/library_path.sh
-- Symlinking: /home/suii/colcon_ws/suii/ros2_ws/install/suii_communication_ros2/share/suii_communication_ros2/environment/library_path.dsv
-- Symlinking: /home/suii/colcon_ws/suii/ros2_ws/install/suii_communication_ros2/include/suii_communication_ros2/msg/rosidl_typesupport_fastrtps_c__visibility_control.h
-- Symlinking: /home/suii/colcon_ws/suii/ros2_ws/install/suii_communication_ros2/include/suii_communication_ros2/srv/detail/table_goal__rosidl_typesupport_fastrtps_c.h
-- Symlinking: /home/suii/colcon_ws/suii/ros2_ws/install/suii_communication_ros2/lib/libsuii_communication_ros2__rosidl_typesupport_fastrtps_c.so
-- Symlinking: /home/suii/colcon_ws/suii/ros2_ws/install/suii_communication_ros2/include/suii_communication_ros2/msg/rosidl_typesupport_fastrtps_cpp__visibility_control.h
-- Symlinking: /home/suii/colcon_ws/suii/ros2_ws/install/suii_communication_ros2/include/suii_communication_ros2/srv/detail/table_goal__rosidl_typesupport_fastrtps_cpp.hpp
-- Symlinking: /home/suii/colcon_ws/suii/ros2_ws/install/suii_communication_ros2/lib/libsuii_communication_ros2__rosidl_typesupport_fastrtps_cpp.so
-- Symlinking: /home/suii/colcon_ws/suii/ros2_ws/install/suii_communication_ros2/include/suii_communication_ros2/msg/rosidl_typesupport_introspection_c__visibility_control.h
-- Symlinking: /home/suii/colcon_ws/suii/ros2_ws/install/suii_communication_ros2/include/suii_communication_ros2/srv/detail/table_goal__rosidl_typesupport_introspection_c.h
-- Symlinking: /home/suii/colcon_ws/suii/ros2_ws/install/suii_communication_ros2/include/suii_communication_ros2/srv/detail/table_goal__builder.hpp
-- Symlinking: /home/suii/colcon_ws/suii/ros2_ws/install/suii_communication_ros2/include/suii_communication_ros2/srv/detail/table_goal__struct.hpp
-- Symlinking: /home/suii/colcon_ws/suii/ros2_ws/install/suii_communication_ros2/include/suii_communication_ros2/srv/detail/table_goal__traits.hpp
-- Symlinking: /home/suii/colcon_ws/suii/ros2_ws/install/suii_communication_ros2/include/suii_communication_ros2/srv/table_goal.hpp
-- Symlinking: /home/suii/colcon_ws/suii/ros2_ws/install/suii_communication_ros2/include/suii_communication_ros2/srv/detail/table_goal__rosidl_typesupport_introspection_cpp.hpp
-- Symlinking: /home/suii/colcon_ws/suii/ros2_ws/install/suii_communication_ros2/share/suii_communication_ros2/environment/pythonpath.sh
-- Symlinking: /home/suii/colcon_ws/suii/ros2_ws/install/suii_communication_ros2/share/suii_communication_ros2/environment/pythonpath.dsv
-- Symlinking: /home/suii/colcon_ws/suii/ros2_ws/install/suii_communication_ros2/lib/python3.8/site-packages/suii_communication_ros2/__init__.py
-- Symlinking: /home/suii/colcon_ws/suii/ros2_ws/install/suii_communication_ros2/lib/python3.8/site-packages/suii_communication_ros2/srv/__init__.py
-- Symlinking: /home/suii/colcon_ws/suii/ros2_ws/install/suii_communication_ros2/lib/python3.8/site-packages/suii_communication_ros2/srv/_table_goal.py
-- Symlinking: /home/suii/colcon_ws/suii/ros2_ws/install/suii_communication_ros2/lib/python3.8/site-packages/suii_communication_ros2/suii_communication_ros2_s__rosidl_typesupport_fastrtps_c.cpython-38-x86_64-linux-gnu.so
-- Symlinking: /home/suii/colcon_ws/suii/ros2_ws/install/suii_communication_ros2/lib/python3.8/site-packages/suii_communication_ros2/suii_communication_ros2_s__rosidl_typesupport_introspection_c.cpython-38-x86_64-linux-gnu.so
-- Symlinking: /home/suii/colcon_ws/suii/ros2_ws/install/suii_communication_ros2/lib/python3.8/site-packages/suii_communication_ros2/suii_communication_ros2_s__rosidl_typesupport_c.cpython-38-x86_64-linux-gnu.so
-- Symlinking: /home/suii/colcon_ws/suii/ros2_ws/install/suii_communication_ros2/lib/libsuii_communication_ros2__python.so
-- Symlinking: /home/suii/colcon_ws/suii/ros2_ws/install/suii_communication_ros2/share/suii_communication_ros2/srv/TableGoal.idl
-- Symlinking: /home/suii/colcon_ws/suii/ros2_ws/install/suii_communication_ros2/share/suii_communication_ros2/srv/TableGoal.srv
-- Symlinking: /home/suii/colcon_ws/suii/ros2_ws/install/suii_communication_ros2/share/suii_communication_ros2/srv/TableGoal_Request.msg
-- Symlinking: /home/suii/colcon_ws/suii/ros2_ws/install/suii_communication_ros2/share/suii_communication_ros2/srv/TableGoal_Response.msg
-- Symlinking: /home/suii/colcon_ws/suii/ros2_ws/install/suii_communication_ros2/share/suii_communication_ros2/Bridge_mapping.yaml
-- Symlinking: /home/suii/colcon_ws/suii/ros2_ws/install/suii_communication_ros2/share/ament_index/resource_index/package_run_dependencies/suii_communication_ros2
-- Symlinking: /home/suii/colcon_ws/suii/ros2_ws/install/suii_communication_ros2/share/ament_index/resource_index/parent_prefix_path/suii_communication_ros2
-- Symlinking: /home/suii/colcon_ws/suii/ros2_ws/install/suii_communication_ros2/share/suii_communication_ros2/environment/ament_prefix_path.sh
-- Symlinking: /home/suii/colcon_ws/suii/ros2_ws/install/suii_communication_ros2/share/suii_communication_ros2/environment/ament_prefix_path.dsv
-- Symlinking: /home/suii/colcon_ws/suii/ros2_ws/install/suii_communication_ros2/share/suii_communication_ros2/environment/path.sh
-- Symlinking: /home/suii/colcon_ws/suii/ros2_ws/install/suii_communication_ros2/share/suii_communication_ros2/environment/path.dsv
-- Symlinking: /home/suii/colcon_ws/suii/ros2_ws/install/suii_communication_ros2/share/suii_communication_ros2/local_setup.bash
-- Symlinking: /home/suii/colcon_ws/suii/ros2_ws/install/suii_communication_ros2/share/suii_communication_ros2/local_setup.sh
-- Symlinking: /home/suii/colcon_ws/suii/ros2_ws/install/suii_communication_ros2/share/suii_communication_ros2/local_setup.zsh
-- Symlinking: /home/suii/colcon_ws/suii/ros2_ws/install/suii_communication_ros2/share/suii_communication_ros2/local_setup.dsv
-- Symlinking: /home/suii/colcon_ws/suii/ros2_ws/install/suii_communication_ros2/share/suii_communication_ros2/package.dsv
-- Symlinking: /home/suii/colcon_ws/suii/ros2_ws/install/suii_communication_ros2/share/ament_index/resource_index/packages/suii_communication_ros2
-- Symlinking: /home/suii/colcon_ws/suii/ros2_ws/install/suii_communication_ros2/share/suii_communication_ros2/cmake/rosidl_cmake-extras.cmake
-- Symlinking: /home/suii/colcon_ws/suii/ros2_ws/install/suii_communication_ros2/share/suii_communication_ros2/cmake/ament_cmake_export_dependencies-extras.cmake
-- Symlinking: /home/suii/colcon_ws/suii/ros2_ws/install/suii_communication_ros2/share/suii_communication_ros2/cmake/ament_cmake_export_libraries-extras.cmake
-- Symlinking: /home/suii/colcon_ws/suii/ros2_ws/install/suii_communication_ros2/share/suii_communication_ros2/cmake/ament_cmake_export_targets-extras.cmake
-- Symlinking: /home/suii/colcon_ws/suii/ros2_ws/install/suii_communication_ros2/share/suii_communication_ros2/cmake/ament_cmake_export_include_directories-extras.cmake
-- Symlinking: /home/suii/colcon_ws/suii/ros2_ws/install/suii_communication_ros2/share/suii_communication_ros2/cmake/rosidl_cmake_export_typesupport_libraries-extras.cmake
-- Symlinking: /home/suii/colcon_ws/suii/ros2_ws/install/suii_communication_ros2/share/suii_communication_ros2/cmake/rosidl_cmake_export_typesupport_targets-extras.cmake
-- Symlinking: /home/suii/colcon_ws/suii/ros2_ws/install/suii_communication_ros2/share/suii_communication_ros2/cmake/suii_communication_ros2Config.cmake
-- Symlinking: /home/suii/colcon_ws/suii/ros2_ws/install/suii_communication_ros2/share/suii_communication_ros2/cmake/suii_communication_ros2Config-version.cmake
-- Symlinking: /home/suii/colcon_ws/suii/ros2_ws/install/suii_communication_ros2/share/suii_communication_ros2/package.xml
-- Installing: /home/suii/colcon_ws/suii/ros2_ws/install/suii_communication_ros2/lib/libsuii_communication_ros2__rosidl_generator_c.so
-- Set runtime path of "/home/suii/colcon_ws/suii/ros2_ws/install/suii_communication_ros2/lib/libsuii_communication_ros2__rosidl_generator_c.so" to ""
-- Installing: /home/suii/colcon_ws/suii/ros2_ws/install/suii_communication_ros2/lib/libsuii_communication_ros2__rosidl_typesupport_introspection_c.so
-- Set runtime path of "/home/suii/colcon_ws/suii/ros2_ws/install/suii_communication_ros2/lib/libsuii_communication_ros2__rosidl_typesupport_introspection_c.so" to ""
-- Installing: /home/suii/colcon_ws/suii/ros2_ws/install/suii_communication_ros2/lib/libsuii_communication_ros2__rosidl_typesupport_c.so
-- Set runtime path of "/home/suii/colcon_ws/suii/ros2_ws/install/suii_communication_ros2/lib/libsuii_communication_ros2__rosidl_typesupport_c.so" to ""
-- Installing: /home/suii/colcon_ws/suii/ros2_ws/install/suii_communication_ros2/lib/libsuii_communication_ros2__rosidl_typesupport_introspection_cpp.so
-- Set runtime path of "/home/suii/colcon_ws/suii/ros2_ws/install/suii_communication_ros2/lib/libsuii_communication_ros2__rosidl_typesupport_introspection_cpp.so" to ""
-- Installing: /home/suii/colcon_ws/suii/ros2_ws/install/suii_communication_ros2/lib/libsuii_communication_ros2__rosidl_typesupport_cpp.so
-- Set runtime path of "/home/suii/colcon_ws/suii/ros2_ws/install/suii_communication_ros2/lib/libsuii_communication_ros2__rosidl_typesupport_cpp.so" to ""
Compiling '/home/suii/colcon_ws/suii/ros2_ws/install/suii_communication_ros2/lib/python3.8/site-packages/suii_communication_ros2/__init__.py'...
-- Installing: /home/suii/colcon_ws/suii/ros2_ws/install/suii_communication_ros2/share/suii_communication_ros2/cmake/suii_communication_ros2__rosidl_generator_cExport.cmake
-- Installing: /home/suii/colcon_ws/suii/ros2_ws/install/suii_communication_ros2/share/suii_communication_ros2/cmake/suii_communication_ros2__rosidl_generator_cExport-noconfig.cmake
-- Installing: /home/suii/colcon_ws/suii/ros2_ws/install/suii_communication_ros2/share/suii_communication_ros2/cmake/suii_communication_ros2__rosidl_typesupport_introspection_cExport.cmake
-- Installing: /home/suii/colcon_ws/suii/ros2_ws/install/suii_communication_ros2/share/suii_communication_ros2/cmake/suii_communication_ros2__rosidl_typesupport_introspection_cExport-noconfig.cmake
-- Installing: /home/suii/colcon_ws/suii/ros2_ws/install/suii_communication_ros2/share/suii_communication_ros2/cmake/suii_communication_ros2__rosidl_typesupport_cExport.cmake
-- Installing: /home/suii/colcon_ws/suii/ros2_ws/install/suii_communication_ros2/share/suii_communication_ros2/cmake/suii_communication_ros2__rosidl_typesupport_cExport-noconfig.cmake
-- Installing: /home/suii/colcon_ws/suii/ros2_ws/install/suii_communication_ros2/share/suii_communication_ros2/cmake/suii_communication_ros2__rosidl_generator_cppExport.cmake
-- Installing: /home/suii/colcon_ws/suii/ros2_ws/install/suii_communication_ros2/share/suii_communication_ros2/cmake/suii_communication_ros2__rosidl_typesupport_introspection_cppExport.cmake
-- Installing: /home/suii/colcon_ws/suii/ros2_ws/install/suii_communication_ros2/share/suii_communication_ros2/cmake/suii_communication_ros2__rosidl_typesupport_introspection_cppExport-noconfig.cmake
-- Installing: /home/suii/colcon_ws/suii/ros2_ws/install/suii_communication_ros2/share/suii_communication_ros2/cmake/suii_communication_ros2__rosidl_typesupport_cppExport.cmake
-- Installing: /home/suii/colcon_ws/suii/ros2_ws/install/suii_communication_ros2/share/suii_communication_ros2/cmake/suii_communication_ros2__rosidl_typesupport_cppExport-noconfig.cmake
