[0.027s] Invoking command in '/home/suii/colcon_ws/suii/ros2_ws/build/suii_bringup': /usr/bin/cmake --build /home/suii/colcon_ws/suii/ros2_ws/build/suii_bringup -- -j8 -l8
[0.267s] Invoked command in '/home/suii/colcon_ws/suii/ros2_ws/build/suii_bringup' returned '0': /usr/bin/cmake --build /home/suii/colcon_ws/suii/ros2_ws/build/suii_bringup -- -j8 -l8
[0.307s] Invoking command in '/home/suii/colcon_ws/suii/ros2_ws/build/suii_bringup': /usr/bin/cmake --install /home/suii/colcon_ws/suii/ros2_ws/build/suii_bringup
[0.317s] -- Install configuration: ""
[0.317s] -- Up-to-date: /home/suii/colcon_ws/suii/ros2_ws/install/suii_bringup/share/suii_bringup//launch
[0.317s] -- Up-to-date: /home/suii/colcon_ws/suii/ros2_ws/install/suii_bringup/share/suii_bringup//launch/suii_bringup_launch.py
[0.318s] -- Up-to-date: /home/suii/colcon_ws/suii/ros2_ws/install/suii_bringup/share/suii_bringup//launch/suii_bringup.launch.py
[0.318s] -- Up-to-date: /home/suii/colcon_ws/suii/ros2_ws/install/suii_bringup/share/ament_index/resource_index/package_run_dependencies/suii_bringup
[0.319s] -- Up-to-date: /home/suii/colcon_ws/suii/ros2_ws/install/suii_bringup/share/ament_index/resource_index/parent_prefix_path/suii_bringup
[0.319s] -- Up-to-date: /home/suii/colcon_ws/suii/ros2_ws/install/suii_bringup/share/suii_bringup/environment/ament_prefix_path.sh
[0.320s] -- Up-to-date: /home/suii/colcon_ws/suii/ros2_ws/install/suii_bringup/share/suii_bringup/environment/ament_prefix_path.dsv
[0.321s] -- Up-to-date: /home/suii/colcon_ws/suii/ros2_ws/install/suii_bringup/share/suii_bringup/environment/path.sh
[0.324s] -- Up-to-date: /home/suii/colcon_ws/suii/ros2_ws/install/suii_bringup/share/suii_bringup/environment/path.dsv
[0.325s] -- Up-to-date: /home/suii/colcon_ws/suii/ros2_ws/install/suii_bringup/share/suii_bringup/local_setup.bash
[0.325s] -- Up-to-date: /home/suii/colcon_ws/suii/ros2_ws/install/suii_bringup/share/suii_bringup/local_setup.sh
[0.326s] -- Up-to-date: /home/suii/colcon_ws/suii/ros2_ws/install/suii_bringup/share/suii_bringup/local_setup.zsh
[0.326s] -- Up-to-date: /home/suii/colcon_ws/suii/ros2_ws/install/suii_bringup/share/suii_bringup/local_setup.dsv
[0.326s] -- Installing: /home/suii/colcon_ws/suii/ros2_ws/install/suii_bringup/share/suii_bringup/package.dsv
[0.326s] -- Up-to-date: /home/suii/colcon_ws/suii/ros2_ws/install/suii_bringup/share/ament_index/resource_index/packages/suii_bringup
[0.326s] -- Up-to-date: /home/suii/colcon_ws/suii/ros2_ws/install/suii_bringup/share/suii_bringup/cmake/suii_bringupConfig.cmake
[0.327s] -- Up-to-date: /home/suii/colcon_ws/suii/ros2_ws/install/suii_bringup/share/suii_bringup/cmake/suii_bringupConfig-version.cmake
[0.327s] -- Up-to-date: /home/suii/colcon_ws/suii/ros2_ws/install/suii_bringup/share/suii_bringup/package.xml
[0.328s] Invoked command in '/home/suii/colcon_ws/suii/ros2_ws/build/suii_bringup' returned '0': /usr/bin/cmake --install /home/suii/colcon_ws/suii/ros2_ws/build/suii_bringup
