[0.246s] DEBUG:colcon:Command line arguments: ['/usr/bin/colcon', 'build']
[0.246s] DEBUG:colcon:Parsed command line arguments: Namespace(ament_cmake_args=None, base_paths=['.'], build_base='build', catkin_cmake_args=None, catkin_skip_building_tests=False, cmake_args=None, cmake_clean_cache=False, cmake_clean_first=False, cmake_force_configure=False, cmake_target=None, cmake_target_skip_unavailable=False, continue_on_error=False, event_handlers=None, executor='parallel', ignore_user_meta=False, install_base='install', log_base=None, log_level=None, main=<bound method BuildVerb.main of <colcon_core.verb.build.BuildVerb object at 0x7fd20d494cd0>>, merge_install=False, metas=['./colcon.meta'], packages_above=None, packages_above_and_dependencies=None, packages_above_depth=None, packages_end=None, packages_ignore=None, packages_ignore_regex=None, packages_select=None, packages_select_build_failed=False, packages_select_by_dep=None, packages_select_regex=None, packages_select_test_failures=False, packages_skip=None, packages_skip_build_finished=False, packages_skip_by_dep=None, packages_skip_regex=None, packages_skip_test_passed=False, packages_skip_up_to=None, packages_start=None, packages_up_to=None, packages_up_to_regex=None, parallel_workers=8, paths=None, symlink_install=False, test_result_base=None, verb_extension=<colcon_core.verb.build.BuildVerb object at 0x7fd20d494cd0>, verb_name='build', verb_parser=<colcon_defaults.argument_parser.defaults.DefaultArgumentsDecorator object at 0x7fd20d49e280>)
[0.250s] Level 1:colcon.colcon_core.package_discovery:discover_packages(colcon_meta) check parameters
[0.250s] Level 1:colcon.colcon_core.package_discovery:discover_packages(recursive) check parameters
[0.250s] Level 1:colcon.colcon_core.package_discovery:discover_packages(ignore) check parameters
[0.250s] Level 1:colcon.colcon_core.package_discovery:discover_packages(path) check parameters
[0.250s] Level 1:colcon.colcon_core.package_discovery:discover_packages(colcon_meta) discover
[0.250s] Level 1:colcon.colcon_core.package_discovery:discover_packages(recursive) discover
[0.250s] INFO:colcon.colcon_core.package_discovery:Crawling recursively for packages in '/home/suii/colcon_ws/suii/ros2_ws'
[0.250s] Level 1:colcon.colcon_core.package_identification:_identify(.) by extensions ['ignore', 'ignore_ament_install']
[0.250s] Level 1:colcon.colcon_core.package_identification:_identify(.) by extension 'ignore'
[0.250s] Level 1:colcon.colcon_core.package_identification:_identify(.) by extension 'ignore_ament_install'
[0.250s] Level 1:colcon.colcon_core.package_identification:_identify(.) by extensions ['colcon_pkg']
[0.251s] Level 1:colcon.colcon_core.package_identification:_identify(.) by extension 'colcon_pkg'
[0.251s] Level 1:colcon.colcon_core.package_identification:_identify(.) by extensions ['colcon_meta']
[0.251s] Level 1:colcon.colcon_core.package_identification:_identify(.) by extension 'colcon_meta'
[0.251s] Level 1:colcon.colcon_core.package_identification:_identify(.) by extensions ['ros']
[0.251s] Level 1:colcon.colcon_core.package_identification:_identify(.) by extension 'ros'
[0.260s] Level 1:colcon.colcon_core.package_identification:_identify(.) by extensions ['cmake', 'python']
[0.260s] Level 1:colcon.colcon_core.package_identification:_identify(.) by extension 'cmake'
[0.260s] Level 1:colcon.colcon_core.package_identification:_identify(.) by extension 'python'
[0.260s] Level 1:colcon.colcon_core.package_identification:_identify(.) by extensions ['python_setup_py']
[0.260s] Level 1:colcon.colcon_core.package_identification:_identify(.) by extension 'python_setup_py'
[0.260s] Level 1:colcon.colcon_core.package_identification:_identify(build) by extensions ['ignore', 'ignore_ament_install']
[0.260s] Level 1:colcon.colcon_core.package_identification:_identify(build) by extension 'ignore'
[0.261s] Level 1:colcon.colcon_core.package_identification:_identify(build) ignored
[0.261s] Level 1:colcon.colcon_core.package_identification:_identify(install) by extensions ['ignore', 'ignore_ament_install']
[0.261s] Level 1:colcon.colcon_core.package_identification:_identify(install) by extension 'ignore'
[0.261s] Level 1:colcon.colcon_core.package_identification:_identify(install) ignored
[0.261s] Level 1:colcon.colcon_core.package_identification:_identify(log) by extensions ['ignore', 'ignore_ament_install']
[0.261s] Level 1:colcon.colcon_core.package_identification:_identify(log) by extension 'ignore'
[0.261s] Level 1:colcon.colcon_core.package_identification:_identify(log) ignored
[0.261s] Level 1:colcon.colcon_core.package_identification:_identify(src) by extensions ['ignore', 'ignore_ament_install']
[0.261s] Level 1:colcon.colcon_core.package_identification:_identify(src) by extension 'ignore'
[0.261s] Level 1:colcon.colcon_core.package_identification:_identify(src) by extension 'ignore_ament_install'
[0.261s] Level 1:colcon.colcon_core.package_identification:_identify(src) by extensions ['colcon_pkg']
[0.261s] Level 1:colcon.colcon_core.package_identification:_identify(src) by extension 'colcon_pkg'
[0.261s] Level 1:colcon.colcon_core.package_identification:_identify(src) by extensions ['colcon_meta']
[0.261s] Level 1:colcon.colcon_core.package_identification:_identify(src) by extension 'colcon_meta'
[0.261s] Level 1:colcon.colcon_core.package_identification:_identify(src) by extensions ['ros']
[0.261s] Level 1:colcon.colcon_core.package_identification:_identify(src) by extension 'ros'
[0.261s] Level 1:colcon.colcon_core.package_identification:_identify(src) by extensions ['cmake', 'python']
[0.261s] Level 1:colcon.colcon_core.package_identification:_identify(src) by extension 'cmake'
[0.261s] Level 1:colcon.colcon_core.package_identification:_identify(src) by extension 'python'
[0.262s] Level 1:colcon.colcon_core.package_identification:_identify(src) by extensions ['python_setup_py']
[0.262s] Level 1:colcon.colcon_core.package_identification:_identify(src) by extension 'python_setup_py'
[0.262s] Level 1:colcon.colcon_core.package_identification:_identify(src/nav_test_package_ros2) by extensions ['ignore', 'ignore_ament_install']
[0.262s] Level 1:colcon.colcon_core.package_identification:_identify(src/nav_test_package_ros2) by extension 'ignore'
[0.262s] Level 1:colcon.colcon_core.package_identification:_identify(src/nav_test_package_ros2) by extension 'ignore_ament_install'
[0.262s] Level 1:colcon.colcon_core.package_identification:_identify(src/nav_test_package_ros2) by extensions ['colcon_pkg']
[0.262s] Level 1:colcon.colcon_core.package_identification:_identify(src/nav_test_package_ros2) by extension 'colcon_pkg'
[0.262s] Level 1:colcon.colcon_core.package_identification:_identify(src/nav_test_package_ros2) by extensions ['colcon_meta']
[0.262s] Level 1:colcon.colcon_core.package_identification:_identify(src/nav_test_package_ros2) by extension 'colcon_meta'
[0.262s] Level 1:colcon.colcon_core.package_identification:_identify(src/nav_test_package_ros2) by extensions ['ros']
[0.262s] Level 1:colcon.colcon_core.package_identification:_identify(src/nav_test_package_ros2) by extension 'ros'
[0.264s] DEBUG:colcon.colcon_core.package_identification:Package 'src/nav_test_package_ros2' with type 'ros.ament_python' and name 'nav_test_package_ros2'
[0.264s] Level 1:colcon.colcon_core.package_identification:_identify(src/ros1_bridge) by extensions ['ignore', 'ignore_ament_install']
[0.264s] Level 1:colcon.colcon_core.package_identification:_identify(src/ros1_bridge) by extension 'ignore'
[0.264s] Level 1:colcon.colcon_core.package_identification:_identify(src/ros1_bridge) by extension 'ignore_ament_install'
[0.264s] Level 1:colcon.colcon_core.package_identification:_identify(src/ros1_bridge) by extensions ['colcon_pkg']
[0.264s] Level 1:colcon.colcon_core.package_identification:_identify(src/ros1_bridge) by extension 'colcon_pkg'
[0.264s] Level 1:colcon.colcon_core.package_identification:_identify(src/ros1_bridge) by extensions ['colcon_meta']
[0.264s] Level 1:colcon.colcon_core.package_identification:_identify(src/ros1_bridge) by extension 'colcon_meta'
[0.264s] Level 1:colcon.colcon_core.package_identification:_identify(src/ros1_bridge) by extensions ['ros']
[0.264s] Level 1:colcon.colcon_core.package_identification:_identify(src/ros1_bridge) by extension 'ros'
[0.265s] DEBUG:colcon.colcon_core.package_identification:Package 'src/ros1_bridge' with type 'ros.ament_cmake' and name 'ros1_bridge'
[0.265s] Level 1:colcon.colcon_core.package_identification:_identify(src/suii_bringup) by extensions ['ignore', 'ignore_ament_install']
[0.265s] Level 1:colcon.colcon_core.package_identification:_identify(src/suii_bringup) by extension 'ignore'
[0.265s] Level 1:colcon.colcon_core.package_identification:_identify(src/suii_bringup) by extension 'ignore_ament_install'
[0.265s] Level 1:colcon.colcon_core.package_identification:_identify(src/suii_bringup) by extensions ['colcon_pkg']
[0.265s] Level 1:colcon.colcon_core.package_identification:_identify(src/suii_bringup) by extension 'colcon_pkg'
[0.265s] Level 1:colcon.colcon_core.package_identification:_identify(src/suii_bringup) by extensions ['colcon_meta']
[0.265s] Level 1:colcon.colcon_core.package_identification:_identify(src/suii_bringup) by extension 'colcon_meta'
[0.265s] Level 1:colcon.colcon_core.package_identification:_identify(src/suii_bringup) by extensions ['ros']
[0.265s] Level 1:colcon.colcon_core.package_identification:_identify(src/suii_bringup) by extension 'ros'
[0.266s] DEBUG:colcon.colcon_core.package_identification:Package 'src/suii_bringup' with type 'ros.ament_cmake' and name 'suii_bringup'
[0.266s] Level 1:colcon.colcon_core.package_identification:_identify(src/suii_communication_ros2) by extensions ['ignore', 'ignore_ament_install']
[0.266s] Level 1:colcon.colcon_core.package_identification:_identify(src/suii_communication_ros2) by extension 'ignore'
[0.266s] Level 1:colcon.colcon_core.package_identification:_identify(src/suii_communication_ros2) by extension 'ignore_ament_install'
[0.266s] Level 1:colcon.colcon_core.package_identification:_identify(src/suii_communication_ros2) by extensions ['colcon_pkg']
[0.266s] Level 1:colcon.colcon_core.package_identification:_identify(src/suii_communication_ros2) by extension 'colcon_pkg'
[0.266s] Level 1:colcon.colcon_core.package_identification:_identify(src/suii_communication_ros2) by extensions ['colcon_meta']
[0.266s] Level 1:colcon.colcon_core.package_identification:_identify(src/suii_communication_ros2) by extension 'colcon_meta'
[0.266s] Level 1:colcon.colcon_core.package_identification:_identify(src/suii_communication_ros2) by extensions ['ros']
[0.266s] Level 1:colcon.colcon_core.package_identification:_identify(src/suii_communication_ros2) by extension 'ros'
[0.267s] DEBUG:colcon.colcon_core.package_identification:Package 'src/suii_communication_ros2' with type 'ros.ament_cmake' and name 'suii_communication_ros2'
[0.267s] Level 1:colcon.colcon_core.package_identification:_identify(src/suii_description) by extensions ['ignore', 'ignore_ament_install']
[0.267s] Level 1:colcon.colcon_core.package_identification:_identify(src/suii_description) by extension 'ignore'
[0.267s] Level 1:colcon.colcon_core.package_identification:_identify(src/suii_description) by extension 'ignore_ament_install'
[0.267s] Level 1:colcon.colcon_core.package_identification:_identify(src/suii_description) by extensions ['colcon_pkg']
[0.267s] Level 1:colcon.colcon_core.package_identification:_identify(src/suii_description) by extension 'colcon_pkg'
[0.267s] Level 1:colcon.colcon_core.package_identification:_identify(src/suii_description) by extensions ['colcon_meta']
[0.267s] Level 1:colcon.colcon_core.package_identification:_identify(src/suii_description) by extension 'colcon_meta'
[0.267s] Level 1:colcon.colcon_core.package_identification:_identify(src/suii_description) by extensions ['ros']
[0.267s] Level 1:colcon.colcon_core.package_identification:_identify(src/suii_description) by extension 'ros'
[0.267s] DEBUG:colcon.colcon_core.package_identification:Package 'src/suii_description' with type 'ros.ament_cmake' and name 'suii_description'
[0.267s] Level 1:colcon.colcon_core.package_identification:_identify(src/suii_msgs) by extensions ['ignore', 'ignore_ament_install']
[0.268s] Level 1:colcon.colcon_core.package_identification:_identify(src/suii_msgs) by extension 'ignore'
[0.268s] Level 1:colcon.colcon_core.package_identification:_identify(src/suii_msgs) by extension 'ignore_ament_install'
[0.268s] Level 1:colcon.colcon_core.package_identification:_identify(src/suii_msgs) by extensions ['colcon_pkg']
[0.268s] Level 1:colcon.colcon_core.package_identification:_identify(src/suii_msgs) by extension 'colcon_pkg'
[0.268s] Level 1:colcon.colcon_core.package_identification:_identify(src/suii_msgs) by extensions ['colcon_meta']
[0.268s] Level 1:colcon.colcon_core.package_identification:_identify(src/suii_msgs) by extension 'colcon_meta'
[0.268s] Level 1:colcon.colcon_core.package_identification:_identify(src/suii_msgs) by extensions ['ros']
[0.268s] Level 1:colcon.colcon_core.package_identification:_identify(src/suii_msgs) by extension 'ros'
[0.268s] DEBUG:colcon.colcon_core.package_identification:Package 'src/suii_msgs' with type 'ros.ament_cmake' and name 'suii_msgs'
[0.268s] Level 1:colcon.colcon_core.package_identification:_identify(src/suii_navigation) by extensions ['ignore', 'ignore_ament_install']
[0.269s] Level 1:colcon.colcon_core.package_identification:_identify(src/suii_navigation) by extension 'ignore'
[0.269s] Level 1:colcon.colcon_core.package_identification:_identify(src/suii_navigation) by extension 'ignore_ament_install'
[0.269s] Level 1:colcon.colcon_core.package_identification:_identify(src/suii_navigation) by extensions ['colcon_pkg']
[0.269s] Level 1:colcon.colcon_core.package_identification:_identify(src/suii_navigation) by extension 'colcon_pkg'
[0.269s] Level 1:colcon.colcon_core.package_identification:_identify(src/suii_navigation) by extensions ['colcon_meta']
[0.269s] Level 1:colcon.colcon_core.package_identification:_identify(src/suii_navigation) by extension 'colcon_meta'
[0.269s] Level 1:colcon.colcon_core.package_identification:_identify(src/suii_navigation) by extensions ['ros']
[0.269s] Level 1:colcon.colcon_core.package_identification:_identify(src/suii_navigation) by extension 'ros'
[0.269s] DEBUG:colcon.colcon_core.package_identification:Failed to parse potential ROS package manifest in'src/suii_navigation': Error(s) in package 'src/suii_navigation/package.xml':
The manifest contains invalid XML:
mismatched tag: line 14, column 26
[0.269s] Level 1:colcon.colcon_core.package_identification:_identify(src/suii_navigation) by extensions ['cmake', 'python']
[0.269s] Level 1:colcon.colcon_core.package_identification:_identify(src/suii_navigation) by extension 'cmake'
[0.269s] Level 1:colcon.colcon_core.package_identification:_identify(src/suii_navigation) by extension 'python'
[0.269s] DEBUG:colcon.colcon_core.package_identification:Python package in 'src/suii_navigation' passes arguments to the setup() function which requires a different identification extension than 'python'
[0.269s] Level 1:colcon.colcon_core.package_identification:_identify(src/suii_navigation) by extensions ['python_setup_py']
[0.269s] Level 1:colcon.colcon_core.package_identification:_identify(src/suii_navigation) by extension 'python_setup_py'
[0.453s] DEBUG:colcon.colcon_core.package_identification:Package 'src/suii_navigation' with type 'python' and name 'suii_navigation'
[0.453s] Level 1:colcon.colcon_core.package_discovery:discover_packages(recursive) using defaults
[0.453s] Level 1:colcon.colcon_core.package_discovery:discover_packages(ignore) discover
[0.453s] Level 1:colcon.colcon_core.package_discovery:discover_packages(ignore) using defaults
[0.453s] Level 1:colcon.colcon_core.package_discovery:discover_packages(path) discover
[0.453s] Level 1:colcon.colcon_core.package_discovery:discover_packages(path) using defaults
[0.471s] Level 5:colcon.colcon_core.verb:set package 'suii_bringup' build argument 'cmake_args' from command line to 'None'
[0.472s] Level 5:colcon.colcon_core.verb:set package 'suii_bringup' build argument 'cmake_target' from command line to 'None'
[0.472s] Level 5:colcon.colcon_core.verb:set package 'suii_bringup' build argument 'cmake_target_skip_unavailable' from command line to 'False'
[0.472s] Level 5:colcon.colcon_core.verb:set package 'suii_bringup' build argument 'cmake_clean_cache' from command line to 'False'
[0.472s] Level 5:colcon.colcon_core.verb:set package 'suii_bringup' build argument 'cmake_clean_first' from command line to 'False'
[0.472s] Level 5:colcon.colcon_core.verb:set package 'suii_bringup' build argument 'cmake_force_configure' from command line to 'False'
[0.472s] Level 5:colcon.colcon_core.verb:set package 'suii_bringup' build argument 'ament_cmake_args' from command line to 'None'
[0.472s] Level 5:colcon.colcon_core.verb:set package 'suii_bringup' build argument 'catkin_cmake_args' from command line to 'None'
[0.472s] Level 5:colcon.colcon_core.verb:set package 'suii_bringup' build argument 'catkin_skip_building_tests' from command line to 'False'
[0.472s] DEBUG:colcon.colcon_core.verb:Building package 'suii_bringup' with the following arguments: {'ament_cmake_args': None, 'build_base': '/home/suii/colcon_ws/suii/ros2_ws/build/suii_bringup', 'catkin_cmake_args': None, 'catkin_skip_building_tests': False, 'cmake_args': None, 'cmake_clean_cache': False, 'cmake_clean_first': False, 'cmake_force_configure': False, 'cmake_target': None, 'cmake_target_skip_unavailable': False, 'install_base': '/home/suii/colcon_ws/suii/ros2_ws/install/suii_bringup', 'merge_install': False, 'path': '/home/suii/colcon_ws/suii/ros2_ws/src/suii_bringup', 'symlink_install': False, 'test_result_base': None}
[0.474s] Level 5:colcon.colcon_core.verb:set package 'suii_communication_ros2' build argument 'cmake_args' from command line to 'None'
[0.474s] Level 5:colcon.colcon_core.verb:set package 'suii_communication_ros2' build argument 'cmake_target' from command line to 'None'
[0.474s] Level 5:colcon.colcon_core.verb:set package 'suii_communication_ros2' build argument 'cmake_target_skip_unavailable' from command line to 'False'
[0.474s] Level 5:colcon.colcon_core.verb:set package 'suii_communication_ros2' build argument 'cmake_clean_cache' from command line to 'False'
[0.474s] Level 5:colcon.colcon_core.verb:set package 'suii_communication_ros2' build argument 'cmake_clean_first' from command line to 'False'
[0.474s] Level 5:colcon.colcon_core.verb:set package 'suii_communication_ros2' build argument 'cmake_force_configure' from command line to 'False'
[0.474s] Level 5:colcon.colcon_core.verb:set package 'suii_communication_ros2' build argument 'ament_cmake_args' from command line to 'None'
[0.474s] Level 5:colcon.colcon_core.verb:set package 'suii_communication_ros2' build argument 'catkin_cmake_args' from command line to 'None'
[0.474s] Level 5:colcon.colcon_core.verb:set package 'suii_communication_ros2' build argument 'catkin_skip_building_tests' from command line to 'False'
[0.474s] DEBUG:colcon.colcon_core.verb:Building package 'suii_communication_ros2' with the following arguments: {'ament_cmake_args': None, 'build_base': '/home/suii/colcon_ws/suii/ros2_ws/build/suii_communication_ros2', 'catkin_cmake_args': None, 'catkin_skip_building_tests': False, 'cmake_args': None, 'cmake_clean_cache': False, 'cmake_clean_first': False, 'cmake_force_configure': False, 'cmake_target': None, 'cmake_target_skip_unavailable': False, 'install_base': '/home/suii/colcon_ws/suii/ros2_ws/install/suii_communication_ros2', 'merge_install': False, 'path': '/home/suii/colcon_ws/suii/ros2_ws/src/suii_communication_ros2', 'symlink_install': False, 'test_result_base': None}
[0.476s] Level 5:colcon.colcon_core.verb:set package 'suii_description' build argument 'cmake_args' from command line to 'None'
[0.476s] Level 5:colcon.colcon_core.verb:set package 'suii_description' build argument 'cmake_target' from command line to 'None'
[0.476s] Level 5:colcon.colcon_core.verb:set package 'suii_description' build argument 'cmake_target_skip_unavailable' from command line to 'False'
[0.476s] Level 5:colcon.colcon_core.verb:set package 'suii_description' build argument 'cmake_clean_cache' from command line to 'False'
[0.476s] Level 5:colcon.colcon_core.verb:set package 'suii_description' build argument 'cmake_clean_first' from command line to 'False'
[0.476s] Level 5:colcon.colcon_core.verb:set package 'suii_description' build argument 'cmake_force_configure' from command line to 'False'
[0.476s] Level 5:colcon.colcon_core.verb:set package 'suii_description' build argument 'ament_cmake_args' from command line to 'None'
[0.476s] Level 5:colcon.colcon_core.verb:set package 'suii_description' build argument 'catkin_cmake_args' from command line to 'None'
[0.476s] Level 5:colcon.colcon_core.verb:set package 'suii_description' build argument 'catkin_skip_building_tests' from command line to 'False'
[0.476s] DEBUG:colcon.colcon_core.verb:Building package 'suii_description' with the following arguments: {'ament_cmake_args': None, 'build_base': '/home/suii/colcon_ws/suii/ros2_ws/build/suii_description', 'catkin_cmake_args': None, 'catkin_skip_building_tests': False, 'cmake_args': None, 'cmake_clean_cache': False, 'cmake_clean_first': False, 'cmake_force_configure': False, 'cmake_target': None, 'cmake_target_skip_unavailable': False, 'install_base': '/home/suii/colcon_ws/suii/ros2_ws/install/suii_description', 'merge_install': False, 'path': '/home/suii/colcon_ws/suii/ros2_ws/src/suii_description', 'symlink_install': False, 'test_result_base': None}
[0.478s] Level 5:colcon.colcon_core.verb:set package 'suii_msgs' build argument 'cmake_args' from command line to 'None'
[0.478s] Level 5:colcon.colcon_core.verb:set package 'suii_msgs' build argument 'cmake_target' from command line to 'None'
[0.478s] Level 5:colcon.colcon_core.verb:set package 'suii_msgs' build argument 'cmake_target_skip_unavailable' from command line to 'False'
[0.478s] Level 5:colcon.colcon_core.verb:set package 'suii_msgs' build argument 'cmake_clean_cache' from command line to 'False'
[0.478s] Level 5:colcon.colcon_core.verb:set package 'suii_msgs' build argument 'cmake_clean_first' from command line to 'False'
[0.478s] Level 5:colcon.colcon_core.verb:set package 'suii_msgs' build argument 'cmake_force_configure' from command line to 'False'
[0.478s] Level 5:colcon.colcon_core.verb:set package 'suii_msgs' build argument 'ament_cmake_args' from command line to 'None'
[0.478s] Level 5:colcon.colcon_core.verb:set package 'suii_msgs' build argument 'catkin_cmake_args' from command line to 'None'
[0.478s] Level 5:colcon.colcon_core.verb:set package 'suii_msgs' build argument 'catkin_skip_building_tests' from command line to 'False'
[0.478s] DEBUG:colcon.colcon_core.verb:Building package 'suii_msgs' with the following arguments: {'ament_cmake_args': None, 'build_base': '/home/suii/colcon_ws/suii/ros2_ws/build/suii_msgs', 'catkin_cmake_args': None, 'catkin_skip_building_tests': False, 'cmake_args': None, 'cmake_clean_cache': False, 'cmake_clean_first': False, 'cmake_force_configure': False, 'cmake_target': None, 'cmake_target_skip_unavailable': False, 'install_base': '/home/suii/colcon_ws/suii/ros2_ws/install/suii_msgs', 'merge_install': False, 'path': '/home/suii/colcon_ws/suii/ros2_ws/src/suii_msgs', 'symlink_install': False, 'test_result_base': None}
[0.480s] Level 5:colcon.colcon_core.verb:set package 'suii_navigation' build argument 'cmake_args' from command line to 'None'
[0.480s] Level 5:colcon.colcon_core.verb:set package 'suii_navigation' build argument 'cmake_target' from command line to 'None'
[0.480s] Level 5:colcon.colcon_core.verb:set package 'suii_navigation' build argument 'cmake_target_skip_unavailable' from command line to 'False'
[0.480s] Level 5:colcon.colcon_core.verb:set package 'suii_navigation' build argument 'cmake_clean_cache' from command line to 'False'
[0.480s] Level 5:colcon.colcon_core.verb:set package 'suii_navigation' build argument 'cmake_clean_first' from command line to 'False'
[0.480s] Level 5:colcon.colcon_core.verb:set package 'suii_navigation' build argument 'cmake_force_configure' from command line to 'False'
[0.480s] Level 5:colcon.colcon_core.verb:set package 'suii_navigation' build argument 'ament_cmake_args' from command line to 'None'
[0.480s] Level 5:colcon.colcon_core.verb:set package 'suii_navigation' build argument 'catkin_cmake_args' from command line to 'None'
[0.480s] Level 5:colcon.colcon_core.verb:set package 'suii_navigation' build argument 'catkin_skip_building_tests' from command line to 'False'
[0.480s] DEBUG:colcon.colcon_core.verb:Building package 'suii_navigation' with the following arguments: {'ament_cmake_args': None, 'build_base': '/home/suii/colcon_ws/suii/ros2_ws/build/suii_navigation', 'catkin_cmake_args': None, 'catkin_skip_building_tests': False, 'cmake_args': None, 'cmake_clean_cache': False, 'cmake_clean_first': False, 'cmake_force_configure': False, 'cmake_target': None, 'cmake_target_skip_unavailable': False, 'install_base': '/home/suii/colcon_ws/suii/ros2_ws/install/suii_navigation', 'merge_install': False, 'path': '/home/suii/colcon_ws/suii/ros2_ws/src/suii_navigation', 'symlink_install': False, 'test_result_base': None}
[0.482s] Level 5:colcon.colcon_core.verb:set package 'nav_test_package_ros2' build argument 'cmake_args' from command line to 'None'
[0.482s] Level 5:colcon.colcon_core.verb:set package 'nav_test_package_ros2' build argument 'cmake_target' from command line to 'None'
[0.482s] Level 5:colcon.colcon_core.verb:set package 'nav_test_package_ros2' build argument 'cmake_target_skip_unavailable' from command line to 'False'
[0.482s] Level 5:colcon.colcon_core.verb:set package 'nav_test_package_ros2' build argument 'cmake_clean_cache' from command line to 'False'
[0.482s] Level 5:colcon.colcon_core.verb:set package 'nav_test_package_ros2' build argument 'cmake_clean_first' from command line to 'False'
[0.482s] Level 5:colcon.colcon_core.verb:set package 'nav_test_package_ros2' build argument 'cmake_force_configure' from command line to 'False'
[0.482s] Level 5:colcon.colcon_core.verb:set package 'nav_test_package_ros2' build argument 'ament_cmake_args' from command line to 'None'
[0.482s] Level 5:colcon.colcon_core.verb:set package 'nav_test_package_ros2' build argument 'catkin_cmake_args' from command line to 'None'
[0.482s] Level 5:colcon.colcon_core.verb:set package 'nav_test_package_ros2' build argument 'catkin_skip_building_tests' from command line to 'False'
[0.482s] DEBUG:colcon.colcon_core.verb:Building package 'nav_test_package_ros2' with the following arguments: {'ament_cmake_args': None, 'build_base': '/home/suii/colcon_ws/suii/ros2_ws/build/nav_test_package_ros2', 'catkin_cmake_args': None, 'catkin_skip_building_tests': False, 'cmake_args': None, 'cmake_clean_cache': False, 'cmake_clean_first': False, 'cmake_force_configure': False, 'cmake_target': None, 'cmake_target_skip_unavailable': False, 'install_base': '/home/suii/colcon_ws/suii/ros2_ws/install/nav_test_package_ros2', 'merge_install': False, 'path': '/home/suii/colcon_ws/suii/ros2_ws/src/nav_test_package_ros2', 'symlink_install': False, 'test_result_base': None}
[0.484s] Level 5:colcon.colcon_core.verb:set package 'ros1_bridge' build argument 'cmake_args' from command line to 'None'
[0.484s] Level 5:colcon.colcon_core.verb:set package 'ros1_bridge' build argument 'cmake_target' from command line to 'None'
[0.484s] Level 5:colcon.colcon_core.verb:set package 'ros1_bridge' build argument 'cmake_target_skip_unavailable' from command line to 'False'
[0.484s] Level 5:colcon.colcon_core.verb:set package 'ros1_bridge' build argument 'cmake_clean_cache' from command line to 'False'
[0.484s] Level 5:colcon.colcon_core.verb:set package 'ros1_bridge' build argument 'cmake_clean_first' from command line to 'False'
[0.484s] Level 5:colcon.colcon_core.verb:set package 'ros1_bridge' build argument 'cmake_force_configure' from command line to 'False'
[0.484s] Level 5:colcon.colcon_core.verb:set package 'ros1_bridge' build argument 'ament_cmake_args' from command line to 'None'
[0.484s] Level 5:colcon.colcon_core.verb:set package 'ros1_bridge' build argument 'catkin_cmake_args' from command line to 'None'
[0.484s] Level 5:colcon.colcon_core.verb:set package 'ros1_bridge' build argument 'catkin_skip_building_tests' from command line to 'False'
[0.484s] DEBUG:colcon.colcon_core.verb:Building package 'ros1_bridge' with the following arguments: {'ament_cmake_args': None, 'build_base': '/home/suii/colcon_ws/suii/ros2_ws/build/ros1_bridge', 'catkin_cmake_args': None, 'catkin_skip_building_tests': False, 'cmake_args': None, 'cmake_clean_cache': False, 'cmake_clean_first': False, 'cmake_force_configure': False, 'cmake_target': None, 'cmake_target_skip_unavailable': False, 'install_base': '/home/suii/colcon_ws/suii/ros2_ws/install/ros1_bridge', 'merge_install': False, 'path': '/home/suii/colcon_ws/suii/ros2_ws/src/ros1_bridge', 'symlink_install': False, 'test_result_base': None}
[0.485s] INFO:colcon.colcon_core.executor:Executing jobs using 'parallel' executor
[0.487s] DEBUG:colcon.colcon_parallel_executor.executor.parallel:run_until_complete
[0.487s] INFO:colcon.colcon_ros.task.ament_cmake.build:Building ROS package in '/home/suii/colcon_ws/suii/ros2_ws/src/suii_msgs' with build type 'ament_cmake'
[0.488s] INFO:colcon.colcon_cmake.task.cmake.build:Building CMake package in '/home/suii/colcon_ws/suii/ros2_ws/src/suii_msgs'
[0.491s] INFO:colcon.colcon_core.plugin_system:Skipping extension 'colcon_core.shell.bat': Not used on non-Windows systems
[0.491s] INFO:colcon.colcon_core.shell:Skip shell extension 'powershell' for command environment: Not usable outside of PowerShell
[0.491s] DEBUG:colcon.colcon_core.shell:Skip shell extension 'dsv' for command environment
[0.493s] DEBUG:colcon.colcon_core.shell:Ignoring prefix path '/opt/ros/foxy'
[0.495s] INFO:colcon.colcon_ros.task.ament_cmake.build:Building ROS package in '/home/suii/colcon_ws/suii/ros2_ws/src/suii_communication_ros2' with build type 'ament_cmake'
[0.495s] INFO:colcon.colcon_cmake.task.cmake.build:Building CMake package in '/home/suii/colcon_ws/suii/ros2_ws/src/suii_communication_ros2'
[0.496s] INFO:colcon.colcon_core.shell:Skip shell extension 'powershell' for command environment: Not usable outside of PowerShell
[0.496s] DEBUG:colcon.colcon_core.shell:Skip shell extension 'dsv' for command environment
[0.498s] DEBUG:colcon.colcon_core.shell:Ignoring prefix path '/opt/ros/foxy'
[0.501s] INFO:colcon.colcon_ros.task.ament_cmake.build:Building ROS package in '/home/suii/colcon_ws/suii/ros2_ws/src/suii_bringup' with build type 'ament_cmake'
[0.501s] INFO:colcon.colcon_cmake.task.cmake.build:Building CMake package in '/home/suii/colcon_ws/suii/ros2_ws/src/suii_bringup'
[0.502s] INFO:colcon.colcon_core.shell:Skip shell extension 'powershell' for command environment: Not usable outside of PowerShell
[0.502s] DEBUG:colcon.colcon_core.shell:Skip shell extension 'dsv' for command environment
[0.504s] DEBUG:colcon.colcon_core.shell:Ignoring prefix path '/opt/ros/foxy'
[0.506s] INFO:colcon.colcon_ros.task.ament_cmake.build:Building ROS package in '/home/suii/colcon_ws/suii/ros2_ws/src/suii_description' with build type 'ament_cmake'
[0.507s] INFO:colcon.colcon_cmake.task.cmake.build:Building CMake package in '/home/suii/colcon_ws/suii/ros2_ws/src/suii_description'
[0.507s] INFO:colcon.colcon_core.shell:Skip shell extension 'powershell' for command environment: Not usable outside of PowerShell
[0.507s] DEBUG:colcon.colcon_core.shell:Skip shell extension 'dsv' for command environment
[0.509s] DEBUG:colcon.colcon_core.shell:Ignoring prefix path '/opt/ros/foxy'
[0.511s] INFO:colcon.colcon_core.task.python.build:Building Python package in '/home/suii/colcon_ws/suii/ros2_ws/src/suii_navigation'
[0.512s] INFO:colcon.colcon_core.shell:Skip shell extension 'powershell' for command environment: Not usable outside of PowerShell
[0.512s] DEBUG:colcon.colcon_core.shell:Skip shell extension 'dsv' for command environment
[0.514s] DEBUG:colcon.colcon_core.shell:Ignoring prefix path '/opt/ros/foxy'
[0.522s] DEBUG:colcon.colcon_core.event_handler.log_command:Invoking command in '/home/suii/colcon_ws/suii/ros2_ws/build/suii_msgs': CMAKE_PREFIX_PATH=${CMAKE_PREFIX_PATH}:/home/suii/colcon_ws/suii/ros2_ws/install/nav_test_package_ros2:/opt/ros/foxy /usr/bin/cmake --build /home/suii/colcon_ws/suii/ros2_ws/build/suii_msgs -- -j8 -l8
[0.563s] DEBUG:colcon.colcon_core.event_handler.log_command:Invoking command in '/home/suii/colcon_ws/suii/ros2_ws/build/suii_communication_ros2': CMAKE_PREFIX_PATH=${CMAKE_PREFIX_PATH}:/home/suii/colcon_ws/suii/ros2_ws/install/nav_test_package_ros2:/opt/ros/foxy /usr/bin/cmake --build /home/suii/colcon_ws/suii/ros2_ws/build/suii_communication_ros2 -- -j8 -l8
[0.571s] DEBUG:colcon.colcon_core.event_handler.log_command:Invoking command in '/home/suii/colcon_ws/suii/ros2_ws/build/suii_bringup': CMAKE_PREFIX_PATH=${CMAKE_PREFIX_PATH}:/home/suii/colcon_ws/suii/ros2_ws/install/nav_test_package_ros2:/opt/ros/foxy /usr/bin/cmake --build /home/suii/colcon_ws/suii/ros2_ws/build/suii_bringup -- -j8 -l8
[0.575s] DEBUG:colcon.colcon_core.event_handler.log_command:Invoking command in '/home/suii/colcon_ws/suii/ros2_ws/build/suii_description': CMAKE_PREFIX_PATH=${CMAKE_PREFIX_PATH}:/home/suii/colcon_ws/suii/ros2_ws/install/nav_test_package_ros2:/opt/ros/foxy /usr/bin/cmake --build /home/suii/colcon_ws/suii/ros2_ws/build/suii_description -- -j8 -l8
[0.830s] DEBUG:colcon.colcon_core.event_handler.log_command:Invoking command in '/home/suii/colcon_ws/suii/ros2_ws/build/suii_navigation': PYTHONPATH=/home/suii/colcon_ws/suii/ros2_ws/install/suii_navigation/lib/python3.8/site-packages:${PYTHONPATH} /usr/bin/python3 setup.py develop --prefix /home/suii/colcon_ws/suii/ros2_ws/install/suii_navigation --uninstall --editable --build-directory /home/suii/colcon_ws/suii/ros2_ws/build/suii_navigation/build
[0.843s] DEBUG:colcon.colcon_core.event_handler.log_command:Invoked command in '/home/suii/colcon_ws/suii/ros2_ws/build/suii_bringup' returned '0': CMAKE_PREFIX_PATH=${CMAKE_PREFIX_PATH}:/home/suii/colcon_ws/suii/ros2_ws/install/nav_test_package_ros2:/opt/ros/foxy /usr/bin/cmake --build /home/suii/colcon_ws/suii/ros2_ws/build/suii_bringup -- -j8 -l8
[0.843s] DEBUG:colcon.colcon_core.event_handler.log_command:Invoked command in '/home/suii/colcon_ws/suii/ros2_ws/build/suii_description' returned '0': CMAKE_PREFIX_PATH=${CMAKE_PREFIX_PATH}:/home/suii/colcon_ws/suii/ros2_ws/install/nav_test_package_ros2:/opt/ros/foxy /usr/bin/cmake --build /home/suii/colcon_ws/suii/ros2_ws/build/suii_description -- -j8 -l8
[0.844s] DEBUG:colcon.colcon_core.event_handler.log_command:Invoked command in '/home/suii/colcon_ws/suii/ros2_ws/build/suii_communication_ros2' returned '0': CMAKE_PREFIX_PATH=${CMAKE_PREFIX_PATH}:/home/suii/colcon_ws/suii/ros2_ws/install/nav_test_package_ros2:/opt/ros/foxy /usr/bin/cmake --build /home/suii/colcon_ws/suii/ros2_ws/build/suii_communication_ros2 -- -j8 -l8
[0.845s] DEBUG:colcon.colcon_core.event_handler.log_command:Invoked command in '/home/suii/colcon_ws/suii/ros2_ws/build/suii_msgs' returned '0': CMAKE_PREFIX_PATH=${CMAKE_PREFIX_PATH}:/home/suii/colcon_ws/suii/ros2_ws/install/nav_test_package_ros2:/opt/ros/foxy /usr/bin/cmake --build /home/suii/colcon_ws/suii/ros2_ws/build/suii_msgs -- -j8 -l8
[0.868s] DEBUG:colcon.colcon_core.event_handler.log_command:Invoking command in '/home/suii/colcon_ws/suii/ros2_ws/build/suii_bringup': CMAKE_PREFIX_PATH=${CMAKE_PREFIX_PATH}:/home/suii/colcon_ws/suii/ros2_ws/install/nav_test_package_ros2:/opt/ros/foxy /usr/bin/cmake --install /home/suii/colcon_ws/suii/ros2_ws/build/suii_bringup
[0.871s] DEBUG:colcon.colcon_core.event_handler.log_command:Invoking command in '/home/suii/colcon_ws/suii/ros2_ws/build/suii_description': CMAKE_PREFIX_PATH=${CMAKE_PREFIX_PATH}:/home/suii/colcon_ws/suii/ros2_ws/install/nav_test_package_ros2:/opt/ros/foxy /usr/bin/cmake --install /home/suii/colcon_ws/suii/ros2_ws/build/suii_description
[0.882s] Level 1:colcon.colcon_core.environment:create_environment_scripts_only(suii_bringup)
[0.889s] DEBUG:colcon.colcon_core.event_handler.log_command:Invoked command in '/home/suii/colcon_ws/suii/ros2_ws/build/suii_bringup' returned '0': CMAKE_PREFIX_PATH=${CMAKE_PREFIX_PATH}:/home/suii/colcon_ws/suii/ros2_ws/install/nav_test_package_ros2:/opt/ros/foxy /usr/bin/cmake --install /home/suii/colcon_ws/suii/ros2_ws/build/suii_bringup
[0.890s] Level 1:colcon.colcon_core.environment:checking '/home/suii/colcon_ws/suii/ros2_ws/install/suii_bringup' for CMake module files
[0.891s] Level 1:colcon.colcon_core.environment:checking '/home/suii/colcon_ws/suii/ros2_ws/install/suii_bringup' for CMake config files
[0.891s] Level 1:colcon.colcon_core.shell:create_environment_hook('suii_bringup', 'cmake_prefix_path')
[0.892s] INFO:colcon.colcon_core.shell:Creating environment hook '/home/suii/colcon_ws/suii/ros2_ws/install/suii_bringup/share/suii_bringup/hook/cmake_prefix_path.ps1'
[0.892s] INFO:colcon.colcon_core.shell:Creating environment descriptor '/home/suii/colcon_ws/suii/ros2_ws/install/suii_bringup/share/suii_bringup/hook/cmake_prefix_path.dsv'
[0.893s] INFO:colcon.colcon_core.shell:Creating environment hook '/home/suii/colcon_ws/suii/ros2_ws/install/suii_bringup/share/suii_bringup/hook/cmake_prefix_path.sh'
[0.893s] Level 1:colcon.colcon_core.environment:checking '/home/suii/colcon_ws/suii/ros2_ws/install/suii_bringup/bin'
[0.893s] Level 1:colcon.colcon_core.environment:checking '/home/suii/colcon_ws/suii/ros2_ws/install/suii_bringup/lib/pkgconfig/suii_bringup.pc'
[0.894s] Level 1:colcon.colcon_core.environment:checking '/home/suii/colcon_ws/suii/ros2_ws/install/suii_bringup/lib/python3.8/site-packages'
[0.894s] INFO:colcon.colcon_core.shell:Creating package script '/home/suii/colcon_ws/suii/ros2_ws/install/suii_bringup/share/suii_bringup/package.ps1'
[0.895s] INFO:colcon.colcon_core.shell:Creating package descriptor '/home/suii/colcon_ws/suii/ros2_ws/install/suii_bringup/share/suii_bringup/package.dsv'
[0.895s] INFO:colcon.colcon_core.shell:Creating package script '/home/suii/colcon_ws/suii/ros2_ws/install/suii_bringup/share/suii_bringup/package.sh'
[0.896s] INFO:colcon.colcon_core.shell:Creating package script '/home/suii/colcon_ws/suii/ros2_ws/install/suii_bringup/share/suii_bringup/package.bash'
[0.897s] INFO:colcon.colcon_core.shell:Creating package script '/home/suii/colcon_ws/suii/ros2_ws/install/suii_bringup/share/suii_bringup/package.zsh'
[0.897s] Level 1:colcon.colcon_core.environment:create_file_with_runtime_dependencies(/home/suii/colcon_ws/suii/ros2_ws/install/suii_bringup/share/colcon-core/packages/suii_bringup)
[0.903s] DEBUG:colcon.colcon_core.event_handler.log_command:Invoking command in '/home/suii/colcon_ws/suii/ros2_ws/build/suii_communication_ros2': CMAKE_PREFIX_PATH=${CMAKE_PREFIX_PATH}:/home/suii/colcon_ws/suii/ros2_ws/install/nav_test_package_ros2:/opt/ros/foxy /usr/bin/cmake --install /home/suii/colcon_ws/suii/ros2_ws/build/suii_communication_ros2
[0.904s] Level 1:colcon.colcon_core.environment:create_environment_scripts_only(suii_description)
[0.906s] Level 1:colcon.colcon_core.environment:checking '/home/suii/colcon_ws/suii/ros2_ws/install/suii_description' for CMake module files
[0.907s] DEBUG:colcon.colcon_core.event_handler.log_command:Invoked command in '/home/suii/colcon_ws/suii/ros2_ws/build/suii_description' returned '0': CMAKE_PREFIX_PATH=${CMAKE_PREFIX_PATH}:/home/suii/colcon_ws/suii/ros2_ws/install/nav_test_package_ros2:/opt/ros/foxy /usr/bin/cmake --install /home/suii/colcon_ws/suii/ros2_ws/build/suii_description
[0.907s] Level 1:colcon.colcon_core.environment:checking '/home/suii/colcon_ws/suii/ros2_ws/install/suii_description' for CMake config files
[0.908s] Level 1:colcon.colcon_core.shell:create_environment_hook('suii_description', 'cmake_prefix_path')
[0.909s] INFO:colcon.colcon_core.shell:Creating environment hook '/home/suii/colcon_ws/suii/ros2_ws/install/suii_description/share/suii_description/hook/cmake_prefix_path.ps1'
[0.909s] INFO:colcon.colcon_core.shell:Creating environment descriptor '/home/suii/colcon_ws/suii/ros2_ws/install/suii_description/share/suii_description/hook/cmake_prefix_path.dsv'
[0.910s] INFO:colcon.colcon_core.shell:Creating environment hook '/home/suii/colcon_ws/suii/ros2_ws/install/suii_description/share/suii_description/hook/cmake_prefix_path.sh'
[0.911s] Level 1:colcon.colcon_core.environment:checking '/home/suii/colcon_ws/suii/ros2_ws/install/suii_description/bin'
[0.911s] Level 1:colcon.colcon_core.environment:checking '/home/suii/colcon_ws/suii/ros2_ws/install/suii_description/lib/pkgconfig/suii_description.pc'
[0.911s] Level 1:colcon.colcon_core.environment:checking '/home/suii/colcon_ws/suii/ros2_ws/install/suii_description/lib/python3.8/site-packages'
[0.912s] INFO:colcon.colcon_core.shell:Creating package script '/home/suii/colcon_ws/suii/ros2_ws/install/suii_description/share/suii_description/package.ps1'
[0.912s] INFO:colcon.colcon_core.shell:Creating package descriptor '/home/suii/colcon_ws/suii/ros2_ws/install/suii_description/share/suii_description/package.dsv'
[0.913s] INFO:colcon.colcon_core.shell:Creating package script '/home/suii/colcon_ws/suii/ros2_ws/install/suii_description/share/suii_description/package.sh'
[0.914s] INFO:colcon.colcon_core.shell:Creating package script '/home/suii/colcon_ws/suii/ros2_ws/install/suii_description/share/suii_description/package.bash'
[0.914s] INFO:colcon.colcon_core.shell:Creating package script '/home/suii/colcon_ws/suii/ros2_ws/install/suii_description/share/suii_description/package.zsh'
[0.915s] Level 1:colcon.colcon_core.environment:create_file_with_runtime_dependencies(/home/suii/colcon_ws/suii/ros2_ws/install/suii_description/share/colcon-core/packages/suii_description)
[0.922s] Level 1:colcon.colcon_core.environment:create_environment_scripts_only(suii_bringup)
[0.923s] Level 1:colcon.colcon_core.environment:checking '/home/suii/colcon_ws/suii/ros2_ws/install/suii_bringup' for CMake module files
[0.927s] Level 1:colcon.colcon_core.environment:checking '/home/suii/colcon_ws/suii/ros2_ws/install/suii_bringup' for CMake config files
[0.927s] Level 1:colcon.colcon_core.shell:create_environment_hook('suii_bringup', 'cmake_prefix_path')
[0.928s] INFO:colcon.colcon_core.shell:Creating environment hook '/home/suii/colcon_ws/suii/ros2_ws/install/suii_bringup/share/suii_bringup/hook/cmake_prefix_path.ps1'
[0.930s] INFO:colcon.colcon_core.shell:Creating environment descriptor '/home/suii/colcon_ws/suii/ros2_ws/install/suii_bringup/share/suii_bringup/hook/cmake_prefix_path.dsv'
[0.931s] INFO:colcon.colcon_core.shell:Creating environment hook '/home/suii/colcon_ws/suii/ros2_ws/install/suii_bringup/share/suii_bringup/hook/cmake_prefix_path.sh'
[0.932s] Level 1:colcon.colcon_core.environment:checking '/home/suii/colcon_ws/suii/ros2_ws/install/suii_bringup/bin'
[0.932s] Level 1:colcon.colcon_core.environment:checking '/home/suii/colcon_ws/suii/ros2_ws/install/suii_bringup/lib/pkgconfig/suii_bringup.pc'
[0.933s] Level 1:colcon.colcon_core.environment:checking '/home/suii/colcon_ws/suii/ros2_ws/install/suii_bringup/lib/python3.8/site-packages'
[0.934s] INFO:colcon.colcon_core.shell:Creating package script '/home/suii/colcon_ws/suii/ros2_ws/install/suii_bringup/share/suii_bringup/package.ps1'
[0.935s] INFO:colcon.colcon_core.shell:Creating package descriptor '/home/suii/colcon_ws/suii/ros2_ws/install/suii_bringup/share/suii_bringup/package.dsv'
[0.936s] INFO:colcon.colcon_core.shell:Creating package script '/home/suii/colcon_ws/suii/ros2_ws/install/suii_bringup/share/suii_bringup/package.sh'
[0.937s] INFO:colcon.colcon_core.shell:Creating package script '/home/suii/colcon_ws/suii/ros2_ws/install/suii_bringup/share/suii_bringup/package.bash'
[0.938s] INFO:colcon.colcon_core.shell:Creating package script '/home/suii/colcon_ws/suii/ros2_ws/install/suii_bringup/share/suii_bringup/package.zsh'
[0.938s] Level 1:colcon.colcon_core.environment:create_file_with_runtime_dependencies(/home/suii/colcon_ws/suii/ros2_ws/install/suii_bringup/share/colcon-core/packages/suii_bringup)
[0.940s] Level 1:colcon.colcon_core.environment:create_environment_scripts_only(suii_description)
[0.941s] Level 1:colcon.colcon_core.environment:checking '/home/suii/colcon_ws/suii/ros2_ws/install/suii_description' for CMake module files
[0.942s] Level 1:colcon.colcon_core.environment:checking '/home/suii/colcon_ws/suii/ros2_ws/install/suii_description' for CMake config files
[0.942s] Level 1:colcon.colcon_core.shell:create_environment_hook('suii_description', 'cmake_prefix_path')
[0.943s] INFO:colcon.colcon_core.shell:Creating environment hook '/home/suii/colcon_ws/suii/ros2_ws/install/suii_description/share/suii_description/hook/cmake_prefix_path.ps1'
[0.943s] INFO:colcon.colcon_core.shell:Creating environment descriptor '/home/suii/colcon_ws/suii/ros2_ws/install/suii_description/share/suii_description/hook/cmake_prefix_path.dsv'
[0.944s] INFO:colcon.colcon_core.shell:Creating environment hook '/home/suii/colcon_ws/suii/ros2_ws/install/suii_description/share/suii_description/hook/cmake_prefix_path.sh'
[0.944s] Level 1:colcon.colcon_core.environment:checking '/home/suii/colcon_ws/suii/ros2_ws/install/suii_description/bin'
[0.944s] Level 1:colcon.colcon_core.environment:checking '/home/suii/colcon_ws/suii/ros2_ws/install/suii_description/lib/pkgconfig/suii_description.pc'
[0.945s] Level 1:colcon.colcon_core.environment:checking '/home/suii/colcon_ws/suii/ros2_ws/install/suii_description/lib/python3.8/site-packages'
[0.945s] INFO:colcon.colcon_core.shell:Creating package script '/home/suii/colcon_ws/suii/ros2_ws/install/suii_description/share/suii_description/package.ps1'
[0.946s] INFO:colcon.colcon_core.shell:Creating package descriptor '/home/suii/colcon_ws/suii/ros2_ws/install/suii_description/share/suii_description/package.dsv'
[0.947s] INFO:colcon.colcon_core.shell:Creating package script '/home/suii/colcon_ws/suii/ros2_ws/install/suii_description/share/suii_description/package.sh'
[0.948s] INFO:colcon.colcon_core.shell:Creating package script '/home/suii/colcon_ws/suii/ros2_ws/install/suii_description/share/suii_description/package.bash'
[0.949s] INFO:colcon.colcon_core.shell:Creating package script '/home/suii/colcon_ws/suii/ros2_ws/install/suii_description/share/suii_description/package.zsh'
[0.949s] Level 1:colcon.colcon_core.environment:create_file_with_runtime_dependencies(/home/suii/colcon_ws/suii/ros2_ws/install/suii_description/share/colcon-core/packages/suii_description)
[0.992s] Level 1:colcon.colcon_core.environment:create_environment_scripts_only(suii_communication_ros2)
[0.993s] Level 1:colcon.colcon_core.environment:checking '/home/suii/colcon_ws/suii/ros2_ws/install/suii_communication_ros2' for CMake module files
[0.993s] DEBUG:colcon.colcon_core.event_handler.log_command:Invoked command in '/home/suii/colcon_ws/suii/ros2_ws/build/suii_communication_ros2' returned '0': CMAKE_PREFIX_PATH=${CMAKE_PREFIX_PATH}:/home/suii/colcon_ws/suii/ros2_ws/install/nav_test_package_ros2:/opt/ros/foxy /usr/bin/cmake --install /home/suii/colcon_ws/suii/ros2_ws/build/suii_communication_ros2
[0.994s] Level 1:colcon.colcon_core.environment:checking '/home/suii/colcon_ws/suii/ros2_ws/install/suii_communication_ros2' for CMake config files
[0.994s] Level 1:colcon.colcon_core.shell:create_environment_hook('suii_communication_ros2', 'cmake_prefix_path')
[0.994s] INFO:colcon.colcon_core.shell:Creating environment hook '/home/suii/colcon_ws/suii/ros2_ws/install/suii_communication_ros2/share/suii_communication_ros2/hook/cmake_prefix_path.ps1'
[0.995s] INFO:colcon.colcon_core.shell:Creating environment descriptor '/home/suii/colcon_ws/suii/ros2_ws/install/suii_communication_ros2/share/suii_communication_ros2/hook/cmake_prefix_path.dsv'
[0.995s] INFO:colcon.colcon_core.shell:Creating environment hook '/home/suii/colcon_ws/suii/ros2_ws/install/suii_communication_ros2/share/suii_communication_ros2/hook/cmake_prefix_path.sh'
[0.996s] Level 1:colcon.colcon_core.environment:checking '/home/suii/colcon_ws/suii/ros2_ws/install/suii_communication_ros2/lib'
[0.996s] Level 1:colcon.colcon_core.shell:create_environment_hook('suii_communication_ros2', 'ld_library_path_lib')
[0.997s] INFO:colcon.colcon_core.shell:Creating environment hook '/home/suii/colcon_ws/suii/ros2_ws/install/suii_communication_ros2/share/suii_communication_ros2/hook/ld_library_path_lib.ps1'
[0.997s] INFO:colcon.colcon_core.shell:Creating environment descriptor '/home/suii/colcon_ws/suii/ros2_ws/install/suii_communication_ros2/share/suii_communication_ros2/hook/ld_library_path_lib.dsv'
[0.997s] INFO:colcon.colcon_core.shell:Creating environment hook '/home/suii/colcon_ws/suii/ros2_ws/install/suii_communication_ros2/share/suii_communication_ros2/hook/ld_library_path_lib.sh'
[0.998s] Level 1:colcon.colcon_core.environment:checking '/home/suii/colcon_ws/suii/ros2_ws/install/suii_communication_ros2/bin'
[0.998s] Level 1:colcon.colcon_core.environment:checking '/home/suii/colcon_ws/suii/ros2_ws/install/suii_communication_ros2/lib/pkgconfig/suii_communication_ros2.pc'
[0.998s] Level 1:colcon.colcon_core.environment:checking '/home/suii/colcon_ws/suii/ros2_ws/install/suii_communication_ros2/lib/python3.8/site-packages'
[0.998s] Level 1:colcon.colcon_core.shell:create_environment_hook('suii_communication_ros2', 'pythonpath')
[0.998s] INFO:colcon.colcon_core.shell:Creating environment hook '/home/suii/colcon_ws/suii/ros2_ws/install/suii_communication_ros2/share/suii_communication_ros2/hook/pythonpath.ps1'
[0.999s] INFO:colcon.colcon_core.shell:Creating environment descriptor '/home/suii/colcon_ws/suii/ros2_ws/install/suii_communication_ros2/share/suii_communication_ros2/hook/pythonpath.dsv'
[0.999s] INFO:colcon.colcon_core.shell:Creating environment hook '/home/suii/colcon_ws/suii/ros2_ws/install/suii_communication_ros2/share/suii_communication_ros2/hook/pythonpath.sh'
[1.000s] INFO:colcon.colcon_core.shell:Creating package script '/home/suii/colcon_ws/suii/ros2_ws/install/suii_communication_ros2/share/suii_communication_ros2/package.ps1'
[1.000s] INFO:colcon.colcon_core.shell:Creating package descriptor '/home/suii/colcon_ws/suii/ros2_ws/install/suii_communication_ros2/share/suii_communication_ros2/package.dsv'
[1.001s] INFO:colcon.colcon_core.shell:Creating package script '/home/suii/colcon_ws/suii/ros2_ws/install/suii_communication_ros2/share/suii_communication_ros2/package.sh'
[1.001s] INFO:colcon.colcon_core.shell:Creating package script '/home/suii/colcon_ws/suii/ros2_ws/install/suii_communication_ros2/share/suii_communication_ros2/package.bash'
[1.001s] INFO:colcon.colcon_core.shell:Creating package script '/home/suii/colcon_ws/suii/ros2_ws/install/suii_communication_ros2/share/suii_communication_ros2/package.zsh'
[1.001s] Level 1:colcon.colcon_core.environment:create_file_with_runtime_dependencies(/home/suii/colcon_ws/suii/ros2_ws/install/suii_communication_ros2/share/colcon-core/packages/suii_communication_ros2)
[1.044s] Level 1:colcon.colcon_core.environment:create_environment_scripts_only(suii_communication_ros2)
[1.044s] Level 1:colcon.colcon_core.environment:checking '/home/suii/colcon_ws/suii/ros2_ws/install/suii_communication_ros2' for CMake module files
[1.045s] Level 1:colcon.colcon_core.environment:checking '/home/suii/colcon_ws/suii/ros2_ws/install/suii_communication_ros2' for CMake config files
[1.045s] Level 1:colcon.colcon_core.shell:create_environment_hook('suii_communication_ros2', 'cmake_prefix_path')
[1.046s] INFO:colcon.colcon_core.shell:Creating environment hook '/home/suii/colcon_ws/suii/ros2_ws/install/suii_communication_ros2/share/suii_communication_ros2/hook/cmake_prefix_path.ps1'
[1.046s] INFO:colcon.colcon_core.shell:Creating environment descriptor '/home/suii/colcon_ws/suii/ros2_ws/install/suii_communication_ros2/share/suii_communication_ros2/hook/cmake_prefix_path.dsv'
[1.047s] INFO:colcon.colcon_core.shell:Creating environment hook '/home/suii/colcon_ws/suii/ros2_ws/install/suii_communication_ros2/share/suii_communication_ros2/hook/cmake_prefix_path.sh'
[1.047s] Level 1:colcon.colcon_core.environment:checking '/home/suii/colcon_ws/suii/ros2_ws/install/suii_communication_ros2/lib'
[1.047s] Level 1:colcon.colcon_core.shell:create_environment_hook('suii_communication_ros2', 'ld_library_path_lib')
[1.048s] INFO:colcon.colcon_core.shell:Creating environment hook '/home/suii/colcon_ws/suii/ros2_ws/install/suii_communication_ros2/share/suii_communication_ros2/hook/ld_library_path_lib.ps1'
[1.048s] INFO:colcon.colcon_core.shell:Creating environment descriptor '/home/suii/colcon_ws/suii/ros2_ws/install/suii_communication_ros2/share/suii_communication_ros2/hook/ld_library_path_lib.dsv'
[1.048s] INFO:colcon.colcon_core.shell:Creating environment hook '/home/suii/colcon_ws/suii/ros2_ws/install/suii_communication_ros2/share/suii_communication_ros2/hook/ld_library_path_lib.sh'
[1.048s] Level 1:colcon.colcon_core.environment:checking '/home/suii/colcon_ws/suii/ros2_ws/install/suii_communication_ros2/bin'
[1.049s] Level 1:colcon.colcon_core.environment:checking '/home/suii/colcon_ws/suii/ros2_ws/install/suii_communication_ros2/lib/pkgconfig/suii_communication_ros2.pc'
[1.049s] Level 1:colcon.colcon_core.environment:checking '/home/suii/colcon_ws/suii/ros2_ws/install/suii_communication_ros2/lib/python3.8/site-packages'
[1.049s] Level 1:colcon.colcon_core.shell:create_environment_hook('suii_communication_ros2', 'pythonpath')
[1.049s] INFO:colcon.colcon_core.shell:Creating environment hook '/home/suii/colcon_ws/suii/ros2_ws/install/suii_communication_ros2/share/suii_communication_ros2/hook/pythonpath.ps1'
[1.049s] INFO:colcon.colcon_core.shell:Creating environment descriptor '/home/suii/colcon_ws/suii/ros2_ws/install/suii_communication_ros2/share/suii_communication_ros2/hook/pythonpath.dsv'
[1.050s] INFO:colcon.colcon_core.shell:Creating environment hook '/home/suii/colcon_ws/suii/ros2_ws/install/suii_communication_ros2/share/suii_communication_ros2/hook/pythonpath.sh'
[1.050s] INFO:colcon.colcon_core.shell:Creating package script '/home/suii/colcon_ws/suii/ros2_ws/install/suii_communication_ros2/share/suii_communication_ros2/package.ps1'
[1.051s] INFO:colcon.colcon_core.shell:Creating package descriptor '/home/suii/colcon_ws/suii/ros2_ws/install/suii_communication_ros2/share/suii_communication_ros2/package.dsv'
[1.051s] INFO:colcon.colcon_core.shell:Creating package script '/home/suii/colcon_ws/suii/ros2_ws/install/suii_communication_ros2/share/suii_communication_ros2/package.sh'
[1.052s] INFO:colcon.colcon_core.shell:Creating package script '/home/suii/colcon_ws/suii/ros2_ws/install/suii_communication_ros2/share/suii_communication_ros2/package.bash'
[1.052s] INFO:colcon.colcon_core.shell:Creating package script '/home/suii/colcon_ws/suii/ros2_ws/install/suii_communication_ros2/share/suii_communication_ros2/package.zsh'
[1.052s] Level 1:colcon.colcon_core.environment:create_file_with_runtime_dependencies(/home/suii/colcon_ws/suii/ros2_ws/install/suii_communication_ros2/share/colcon-core/packages/suii_communication_ros2)
[1.084s] DEBUG:colcon.colcon_core.event_handler.log_command:Invoking command in '/home/suii/colcon_ws/suii/ros2_ws/build/suii_msgs': CMAKE_PREFIX_PATH=${CMAKE_PREFIX_PATH}:/home/suii/colcon_ws/suii/ros2_ws/install/nav_test_package_ros2:/opt/ros/foxy /usr/bin/cmake --install /home/suii/colcon_ws/suii/ros2_ws/build/suii_msgs
[1.198s] Level 1:colcon.colcon_core.environment:create_environment_scripts_only(suii_msgs)
[1.199s] Level 1:colcon.colcon_core.environment:checking '/home/suii/colcon_ws/suii/ros2_ws/install/suii_msgs' for CMake module files
[1.200s] DEBUG:colcon.colcon_core.event_handler.log_command:Invoked command in '/home/suii/colcon_ws/suii/ros2_ws/build/suii_msgs' returned '0': CMAKE_PREFIX_PATH=${CMAKE_PREFIX_PATH}:/home/suii/colcon_ws/suii/ros2_ws/install/nav_test_package_ros2:/opt/ros/foxy /usr/bin/cmake --install /home/suii/colcon_ws/suii/ros2_ws/build/suii_msgs
[1.201s] Level 1:colcon.colcon_core.environment:checking '/home/suii/colcon_ws/suii/ros2_ws/install/suii_msgs' for CMake config files
[1.202s] Level 1:colcon.colcon_core.shell:create_environment_hook('suii_msgs', 'cmake_prefix_path')
[1.203s] INFO:colcon.colcon_core.shell:Creating environment hook '/home/suii/colcon_ws/suii/ros2_ws/install/suii_msgs/share/suii_msgs/hook/cmake_prefix_path.ps1'
[1.203s] INFO:colcon.colcon_core.shell:Creating environment descriptor '/home/suii/colcon_ws/suii/ros2_ws/install/suii_msgs/share/suii_msgs/hook/cmake_prefix_path.dsv'
[1.203s] INFO:colcon.colcon_core.shell:Creating environment hook '/home/suii/colcon_ws/suii/ros2_ws/install/suii_msgs/share/suii_msgs/hook/cmake_prefix_path.sh'
[1.204s] Level 1:colcon.colcon_core.environment:checking '/home/suii/colcon_ws/suii/ros2_ws/install/suii_msgs/lib'
[1.204s] Level 1:colcon.colcon_core.shell:create_environment_hook('suii_msgs', 'ld_library_path_lib')
[1.205s] INFO:colcon.colcon_core.shell:Creating environment hook '/home/suii/colcon_ws/suii/ros2_ws/install/suii_msgs/share/suii_msgs/hook/ld_library_path_lib.ps1'
[1.205s] INFO:colcon.colcon_core.shell:Creating environment descriptor '/home/suii/colcon_ws/suii/ros2_ws/install/suii_msgs/share/suii_msgs/hook/ld_library_path_lib.dsv'
[1.205s] INFO:colcon.colcon_core.shell:Creating environment hook '/home/suii/colcon_ws/suii/ros2_ws/install/suii_msgs/share/suii_msgs/hook/ld_library_path_lib.sh'
[1.206s] Level 1:colcon.colcon_core.environment:checking '/home/suii/colcon_ws/suii/ros2_ws/install/suii_msgs/bin'
[1.206s] Level 1:colcon.colcon_core.environment:checking '/home/suii/colcon_ws/suii/ros2_ws/install/suii_msgs/lib/pkgconfig/suii_msgs.pc'
[1.206s] Level 1:colcon.colcon_core.environment:checking '/home/suii/colcon_ws/suii/ros2_ws/install/suii_msgs/lib/python3.8/site-packages'
[1.206s] Level 1:colcon.colcon_core.shell:create_environment_hook('suii_msgs', 'pythonpath')
[1.206s] INFO:colcon.colcon_core.shell:Creating environment hook '/home/suii/colcon_ws/suii/ros2_ws/install/suii_msgs/share/suii_msgs/hook/pythonpath.ps1'
[1.207s] INFO:colcon.colcon_core.shell:Creating environment descriptor '/home/suii/colcon_ws/suii/ros2_ws/install/suii_msgs/share/suii_msgs/hook/pythonpath.dsv'
[1.207s] INFO:colcon.colcon_core.shell:Creating environment hook '/home/suii/colcon_ws/suii/ros2_ws/install/suii_msgs/share/suii_msgs/hook/pythonpath.sh'
[1.208s] INFO:colcon.colcon_core.shell:Creating package script '/home/suii/colcon_ws/suii/ros2_ws/install/suii_msgs/share/suii_msgs/package.ps1'
[1.209s] INFO:colcon.colcon_core.shell:Creating package descriptor '/home/suii/colcon_ws/suii/ros2_ws/install/suii_msgs/share/suii_msgs/package.dsv'
[1.209s] INFO:colcon.colcon_core.shell:Creating package script '/home/suii/colcon_ws/suii/ros2_ws/install/suii_msgs/share/suii_msgs/package.sh'
[1.209s] INFO:colcon.colcon_core.shell:Creating package script '/home/suii/colcon_ws/suii/ros2_ws/install/suii_msgs/share/suii_msgs/package.bash'
[1.210s] INFO:colcon.colcon_core.shell:Creating package script '/home/suii/colcon_ws/suii/ros2_ws/install/suii_msgs/share/suii_msgs/package.zsh'
[1.210s] Level 1:colcon.colcon_core.environment:create_file_with_runtime_dependencies(/home/suii/colcon_ws/suii/ros2_ws/install/suii_msgs/share/colcon-core/packages/suii_msgs)
[1.215s] DEBUG:colcon.colcon_core.event_handler.log_command:Invoked command in '/home/suii/colcon_ws/suii/ros2_ws/build/suii_navigation' returned '0': PYTHONPATH=/home/suii/colcon_ws/suii/ros2_ws/install/suii_navigation/lib/python3.8/site-packages:${PYTHONPATH} /usr/bin/python3 setup.py develop --prefix /home/suii/colcon_ws/suii/ros2_ws/install/suii_navigation --uninstall --editable --build-directory /home/suii/colcon_ws/suii/ros2_ws/build/suii_navigation/build
[1.216s] DEBUG:colcon.colcon_core.event_handler.log_command:Invoking command in '/home/suii/colcon_ws/suii/ros2_ws/src/suii_navigation': PYTHONPATH=/home/suii/colcon_ws/suii/ros2_ws/install/suii_navigation/lib/python3.8/site-packages:${PYTHONPATH} /usr/bin/python3 setup.py egg_info --egg-base ../../build/suii_navigation build --build-base /home/suii/colcon_ws/suii/ros2_ws/build/suii_navigation/build install --prefix /home/suii/colcon_ws/suii/ros2_ws/install/suii_navigation --record /home/suii/colcon_ws/suii/ros2_ws/build/suii_navigation/install.log --single-version-externally-managed
[1.428s] Level 1:colcon.colcon_core.environment:create_environment_scripts_only(suii_msgs)
[1.429s] Level 1:colcon.colcon_core.environment:checking '/home/suii/colcon_ws/suii/ros2_ws/install/suii_msgs' for CMake module files
[1.429s] Level 1:colcon.colcon_core.environment:checking '/home/suii/colcon_ws/suii/ros2_ws/install/suii_msgs' for CMake config files
[1.431s] Level 1:colcon.colcon_core.shell:create_environment_hook('suii_msgs', 'cmake_prefix_path')
[1.431s] INFO:colcon.colcon_core.shell:Creating environment hook '/home/suii/colcon_ws/suii/ros2_ws/install/suii_msgs/share/suii_msgs/hook/cmake_prefix_path.ps1'
[1.431s] INFO:colcon.colcon_core.shell:Creating environment descriptor '/home/suii/colcon_ws/suii/ros2_ws/install/suii_msgs/share/suii_msgs/hook/cmake_prefix_path.dsv'
[1.432s] INFO:colcon.colcon_core.shell:Creating environment hook '/home/suii/colcon_ws/suii/ros2_ws/install/suii_msgs/share/suii_msgs/hook/cmake_prefix_path.sh'
[1.432s] Level 1:colcon.colcon_core.environment:checking '/home/suii/colcon_ws/suii/ros2_ws/install/suii_msgs/lib'
[1.432s] Level 1:colcon.colcon_core.shell:create_environment_hook('suii_msgs', 'ld_library_path_lib')
[1.433s] INFO:colcon.colcon_core.shell:Creating environment hook '/home/suii/colcon_ws/suii/ros2_ws/install/suii_msgs/share/suii_msgs/hook/ld_library_path_lib.ps1'
[1.433s] INFO:colcon.colcon_core.shell:Creating environment descriptor '/home/suii/colcon_ws/suii/ros2_ws/install/suii_msgs/share/suii_msgs/hook/ld_library_path_lib.dsv'
[1.433s] INFO:colcon.colcon_core.shell:Creating environment hook '/home/suii/colcon_ws/suii/ros2_ws/install/suii_msgs/share/suii_msgs/hook/ld_library_path_lib.sh'
[1.434s] Level 1:colcon.colcon_core.environment:checking '/home/suii/colcon_ws/suii/ros2_ws/install/suii_msgs/bin'
[1.434s] Level 1:colcon.colcon_core.environment:checking '/home/suii/colcon_ws/suii/ros2_ws/install/suii_msgs/lib/pkgconfig/suii_msgs.pc'
[1.434s] Level 1:colcon.colcon_core.environment:checking '/home/suii/colcon_ws/suii/ros2_ws/install/suii_msgs/lib/python3.8/site-packages'
[1.434s] Level 1:colcon.colcon_core.shell:create_environment_hook('suii_msgs', 'pythonpath')
[1.435s] INFO:colcon.colcon_core.shell:Creating environment hook '/home/suii/colcon_ws/suii/ros2_ws/install/suii_msgs/share/suii_msgs/hook/pythonpath.ps1'
[1.435s] INFO:colcon.colcon_core.shell:Creating environment descriptor '/home/suii/colcon_ws/suii/ros2_ws/install/suii_msgs/share/suii_msgs/hook/pythonpath.dsv'
[1.435s] INFO:colcon.colcon_core.shell:Creating environment hook '/home/suii/colcon_ws/suii/ros2_ws/install/suii_msgs/share/suii_msgs/hook/pythonpath.sh'
[1.436s] INFO:colcon.colcon_core.shell:Creating package script '/home/suii/colcon_ws/suii/ros2_ws/install/suii_msgs/share/suii_msgs/package.ps1'
[1.437s] INFO:colcon.colcon_core.shell:Creating package descriptor '/home/suii/colcon_ws/suii/ros2_ws/install/suii_msgs/share/suii_msgs/package.dsv'
[1.437s] INFO:colcon.colcon_core.shell:Creating package script '/home/suii/colcon_ws/suii/ros2_ws/install/suii_msgs/share/suii_msgs/package.sh'
[1.438s] INFO:colcon.colcon_core.shell:Creating package script '/home/suii/colcon_ws/suii/ros2_ws/install/suii_msgs/share/suii_msgs/package.bash'
[1.438s] INFO:colcon.colcon_core.shell:Creating package script '/home/suii/colcon_ws/suii/ros2_ws/install/suii_msgs/share/suii_msgs/package.zsh'
[1.439s] Level 1:colcon.colcon_core.environment:create_file_with_runtime_dependencies(/home/suii/colcon_ws/suii/ros2_ws/install/suii_msgs/share/colcon-core/packages/suii_msgs)
[1.439s] INFO:colcon.colcon_ros.task.ament_python.build:Building ROS package in '/home/suii/colcon_ws/suii/ros2_ws/src/nav_test_package_ros2' with build type 'ament_python'
[1.439s] Level 1:colcon.colcon_core.shell:create_environment_hook('nav_test_package_ros2', 'ament_prefix_path')
[1.440s] INFO:colcon.colcon_core.shell:Creating environment hook '/home/suii/colcon_ws/suii/ros2_ws/install/nav_test_package_ros2/share/nav_test_package_ros2/hook/ament_prefix_path.ps1'
[1.440s] INFO:colcon.colcon_core.shell:Creating environment descriptor '/home/suii/colcon_ws/suii/ros2_ws/install/nav_test_package_ros2/share/nav_test_package_ros2/hook/ament_prefix_path.dsv'
[1.441s] INFO:colcon.colcon_core.shell:Creating environment hook '/home/suii/colcon_ws/suii/ros2_ws/install/nav_test_package_ros2/share/nav_test_package_ros2/hook/ament_prefix_path.sh'
[1.441s] INFO:colcon.colcon_core.shell:Skip shell extension 'powershell' for command environment: Not usable outside of PowerShell
[1.441s] DEBUG:colcon.colcon_core.shell:Skip shell extension 'dsv' for command environment
[1.443s] DEBUG:colcon.colcon_core.shell:Ignoring prefix path '/opt/ros/foxy'
[1.445s] INFO:colcon.colcon_ros.task.ament_cmake.build:Building ROS package in '/home/suii/colcon_ws/suii/ros2_ws/src/ros1_bridge' with build type 'ament_cmake'
[1.446s] INFO:colcon.colcon_cmake.task.cmake.build:Building CMake package in '/home/suii/colcon_ws/suii/ros2_ws/src/ros1_bridge'
[1.447s] INFO:colcon.colcon_core.shell:Skip shell extension 'powershell' for command environment: Not usable outside of PowerShell
[1.447s] DEBUG:colcon.colcon_core.shell:Skip shell extension 'dsv' for command environment
[1.450s] DEBUG:colcon.colcon_core.shell:Ignoring prefix path '/opt/ros/foxy'
[1.652s] INFO:colcon.colcon_core.task.python.build:Building Python package in '/home/suii/colcon_ws/suii/ros2_ws/src/nav_test_package_ros2'
[1.653s] INFO:colcon.colcon_core.shell:Skip shell extension 'powershell' for command environment: Not usable outside of PowerShell
[1.653s] DEBUG:colcon.colcon_core.shell:Skip shell extension 'dsv' for command environment
[1.655s] DEBUG:colcon.colcon_core.shell:Ignoring prefix path '/opt/ros/foxy'
[1.664s] Level 1:colcon.colcon_core.environment:checking '/home/suii/colcon_ws/suii/ros2_ws/install/suii_navigation' for CMake module files
[1.665s] Level 1:colcon.colcon_core.environment:checking '/home/suii/colcon_ws/suii/ros2_ws/install/suii_navigation' for CMake config files
[1.665s] DEBUG:colcon.colcon_core.event_handler.log_command:Invoking command in '/home/suii/colcon_ws/suii/ros2_ws/build/ros1_bridge': CMAKE_PREFIX_PATH=/home/suii/colcon_ws/suii/ros2_ws/install/suii_msgs:/home/suii/colcon_ws/suii/ros2_ws/install/suii_communication_ros2:/home/suii/colcon_ws/suii/ros2_ws/install/suii_description:/home/suii/colcon_ws/suii/ros2_ws/install/ros1_bridge:/home/suii/colcon_ws/suii/ros2_ws/install/suii_bringup:/home/suii/colcon_ws/suii/ros2_ws/install/nav_test_package_ros2:/opt/ros/foxy PYTHONPATH=/home/suii/colcon_ws/suii/ros2_ws/install/suii_msgs/lib/python3.8/site-packages:/home/suii/colcon_ws/suii/ros2_ws/install/suii_communication_ros2/lib/python3.8/site-packages:/home/suii/colcon_ws/suii/ros2_ws/install/suii_navigation/lib/python3.8/site-packages:/home/suii/colcon_ws/suii/ros2_ws/install/nav_test_package_ros2/lib/python3.8/site-packages:/opt/ros/foxy/lib/python3.8/site-packages /usr/bin/cmake --build /home/suii/colcon_ws/suii/ros2_ws/build/ros1_bridge -- -j8 -l8
[1.665s] DEBUG:colcon.colcon_core.event_handler.log_command:Invoked command in '/home/suii/colcon_ws/suii/ros2_ws/src/suii_navigation' returned '0': PYTHONPATH=/home/suii/colcon_ws/suii/ros2_ws/install/suii_navigation/lib/python3.8/site-packages:${PYTHONPATH} /usr/bin/python3 setup.py egg_info --egg-base ../../build/suii_navigation build --build-base /home/suii/colcon_ws/suii/ros2_ws/build/suii_navigation/build install --prefix /home/suii/colcon_ws/suii/ros2_ws/install/suii_navigation --record /home/suii/colcon_ws/suii/ros2_ws/build/suii_navigation/install.log --single-version-externally-managed
[1.666s] Level 1:colcon.colcon_core.environment:checking '/home/suii/colcon_ws/suii/ros2_ws/install/suii_navigation/lib'
[1.666s] Level 1:colcon.colcon_core.environment:checking '/home/suii/colcon_ws/suii/ros2_ws/install/suii_navigation/bin'
[1.666s] Level 1:colcon.colcon_core.environment:checking '/home/suii/colcon_ws/suii/ros2_ws/install/suii_navigation/lib/pkgconfig/suii_navigation.pc'
[1.666s] Level 1:colcon.colcon_core.environment:checking '/home/suii/colcon_ws/suii/ros2_ws/install/suii_navigation/lib/python3.8/site-packages'
[1.666s] Level 1:colcon.colcon_core.shell:create_environment_hook('suii_navigation', 'pythonpath')
[1.667s] INFO:colcon.colcon_core.shell:Creating environment hook '/home/suii/colcon_ws/suii/ros2_ws/install/suii_navigation/share/suii_navigation/hook/pythonpath.ps1'
[1.667s] INFO:colcon.colcon_core.shell:Creating environment descriptor '/home/suii/colcon_ws/suii/ros2_ws/install/suii_navigation/share/suii_navigation/hook/pythonpath.dsv'
[1.668s] INFO:colcon.colcon_core.shell:Creating environment hook '/home/suii/colcon_ws/suii/ros2_ws/install/suii_navigation/share/suii_navigation/hook/pythonpath.sh'
[1.668s] Level 1:colcon.colcon_core.environment:create_environment_scripts_only(suii_navigation)
[1.668s] INFO:colcon.colcon_core.shell:Creating package script '/home/suii/colcon_ws/suii/ros2_ws/install/suii_navigation/share/suii_navigation/package.ps1'
[1.669s] INFO:colcon.colcon_core.shell:Creating package descriptor '/home/suii/colcon_ws/suii/ros2_ws/install/suii_navigation/share/suii_navigation/package.dsv'
[1.669s] INFO:colcon.colcon_core.shell:Creating package script '/home/suii/colcon_ws/suii/ros2_ws/install/suii_navigation/share/suii_navigation/package.sh'
[1.669s] INFO:colcon.colcon_core.shell:Creating package script '/home/suii/colcon_ws/suii/ros2_ws/install/suii_navigation/share/suii_navigation/package.bash'
[1.670s] INFO:colcon.colcon_core.shell:Creating package script '/home/suii/colcon_ws/suii/ros2_ws/install/suii_navigation/share/suii_navigation/package.zsh'
[1.670s] Level 1:colcon.colcon_core.environment:create_file_with_runtime_dependencies(/home/suii/colcon_ws/suii/ros2_ws/install/suii_navigation/share/colcon-core/packages/suii_navigation)
[1.675s] DEBUG:colcon.colcon_core.event_handler.log_command:Invoking command in '/home/suii/colcon_ws/suii/ros2_ws/build/nav_test_package_ros2': CMAKE_PREFIX_PATH=/home/suii/colcon_ws/suii/ros2_ws/install/suii_msgs:/home/suii/colcon_ws/suii/ros2_ws/install/suii_description:/home/suii/colcon_ws/suii/ros2_ws/install/ros1_bridge:/home/suii/colcon_ws/suii/ros2_ws/install/suii_communication_ros2:/home/suii/colcon_ws/suii/ros2_ws/install/suii_bringup PYTHONPATH=/home/suii/colcon_ws/suii/ros2_ws/install/nav_test_package_ros2/lib/python3.8/site-packages:/home/suii/colcon_ws/suii/ros2_ws/install/suii_msgs/lib/python3.8/site-packages:/home/suii/colcon_ws/suii/ros2_ws/install/suii_navigation/lib/python3.8/site-packages:/home/suii/colcon_ws/suii/ros2_ws/install/nav_test_package_ros2/lib/python3.8/site-packages:/home/suii/colcon_ws/suii/ros2_ws/install/suii_communication_ros2/lib/python3.8/site-packages:/opt/ros/foxy/lib/python3.8/site-packages /usr/bin/python3 setup.py develop --prefix /home/suii/colcon_ws/suii/ros2_ws/install/nav_test_package_ros2 --uninstall --editable --build-directory /home/suii/colcon_ws/suii/ros2_ws/build/nav_test_package_ros2/build
[1.702s] DEBUG:colcon.colcon_core.event_handler.log_command:Invoked command in '/home/suii/colcon_ws/suii/ros2_ws/build/ros1_bridge' returned '0': CMAKE_PREFIX_PATH=/home/suii/colcon_ws/suii/ros2_ws/install/suii_msgs:/home/suii/colcon_ws/suii/ros2_ws/install/suii_communication_ros2:/home/suii/colcon_ws/suii/ros2_ws/install/suii_description:/home/suii/colcon_ws/suii/ros2_ws/install/ros1_bridge:/home/suii/colcon_ws/suii/ros2_ws/install/suii_bringup:/home/suii/colcon_ws/suii/ros2_ws/install/nav_test_package_ros2:/opt/ros/foxy PYTHONPATH=/home/suii/colcon_ws/suii/ros2_ws/install/suii_msgs/lib/python3.8/site-packages:/home/suii/colcon_ws/suii/ros2_ws/install/suii_communication_ros2/lib/python3.8/site-packages:/home/suii/colcon_ws/suii/ros2_ws/install/suii_navigation/lib/python3.8/site-packages:/home/suii/colcon_ws/suii/ros2_ws/install/nav_test_package_ros2/lib/python3.8/site-packages:/opt/ros/foxy/lib/python3.8/site-packages /usr/bin/cmake --build /home/suii/colcon_ws/suii/ros2_ws/build/ros1_bridge -- -j8 -l8
[1.724s] DEBUG:colcon.colcon_core.event_handler.log_command:Invoking command in '/home/suii/colcon_ws/suii/ros2_ws/build/ros1_bridge': CMAKE_PREFIX_PATH=/home/suii/colcon_ws/suii/ros2_ws/install/suii_msgs:/home/suii/colcon_ws/suii/ros2_ws/install/suii_communication_ros2:/home/suii/colcon_ws/suii/ros2_ws/install/suii_description:/home/suii/colcon_ws/suii/ros2_ws/install/ros1_bridge:/home/suii/colcon_ws/suii/ros2_ws/install/suii_bringup:/home/suii/colcon_ws/suii/ros2_ws/install/nav_test_package_ros2:/opt/ros/foxy PYTHONPATH=/home/suii/colcon_ws/suii/ros2_ws/install/suii_msgs/lib/python3.8/site-packages:/home/suii/colcon_ws/suii/ros2_ws/install/suii_communication_ros2/lib/python3.8/site-packages:/home/suii/colcon_ws/suii/ros2_ws/install/suii_navigation/lib/python3.8/site-packages:/home/suii/colcon_ws/suii/ros2_ws/install/nav_test_package_ros2/lib/python3.8/site-packages:/opt/ros/foxy/lib/python3.8/site-packages /usr/bin/cmake --install /home/suii/colcon_ws/suii/ros2_ws/build/ros1_bridge
[1.746s] Level 1:colcon.colcon_core.environment:create_environment_scripts_only(ros1_bridge)
[1.748s] Level 1:colcon.colcon_core.environment:checking '/home/suii/colcon_ws/suii/ros2_ws/install/ros1_bridge' for CMake module files
[1.748s] DEBUG:colcon.colcon_core.event_handler.log_command:Invoked command in '/home/suii/colcon_ws/suii/ros2_ws/build/ros1_bridge' returned '0': CMAKE_PREFIX_PATH=/home/suii/colcon_ws/suii/ros2_ws/install/suii_msgs:/home/suii/colcon_ws/suii/ros2_ws/install/suii_communication_ros2:/home/suii/colcon_ws/suii/ros2_ws/install/suii_description:/home/suii/colcon_ws/suii/ros2_ws/install/ros1_bridge:/home/suii/colcon_ws/suii/ros2_ws/install/suii_bringup:/home/suii/colcon_ws/suii/ros2_ws/install/nav_test_package_ros2:/opt/ros/foxy PYTHONPATH=/home/suii/colcon_ws/suii/ros2_ws/install/suii_msgs/lib/python3.8/site-packages:/home/suii/colcon_ws/suii/ros2_ws/install/suii_communication_ros2/lib/python3.8/site-packages:/home/suii/colcon_ws/suii/ros2_ws/install/suii_navigation/lib/python3.8/site-packages:/home/suii/colcon_ws/suii/ros2_ws/install/nav_test_package_ros2/lib/python3.8/site-packages:/opt/ros/foxy/lib/python3.8/site-packages /usr/bin/cmake --install /home/suii/colcon_ws/suii/ros2_ws/build/ros1_bridge
[1.748s] Level 1:colcon.colcon_core.environment:checking '/home/suii/colcon_ws/suii/ros2_ws/install/ros1_bridge' for CMake config files
[1.749s] Level 1:colcon.colcon_core.shell:create_environment_hook('ros1_bridge', 'cmake_prefix_path')
[1.749s] INFO:colcon.colcon_core.shell:Creating environment hook '/home/suii/colcon_ws/suii/ros2_ws/install/ros1_bridge/share/ros1_bridge/hook/cmake_prefix_path.ps1'
[1.750s] INFO:colcon.colcon_core.shell:Creating environment descriptor '/home/suii/colcon_ws/suii/ros2_ws/install/ros1_bridge/share/ros1_bridge/hook/cmake_prefix_path.dsv'
[1.750s] INFO:colcon.colcon_core.shell:Creating environment hook '/home/suii/colcon_ws/suii/ros2_ws/install/ros1_bridge/share/ros1_bridge/hook/cmake_prefix_path.sh'
[1.750s] Level 1:colcon.colcon_core.environment:checking '/home/suii/colcon_ws/suii/ros2_ws/install/ros1_bridge/bin'
[1.750s] Level 1:colcon.colcon_core.environment:checking '/home/suii/colcon_ws/suii/ros2_ws/install/ros1_bridge/lib/pkgconfig/ros1_bridge.pc'
[1.750s] Level 1:colcon.colcon_core.environment:checking '/home/suii/colcon_ws/suii/ros2_ws/install/ros1_bridge/lib/python3.8/site-packages'
[1.751s] INFO:colcon.colcon_core.shell:Creating package script '/home/suii/colcon_ws/suii/ros2_ws/install/ros1_bridge/share/ros1_bridge/package.ps1'
[1.751s] INFO:colcon.colcon_core.shell:Creating package descriptor '/home/suii/colcon_ws/suii/ros2_ws/install/ros1_bridge/share/ros1_bridge/package.dsv'
[1.752s] INFO:colcon.colcon_core.shell:Creating package script '/home/suii/colcon_ws/suii/ros2_ws/install/ros1_bridge/share/ros1_bridge/package.sh'
[1.752s] INFO:colcon.colcon_core.shell:Creating package script '/home/suii/colcon_ws/suii/ros2_ws/install/ros1_bridge/share/ros1_bridge/package.bash'
[1.752s] INFO:colcon.colcon_core.shell:Creating package script '/home/suii/colcon_ws/suii/ros2_ws/install/ros1_bridge/share/ros1_bridge/package.zsh'
[1.753s] Level 1:colcon.colcon_core.environment:create_file_with_runtime_dependencies(/home/suii/colcon_ws/suii/ros2_ws/install/ros1_bridge/share/colcon-core/packages/ros1_bridge)
[1.773s] Level 1:colcon.colcon_core.environment:create_environment_scripts_only(ros1_bridge)
[1.774s] Level 1:colcon.colcon_core.environment:checking '/home/suii/colcon_ws/suii/ros2_ws/install/ros1_bridge' for CMake module files
[1.775s] Level 1:colcon.colcon_core.environment:checking '/home/suii/colcon_ws/suii/ros2_ws/install/ros1_bridge' for CMake config files
[1.775s] Level 1:colcon.colcon_core.shell:create_environment_hook('ros1_bridge', 'cmake_prefix_path')
[1.775s] INFO:colcon.colcon_core.shell:Creating environment hook '/home/suii/colcon_ws/suii/ros2_ws/install/ros1_bridge/share/ros1_bridge/hook/cmake_prefix_path.ps1'
[1.776s] INFO:colcon.colcon_core.shell:Creating environment descriptor '/home/suii/colcon_ws/suii/ros2_ws/install/ros1_bridge/share/ros1_bridge/hook/cmake_prefix_path.dsv'
[1.776s] INFO:colcon.colcon_core.shell:Creating environment hook '/home/suii/colcon_ws/suii/ros2_ws/install/ros1_bridge/share/ros1_bridge/hook/cmake_prefix_path.sh'
[1.776s] Level 1:colcon.colcon_core.environment:checking '/home/suii/colcon_ws/suii/ros2_ws/install/ros1_bridge/bin'
[1.777s] Level 1:colcon.colcon_core.environment:checking '/home/suii/colcon_ws/suii/ros2_ws/install/ros1_bridge/lib/pkgconfig/ros1_bridge.pc'
[1.777s] Level 1:colcon.colcon_core.environment:checking '/home/suii/colcon_ws/suii/ros2_ws/install/ros1_bridge/lib/python3.8/site-packages'
[1.777s] INFO:colcon.colcon_core.shell:Creating package script '/home/suii/colcon_ws/suii/ros2_ws/install/ros1_bridge/share/ros1_bridge/package.ps1'
[1.778s] INFO:colcon.colcon_core.shell:Creating package descriptor '/home/suii/colcon_ws/suii/ros2_ws/install/ros1_bridge/share/ros1_bridge/package.dsv'
[1.778s] INFO:colcon.colcon_core.shell:Creating package script '/home/suii/colcon_ws/suii/ros2_ws/install/ros1_bridge/share/ros1_bridge/package.sh'
[1.778s] INFO:colcon.colcon_core.shell:Creating package script '/home/suii/colcon_ws/suii/ros2_ws/install/ros1_bridge/share/ros1_bridge/package.bash'
[1.779s] INFO:colcon.colcon_core.shell:Creating package script '/home/suii/colcon_ws/suii/ros2_ws/install/ros1_bridge/share/ros1_bridge/package.zsh'
[1.779s] Level 1:colcon.colcon_core.environment:create_file_with_runtime_dependencies(/home/suii/colcon_ws/suii/ros2_ws/install/ros1_bridge/share/colcon-core/packages/ros1_bridge)
[2.018s] DEBUG:colcon.colcon_core.event_handler.log_command:Invoked command in '/home/suii/colcon_ws/suii/ros2_ws/build/nav_test_package_ros2' returned '0': CMAKE_PREFIX_PATH=/home/suii/colcon_ws/suii/ros2_ws/install/suii_msgs:/home/suii/colcon_ws/suii/ros2_ws/install/suii_description:/home/suii/colcon_ws/suii/ros2_ws/install/ros1_bridge:/home/suii/colcon_ws/suii/ros2_ws/install/suii_communication_ros2:/home/suii/colcon_ws/suii/ros2_ws/install/suii_bringup PYTHONPATH=/home/suii/colcon_ws/suii/ros2_ws/install/nav_test_package_ros2/lib/python3.8/site-packages:/home/suii/colcon_ws/suii/ros2_ws/install/suii_msgs/lib/python3.8/site-packages:/home/suii/colcon_ws/suii/ros2_ws/install/suii_navigation/lib/python3.8/site-packages:/home/suii/colcon_ws/suii/ros2_ws/install/nav_test_package_ros2/lib/python3.8/site-packages:/home/suii/colcon_ws/suii/ros2_ws/install/suii_communication_ros2/lib/python3.8/site-packages:/opt/ros/foxy/lib/python3.8/site-packages /usr/bin/python3 setup.py develop --prefix /home/suii/colcon_ws/suii/ros2_ws/install/nav_test_package_ros2 --uninstall --editable --build-directory /home/suii/colcon_ws/suii/ros2_ws/build/nav_test_package_ros2/build
[2.018s] DEBUG:colcon.colcon_core.event_handler.log_command:Invoking command in '/home/suii/colcon_ws/suii/ros2_ws/src/nav_test_package_ros2': CMAKE_PREFIX_PATH=/home/suii/colcon_ws/suii/ros2_ws/install/suii_msgs:/home/suii/colcon_ws/suii/ros2_ws/install/suii_description:/home/suii/colcon_ws/suii/ros2_ws/install/ros1_bridge:/home/suii/colcon_ws/suii/ros2_ws/install/suii_communication_ros2:/home/suii/colcon_ws/suii/ros2_ws/install/suii_bringup PYTHONPATH=/home/suii/colcon_ws/suii/ros2_ws/install/nav_test_package_ros2/lib/python3.8/site-packages:/home/suii/colcon_ws/suii/ros2_ws/install/suii_msgs/lib/python3.8/site-packages:/home/suii/colcon_ws/suii/ros2_ws/install/suii_navigation/lib/python3.8/site-packages:/home/suii/colcon_ws/suii/ros2_ws/install/nav_test_package_ros2/lib/python3.8/site-packages:/home/suii/colcon_ws/suii/ros2_ws/install/suii_communication_ros2/lib/python3.8/site-packages:/opt/ros/foxy/lib/python3.8/site-packages /usr/bin/python3 setup.py egg_info --egg-base ../../build/nav_test_package_ros2 build --build-base /home/suii/colcon_ws/suii/ros2_ws/build/nav_test_package_ros2/build install --prefix /home/suii/colcon_ws/suii/ros2_ws/install/nav_test_package_ros2 --record /home/suii/colcon_ws/suii/ros2_ws/build/nav_test_package_ros2/install.log --single-version-externally-managed
[2.264s] Level 1:colcon.colcon_core.environment:checking '/home/suii/colcon_ws/suii/ros2_ws/install/nav_test_package_ros2' for CMake module files
[2.264s] DEBUG:colcon.colcon_core.event_handler.log_command:Invoked command in '/home/suii/colcon_ws/suii/ros2_ws/src/nav_test_package_ros2' returned '0': CMAKE_PREFIX_PATH=/home/suii/colcon_ws/suii/ros2_ws/install/suii_msgs:/home/suii/colcon_ws/suii/ros2_ws/install/suii_description:/home/suii/colcon_ws/suii/ros2_ws/install/ros1_bridge:/home/suii/colcon_ws/suii/ros2_ws/install/suii_communication_ros2:/home/suii/colcon_ws/suii/ros2_ws/install/suii_bringup PYTHONPATH=/home/suii/colcon_ws/suii/ros2_ws/install/nav_test_package_ros2/lib/python3.8/site-packages:/home/suii/colcon_ws/suii/ros2_ws/install/suii_msgs/lib/python3.8/site-packages:/home/suii/colcon_ws/suii/ros2_ws/install/suii_navigation/lib/python3.8/site-packages:/home/suii/colcon_ws/suii/ros2_ws/install/nav_test_package_ros2/lib/python3.8/site-packages:/home/suii/colcon_ws/suii/ros2_ws/install/suii_communication_ros2/lib/python3.8/site-packages:/opt/ros/foxy/lib/python3.8/site-packages /usr/bin/python3 setup.py egg_info --egg-base ../../build/nav_test_package_ros2 build --build-base /home/suii/colcon_ws/suii/ros2_ws/build/nav_test_package_ros2/build install --prefix /home/suii/colcon_ws/suii/ros2_ws/install/nav_test_package_ros2 --record /home/suii/colcon_ws/suii/ros2_ws/build/nav_test_package_ros2/install.log --single-version-externally-managed
[2.264s] Level 1:colcon.colcon_core.environment:checking '/home/suii/colcon_ws/suii/ros2_ws/install/nav_test_package_ros2' for CMake config files
[2.265s] Level 1:colcon.colcon_core.environment:checking '/home/suii/colcon_ws/suii/ros2_ws/install/nav_test_package_ros2/lib'
[2.265s] Level 1:colcon.colcon_core.environment:checking '/home/suii/colcon_ws/suii/ros2_ws/install/nav_test_package_ros2/bin'
[2.265s] Level 1:colcon.colcon_core.environment:checking '/home/suii/colcon_ws/suii/ros2_ws/install/nav_test_package_ros2/lib/pkgconfig/nav_test_package_ros2.pc'
[2.265s] Level 1:colcon.colcon_core.environment:checking '/home/suii/colcon_ws/suii/ros2_ws/install/nav_test_package_ros2/lib/python3.8/site-packages'
[2.265s] Level 1:colcon.colcon_core.shell:create_environment_hook('nav_test_package_ros2', 'pythonpath')
[2.266s] INFO:colcon.colcon_core.shell:Creating environment hook '/home/suii/colcon_ws/suii/ros2_ws/install/nav_test_package_ros2/share/nav_test_package_ros2/hook/pythonpath.ps1'
[2.266s] INFO:colcon.colcon_core.shell:Creating environment descriptor '/home/suii/colcon_ws/suii/ros2_ws/install/nav_test_package_ros2/share/nav_test_package_ros2/hook/pythonpath.dsv'
[2.267s] INFO:colcon.colcon_core.shell:Creating environment hook '/home/suii/colcon_ws/suii/ros2_ws/install/nav_test_package_ros2/share/nav_test_package_ros2/hook/pythonpath.sh'
[2.267s] Level 1:colcon.colcon_core.environment:create_environment_scripts_only(nav_test_package_ros2)
[2.268s] INFO:colcon.colcon_core.shell:Creating package script '/home/suii/colcon_ws/suii/ros2_ws/install/nav_test_package_ros2/share/nav_test_package_ros2/package.ps1'
[2.268s] INFO:colcon.colcon_core.shell:Creating package descriptor '/home/suii/colcon_ws/suii/ros2_ws/install/nav_test_package_ros2/share/nav_test_package_ros2/package.dsv'
[2.268s] INFO:colcon.colcon_core.shell:Creating package script '/home/suii/colcon_ws/suii/ros2_ws/install/nav_test_package_ros2/share/nav_test_package_ros2/package.sh'
[2.269s] INFO:colcon.colcon_core.shell:Creating package script '/home/suii/colcon_ws/suii/ros2_ws/install/nav_test_package_ros2/share/nav_test_package_ros2/package.bash'
[2.269s] INFO:colcon.colcon_core.shell:Creating package script '/home/suii/colcon_ws/suii/ros2_ws/install/nav_test_package_ros2/share/nav_test_package_ros2/package.zsh'
[2.269s] Level 1:colcon.colcon_core.environment:create_file_with_runtime_dependencies(/home/suii/colcon_ws/suii/ros2_ws/install/nav_test_package_ros2/share/colcon-core/packages/nav_test_package_ros2)
[2.270s] DEBUG:colcon.colcon_parallel_executor.executor.parallel:closing loop
[2.270s] DEBUG:colcon.colcon_parallel_executor.executor.parallel:loop closed
[2.270s] DEBUG:colcon.colcon_parallel_executor.executor.parallel:run_until_complete finished with '0'
[2.270s] DEBUG:colcon.colcon_core.event_reactor:joining thread
[2.276s] INFO:colcon.colcon_core.plugin_system:Skipping extension 'colcon_notification.desktop_notification.terminal_notifier': Not used on non-Darwin systems
[2.276s] INFO:colcon.colcon_core.plugin_system:Skipping extension 'colcon_notification.desktop_notification.win32': Not used on non-Windows systems
[2.276s] INFO:colcon.colcon_notification.desktop_notification:Sending desktop notification using 'notify2'
[2.289s] DEBUG:colcon.colcon_core.event_reactor:joined thread
[2.290s] INFO:colcon.colcon_core.shell:Creating prefix script '/home/suii/colcon_ws/suii/ros2_ws/install/local_setup.ps1'
[2.291s] INFO:colcon.colcon_core.shell:Creating prefix util module '/home/suii/colcon_ws/suii/ros2_ws/install/_local_setup_util_ps1.py'
[2.292s] INFO:colcon.colcon_core.shell:Creating prefix chain script '/home/suii/colcon_ws/suii/ros2_ws/install/setup.ps1'
[2.295s] INFO:colcon.colcon_core.shell:Creating prefix script '/home/suii/colcon_ws/suii/ros2_ws/install/local_setup.sh'
[2.295s] INFO:colcon.colcon_core.shell:Creating prefix util module '/home/suii/colcon_ws/suii/ros2_ws/install/_local_setup_util_sh.py'
[2.296s] INFO:colcon.colcon_core.shell:Creating prefix chain script '/home/suii/colcon_ws/suii/ros2_ws/install/setup.sh'
[2.299s] INFO:colcon.colcon_core.shell:Creating prefix script '/home/suii/colcon_ws/suii/ros2_ws/install/local_setup.bash'
[2.300s] INFO:colcon.colcon_core.shell:Creating prefix chain script '/home/suii/colcon_ws/suii/ros2_ws/install/setup.bash'
[2.302s] INFO:colcon.colcon_core.shell:Creating prefix script '/home/suii/colcon_ws/suii/ros2_ws/install/local_setup.zsh'
[2.303s] INFO:colcon.colcon_core.shell:Creating prefix chain script '/home/suii/colcon_ws/suii/ros2_ws/install/setup.zsh'
