[0.299s] Invoking command in '/home/suii/colcon_ws/suii/ros2_ws/build/suii_navigation': PYTHONPATH=/home/suii/colcon_ws/suii/ros2_ws/install/suii_navigation/lib/python3.8/site-packages:${PYTHONPATH} /usr/bin/python3 setup.py develop --prefix /home/suii/colcon_ws/suii/ros2_ws/install/suii_navigation --uninstall --editable --build-directory /home/suii/colcon_ws/suii/ros2_ws/build/suii_navigation/build
[0.577s] running develop
[0.736s] Invoked command in '/home/suii/colcon_ws/suii/ros2_ws/build/suii_navigation' returned '0': PYTHONPATH=/home/suii/colcon_ws/suii/ros2_ws/install/suii_navigation/lib/python3.8/site-packages:${PYTHONPATH} /usr/bin/python3 setup.py develop --prefix /home/suii/colcon_ws/suii/ros2_ws/install/suii_navigation --uninstall --editable --build-directory /home/suii/colcon_ws/suii/ros2_ws/build/suii_navigation/build
[0.737s] Invoking command in '/home/suii/colcon_ws/suii/ros2_ws/src/suii_navigation': PYTHONPATH=/home/suii/colcon_ws/suii/ros2_ws/install/suii_navigation/lib/python3.8/site-packages:${PYTHONPATH} /usr/bin/python3 setup.py egg_info --egg-base ../../build/suii_navigation build --build-base /home/suii/colcon_ws/suii/ros2_ws/build/suii_navigation/build install --prefix /home/suii/colcon_ws/suii/ros2_ws/install/suii_navigation --record /home/suii/colcon_ws/suii/ros2_ws/build/suii_navigation/install.log --single-version-externally-managed
[0.923s] running egg_info
[0.924s] writing ../../build/suii_navigation/suii_navigation.egg-info/PKG-INFO
[0.924s] writing dependency_links to ../../build/suii_navigation/suii_navigation.egg-info/dependency_links.txt
[0.924s] writing entry points to ../../build/suii_navigation/suii_navigation.egg-info/entry_points.txt
[0.924s] writing requirements to ../../build/suii_navigation/suii_navigation.egg-info/requires.txt
[0.924s] writing top-level names to ../../build/suii_navigation/suii_navigation.egg-info/top_level.txt
[0.953s] reading manifest file '../../build/suii_navigation/suii_navigation.egg-info/SOURCES.txt'
[0.954s] writing manifest file '../../build/suii_navigation/suii_navigation.egg-info/SOURCES.txt'
[0.954s] running build
[0.955s] running build_py
[0.955s] running install
[0.955s] running install_lib
[0.956s] running install_data
[0.956s] running install_egg_info
[0.958s] removing '/home/suii/colcon_ws/suii/ros2_ws/install/suii_navigation/lib/python3.8/site-packages/suii_navigation-0.0.0-py3.8.egg-info' (and everything under it)
[0.958s] Copying ../../build/suii_navigation/suii_navigation.egg-info to /home/suii/colcon_ws/suii/ros2_ws/install/suii_navigation/lib/python3.8/site-packages/suii_navigation-0.0.0-py3.8.egg-info
[0.959s] running install_scripts
[0.973s] writing list of installed files to '/home/suii/colcon_ws/suii/ros2_ws/build/suii_navigation/install.log'
[1.192s] Invoked command in '/home/suii/colcon_ws/suii/ros2_ws/src/suii_navigation' returned '0': PYTHONPATH=/home/suii/colcon_ws/suii/ros2_ws/install/suii_navigation/lib/python3.8/site-packages:${PYTHONPATH} /usr/bin/python3 setup.py egg_info --egg-base ../../build/suii_navigation build --build-base /home/suii/colcon_ws/suii/ros2_ws/build/suii_navigation/build install --prefix /home/suii/colcon_ws/suii/ros2_ws/install/suii_navigation --record /home/suii/colcon_ws/suii/ros2_ws/build/suii_navigation/install.log --single-version-externally-managed
