[0.265s] Invoking command in '/home/suii/colcon_ws/suii/ros2_ws/build/suii_navigation': PYTHONPATH=/home/suii/colcon_ws/suii/ros2_ws/install/suii_navigation/lib/python3.8/site-packages:${PYTHONPATH} /usr/bin/python3 setup.py develop --prefix /home/suii/colcon_ws/suii/ros2_ws/install/suii_navigation --uninstall --editable --build-directory /home/suii/colcon_ws/suii/ros2_ws/build/suii_navigation/build
[0.504s] running develop
[0.653s] Invoked command in '/home/suii/colcon_ws/suii/ros2_ws/build/suii_navigation' returned '0': PYTHONPATH=/home/suii/colcon_ws/suii/ros2_ws/install/suii_navigation/lib/python3.8/site-packages:${PYTHONPATH} /usr/bin/python3 setup.py develop --prefix /home/suii/colcon_ws/suii/ros2_ws/install/suii_navigation --uninstall --editable --build-directory /home/suii/colcon_ws/suii/ros2_ws/build/suii_navigation/build
[0.654s] Invoking command in '/home/suii/colcon_ws/suii/ros2_ws/src/suii_navigation': PYTHONPATH=/home/suii/colcon_ws/suii/ros2_ws/install/suii_navigation/lib/python3.8/site-packages:${PYTHONPATH} /usr/bin/python3 setup.py egg_info --egg-base ../../build/suii_navigation build --build-base /home/suii/colcon_ws/suii/ros2_ws/build/suii_navigation/build install --prefix /home/suii/colcon_ws/suii/ros2_ws/install/suii_navigation --record /home/suii/colcon_ws/suii/ros2_ws/build/suii_navigation/install.log --single-version-externally-managed
[0.846s] running egg_info
[0.847s] writing ../../build/suii_navigation/suii_navigation.egg-info/PKG-INFO
[0.847s] writing dependency_links to ../../build/suii_navigation/suii_navigation.egg-info/dependency_links.txt
[0.847s] writing entry points to ../../build/suii_navigation/suii_navigation.egg-info/entry_points.txt
[0.847s] writing requirements to ../../build/suii_navigation/suii_navigation.egg-info/requires.txt
[0.847s] writing top-level names to ../../build/suii_navigation/suii_navigation.egg-info/top_level.txt
[0.888s] reading manifest file '../../build/suii_navigation/suii_navigation.egg-info/SOURCES.txt'
[0.891s] writing manifest file '../../build/suii_navigation/suii_navigation.egg-info/SOURCES.txt'
[0.891s] running build
[0.891s] running build_py
[0.892s] copying suii_navigation/manager.py -> /home/suii/colcon_ws/suii/ros2_ws/build/suii_navigation/build/lib/suii_navigation
[0.892s] running install
[0.893s] running install_lib
[0.894s] copying /home/suii/colcon_ws/suii/ros2_ws/build/suii_navigation/build/lib/suii_navigation/manager.py -> /home/suii/colcon_ws/suii/ros2_ws/install/suii_navigation/lib/python3.8/site-packages/suii_navigation
[0.895s] byte-compiling /home/suii/colcon_ws/suii/ros2_ws/install/suii_navigation/lib/python3.8/site-packages/suii_navigation/manager.py to manager.cpython-38.pyc
[0.895s] running install_data
[0.897s] running install_egg_info
[0.898s] removing '/home/suii/colcon_ws/suii/ros2_ws/install/suii_navigation/lib/python3.8/site-packages/suii_navigation-0.0.0-py3.8.egg-info' (and everything under it)
[0.898s] Copying ../../build/suii_navigation/suii_navigation.egg-info to /home/suii/colcon_ws/suii/ros2_ws/install/suii_navigation/lib/python3.8/site-packages/suii_navigation-0.0.0-py3.8.egg-info
[0.900s] running install_scripts
[0.913s] writing list of installed files to '/home/suii/colcon_ws/suii/ros2_ws/build/suii_navigation/install.log'
[1.128s] Invoked command in '/home/suii/colcon_ws/suii/ros2_ws/src/suii_navigation' returned '0': PYTHONPATH=/home/suii/colcon_ws/suii/ros2_ws/install/suii_navigation/lib/python3.8/site-packages:${PYTHONPATH} /usr/bin/python3 setup.py egg_info --egg-base ../../build/suii_navigation build --build-base /home/suii/colcon_ws/suii/ros2_ws/build/suii_navigation/build install --prefix /home/suii/colcon_ws/suii/ros2_ws/install/suii_navigation --record /home/suii/colcon_ws/suii/ros2_ws/build/suii_navigation/install.log --single-version-externally-managed
