[0.242s] Invoking command in '/home/suii/colcon_ws/suii/ros2_ws/build/urg_node': /usr/bin/cmake --build /home/suii/colcon_ws/suii/ros2_ws/build/urg_node -- -j8 -l8
[0.324s] [ 28%] Built target urg_node_driver
[0.333s] [ 71%] Built target urg_node
[0.373s] [100%] Built target getID
[0.389s] Invoked command in '/home/suii/colcon_ws/suii/ros2_ws/build/urg_node' returned '0': /usr/bin/cmake --build /home/suii/colcon_ws/suii/ros2_ws/build/urg_node -- -j8 -l8
[0.411s] Invoking command in '/home/suii/colcon_ws/suii/ros2_ws/build/urg_node': /usr/bin/cmake --install /home/suii/colcon_ws/suii/ros2_ws/build/urg_node
[0.421s] -- Install configuration: ""
[0.421s] -- Up-to-date: /home/suii/colcon_ws/suii/ros2_ws/install/urg_node/lib/urg_node/urg_node_driver
[0.422s] -- Up-to-date: /home/suii/colcon_ws/suii/ros2_ws/install/urg_node/lib/liburg_node.so
[0.422s] -- Up-to-date: /home/suii/colcon_ws/suii/ros2_ws/install/urg_node/lib/urg_node/getID
[0.423s] -- Up-to-date: /home/suii/colcon_ws/suii/ros2_ws/install/urg_node/include
[0.423s] -- Up-to-date: /home/suii/colcon_ws/suii/ros2_ws/install/urg_node/include/urg_node
[0.424s] -- Up-to-date: /home/suii/colcon_ws/suii/ros2_ws/install/urg_node/include/urg_node/urg_node.hpp
[0.424s] -- Up-to-date: /home/suii/colcon_ws/suii/ros2_ws/install/urg_node/include/urg_node/urg_c_wrapper.hpp
[0.424s] -- Up-to-date: /home/suii/colcon_ws/suii/ros2_ws/install/urg_node/lib/urg_node/set_urg_ip.py
[0.424s] -- Up-to-date: /home/suii/colcon_ws/suii/ros2_ws/install/urg_node/share/urg_node/launch
[0.425s] -- Up-to-date: /home/suii/colcon_ws/suii/ros2_ws/install/urg_node/share/urg_node/launch/urg_node_ethernet_back.yaml
[0.425s] -- Up-to-date: /home/suii/colcon_ws/suii/ros2_ws/install/urg_node/share/urg_node/launch/urg_node_serial.yaml
[0.427s] -- Up-to-date: /home/suii/colcon_ws/suii/ros2_ws/install/urg_node/share/urg_node/launch/urg_lidar.launch.xml
[0.427s] -- Up-to-date: /home/suii/colcon_ws/suii/ros2_ws/install/urg_node/share/urg_node/launch/urg_node_launch.py
[0.427s] -- Up-to-date: /home/suii/colcon_ws/suii/ros2_ws/install/urg_node/share/urg_node/launch/hokuyo_laser.urdf
[0.427s] -- Up-to-date: /home/suii/colcon_ws/suii/ros2_ws/install/urg_node/share/urg_node/launch/urg_node_ethernet.yaml
[0.427s] -- Up-to-date: /home/suii/colcon_ws/suii/ros2_ws/install/urg_node/share/urg_node/environment/library_path.sh
[0.428s] -- Up-to-date: /home/suii/colcon_ws/suii/ros2_ws/install/urg_node/share/urg_node/environment/library_path.dsv
[0.428s] -- Up-to-date: /home/suii/colcon_ws/suii/ros2_ws/install/urg_node/share/ament_index/resource_index/package_run_dependencies/urg_node
[0.428s] -- Up-to-date: /home/suii/colcon_ws/suii/ros2_ws/install/urg_node/share/ament_index/resource_index/parent_prefix_path/urg_node
[0.428s] -- Up-to-date: /home/suii/colcon_ws/suii/ros2_ws/install/urg_node/share/urg_node/environment/ament_prefix_path.sh
[0.428s] -- Up-to-date: /home/suii/colcon_ws/suii/ros2_ws/install/urg_node/share/urg_node/environment/ament_prefix_path.dsv
[0.428s] -- Up-to-date: /home/suii/colcon_ws/suii/ros2_ws/install/urg_node/share/urg_node/environment/path.sh
[0.428s] -- Up-to-date: /home/suii/colcon_ws/suii/ros2_ws/install/urg_node/share/urg_node/environment/path.dsv
[0.429s] -- Up-to-date: /home/suii/colcon_ws/suii/ros2_ws/install/urg_node/share/urg_node/local_setup.bash
[0.429s] -- Up-to-date: /home/suii/colcon_ws/suii/ros2_ws/install/urg_node/share/urg_node/local_setup.sh
[0.429s] -- Up-to-date: /home/suii/colcon_ws/suii/ros2_ws/install/urg_node/share/urg_node/local_setup.zsh
[0.429s] -- Up-to-date: /home/suii/colcon_ws/suii/ros2_ws/install/urg_node/share/urg_node/local_setup.dsv
[0.429s] -- Installing: /home/suii/colcon_ws/suii/ros2_ws/install/urg_node/share/urg_node/package.dsv
[0.429s] -- Up-to-date: /home/suii/colcon_ws/suii/ros2_ws/install/urg_node/share/ament_index/resource_index/packages/urg_node
[0.429s] -- Up-to-date: /home/suii/colcon_ws/suii/ros2_ws/install/urg_node/share/ament_index/resource_index/rclcpp_components/urg_node
[0.430s] -- Up-to-date: /home/suii/colcon_ws/suii/ros2_ws/install/urg_node/share/urg_node/cmake/ament_cmake_export_dependencies-extras.cmake
[0.430s] -- Up-to-date: /home/suii/colcon_ws/suii/ros2_ws/install/urg_node/share/urg_node/cmake/ament_cmake_export_include_directories-extras.cmake
[0.430s] -- Up-to-date: /home/suii/colcon_ws/suii/ros2_ws/install/urg_node/share/urg_node/cmake/ament_cmake_export_libraries-extras.cmake
[0.431s] -- Up-to-date: /home/suii/colcon_ws/suii/ros2_ws/install/urg_node/share/urg_node/cmake/urg_nodeConfig.cmake
[0.431s] -- Up-to-date: /home/suii/colcon_ws/suii/ros2_ws/install/urg_node/share/urg_node/cmake/urg_nodeConfig-version.cmake
[0.431s] -- Up-to-date: /home/suii/colcon_ws/suii/ros2_ws/install/urg_node/share/urg_node/package.xml
[0.431s] Invoked command in '/home/suii/colcon_ws/suii/ros2_ws/build/urg_node' returned '0': /usr/bin/cmake --install /home/suii/colcon_ws/suii/ros2_ws/build/urg_node
