[0.066s] Invoking command in '/home/suii/colcon_ws/suii/ros2_ws/build/suii_description': CMAKE_PREFIX_PATH=${CMAKE_PREFIX_PATH}:/home/suii/colcon_ws/suii/ros2_ws/install/nav_test_package_ros2:/opt/ros/foxy /usr/bin/cmake --build /home/suii/colcon_ws/suii/ros2_ws/build/suii_description -- -j8 -l8
[0.365s] Invoked command in '/home/suii/colcon_ws/suii/ros2_ws/build/suii_description' returned '0': CMAKE_PREFIX_PATH=${CMAKE_PREFIX_PATH}:/home/suii/colcon_ws/suii/ros2_ws/install/nav_test_package_ros2:/opt/ros/foxy /usr/bin/cmake --build /home/suii/colcon_ws/suii/ros2_ws/build/suii_description -- -j8 -l8
[0.398s] Invoking command in '/home/suii/colcon_ws/suii/ros2_ws/build/suii_description': CMAKE_PREFIX_PATH=${CMAKE_PREFIX_PATH}:/home/suii/colcon_ws/suii/ros2_ws/install/nav_test_package_ros2:/opt/ros/foxy /usr/bin/cmake --install /home/suii/colcon_ws/suii/ros2_ws/build/suii_description
[0.408s] -- Install configuration: ""
[0.408s] -- Up-to-date: /home/suii/colcon_ws/suii/ros2_ws/install/suii_description/share/ament_index/resource_index/package_run_dependencies/suii_description
[0.408s] -- Up-to-date: /home/suii/colcon_ws/suii/ros2_ws/install/suii_description/share/ament_index/resource_index/parent_prefix_path/suii_description
[0.408s] -- Up-to-date: /home/suii/colcon_ws/suii/ros2_ws/install/suii_description/share/suii_description/environment/ament_prefix_path.sh
[0.408s] -- Up-to-date: /home/suii/colcon_ws/suii/ros2_ws/install/suii_description/share/suii_description/environment/ament_prefix_path.dsv
[0.409s] -- Up-to-date: /home/suii/colcon_ws/suii/ros2_ws/install/suii_description/share/suii_description/environment/path.sh
[0.409s] -- Up-to-date: /home/suii/colcon_ws/suii/ros2_ws/install/suii_description/share/suii_description/environment/path.dsv
[0.409s] -- Up-to-date: /home/suii/colcon_ws/suii/ros2_ws/install/suii_description/share/suii_description/local_setup.bash
[0.409s] -- Up-to-date: /home/suii/colcon_ws/suii/ros2_ws/install/suii_description/share/suii_description/local_setup.sh
[0.409s] -- Up-to-date: /home/suii/colcon_ws/suii/ros2_ws/install/suii_description/share/suii_description/local_setup.zsh
[0.409s] -- Up-to-date: /home/suii/colcon_ws/suii/ros2_ws/install/suii_description/share/suii_description/local_setup.dsv
[0.409s] -- Up-to-date: /home/suii/colcon_ws/suii/ros2_ws/install/suii_description/share/suii_description/package.dsv
[0.409s] -- Up-to-date: /home/suii/colcon_ws/suii/ros2_ws/install/suii_description/share/ament_index/resource_index/packages/suii_description
[0.410s] -- Up-to-date: /home/suii/colcon_ws/suii/ros2_ws/install/suii_description/share/suii_description/cmake/suii_descriptionConfig.cmake
[0.410s] -- Up-to-date: /home/suii/colcon_ws/suii/ros2_ws/install/suii_description/share/suii_description/cmake/suii_descriptionConfig-version.cmake
[0.410s] -- Up-to-date: /home/suii/colcon_ws/suii/ros2_ws/install/suii_description/share/suii_description/package.xml
[0.411s] Invoked command in '/home/suii/colcon_ws/suii/ros2_ws/build/suii_description' returned '0': CMAKE_PREFIX_PATH=${CMAKE_PREFIX_PATH}:/home/suii/colcon_ws/suii/ros2_ws/install/nav_test_package_ros2:/opt/ros/foxy /usr/bin/cmake --install /home/suii/colcon_ws/suii/ros2_ws/build/suii_description
