[0.198s] Invoking command in '/home/suii/colcon_ws/suii/ros2_ws/build/ros1_bridge': AMENT_PREFIX_PATH=/home/suii/colcon_ws/suii/ros2_ws/install/suii_msgs:/home/suii/colcon_ws/suii/ros2_ws/install/suii_communication_ros2 CMAKE_PREFIX_PATH=/home/suii/colcon_ws/suii/ros2_ws/install/suii_msgs:/home/suii/colcon_ws/suii/ros2_ws/install/suii_communication_ros2 LD_LIBRARY_PATH=/home/suii/colcon_ws/suii/ros2_ws/install/suii_msgs/lib:/home/suii/colcon_ws/suii/ros2_ws/install/suii_communication_ros2/lib PYTHONPATH=/home/suii/colcon_ws/suii/ros2_ws/install/suii_msgs/lib/python3.8/site-packages:/home/suii/colcon_ws/suii/ros2_ws/install/suii_communication_ros2/lib/python3.8/site-packages /usr/bin/cmake --build /home/suii/colcon_ws/suii/ros2_ws/build/ros1_bridge -- -j8 -l8
[0.234s] Invoked command in '/home/suii/colcon_ws/suii/ros2_ws/build/ros1_bridge' returned '0': AMENT_PREFIX_PATH=/home/suii/colcon_ws/suii/ros2_ws/install/suii_msgs:/home/suii/colcon_ws/suii/ros2_ws/install/suii_communication_ros2 CMAKE_PREFIX_PATH=/home/suii/colcon_ws/suii/ros2_ws/install/suii_msgs:/home/suii/colcon_ws/suii/ros2_ws/install/suii_communication_ros2 LD_LIBRARY_PATH=/home/suii/colcon_ws/suii/ros2_ws/install/suii_msgs/lib:/home/suii/colcon_ws/suii/ros2_ws/install/suii_communication_ros2/lib PYTHONPATH=/home/suii/colcon_ws/suii/ros2_ws/install/suii_msgs/lib/python3.8/site-packages:/home/suii/colcon_ws/suii/ros2_ws/install/suii_communication_ros2/lib/python3.8/site-packages /usr/bin/cmake --build /home/suii/colcon_ws/suii/ros2_ws/build/ros1_bridge -- -j8 -l8
[0.253s] Invoking command in '/home/suii/colcon_ws/suii/ros2_ws/build/ros1_bridge': AMENT_PREFIX_PATH=/home/suii/colcon_ws/suii/ros2_ws/install/suii_msgs:/home/suii/colcon_ws/suii/ros2_ws/install/suii_communication_ros2 CMAKE_PREFIX_PATH=/home/suii/colcon_ws/suii/ros2_ws/install/suii_msgs:/home/suii/colcon_ws/suii/ros2_ws/install/suii_communication_ros2 LD_LIBRARY_PATH=/home/suii/colcon_ws/suii/ros2_ws/install/suii_msgs/lib:/home/suii/colcon_ws/suii/ros2_ws/install/suii_communication_ros2/lib PYTHONPATH=/home/suii/colcon_ws/suii/ros2_ws/install/suii_msgs/lib/python3.8/site-packages:/home/suii/colcon_ws/suii/ros2_ws/install/suii_communication_ros2/lib/python3.8/site-packages /usr/bin/cmake --install /home/suii/colcon_ws/suii/ros2_ws/build/ros1_bridge
[0.261s] -- Install configuration: ""
[0.261s] -- Execute custom install script
[0.261s] -- Up-to-date symlink: /home/suii/colcon_ws/suii/ros2_ws/install/ros1_bridge/share/ament_index/resource_index/package_run_dependencies/ros1_bridge
[0.262s] -- Up-to-date symlink: /home/suii/colcon_ws/suii/ros2_ws/install/ros1_bridge/share/ament_index/resource_index/parent_prefix_path/ros1_bridge
[0.262s] -- Up-to-date symlink: /home/suii/colcon_ws/suii/ros2_ws/install/ros1_bridge/share/ros1_bridge/environment/ament_prefix_path.sh
[0.262s] -- Up-to-date symlink: /home/suii/colcon_ws/suii/ros2_ws/install/ros1_bridge/share/ros1_bridge/environment/ament_prefix_path.dsv
[0.262s] -- Up-to-date symlink: /home/suii/colcon_ws/suii/ros2_ws/install/ros1_bridge/share/ros1_bridge/environment/path.sh
[0.263s] -- Up-to-date symlink: /home/suii/colcon_ws/suii/ros2_ws/install/ros1_bridge/share/ros1_bridge/environment/path.dsv
[0.263s] -- Up-to-date symlink: /home/suii/colcon_ws/suii/ros2_ws/install/ros1_bridge/share/ros1_bridge/local_setup.bash
[0.263s] -- Up-to-date symlink: /home/suii/colcon_ws/suii/ros2_ws/install/ros1_bridge/share/ros1_bridge/local_setup.sh
[0.263s] -- Up-to-date symlink: /home/suii/colcon_ws/suii/ros2_ws/install/ros1_bridge/share/ros1_bridge/local_setup.zsh
[0.264s] -- Up-to-date symlink: /home/suii/colcon_ws/suii/ros2_ws/install/ros1_bridge/share/ros1_bridge/local_setup.dsv
[0.264s] -- Symlinking: /home/suii/colcon_ws/suii/ros2_ws/install/ros1_bridge/share/ros1_bridge/package.dsv
[0.272s] -- Up-to-date symlink: /home/suii/colcon_ws/suii/ros2_ws/install/ros1_bridge/share/ament_index/resource_index/packages/ros1_bridge
[0.272s] -- Up-to-date symlink: /home/suii/colcon_ws/suii/ros2_ws/install/ros1_bridge/share/ros1_bridge/cmake/find_ros1_package.cmake
[0.273s] -- Up-to-date symlink: /home/suii/colcon_ws/suii/ros2_ws/install/ros1_bridge/share/ros1_bridge/cmake/find_ros1_interface_packages.cmake
[0.273s] -- Up-to-date symlink: /home/suii/colcon_ws/suii/ros2_ws/install/ros1_bridge/share/ros1_bridge/cmake/ros1_bridgeConfig.cmake
[0.273s] -- Up-to-date symlink: /home/suii/colcon_ws/suii/ros2_ws/install/ros1_bridge/share/ros1_bridge/cmake/ros1_bridgeConfig-version.cmake
[0.273s] -- Up-to-date symlink: /home/suii/colcon_ws/suii/ros2_ws/install/ros1_bridge/share/ros1_bridge/package.xml
[0.275s] Invoked command in '/home/suii/colcon_ws/suii/ros2_ws/build/ros1_bridge' returned '0': AMENT_PREFIX_PATH=/home/suii/colcon_ws/suii/ros2_ws/install/suii_msgs:/home/suii/colcon_ws/suii/ros2_ws/install/suii_communication_ros2 CMAKE_PREFIX_PATH=/home/suii/colcon_ws/suii/ros2_ws/install/suii_msgs:/home/suii/colcon_ws/suii/ros2_ws/install/suii_communication_ros2 LD_LIBRARY_PATH=/home/suii/colcon_ws/suii/ros2_ws/install/suii_msgs/lib:/home/suii/colcon_ws/suii/ros2_ws/install/suii_communication_ros2/lib PYTHONPATH=/home/suii/colcon_ws/suii/ros2_ws/install/suii_msgs/lib/python3.8/site-packages:/home/suii/colcon_ws/suii/ros2_ws/install/suii_communication_ros2/lib/python3.8/site-packages /usr/bin/cmake --install /home/suii/colcon_ws/suii/ros2_ws/build/ros1_bridge
