[0.274s] Invoking command in '/home/suii/colcon_ws/suii/ros2_ws/build/urg_node': CMAKE_PREFIX_PATH=${CMAKE_PREFIX_PATH}:/home/suii/Suii_code/colcon_ws/suii/install/nav_test_package_ros2 /usr/bin/cmake /home/suii/colcon_ws/suii/ros2_ws/src/urg_node -DCMAKE_INSTALL_PREFIX=/home/suii/colcon_ws/suii/ros2_ws/install/urg_node
[0.309s] -- Configuring incomplete, errors occurred!
[0.309s] See also "/home/suii/colcon_ws/suii/ros2_ws/build/urg_node/CMakeFiles/CMakeOutput.log".
[0.309s] CMake Error at CMakeLists.txt:4 (find_package):
[0.310s]   By not providing "Findament_cmake.cmake" in CMAKE_MODULE_PATH this project
[0.310s]   has asked CMake to find a package configuration file provided by
[0.310s]   "ament_cmake", but CMake did not find one.
[0.310s] 
[0.310s]   Could not find a package configuration file provided by "ament_cmake" with
[0.311s]   any of the following names:
[0.311s] 
[0.311s]     ament_cmakeConfig.cmake
[0.311s]     ament_cmake-config.cmake
[0.312s] 
[0.312s]   Add the installation prefix of "ament_cmake" to CMAKE_PREFIX_PATH or set
[0.312s]   "ament_cmake_DIR" to a directory containing one of the above files.  If
[0.312s]   "ament_cmake" provides a separate development package or SDK, be sure it
[0.313s]   has been installed.
[0.314s] 
[0.315s] 
[0.317s] Invoked command in '/home/suii/colcon_ws/suii/ros2_ws/build/urg_node' returned '1': CMAKE_PREFIX_PATH=${CMAKE_PREFIX_PATH}:/home/suii/Suii_code/colcon_ws/suii/install/nav_test_package_ros2 /usr/bin/cmake /home/suii/colcon_ws/suii/ros2_ws/src/urg_node -DCMAKE_INSTALL_PREFIX=/home/suii/colcon_ws/suii/ros2_ws/install/urg_node
