[0.031s] Invoking command in '/home/suii/colcon_ws/suii/ros2_ws/build/suii_description': CMAKE_PREFIX_PATH=${CMAKE_PREFIX_PATH}:/home/suii/colcon_ws/suii/ros2_ws/install/nav_test_package_ros2:/opt/ros/foxy /usr/bin/cmake --build /home/suii/colcon_ws/suii/ros2_ws/build/suii_description -- -j8 -l8
[0.375s] -- Found ament_cmake: 0.9.8 (/opt/ros/foxy/share/ament_cmake/cmake)
[0.375s] -- Using PYTHON_EXECUTABLE: /usr/bin/python3
[0.376s] -- Found ament_lint_auto: 0.9.6 (/opt/ros/foxy/share/ament_lint_auto/cmake)
[0.460s] -- Added test 'copyright' to check source files copyright and LICENSE
[0.464s] -- Added test 'lint_cmake' to check CMake code style
[0.466s] -- Added test 'xmllint' to check XML markup files
[0.468s] -- Configuring done
[0.470s] -- Generating done
[0.470s] -- Build files have been written to: /home/suii/colcon_ws/suii/ros2_ws/build/suii_description
[0.493s] Invoked command in '/home/suii/colcon_ws/suii/ros2_ws/build/suii_description' returned '0': CMAKE_PREFIX_PATH=${CMAKE_PREFIX_PATH}:/home/suii/colcon_ws/suii/ros2_ws/install/nav_test_package_ros2:/opt/ros/foxy /usr/bin/cmake --build /home/suii/colcon_ws/suii/ros2_ws/build/suii_description -- -j8 -l8
[0.518s] Invoking command in '/home/suii/colcon_ws/suii/ros2_ws/build/suii_description': CMAKE_PREFIX_PATH=${CMAKE_PREFIX_PATH}:/home/suii/colcon_ws/suii/ros2_ws/install/nav_test_package_ros2:/opt/ros/foxy /usr/bin/cmake --install /home/suii/colcon_ws/suii/ros2_ws/build/suii_description
[0.529s] -- Install configuration: ""
[0.530s] -- Up-to-date: /home/suii/colcon_ws/suii/ros2_ws/install/suii_description/share/suii_description//meshes
[0.530s] -- Up-to-date: /home/suii/colcon_ws/suii/ros2_ws/install/suii_description/share/suii_description//meshes/base_link.STL
[0.530s] -- Up-to-date: /home/suii/colcon_ws/suii/ros2_ws/install/suii_description/share/suii_description//meshes/wheel_left_back.STL
[0.530s] -- Up-to-date: /home/suii/colcon_ws/suii/ros2_ws/install/suii_description/share/suii_description//meshes/lidar_back.STL
[0.530s] -- Up-to-date: /home/suii/colcon_ws/suii/ros2_ws/install/suii_description/share/suii_description//meshes/wheel_left_front.STL
[0.531s] -- Up-to-date: /home/suii/colcon_ws/suii/ros2_ws/install/suii_description/share/suii_description//meshes/wheel_right_back.STL
[0.531s] -- Up-to-date: /home/suii/colcon_ws/suii/ros2_ws/install/suii_description/share/suii_description//meshes/wheel_right_front.STL
[0.531s] -- Up-to-date: /home/suii/colcon_ws/suii/ros2_ws/install/suii_description/share/suii_description//meshes/lidar_front.STL
[0.531s] -- Up-to-date: /home/suii/colcon_ws/suii/ros2_ws/install/suii_description/share/suii_description//rviz
[0.531s] -- Up-to-date: /home/suii/colcon_ws/suii/ros2_ws/install/suii_description/share/suii_description//rviz/display.rviz
[0.532s] -- Installing: /home/suii/colcon_ws/suii/ros2_ws/install/suii_description/share/suii_description//urdf
[0.532s] -- Installing: /home/suii/colcon_ws/suii/ros2_ws/install/suii_description/share/suii_description//urdf/suii_description.urdf.xacro
[0.533s] -- Installing: /home/suii/colcon_ws/suii/ros2_ws/install/suii_description/share/suii_description//urdf/suii.urdf.xacro
[0.533s] -- Up-to-date: /home/suii/colcon_ws/suii/ros2_ws/install/suii_description/share/ament_index/resource_index/package_run_dependencies/suii_description
[0.534s] -- Up-to-date: /home/suii/colcon_ws/suii/ros2_ws/install/suii_description/share/ament_index/resource_index/parent_prefix_path/suii_description
[0.534s] -- Up-to-date: /home/suii/colcon_ws/suii/ros2_ws/install/suii_description/share/suii_description/environment/ament_prefix_path.sh
[0.534s] -- Installing: /home/suii/colcon_ws/suii/ros2_ws/install/suii_description/share/suii_description/environment/ament_prefix_path.dsv
[0.534s] -- Up-to-date: /home/suii/colcon_ws/suii/ros2_ws/install/suii_description/share/suii_description/environment/path.sh
[0.534s] -- Installing: /home/suii/colcon_ws/suii/ros2_ws/install/suii_description/share/suii_description/environment/path.dsv
[0.535s] -- Up-to-date: /home/suii/colcon_ws/suii/ros2_ws/install/suii_description/share/suii_description/local_setup.bash
[0.535s] -- Up-to-date: /home/suii/colcon_ws/suii/ros2_ws/install/suii_description/share/suii_description/local_setup.sh
[0.535s] -- Up-to-date: /home/suii/colcon_ws/suii/ros2_ws/install/suii_description/share/suii_description/local_setup.zsh
[0.535s] -- Installing: /home/suii/colcon_ws/suii/ros2_ws/install/suii_description/share/suii_description/local_setup.dsv
[0.536s] -- Installing: /home/suii/colcon_ws/suii/ros2_ws/install/suii_description/share/suii_description/package.dsv
[0.537s] -- Up-to-date: /home/suii/colcon_ws/suii/ros2_ws/install/suii_description/share/ament_index/resource_index/packages/suii_description
[0.537s] -- Up-to-date: /home/suii/colcon_ws/suii/ros2_ws/install/suii_description/share/suii_description/cmake/suii_descriptionConfig.cmake
[0.537s] -- Up-to-date: /home/suii/colcon_ws/suii/ros2_ws/install/suii_description/share/suii_description/cmake/suii_descriptionConfig-version.cmake
[0.537s] -- Up-to-date: /home/suii/colcon_ws/suii/ros2_ws/install/suii_description/share/suii_description/package.xml
[0.546s] Invoked command in '/home/suii/colcon_ws/suii/ros2_ws/build/suii_description' returned '0': CMAKE_PREFIX_PATH=${CMAKE_PREFIX_PATH}:/home/suii/colcon_ws/suii/ros2_ws/install/nav_test_package_ros2:/opt/ros/foxy /usr/bin/cmake --install /home/suii/colcon_ws/suii/ros2_ws/build/suii_description
