[0.359s] Invoking command in '/home/suii/colcon_ws/suii/ros2_ws/build/suii_navigation': PYTHONPATH=/home/suii/colcon_ws/suii/ros2_ws/install/suii_navigation/lib/python3.8/site-packages:${PYTHONPATH} /usr/bin/python3 setup.py develop --prefix /home/suii/colcon_ws/suii/ros2_ws/install/suii_navigation --uninstall --editable --build-directory /home/suii/colcon_ws/suii/ros2_ws/build/suii_navigation/build
[0.706s] running develop
[0.886s] Invoked command in '/home/suii/colcon_ws/suii/ros2_ws/build/suii_navigation' returned '0': PYTHONPATH=/home/suii/colcon_ws/suii/ros2_ws/install/suii_navigation/lib/python3.8/site-packages:${PYTHONPATH} /usr/bin/python3 setup.py develop --prefix /home/suii/colcon_ws/suii/ros2_ws/install/suii_navigation --uninstall --editable --build-directory /home/suii/colcon_ws/suii/ros2_ws/build/suii_navigation/build
[0.887s] Invoking command in '/home/suii/colcon_ws/suii/ros2_ws/src/suii_navigation': PYTHONPATH=/home/suii/colcon_ws/suii/ros2_ws/install/suii_navigation/lib/python3.8/site-packages:${PYTHONPATH} /usr/bin/python3 setup.py egg_info --egg-base ../../build/suii_navigation build --build-base /home/suii/colcon_ws/suii/ros2_ws/build/suii_navigation/build install --prefix /home/suii/colcon_ws/suii/ros2_ws/install/suii_navigation --record /home/suii/colcon_ws/suii/ros2_ws/build/suii_navigation/install.log --single-version-externally-managed
[1.103s] running egg_info
[1.103s] writing ../../build/suii_navigation/suii_navigation.egg-info/PKG-INFO
[1.104s] writing dependency_links to ../../build/suii_navigation/suii_navigation.egg-info/dependency_links.txt
[1.104s] writing entry points to ../../build/suii_navigation/suii_navigation.egg-info/entry_points.txt
[1.104s] writing requirements to ../../build/suii_navigation/suii_navigation.egg-info/requires.txt
[1.104s] writing top-level names to ../../build/suii_navigation/suii_navigation.egg-info/top_level.txt
[1.144s] reading manifest file '../../build/suii_navigation/suii_navigation.egg-info/SOURCES.txt'
[1.145s] writing manifest file '../../build/suii_navigation/suii_navigation.egg-info/SOURCES.txt'
[1.145s] running build
[1.145s] running build_py
[1.145s] running install
[1.146s] running install_lib
[1.148s] running install_data
[1.148s] running install_egg_info
[1.150s] removing '/home/suii/colcon_ws/suii/ros2_ws/install/suii_navigation/lib/python3.8/site-packages/suii_navigation-0.0.0-py3.8.egg-info' (and everything under it)
[1.150s] Copying ../../build/suii_navigation/suii_navigation.egg-info to /home/suii/colcon_ws/suii/ros2_ws/install/suii_navigation/lib/python3.8/site-packages/suii_navigation-0.0.0-py3.8.egg-info
[1.151s] running install_scripts
[1.166s] Installing suii_navigation script to /home/suii/colcon_ws/suii/ros2_ws/install/suii_navigation/lib/suii_navigation
[1.167s] writing list of installed files to '/home/suii/colcon_ws/suii/ros2_ws/build/suii_navigation/install.log'
[1.188s] Invoked command in '/home/suii/colcon_ws/suii/ros2_ws/src/suii_navigation' returned '0': PYTHONPATH=/home/suii/colcon_ws/suii/ros2_ws/install/suii_navigation/lib/python3.8/site-packages:${PYTHONPATH} /usr/bin/python3 setup.py egg_info --egg-base ../../build/suii_navigation build --build-base /home/suii/colcon_ws/suii/ros2_ws/build/suii_navigation/build install --prefix /home/suii/colcon_ws/suii/ros2_ws/install/suii_navigation --record /home/suii/colcon_ws/suii/ros2_ws/build/suii_navigation/install.log --single-version-externally-managed
