[0.232s] DEBUG:colcon:Command line arguments: ['/usr/bin/colcon', 'build']
[0.232s] DEBUG:colcon:Parsed command line arguments: Namespace(ament_cmake_args=None, base_paths=['.'], build_base='build', catkin_cmake_args=None, catkin_skip_building_tests=False, cmake_args=None, cmake_clean_cache=False, cmake_clean_first=False, cmake_force_configure=False, cmake_target=None, cmake_target_skip_unavailable=False, continue_on_error=False, event_handlers=None, executor='parallel', ignore_user_meta=False, install_base='install', log_base=None, log_level=None, main=<bound method BuildVerb.main of <colcon_core.verb.build.BuildVerb object at 0x7f880ac2a1f0>>, merge_install=False, metas=['./colcon.meta'], packages_above=None, packages_above_and_dependencies=None, packages_above_depth=None, packages_end=None, packages_ignore=None, packages_ignore_regex=None, packages_select=None, packages_select_build_failed=False, packages_select_by_dep=None, packages_select_regex=None, packages_select_test_failures=False, packages_skip=None, packages_skip_build_finished=False, packages_skip_by_dep=None, packages_skip_regex=None, packages_skip_test_passed=False, packages_skip_up_to=None, packages_start=None, packages_up_to=None, packages_up_to_regex=None, parallel_workers=8, paths=None, symlink_install=False, test_result_base=None, verb_extension=<colcon_core.verb.build.BuildVerb object at 0x7f880ac2a1f0>, verb_name='build', verb_parser=<colcon_defaults.argument_parser.defaults.DefaultArgumentsDecorator object at 0x7f880ac2a730>)
[0.236s] Level 1:colcon.colcon_core.package_discovery:discover_packages(colcon_meta) check parameters
[0.236s] Level 1:colcon.colcon_core.package_discovery:discover_packages(recursive) check parameters
[0.236s] Level 1:colcon.colcon_core.package_discovery:discover_packages(ignore) check parameters
[0.236s] Level 1:colcon.colcon_core.package_discovery:discover_packages(path) check parameters
[0.237s] Level 1:colcon.colcon_core.package_discovery:discover_packages(colcon_meta) discover
[0.237s] Level 1:colcon.colcon_core.package_discovery:discover_packages(recursive) discover
[0.237s] INFO:colcon.colcon_core.package_discovery:Crawling recursively for packages in '/home/suii/colcon_ws/suii/ros2_ws'
[0.237s] Level 1:colcon.colcon_core.package_identification:_identify(.) by extensions ['ignore', 'ignore_ament_install']
[0.237s] Level 1:colcon.colcon_core.package_identification:_identify(.) by extension 'ignore'
[0.237s] Level 1:colcon.colcon_core.package_identification:_identify(.) by extension 'ignore_ament_install'
[0.237s] Level 1:colcon.colcon_core.package_identification:_identify(.) by extensions ['colcon_pkg']
[0.237s] Level 1:colcon.colcon_core.package_identification:_identify(.) by extension 'colcon_pkg'
[0.237s] Level 1:colcon.colcon_core.package_identification:_identify(.) by extensions ['colcon_meta']
[0.237s] Level 1:colcon.colcon_core.package_identification:_identify(.) by extension 'colcon_meta'
[0.237s] Level 1:colcon.colcon_core.package_identification:_identify(.) by extensions ['ros']
[0.237s] Level 1:colcon.colcon_core.package_identification:_identify(.) by extension 'ros'
[0.246s] Level 1:colcon.colcon_core.package_identification:_identify(.) by extensions ['cmake', 'python']
[0.246s] Level 1:colcon.colcon_core.package_identification:_identify(.) by extension 'cmake'
[0.246s] Level 1:colcon.colcon_core.package_identification:_identify(.) by extension 'python'
[0.246s] Level 1:colcon.colcon_core.package_identification:_identify(.) by extensions ['python_setup_py']
[0.246s] Level 1:colcon.colcon_core.package_identification:_identify(.) by extension 'python_setup_py'
[0.247s] Level 1:colcon.colcon_core.package_identification:_identify(build) by extensions ['ignore', 'ignore_ament_install']
[0.247s] Level 1:colcon.colcon_core.package_identification:_identify(build) by extension 'ignore'
[0.247s] Level 1:colcon.colcon_core.package_identification:_identify(build) ignored
[0.247s] Level 1:colcon.colcon_core.package_identification:_identify(install) by extensions ['ignore', 'ignore_ament_install']
[0.247s] Level 1:colcon.colcon_core.package_identification:_identify(install) by extension 'ignore'
[0.247s] Level 1:colcon.colcon_core.package_identification:_identify(install) ignored
[0.247s] Level 1:colcon.colcon_core.package_identification:_identify(log) by extensions ['ignore', 'ignore_ament_install']
[0.247s] Level 1:colcon.colcon_core.package_identification:_identify(log) by extension 'ignore'
[0.247s] Level 1:colcon.colcon_core.package_identification:_identify(log) ignored
[0.247s] Level 1:colcon.colcon_core.package_identification:_identify(src) by extensions ['ignore', 'ignore_ament_install']
[0.247s] Level 1:colcon.colcon_core.package_identification:_identify(src) by extension 'ignore'
[0.247s] Level 1:colcon.colcon_core.package_identification:_identify(src) by extension 'ignore_ament_install'
[0.247s] Level 1:colcon.colcon_core.package_identification:_identify(src) by extensions ['colcon_pkg']
[0.247s] Level 1:colcon.colcon_core.package_identification:_identify(src) by extension 'colcon_pkg'
[0.247s] Level 1:colcon.colcon_core.package_identification:_identify(src) by extensions ['colcon_meta']
[0.247s] Level 1:colcon.colcon_core.package_identification:_identify(src) by extension 'colcon_meta'
[0.247s] Level 1:colcon.colcon_core.package_identification:_identify(src) by extensions ['ros']
[0.248s] Level 1:colcon.colcon_core.package_identification:_identify(src) by extension 'ros'
[0.248s] Level 1:colcon.colcon_core.package_identification:_identify(src) by extensions ['cmake', 'python']
[0.248s] Level 1:colcon.colcon_core.package_identification:_identify(src) by extension 'cmake'
[0.248s] Level 1:colcon.colcon_core.package_identification:_identify(src) by extension 'python'
[0.248s] Level 1:colcon.colcon_core.package_identification:_identify(src) by extensions ['python_setup_py']
[0.248s] Level 1:colcon.colcon_core.package_identification:_identify(src) by extension 'python_setup_py'
[0.248s] Level 1:colcon.colcon_core.package_identification:_identify(src/nav_test_package_ros2) by extensions ['ignore', 'ignore_ament_install']
[0.248s] Level 1:colcon.colcon_core.package_identification:_identify(src/nav_test_package_ros2) by extension 'ignore'
[0.248s] Level 1:colcon.colcon_core.package_identification:_identify(src/nav_test_package_ros2) by extension 'ignore_ament_install'
[0.248s] Level 1:colcon.colcon_core.package_identification:_identify(src/nav_test_package_ros2) by extensions ['colcon_pkg']
[0.248s] Level 1:colcon.colcon_core.package_identification:_identify(src/nav_test_package_ros2) by extension 'colcon_pkg'
[0.248s] Level 1:colcon.colcon_core.package_identification:_identify(src/nav_test_package_ros2) by extensions ['colcon_meta']
[0.248s] Level 1:colcon.colcon_core.package_identification:_identify(src/nav_test_package_ros2) by extension 'colcon_meta'
[0.248s] Level 1:colcon.colcon_core.package_identification:_identify(src/nav_test_package_ros2) by extensions ['ros']
[0.248s] Level 1:colcon.colcon_core.package_identification:_identify(src/nav_test_package_ros2) by extension 'ros'
[0.251s] DEBUG:colcon.colcon_core.package_identification:Package 'src/nav_test_package_ros2' with type 'ros.ament_python' and name 'nav_test_package_ros2'
[0.251s] Level 1:colcon.colcon_core.package_identification:_identify(src/ros1_bridge) by extensions ['ignore', 'ignore_ament_install']
[0.251s] Level 1:colcon.colcon_core.package_identification:_identify(src/ros1_bridge) by extension 'ignore'
[0.251s] Level 1:colcon.colcon_core.package_identification:_identify(src/ros1_bridge) by extension 'ignore_ament_install'
[0.251s] Level 1:colcon.colcon_core.package_identification:_identify(src/ros1_bridge) by extensions ['colcon_pkg']
[0.251s] Level 1:colcon.colcon_core.package_identification:_identify(src/ros1_bridge) by extension 'colcon_pkg'
[0.251s] Level 1:colcon.colcon_core.package_identification:_identify(src/ros1_bridge) by extensions ['colcon_meta']
[0.251s] Level 1:colcon.colcon_core.package_identification:_identify(src/ros1_bridge) by extension 'colcon_meta'
[0.251s] Level 1:colcon.colcon_core.package_identification:_identify(src/ros1_bridge) by extensions ['ros']
[0.251s] Level 1:colcon.colcon_core.package_identification:_identify(src/ros1_bridge) by extension 'ros'
[0.252s] DEBUG:colcon.colcon_core.package_identification:Package 'src/ros1_bridge' with type 'ros.ament_cmake' and name 'ros1_bridge'
[0.252s] Level 1:colcon.colcon_core.package_identification:_identify(src/suii_bringup) by extensions ['ignore', 'ignore_ament_install']
[0.252s] Level 1:colcon.colcon_core.package_identification:_identify(src/suii_bringup) by extension 'ignore'
[0.252s] Level 1:colcon.colcon_core.package_identification:_identify(src/suii_bringup) by extension 'ignore_ament_install'
[0.252s] Level 1:colcon.colcon_core.package_identification:_identify(src/suii_bringup) by extensions ['colcon_pkg']
[0.252s] Level 1:colcon.colcon_core.package_identification:_identify(src/suii_bringup) by extension 'colcon_pkg'
[0.252s] Level 1:colcon.colcon_core.package_identification:_identify(src/suii_bringup) by extensions ['colcon_meta']
[0.252s] Level 1:colcon.colcon_core.package_identification:_identify(src/suii_bringup) by extension 'colcon_meta'
[0.252s] Level 1:colcon.colcon_core.package_identification:_identify(src/suii_bringup) by extensions ['ros']
[0.252s] Level 1:colcon.colcon_core.package_identification:_identify(src/suii_bringup) by extension 'ros'
[0.253s] DEBUG:colcon.colcon_core.package_identification:Package 'src/suii_bringup' with type 'ros.ament_cmake' and name 'suii_bringup'
[0.253s] Level 1:colcon.colcon_core.package_identification:_identify(src/suii_communication_ros2) by extensions ['ignore', 'ignore_ament_install']
[0.253s] Level 1:colcon.colcon_core.package_identification:_identify(src/suii_communication_ros2) by extension 'ignore'
[0.253s] Level 1:colcon.colcon_core.package_identification:_identify(src/suii_communication_ros2) by extension 'ignore_ament_install'
[0.253s] Level 1:colcon.colcon_core.package_identification:_identify(src/suii_communication_ros2) by extensions ['colcon_pkg']
[0.253s] Level 1:colcon.colcon_core.package_identification:_identify(src/suii_communication_ros2) by extension 'colcon_pkg'
[0.253s] Level 1:colcon.colcon_core.package_identification:_identify(src/suii_communication_ros2) by extensions ['colcon_meta']
[0.253s] Level 1:colcon.colcon_core.package_identification:_identify(src/suii_communication_ros2) by extension 'colcon_meta'
[0.253s] Level 1:colcon.colcon_core.package_identification:_identify(src/suii_communication_ros2) by extensions ['ros']
[0.253s] Level 1:colcon.colcon_core.package_identification:_identify(src/suii_communication_ros2) by extension 'ros'
[0.253s] DEBUG:colcon.colcon_core.package_identification:Package 'src/suii_communication_ros2' with type 'ros.ament_cmake' and name 'suii_communication_ros2'
[0.254s] Level 1:colcon.colcon_core.package_identification:_identify(src/suii_description) by extensions ['ignore', 'ignore_ament_install']
[0.254s] Level 1:colcon.colcon_core.package_identification:_identify(src/suii_description) by extension 'ignore'
[0.254s] Level 1:colcon.colcon_core.package_identification:_identify(src/suii_description) by extension 'ignore_ament_install'
[0.254s] Level 1:colcon.colcon_core.package_identification:_identify(src/suii_description) by extensions ['colcon_pkg']
[0.254s] Level 1:colcon.colcon_core.package_identification:_identify(src/suii_description) by extension 'colcon_pkg'
[0.254s] Level 1:colcon.colcon_core.package_identification:_identify(src/suii_description) by extensions ['colcon_meta']
[0.254s] Level 1:colcon.colcon_core.package_identification:_identify(src/suii_description) by extension 'colcon_meta'
[0.254s] Level 1:colcon.colcon_core.package_identification:_identify(src/suii_description) by extensions ['ros']
[0.254s] Level 1:colcon.colcon_core.package_identification:_identify(src/suii_description) by extension 'ros'
[0.254s] DEBUG:colcon.colcon_core.package_identification:Package 'src/suii_description' with type 'ros.ament_cmake' and name 'suii_description'
[0.254s] Level 1:colcon.colcon_core.package_identification:_identify(src/suii_msgs) by extensions ['ignore', 'ignore_ament_install']
[0.254s] Level 1:colcon.colcon_core.package_identification:_identify(src/suii_msgs) by extension 'ignore'
[0.254s] Level 1:colcon.colcon_core.package_identification:_identify(src/suii_msgs) by extension 'ignore_ament_install'
[0.255s] Level 1:colcon.colcon_core.package_identification:_identify(src/suii_msgs) by extensions ['colcon_pkg']
[0.255s] Level 1:colcon.colcon_core.package_identification:_identify(src/suii_msgs) by extension 'colcon_pkg'
[0.255s] Level 1:colcon.colcon_core.package_identification:_identify(src/suii_msgs) by extensions ['colcon_meta']
[0.255s] Level 1:colcon.colcon_core.package_identification:_identify(src/suii_msgs) by extension 'colcon_meta'
[0.255s] Level 1:colcon.colcon_core.package_identification:_identify(src/suii_msgs) by extensions ['ros']
[0.255s] Level 1:colcon.colcon_core.package_identification:_identify(src/suii_msgs) by extension 'ros'
[0.255s] DEBUG:colcon.colcon_core.package_identification:Package 'src/suii_msgs' with type 'ros.ament_cmake' and name 'suii_msgs'
[0.255s] Level 1:colcon.colcon_core.package_identification:_identify(src/suii_navigation) by extensions ['ignore', 'ignore_ament_install']
[0.256s] Level 1:colcon.colcon_core.package_identification:_identify(src/suii_navigation) by extension 'ignore'
[0.256s] Level 1:colcon.colcon_core.package_identification:_identify(src/suii_navigation) by extension 'ignore_ament_install'
[0.256s] Level 1:colcon.colcon_core.package_identification:_identify(src/suii_navigation) by extensions ['colcon_pkg']
[0.256s] Level 1:colcon.colcon_core.package_identification:_identify(src/suii_navigation) by extension 'colcon_pkg'
[0.256s] Level 1:colcon.colcon_core.package_identification:_identify(src/suii_navigation) by extensions ['colcon_meta']
[0.256s] Level 1:colcon.colcon_core.package_identification:_identify(src/suii_navigation) by extension 'colcon_meta'
[0.256s] Level 1:colcon.colcon_core.package_identification:_identify(src/suii_navigation) by extensions ['ros']
[0.256s] Level 1:colcon.colcon_core.package_identification:_identify(src/suii_navigation) by extension 'ros'
[0.256s] DEBUG:colcon.colcon_core.package_identification:Failed to parse potential ROS package manifest in'src/suii_navigation': Error(s) in package 'src/suii_navigation/package.xml':
The manifest contains invalid XML:
mismatched tag: line 14, column 26
[0.256s] Level 1:colcon.colcon_core.package_identification:_identify(src/suii_navigation) by extensions ['cmake', 'python']
[0.256s] Level 1:colcon.colcon_core.package_identification:_identify(src/suii_navigation) by extension 'cmake'
[0.256s] Level 1:colcon.colcon_core.package_identification:_identify(src/suii_navigation) by extension 'python'
[0.256s] DEBUG:colcon.colcon_core.package_identification:Python package in 'src/suii_navigation' passes arguments to the setup() function which requires a different identification extension than 'python'
[0.256s] Level 1:colcon.colcon_core.package_identification:_identify(src/suii_navigation) by extensions ['python_setup_py']
[0.256s] Level 1:colcon.colcon_core.package_identification:_identify(src/suii_navigation) by extension 'python_setup_py'
[0.424s] DEBUG:colcon.colcon_core.package_identification:Package 'src/suii_navigation' with type 'python' and name 'suii_navigation'
[0.424s] Level 1:colcon.colcon_core.package_discovery:discover_packages(recursive) using defaults
[0.424s] Level 1:colcon.colcon_core.package_discovery:discover_packages(ignore) discover
[0.424s] Level 1:colcon.colcon_core.package_discovery:discover_packages(ignore) using defaults
[0.424s] Level 1:colcon.colcon_core.package_discovery:discover_packages(path) discover
[0.424s] Level 1:colcon.colcon_core.package_discovery:discover_packages(path) using defaults
[0.445s] Level 5:colcon.colcon_core.verb:set package 'suii_bringup' build argument 'cmake_args' from command line to 'None'
[0.445s] Level 5:colcon.colcon_core.verb:set package 'suii_bringup' build argument 'cmake_target' from command line to 'None'
[0.445s] Level 5:colcon.colcon_core.verb:set package 'suii_bringup' build argument 'cmake_target_skip_unavailable' from command line to 'False'
[0.445s] Level 5:colcon.colcon_core.verb:set package 'suii_bringup' build argument 'cmake_clean_cache' from command line to 'False'
[0.445s] Level 5:colcon.colcon_core.verb:set package 'suii_bringup' build argument 'cmake_clean_first' from command line to 'False'
[0.445s] Level 5:colcon.colcon_core.verb:set package 'suii_bringup' build argument 'cmake_force_configure' from command line to 'False'
[0.445s] Level 5:colcon.colcon_core.verb:set package 'suii_bringup' build argument 'ament_cmake_args' from command line to 'None'
[0.445s] Level 5:colcon.colcon_core.verb:set package 'suii_bringup' build argument 'catkin_cmake_args' from command line to 'None'
[0.445s] Level 5:colcon.colcon_core.verb:set package 'suii_bringup' build argument 'catkin_skip_building_tests' from command line to 'False'
[0.445s] DEBUG:colcon.colcon_core.verb:Building package 'suii_bringup' with the following arguments: {'ament_cmake_args': None, 'build_base': '/home/suii/colcon_ws/suii/ros2_ws/build/suii_bringup', 'catkin_cmake_args': None, 'catkin_skip_building_tests': False, 'cmake_args': None, 'cmake_clean_cache': False, 'cmake_clean_first': False, 'cmake_force_configure': False, 'cmake_target': None, 'cmake_target_skip_unavailable': False, 'install_base': '/home/suii/colcon_ws/suii/ros2_ws/install/suii_bringup', 'merge_install': False, 'path': '/home/suii/colcon_ws/suii/ros2_ws/src/suii_bringup', 'symlink_install': False, 'test_result_base': None}
[0.448s] Level 5:colcon.colcon_core.verb:set package 'suii_communication_ros2' build argument 'cmake_args' from command line to 'None'
[0.448s] Level 5:colcon.colcon_core.verb:set package 'suii_communication_ros2' build argument 'cmake_target' from command line to 'None'
[0.448s] Level 5:colcon.colcon_core.verb:set package 'suii_communication_ros2' build argument 'cmake_target_skip_unavailable' from command line to 'False'
[0.448s] Level 5:colcon.colcon_core.verb:set package 'suii_communication_ros2' build argument 'cmake_clean_cache' from command line to 'False'
[0.448s] Level 5:colcon.colcon_core.verb:set package 'suii_communication_ros2' build argument 'cmake_clean_first' from command line to 'False'
[0.448s] Level 5:colcon.colcon_core.verb:set package 'suii_communication_ros2' build argument 'cmake_force_configure' from command line to 'False'
[0.448s] Level 5:colcon.colcon_core.verb:set package 'suii_communication_ros2' build argument 'ament_cmake_args' from command line to 'None'
[0.448s] Level 5:colcon.colcon_core.verb:set package 'suii_communication_ros2' build argument 'catkin_cmake_args' from command line to 'None'
[0.448s] Level 5:colcon.colcon_core.verb:set package 'suii_communication_ros2' build argument 'catkin_skip_building_tests' from command line to 'False'
[0.448s] DEBUG:colcon.colcon_core.verb:Building package 'suii_communication_ros2' with the following arguments: {'ament_cmake_args': None, 'build_base': '/home/suii/colcon_ws/suii/ros2_ws/build/suii_communication_ros2', 'catkin_cmake_args': None, 'catkin_skip_building_tests': False, 'cmake_args': None, 'cmake_clean_cache': False, 'cmake_clean_first': False, 'cmake_force_configure': False, 'cmake_target': None, 'cmake_target_skip_unavailable': False, 'install_base': '/home/suii/colcon_ws/suii/ros2_ws/install/suii_communication_ros2', 'merge_install': False, 'path': '/home/suii/colcon_ws/suii/ros2_ws/src/suii_communication_ros2', 'symlink_install': False, 'test_result_base': None}
[0.450s] Level 5:colcon.colcon_core.verb:set package 'suii_description' build argument 'cmake_args' from command line to 'None'
[0.450s] Level 5:colcon.colcon_core.verb:set package 'suii_description' build argument 'cmake_target' from command line to 'None'
[0.450s] Level 5:colcon.colcon_core.verb:set package 'suii_description' build argument 'cmake_target_skip_unavailable' from command line to 'False'
[0.450s] Level 5:colcon.colcon_core.verb:set package 'suii_description' build argument 'cmake_clean_cache' from command line to 'False'
[0.450s] Level 5:colcon.colcon_core.verb:set package 'suii_description' build argument 'cmake_clean_first' from command line to 'False'
[0.450s] Level 5:colcon.colcon_core.verb:set package 'suii_description' build argument 'cmake_force_configure' from command line to 'False'
[0.450s] Level 5:colcon.colcon_core.verb:set package 'suii_description' build argument 'ament_cmake_args' from command line to 'None'
[0.450s] Level 5:colcon.colcon_core.verb:set package 'suii_description' build argument 'catkin_cmake_args' from command line to 'None'
[0.450s] Level 5:colcon.colcon_core.verb:set package 'suii_description' build argument 'catkin_skip_building_tests' from command line to 'False'
[0.450s] DEBUG:colcon.colcon_core.verb:Building package 'suii_description' with the following arguments: {'ament_cmake_args': None, 'build_base': '/home/suii/colcon_ws/suii/ros2_ws/build/suii_description', 'catkin_cmake_args': None, 'catkin_skip_building_tests': False, 'cmake_args': None, 'cmake_clean_cache': False, 'cmake_clean_first': False, 'cmake_force_configure': False, 'cmake_target': None, 'cmake_target_skip_unavailable': False, 'install_base': '/home/suii/colcon_ws/suii/ros2_ws/install/suii_description', 'merge_install': False, 'path': '/home/suii/colcon_ws/suii/ros2_ws/src/suii_description', 'symlink_install': False, 'test_result_base': None}
[0.453s] Level 5:colcon.colcon_core.verb:set package 'suii_msgs' build argument 'cmake_args' from command line to 'None'
[0.453s] Level 5:colcon.colcon_core.verb:set package 'suii_msgs' build argument 'cmake_target' from command line to 'None'
[0.453s] Level 5:colcon.colcon_core.verb:set package 'suii_msgs' build argument 'cmake_target_skip_unavailable' from command line to 'False'
[0.453s] Level 5:colcon.colcon_core.verb:set package 'suii_msgs' build argument 'cmake_clean_cache' from command line to 'False'
[0.453s] Level 5:colcon.colcon_core.verb:set package 'suii_msgs' build argument 'cmake_clean_first' from command line to 'False'
[0.453s] Level 5:colcon.colcon_core.verb:set package 'suii_msgs' build argument 'cmake_force_configure' from command line to 'False'
[0.453s] Level 5:colcon.colcon_core.verb:set package 'suii_msgs' build argument 'ament_cmake_args' from command line to 'None'
[0.453s] Level 5:colcon.colcon_core.verb:set package 'suii_msgs' build argument 'catkin_cmake_args' from command line to 'None'
[0.453s] Level 5:colcon.colcon_core.verb:set package 'suii_msgs' build argument 'catkin_skip_building_tests' from command line to 'False'
[0.453s] DEBUG:colcon.colcon_core.verb:Building package 'suii_msgs' with the following arguments: {'ament_cmake_args': None, 'build_base': '/home/suii/colcon_ws/suii/ros2_ws/build/suii_msgs', 'catkin_cmake_args': None, 'catkin_skip_building_tests': False, 'cmake_args': None, 'cmake_clean_cache': False, 'cmake_clean_first': False, 'cmake_force_configure': False, 'cmake_target': None, 'cmake_target_skip_unavailable': False, 'install_base': '/home/suii/colcon_ws/suii/ros2_ws/install/suii_msgs', 'merge_install': False, 'path': '/home/suii/colcon_ws/suii/ros2_ws/src/suii_msgs', 'symlink_install': False, 'test_result_base': None}
[0.455s] Level 5:colcon.colcon_core.verb:set package 'suii_navigation' build argument 'cmake_args' from command line to 'None'
[0.455s] Level 5:colcon.colcon_core.verb:set package 'suii_navigation' build argument 'cmake_target' from command line to 'None'
[0.455s] Level 5:colcon.colcon_core.verb:set package 'suii_navigation' build argument 'cmake_target_skip_unavailable' from command line to 'False'
[0.455s] Level 5:colcon.colcon_core.verb:set package 'suii_navigation' build argument 'cmake_clean_cache' from command line to 'False'
[0.455s] Level 5:colcon.colcon_core.verb:set package 'suii_navigation' build argument 'cmake_clean_first' from command line to 'False'
[0.455s] Level 5:colcon.colcon_core.verb:set package 'suii_navigation' build argument 'cmake_force_configure' from command line to 'False'
[0.455s] Level 5:colcon.colcon_core.verb:set package 'suii_navigation' build argument 'ament_cmake_args' from command line to 'None'
[0.455s] Level 5:colcon.colcon_core.verb:set package 'suii_navigation' build argument 'catkin_cmake_args' from command line to 'None'
[0.455s] Level 5:colcon.colcon_core.verb:set package 'suii_navigation' build argument 'catkin_skip_building_tests' from command line to 'False'
[0.455s] DEBUG:colcon.colcon_core.verb:Building package 'suii_navigation' with the following arguments: {'ament_cmake_args': None, 'build_base': '/home/suii/colcon_ws/suii/ros2_ws/build/suii_navigation', 'catkin_cmake_args': None, 'catkin_skip_building_tests': False, 'cmake_args': None, 'cmake_clean_cache': False, 'cmake_clean_first': False, 'cmake_force_configure': False, 'cmake_target': None, 'cmake_target_skip_unavailable': False, 'install_base': '/home/suii/colcon_ws/suii/ros2_ws/install/suii_navigation', 'merge_install': False, 'path': '/home/suii/colcon_ws/suii/ros2_ws/src/suii_navigation', 'symlink_install': False, 'test_result_base': None}
[0.457s] Level 5:colcon.colcon_core.verb:set package 'nav_test_package_ros2' build argument 'cmake_args' from command line to 'None'
[0.457s] Level 5:colcon.colcon_core.verb:set package 'nav_test_package_ros2' build argument 'cmake_target' from command line to 'None'
[0.458s] Level 5:colcon.colcon_core.verb:set package 'nav_test_package_ros2' build argument 'cmake_target_skip_unavailable' from command line to 'False'
[0.458s] Level 5:colcon.colcon_core.verb:set package 'nav_test_package_ros2' build argument 'cmake_clean_cache' from command line to 'False'
[0.458s] Level 5:colcon.colcon_core.verb:set package 'nav_test_package_ros2' build argument 'cmake_clean_first' from command line to 'False'
[0.458s] Level 5:colcon.colcon_core.verb:set package 'nav_test_package_ros2' build argument 'cmake_force_configure' from command line to 'False'
[0.458s] Level 5:colcon.colcon_core.verb:set package 'nav_test_package_ros2' build argument 'ament_cmake_args' from command line to 'None'
[0.458s] Level 5:colcon.colcon_core.verb:set package 'nav_test_package_ros2' build argument 'catkin_cmake_args' from command line to 'None'
[0.458s] Level 5:colcon.colcon_core.verb:set package 'nav_test_package_ros2' build argument 'catkin_skip_building_tests' from command line to 'False'
[0.458s] DEBUG:colcon.colcon_core.verb:Building package 'nav_test_package_ros2' with the following arguments: {'ament_cmake_args': None, 'build_base': '/home/suii/colcon_ws/suii/ros2_ws/build/nav_test_package_ros2', 'catkin_cmake_args': None, 'catkin_skip_building_tests': False, 'cmake_args': None, 'cmake_clean_cache': False, 'cmake_clean_first': False, 'cmake_force_configure': False, 'cmake_target': None, 'cmake_target_skip_unavailable': False, 'install_base': '/home/suii/colcon_ws/suii/ros2_ws/install/nav_test_package_ros2', 'merge_install': False, 'path': '/home/suii/colcon_ws/suii/ros2_ws/src/nav_test_package_ros2', 'symlink_install': False, 'test_result_base': None}
[0.460s] Level 5:colcon.colcon_core.verb:set package 'ros1_bridge' build argument 'cmake_args' from command line to 'None'
[0.460s] Level 5:colcon.colcon_core.verb:set package 'ros1_bridge' build argument 'cmake_target' from command line to 'None'
[0.460s] Level 5:colcon.colcon_core.verb:set package 'ros1_bridge' build argument 'cmake_target_skip_unavailable' from command line to 'False'
[0.460s] Level 5:colcon.colcon_core.verb:set package 'ros1_bridge' build argument 'cmake_clean_cache' from command line to 'False'
[0.460s] Level 5:colcon.colcon_core.verb:set package 'ros1_bridge' build argument 'cmake_clean_first' from command line to 'False'
[0.460s] Level 5:colcon.colcon_core.verb:set package 'ros1_bridge' build argument 'cmake_force_configure' from command line to 'False'
[0.460s] Level 5:colcon.colcon_core.verb:set package 'ros1_bridge' build argument 'ament_cmake_args' from command line to 'None'
[0.460s] Level 5:colcon.colcon_core.verb:set package 'ros1_bridge' build argument 'catkin_cmake_args' from command line to 'None'
[0.460s] Level 5:colcon.colcon_core.verb:set package 'ros1_bridge' build argument 'catkin_skip_building_tests' from command line to 'False'
[0.460s] DEBUG:colcon.colcon_core.verb:Building package 'ros1_bridge' with the following arguments: {'ament_cmake_args': None, 'build_base': '/home/suii/colcon_ws/suii/ros2_ws/build/ros1_bridge', 'catkin_cmake_args': None, 'catkin_skip_building_tests': False, 'cmake_args': None, 'cmake_clean_cache': False, 'cmake_clean_first': False, 'cmake_force_configure': False, 'cmake_target': None, 'cmake_target_skip_unavailable': False, 'install_base': '/home/suii/colcon_ws/suii/ros2_ws/install/ros1_bridge', 'merge_install': False, 'path': '/home/suii/colcon_ws/suii/ros2_ws/src/ros1_bridge', 'symlink_install': False, 'test_result_base': None}
[0.460s] INFO:colcon.colcon_core.executor:Executing jobs using 'parallel' executor
[0.462s] DEBUG:colcon.colcon_parallel_executor.executor.parallel:run_until_complete
[0.462s] INFO:colcon.colcon_ros.task.ament_cmake.build:Building ROS package in '/home/suii/colcon_ws/suii/ros2_ws/src/suii_msgs' with build type 'ament_cmake'
[0.463s] INFO:colcon.colcon_cmake.task.cmake.build:Building CMake package in '/home/suii/colcon_ws/suii/ros2_ws/src/suii_msgs'
[0.466s] INFO:colcon.colcon_core.plugin_system:Skipping extension 'colcon_core.shell.bat': Not used on non-Windows systems
[0.466s] INFO:colcon.colcon_core.shell:Skip shell extension 'powershell' for command environment: Not usable outside of PowerShell
[0.466s] DEBUG:colcon.colcon_core.shell:Skip shell extension 'dsv' for command environment
[0.470s] INFO:colcon.colcon_ros.task.ament_cmake.build:Building ROS package in '/home/suii/colcon_ws/suii/ros2_ws/src/suii_communication_ros2' with build type 'ament_cmake'
[0.471s] INFO:colcon.colcon_cmake.task.cmake.build:Building CMake package in '/home/suii/colcon_ws/suii/ros2_ws/src/suii_communication_ros2'
[0.471s] INFO:colcon.colcon_core.shell:Skip shell extension 'powershell' for command environment: Not usable outside of PowerShell
[0.471s] DEBUG:colcon.colcon_core.shell:Skip shell extension 'dsv' for command environment
[0.475s] INFO:colcon.colcon_ros.task.ament_cmake.build:Building ROS package in '/home/suii/colcon_ws/suii/ros2_ws/src/suii_bringup' with build type 'ament_cmake'
[0.476s] INFO:colcon.colcon_cmake.task.cmake.build:Building CMake package in '/home/suii/colcon_ws/suii/ros2_ws/src/suii_bringup'
[0.477s] INFO:colcon.colcon_core.shell:Skip shell extension 'powershell' for command environment: Not usable outside of PowerShell
[0.477s] DEBUG:colcon.colcon_core.shell:Skip shell extension 'dsv' for command environment
[0.482s] INFO:colcon.colcon_ros.task.ament_cmake.build:Building ROS package in '/home/suii/colcon_ws/suii/ros2_ws/src/suii_description' with build type 'ament_cmake'
[0.482s] INFO:colcon.colcon_cmake.task.cmake.build:Building CMake package in '/home/suii/colcon_ws/suii/ros2_ws/src/suii_description'
[0.483s] INFO:colcon.colcon_core.shell:Skip shell extension 'powershell' for command environment: Not usable outside of PowerShell
[0.483s] DEBUG:colcon.colcon_core.shell:Skip shell extension 'dsv' for command environment
[0.487s] INFO:colcon.colcon_core.task.python.build:Building Python package in '/home/suii/colcon_ws/suii/ros2_ws/src/suii_navigation'
[0.488s] INFO:colcon.colcon_core.shell:Skip shell extension 'powershell' for command environment: Not usable outside of PowerShell
[0.488s] DEBUG:colcon.colcon_core.shell:Skip shell extension 'dsv' for command environment
[0.501s] DEBUG:colcon.colcon_core.event_handler.log_command:Invoking command in '/home/suii/colcon_ws/suii/ros2_ws/build/suii_msgs': CMAKE_PREFIX_PATH=${CMAKE_PREFIX_PATH}:/home/suii/Suii_code/colcon_ws/suii/install/nav_test_package_ros2 /usr/bin/cmake --build /home/suii/colcon_ws/suii/ros2_ws/build/suii_msgs -- -j8 -l8
[0.507s] DEBUG:colcon.colcon_core.event_handler.log_command:Invoking command in '/home/suii/colcon_ws/suii/ros2_ws/build/suii_communication_ros2': CMAKE_PREFIX_PATH=${CMAKE_PREFIX_PATH}:/home/suii/Suii_code/colcon_ws/suii/install/nav_test_package_ros2 /usr/bin/cmake --build /home/suii/colcon_ws/suii/ros2_ws/build/suii_communication_ros2 -- -j8 -l8
[0.510s] DEBUG:colcon.colcon_core.event_handler.log_command:Invoking command in '/home/suii/colcon_ws/suii/ros2_ws/build/suii_bringup': CMAKE_PREFIX_PATH=${CMAKE_PREFIX_PATH}:/home/suii/Suii_code/colcon_ws/suii/install/nav_test_package_ros2 /usr/bin/cmake --build /home/suii/colcon_ws/suii/ros2_ws/build/suii_bringup -- -j8 -l8
[0.517s] DEBUG:colcon.colcon_core.event_handler.log_command:Invoking command in '/home/suii/colcon_ws/suii/ros2_ws/build/suii_description': CMAKE_PREFIX_PATH=${CMAKE_PREFIX_PATH}:/home/suii/Suii_code/colcon_ws/suii/install/nav_test_package_ros2 /usr/bin/cmake --build /home/suii/colcon_ws/suii/ros2_ws/build/suii_description -- -j8 -l8
[0.752s] DEBUG:colcon.colcon_core.event_handler.log_command:Invoking command in '/home/suii/colcon_ws/suii/ros2_ws/build/suii_navigation': PYTHONPATH=/home/suii/colcon_ws/suii/ros2_ws/install/suii_navigation/lib/python3.8/site-packages:${PYTHONPATH} /usr/bin/python3 setup.py develop --prefix /home/suii/colcon_ws/suii/ros2_ws/install/suii_navigation --uninstall --editable --build-directory /home/suii/colcon_ws/suii/ros2_ws/build/suii_navigation/build
[0.766s] DEBUG:colcon.colcon_core.event_handler.log_command:Invoked command in '/home/suii/colcon_ws/suii/ros2_ws/build/suii_communication_ros2' returned '0': CMAKE_PREFIX_PATH=${CMAKE_PREFIX_PATH}:/home/suii/Suii_code/colcon_ws/suii/install/nav_test_package_ros2 /usr/bin/cmake --build /home/suii/colcon_ws/suii/ros2_ws/build/suii_communication_ros2 -- -j8 -l8
[0.767s] DEBUG:colcon.colcon_core.event_handler.log_command:Invoked command in '/home/suii/colcon_ws/suii/ros2_ws/build/suii_bringup' returned '0': CMAKE_PREFIX_PATH=${CMAKE_PREFIX_PATH}:/home/suii/Suii_code/colcon_ws/suii/install/nav_test_package_ros2 /usr/bin/cmake --build /home/suii/colcon_ws/suii/ros2_ws/build/suii_bringup -- -j8 -l8
[0.767s] DEBUG:colcon.colcon_core.event_handler.log_command:Invoked command in '/home/suii/colcon_ws/suii/ros2_ws/build/suii_description' returned '0': CMAKE_PREFIX_PATH=${CMAKE_PREFIX_PATH}:/home/suii/Suii_code/colcon_ws/suii/install/nav_test_package_ros2 /usr/bin/cmake --build /home/suii/colcon_ws/suii/ros2_ws/build/suii_description -- -j8 -l8
[0.799s] DEBUG:colcon.colcon_core.event_handler.log_command:Invoking command in '/home/suii/colcon_ws/suii/ros2_ws/build/suii_description': CMAKE_PREFIX_PATH=${CMAKE_PREFIX_PATH}:/home/suii/Suii_code/colcon_ws/suii/install/nav_test_package_ros2 /usr/bin/cmake --install /home/suii/colcon_ws/suii/ros2_ws/build/suii_description
[0.804s] DEBUG:colcon.colcon_core.event_handler.log_command:Invoking command in '/home/suii/colcon_ws/suii/ros2_ws/build/suii_bringup': CMAKE_PREFIX_PATH=${CMAKE_PREFIX_PATH}:/home/suii/Suii_code/colcon_ws/suii/install/nav_test_package_ros2 /usr/bin/cmake --install /home/suii/colcon_ws/suii/ros2_ws/build/suii_bringup
[0.807s] DEBUG:colcon.colcon_core.event_handler.log_command:Invoked command in '/home/suii/colcon_ws/suii/ros2_ws/build/suii_msgs' returned '0': CMAKE_PREFIX_PATH=${CMAKE_PREFIX_PATH}:/home/suii/Suii_code/colcon_ws/suii/install/nav_test_package_ros2 /usr/bin/cmake --build /home/suii/colcon_ws/suii/ros2_ws/build/suii_msgs -- -j8 -l8
[0.817s] Level 1:colcon.colcon_core.environment:create_environment_scripts_only(suii_description)
[0.820s] DEBUG:colcon.colcon_core.event_handler.log_command:Invoking command in '/home/suii/colcon_ws/suii/ros2_ws/build/suii_communication_ros2': CMAKE_PREFIX_PATH=${CMAKE_PREFIX_PATH}:/home/suii/Suii_code/colcon_ws/suii/install/nav_test_package_ros2 /usr/bin/cmake --install /home/suii/colcon_ws/suii/ros2_ws/build/suii_communication_ros2
[0.824s] Level 1:colcon.colcon_core.environment:checking '/home/suii/colcon_ws/suii/ros2_ws/install/suii_description' for CMake module files
[0.826s] Level 1:colcon.colcon_core.environment:checking '/home/suii/colcon_ws/suii/ros2_ws/install/suii_description' for CMake config files
[0.827s] DEBUG:colcon.colcon_core.event_handler.log_command:Invoked command in '/home/suii/colcon_ws/suii/ros2_ws/build/suii_description' returned '0': CMAKE_PREFIX_PATH=${CMAKE_PREFIX_PATH}:/home/suii/Suii_code/colcon_ws/suii/install/nav_test_package_ros2 /usr/bin/cmake --install /home/suii/colcon_ws/suii/ros2_ws/build/suii_description
[0.829s] Level 1:colcon.colcon_core.shell:create_environment_hook('suii_description', 'cmake_prefix_path')
[0.829s] INFO:colcon.colcon_core.shell:Creating environment hook '/home/suii/colcon_ws/suii/ros2_ws/install/suii_description/share/suii_description/hook/cmake_prefix_path.ps1'
[0.831s] INFO:colcon.colcon_core.shell:Creating environment descriptor '/home/suii/colcon_ws/suii/ros2_ws/install/suii_description/share/suii_description/hook/cmake_prefix_path.dsv'
[0.832s] INFO:colcon.colcon_core.shell:Creating environment hook '/home/suii/colcon_ws/suii/ros2_ws/install/suii_description/share/suii_description/hook/cmake_prefix_path.sh'
[0.834s] Level 1:colcon.colcon_core.environment:checking '/home/suii/colcon_ws/suii/ros2_ws/install/suii_description/bin'
[0.834s] Level 1:colcon.colcon_core.environment:checking '/home/suii/colcon_ws/suii/ros2_ws/install/suii_description/lib/pkgconfig/suii_description.pc'
[0.834s] Level 1:colcon.colcon_core.environment:checking '/home/suii/colcon_ws/suii/ros2_ws/install/suii_description/lib/python3.8/site-packages'
[0.835s] INFO:colcon.colcon_core.shell:Creating package script '/home/suii/colcon_ws/suii/ros2_ws/install/suii_description/share/suii_description/package.ps1'
[0.837s] INFO:colcon.colcon_core.shell:Creating package descriptor '/home/suii/colcon_ws/suii/ros2_ws/install/suii_description/share/suii_description/package.dsv'
[0.839s] INFO:colcon.colcon_core.shell:Creating package script '/home/suii/colcon_ws/suii/ros2_ws/install/suii_description/share/suii_description/package.sh'
[0.840s] INFO:colcon.colcon_core.shell:Creating package script '/home/suii/colcon_ws/suii/ros2_ws/install/suii_description/share/suii_description/package.bash'
[0.842s] INFO:colcon.colcon_core.shell:Creating package script '/home/suii/colcon_ws/suii/ros2_ws/install/suii_description/share/suii_description/package.zsh'
[0.843s] Level 1:colcon.colcon_core.environment:create_file_with_runtime_dependencies(/home/suii/colcon_ws/suii/ros2_ws/install/suii_description/share/colcon-core/packages/suii_description)
[0.846s] Level 1:colcon.colcon_core.environment:create_environment_scripts_only(suii_bringup)
[0.848s] Level 1:colcon.colcon_core.environment:checking '/home/suii/colcon_ws/suii/ros2_ws/install/suii_bringup' for CMake module files
[0.849s] DEBUG:colcon.colcon_core.event_handler.log_command:Invoked command in '/home/suii/colcon_ws/suii/ros2_ws/build/suii_bringup' returned '0': CMAKE_PREFIX_PATH=${CMAKE_PREFIX_PATH}:/home/suii/Suii_code/colcon_ws/suii/install/nav_test_package_ros2 /usr/bin/cmake --install /home/suii/colcon_ws/suii/ros2_ws/build/suii_bringup
[0.849s] Level 1:colcon.colcon_core.environment:checking '/home/suii/colcon_ws/suii/ros2_ws/install/suii_bringup' for CMake config files
[0.849s] Level 1:colcon.colcon_core.shell:create_environment_hook('suii_bringup', 'cmake_prefix_path')
[0.850s] INFO:colcon.colcon_core.shell:Creating environment hook '/home/suii/colcon_ws/suii/ros2_ws/install/suii_bringup/share/suii_bringup/hook/cmake_prefix_path.ps1'
[0.852s] INFO:colcon.colcon_core.shell:Creating environment descriptor '/home/suii/colcon_ws/suii/ros2_ws/install/suii_bringup/share/suii_bringup/hook/cmake_prefix_path.dsv'
[0.853s] INFO:colcon.colcon_core.shell:Creating environment hook '/home/suii/colcon_ws/suii/ros2_ws/install/suii_bringup/share/suii_bringup/hook/cmake_prefix_path.sh'
[0.854s] Level 1:colcon.colcon_core.environment:checking '/home/suii/colcon_ws/suii/ros2_ws/install/suii_bringup/bin'
[0.854s] Level 1:colcon.colcon_core.environment:checking '/home/suii/colcon_ws/suii/ros2_ws/install/suii_bringup/lib/pkgconfig/suii_bringup.pc'
[0.855s] Level 1:colcon.colcon_core.environment:checking '/home/suii/colcon_ws/suii/ros2_ws/install/suii_bringup/lib/python3.8/site-packages'
[0.856s] INFO:colcon.colcon_core.shell:Creating package script '/home/suii/colcon_ws/suii/ros2_ws/install/suii_bringup/share/suii_bringup/package.ps1'
[0.856s] INFO:colcon.colcon_core.shell:Creating package descriptor '/home/suii/colcon_ws/suii/ros2_ws/install/suii_bringup/share/suii_bringup/package.dsv'
[0.857s] INFO:colcon.colcon_core.shell:Creating package script '/home/suii/colcon_ws/suii/ros2_ws/install/suii_bringup/share/suii_bringup/package.sh'
[0.857s] INFO:colcon.colcon_core.shell:Creating package script '/home/suii/colcon_ws/suii/ros2_ws/install/suii_bringup/share/suii_bringup/package.bash'
[0.857s] INFO:colcon.colcon_core.shell:Creating package script '/home/suii/colcon_ws/suii/ros2_ws/install/suii_bringup/share/suii_bringup/package.zsh'
[0.858s] Level 1:colcon.colcon_core.environment:create_file_with_runtime_dependencies(/home/suii/colcon_ws/suii/ros2_ws/install/suii_bringup/share/colcon-core/packages/suii_bringup)
[0.864s] Level 1:colcon.colcon_core.environment:create_environment_scripts_only(suii_description)
[0.865s] Level 1:colcon.colcon_core.environment:checking '/home/suii/colcon_ws/suii/ros2_ws/install/suii_description' for CMake module files
[0.866s] Level 1:colcon.colcon_core.environment:checking '/home/suii/colcon_ws/suii/ros2_ws/install/suii_description' for CMake config files
[0.867s] Level 1:colcon.colcon_core.shell:create_environment_hook('suii_description', 'cmake_prefix_path')
[0.867s] INFO:colcon.colcon_core.shell:Creating environment hook '/home/suii/colcon_ws/suii/ros2_ws/install/suii_description/share/suii_description/hook/cmake_prefix_path.ps1'
[0.868s] INFO:colcon.colcon_core.shell:Creating environment descriptor '/home/suii/colcon_ws/suii/ros2_ws/install/suii_description/share/suii_description/hook/cmake_prefix_path.dsv'
[0.868s] INFO:colcon.colcon_core.shell:Creating environment hook '/home/suii/colcon_ws/suii/ros2_ws/install/suii_description/share/suii_description/hook/cmake_prefix_path.sh'
[0.869s] Level 1:colcon.colcon_core.environment:checking '/home/suii/colcon_ws/suii/ros2_ws/install/suii_description/bin'
[0.869s] Level 1:colcon.colcon_core.environment:checking '/home/suii/colcon_ws/suii/ros2_ws/install/suii_description/lib/pkgconfig/suii_description.pc'
[0.869s] Level 1:colcon.colcon_core.environment:checking '/home/suii/colcon_ws/suii/ros2_ws/install/suii_description/lib/python3.8/site-packages'
[0.870s] INFO:colcon.colcon_core.shell:Creating package script '/home/suii/colcon_ws/suii/ros2_ws/install/suii_description/share/suii_description/package.ps1'
[0.871s] INFO:colcon.colcon_core.shell:Creating package descriptor '/home/suii/colcon_ws/suii/ros2_ws/install/suii_description/share/suii_description/package.dsv'
[0.871s] INFO:colcon.colcon_core.shell:Creating package script '/home/suii/colcon_ws/suii/ros2_ws/install/suii_description/share/suii_description/package.sh'
[0.871s] INFO:colcon.colcon_core.shell:Creating package script '/home/suii/colcon_ws/suii/ros2_ws/install/suii_description/share/suii_description/package.bash'
[0.872s] INFO:colcon.colcon_core.shell:Creating package script '/home/suii/colcon_ws/suii/ros2_ws/install/suii_description/share/suii_description/package.zsh'
[0.872s] Level 1:colcon.colcon_core.environment:create_file_with_runtime_dependencies(/home/suii/colcon_ws/suii/ros2_ws/install/suii_description/share/colcon-core/packages/suii_description)
[0.879s] Level 1:colcon.colcon_core.environment:create_environment_scripts_only(suii_bringup)
[0.880s] Level 1:colcon.colcon_core.environment:checking '/home/suii/colcon_ws/suii/ros2_ws/install/suii_bringup' for CMake module files
[0.880s] Level 1:colcon.colcon_core.environment:checking '/home/suii/colcon_ws/suii/ros2_ws/install/suii_bringup' for CMake config files
[0.880s] Level 1:colcon.colcon_core.shell:create_environment_hook('suii_bringup', 'cmake_prefix_path')
[0.881s] INFO:colcon.colcon_core.shell:Creating environment hook '/home/suii/colcon_ws/suii/ros2_ws/install/suii_bringup/share/suii_bringup/hook/cmake_prefix_path.ps1'
[0.881s] INFO:colcon.colcon_core.shell:Creating environment descriptor '/home/suii/colcon_ws/suii/ros2_ws/install/suii_bringup/share/suii_bringup/hook/cmake_prefix_path.dsv'
[0.881s] INFO:colcon.colcon_core.shell:Creating environment hook '/home/suii/colcon_ws/suii/ros2_ws/install/suii_bringup/share/suii_bringup/hook/cmake_prefix_path.sh'
[0.882s] Level 1:colcon.colcon_core.environment:checking '/home/suii/colcon_ws/suii/ros2_ws/install/suii_bringup/bin'
[0.882s] Level 1:colcon.colcon_core.environment:checking '/home/suii/colcon_ws/suii/ros2_ws/install/suii_bringup/lib/pkgconfig/suii_bringup.pc'
[0.882s] Level 1:colcon.colcon_core.environment:checking '/home/suii/colcon_ws/suii/ros2_ws/install/suii_bringup/lib/python3.8/site-packages'
[0.882s] INFO:colcon.colcon_core.shell:Creating package script '/home/suii/colcon_ws/suii/ros2_ws/install/suii_bringup/share/suii_bringup/package.ps1'
[0.883s] INFO:colcon.colcon_core.shell:Creating package descriptor '/home/suii/colcon_ws/suii/ros2_ws/install/suii_bringup/share/suii_bringup/package.dsv'
[0.883s] INFO:colcon.colcon_core.shell:Creating package script '/home/suii/colcon_ws/suii/ros2_ws/install/suii_bringup/share/suii_bringup/package.sh'
[0.883s] INFO:colcon.colcon_core.shell:Creating package script '/home/suii/colcon_ws/suii/ros2_ws/install/suii_bringup/share/suii_bringup/package.bash'
[0.884s] INFO:colcon.colcon_core.shell:Creating package script '/home/suii/colcon_ws/suii/ros2_ws/install/suii_bringup/share/suii_bringup/package.zsh'
[0.884s] Level 1:colcon.colcon_core.environment:create_file_with_runtime_dependencies(/home/suii/colcon_ws/suii/ros2_ws/install/suii_bringup/share/colcon-core/packages/suii_bringup)
[0.907s] Level 1:colcon.colcon_core.environment:create_environment_scripts_only(suii_communication_ros2)
[0.907s] Level 1:colcon.colcon_core.environment:checking '/home/suii/colcon_ws/suii/ros2_ws/install/suii_communication_ros2' for CMake module files
[0.908s] DEBUG:colcon.colcon_core.event_handler.log_command:Invoked command in '/home/suii/colcon_ws/suii/ros2_ws/build/suii_communication_ros2' returned '0': CMAKE_PREFIX_PATH=${CMAKE_PREFIX_PATH}:/home/suii/Suii_code/colcon_ws/suii/install/nav_test_package_ros2 /usr/bin/cmake --install /home/suii/colcon_ws/suii/ros2_ws/build/suii_communication_ros2
[0.908s] Level 1:colcon.colcon_core.environment:checking '/home/suii/colcon_ws/suii/ros2_ws/install/suii_communication_ros2' for CMake config files
[0.909s] Level 1:colcon.colcon_core.shell:create_environment_hook('suii_communication_ros2', 'cmake_prefix_path')
[0.909s] INFO:colcon.colcon_core.shell:Creating environment hook '/home/suii/colcon_ws/suii/ros2_ws/install/suii_communication_ros2/share/suii_communication_ros2/hook/cmake_prefix_path.ps1'
[0.909s] INFO:colcon.colcon_core.shell:Creating environment descriptor '/home/suii/colcon_ws/suii/ros2_ws/install/suii_communication_ros2/share/suii_communication_ros2/hook/cmake_prefix_path.dsv'
[0.910s] INFO:colcon.colcon_core.shell:Creating environment hook '/home/suii/colcon_ws/suii/ros2_ws/install/suii_communication_ros2/share/suii_communication_ros2/hook/cmake_prefix_path.sh'
[0.910s] Level 1:colcon.colcon_core.environment:checking '/home/suii/colcon_ws/suii/ros2_ws/install/suii_communication_ros2/lib'
[0.910s] Level 1:colcon.colcon_core.shell:create_environment_hook('suii_communication_ros2', 'ld_library_path_lib')
[0.911s] INFO:colcon.colcon_core.shell:Creating environment hook '/home/suii/colcon_ws/suii/ros2_ws/install/suii_communication_ros2/share/suii_communication_ros2/hook/ld_library_path_lib.ps1'
[0.911s] INFO:colcon.colcon_core.shell:Creating environment descriptor '/home/suii/colcon_ws/suii/ros2_ws/install/suii_communication_ros2/share/suii_communication_ros2/hook/ld_library_path_lib.dsv'
[0.911s] INFO:colcon.colcon_core.shell:Creating environment hook '/home/suii/colcon_ws/suii/ros2_ws/install/suii_communication_ros2/share/suii_communication_ros2/hook/ld_library_path_lib.sh'
[0.912s] Level 1:colcon.colcon_core.environment:checking '/home/suii/colcon_ws/suii/ros2_ws/install/suii_communication_ros2/bin'
[0.912s] Level 1:colcon.colcon_core.environment:checking '/home/suii/colcon_ws/suii/ros2_ws/install/suii_communication_ros2/lib/pkgconfig/suii_communication_ros2.pc'
[0.912s] Level 1:colcon.colcon_core.environment:checking '/home/suii/colcon_ws/suii/ros2_ws/install/suii_communication_ros2/lib/python3.8/site-packages'
[0.912s] Level 1:colcon.colcon_core.shell:create_environment_hook('suii_communication_ros2', 'pythonpath')
[0.913s] INFO:colcon.colcon_core.shell:Creating environment hook '/home/suii/colcon_ws/suii/ros2_ws/install/suii_communication_ros2/share/suii_communication_ros2/hook/pythonpath.ps1'
[0.913s] INFO:colcon.colcon_core.shell:Creating environment descriptor '/home/suii/colcon_ws/suii/ros2_ws/install/suii_communication_ros2/share/suii_communication_ros2/hook/pythonpath.dsv'
[0.913s] INFO:colcon.colcon_core.shell:Creating environment hook '/home/suii/colcon_ws/suii/ros2_ws/install/suii_communication_ros2/share/suii_communication_ros2/hook/pythonpath.sh'
[0.914s] INFO:colcon.colcon_core.shell:Creating package script '/home/suii/colcon_ws/suii/ros2_ws/install/suii_communication_ros2/share/suii_communication_ros2/package.ps1'
[0.915s] INFO:colcon.colcon_core.shell:Creating package descriptor '/home/suii/colcon_ws/suii/ros2_ws/install/suii_communication_ros2/share/suii_communication_ros2/package.dsv'
[0.915s] INFO:colcon.colcon_core.shell:Creating package script '/home/suii/colcon_ws/suii/ros2_ws/install/suii_communication_ros2/share/suii_communication_ros2/package.sh'
[0.916s] INFO:colcon.colcon_core.shell:Creating package script '/home/suii/colcon_ws/suii/ros2_ws/install/suii_communication_ros2/share/suii_communication_ros2/package.bash'
[0.916s] INFO:colcon.colcon_core.shell:Creating package script '/home/suii/colcon_ws/suii/ros2_ws/install/suii_communication_ros2/share/suii_communication_ros2/package.zsh'
[0.916s] Level 1:colcon.colcon_core.environment:create_file_with_runtime_dependencies(/home/suii/colcon_ws/suii/ros2_ws/install/suii_communication_ros2/share/colcon-core/packages/suii_communication_ros2)
[0.956s] Level 1:colcon.colcon_core.environment:create_environment_scripts_only(suii_communication_ros2)
[0.957s] Level 1:colcon.colcon_core.environment:checking '/home/suii/colcon_ws/suii/ros2_ws/install/suii_communication_ros2' for CMake module files
[0.957s] Level 1:colcon.colcon_core.environment:checking '/home/suii/colcon_ws/suii/ros2_ws/install/suii_communication_ros2' for CMake config files
[0.958s] Level 1:colcon.colcon_core.shell:create_environment_hook('suii_communication_ros2', 'cmake_prefix_path')
[0.958s] INFO:colcon.colcon_core.shell:Creating environment hook '/home/suii/colcon_ws/suii/ros2_ws/install/suii_communication_ros2/share/suii_communication_ros2/hook/cmake_prefix_path.ps1'
[0.959s] INFO:colcon.colcon_core.shell:Creating environment descriptor '/home/suii/colcon_ws/suii/ros2_ws/install/suii_communication_ros2/share/suii_communication_ros2/hook/cmake_prefix_path.dsv'
[0.959s] INFO:colcon.colcon_core.shell:Creating environment hook '/home/suii/colcon_ws/suii/ros2_ws/install/suii_communication_ros2/share/suii_communication_ros2/hook/cmake_prefix_path.sh'
[0.960s] Level 1:colcon.colcon_core.environment:checking '/home/suii/colcon_ws/suii/ros2_ws/install/suii_communication_ros2/lib'
[0.960s] Level 1:colcon.colcon_core.shell:create_environment_hook('suii_communication_ros2', 'ld_library_path_lib')
[0.960s] INFO:colcon.colcon_core.shell:Creating environment hook '/home/suii/colcon_ws/suii/ros2_ws/install/suii_communication_ros2/share/suii_communication_ros2/hook/ld_library_path_lib.ps1'
[0.961s] INFO:colcon.colcon_core.shell:Creating environment descriptor '/home/suii/colcon_ws/suii/ros2_ws/install/suii_communication_ros2/share/suii_communication_ros2/hook/ld_library_path_lib.dsv'
[0.961s] INFO:colcon.colcon_core.shell:Creating environment hook '/home/suii/colcon_ws/suii/ros2_ws/install/suii_communication_ros2/share/suii_communication_ros2/hook/ld_library_path_lib.sh'
[0.961s] Level 1:colcon.colcon_core.environment:checking '/home/suii/colcon_ws/suii/ros2_ws/install/suii_communication_ros2/bin'
[0.961s] Level 1:colcon.colcon_core.environment:checking '/home/suii/colcon_ws/suii/ros2_ws/install/suii_communication_ros2/lib/pkgconfig/suii_communication_ros2.pc'
[0.961s] Level 1:colcon.colcon_core.environment:checking '/home/suii/colcon_ws/suii/ros2_ws/install/suii_communication_ros2/lib/python3.8/site-packages'
[0.961s] Level 1:colcon.colcon_core.shell:create_environment_hook('suii_communication_ros2', 'pythonpath')
[0.962s] INFO:colcon.colcon_core.shell:Creating environment hook '/home/suii/colcon_ws/suii/ros2_ws/install/suii_communication_ros2/share/suii_communication_ros2/hook/pythonpath.ps1'
[0.962s] INFO:colcon.colcon_core.shell:Creating environment descriptor '/home/suii/colcon_ws/suii/ros2_ws/install/suii_communication_ros2/share/suii_communication_ros2/hook/pythonpath.dsv'
[0.962s] INFO:colcon.colcon_core.shell:Creating environment hook '/home/suii/colcon_ws/suii/ros2_ws/install/suii_communication_ros2/share/suii_communication_ros2/hook/pythonpath.sh'
[0.963s] INFO:colcon.colcon_core.shell:Creating package script '/home/suii/colcon_ws/suii/ros2_ws/install/suii_communication_ros2/share/suii_communication_ros2/package.ps1'
[0.963s] INFO:colcon.colcon_core.shell:Creating package descriptor '/home/suii/colcon_ws/suii/ros2_ws/install/suii_communication_ros2/share/suii_communication_ros2/package.dsv'
[0.964s] INFO:colcon.colcon_core.shell:Creating package script '/home/suii/colcon_ws/suii/ros2_ws/install/suii_communication_ros2/share/suii_communication_ros2/package.sh'
[0.964s] INFO:colcon.colcon_core.shell:Creating package script '/home/suii/colcon_ws/suii/ros2_ws/install/suii_communication_ros2/share/suii_communication_ros2/package.bash'
[0.965s] INFO:colcon.colcon_core.shell:Creating package script '/home/suii/colcon_ws/suii/ros2_ws/install/suii_communication_ros2/share/suii_communication_ros2/package.zsh'
[0.965s] Level 1:colcon.colcon_core.environment:create_file_with_runtime_dependencies(/home/suii/colcon_ws/suii/ros2_ws/install/suii_communication_ros2/share/colcon-core/packages/suii_communication_ros2)
[1.021s] DEBUG:colcon.colcon_core.event_handler.log_command:Invoking command in '/home/suii/colcon_ws/suii/ros2_ws/build/suii_msgs': CMAKE_PREFIX_PATH=${CMAKE_PREFIX_PATH}:/home/suii/Suii_code/colcon_ws/suii/install/nav_test_package_ros2 /usr/bin/cmake --install /home/suii/colcon_ws/suii/ros2_ws/build/suii_msgs
[1.110s] DEBUG:colcon.colcon_core.event_handler.log_command:Invoked command in '/home/suii/colcon_ws/suii/ros2_ws/build/suii_navigation' returned '0': PYTHONPATH=/home/suii/colcon_ws/suii/ros2_ws/install/suii_navigation/lib/python3.8/site-packages:${PYTHONPATH} /usr/bin/python3 setup.py develop --prefix /home/suii/colcon_ws/suii/ros2_ws/install/suii_navigation --uninstall --editable --build-directory /home/suii/colcon_ws/suii/ros2_ws/build/suii_navigation/build
[1.112s] DEBUG:colcon.colcon_core.event_handler.log_command:Invoking command in '/home/suii/colcon_ws/suii/ros2_ws/src/suii_navigation': PYTHONPATH=/home/suii/colcon_ws/suii/ros2_ws/install/suii_navigation/lib/python3.8/site-packages:${PYTHONPATH} /usr/bin/python3 setup.py egg_info --egg-base ../../build/suii_navigation build --build-base /home/suii/colcon_ws/suii/ros2_ws/build/suii_navigation/build install --prefix /home/suii/colcon_ws/suii/ros2_ws/install/suii_navigation --record /home/suii/colcon_ws/suii/ros2_ws/build/suii_navigation/install.log --single-version-externally-managed
[1.144s] Level 1:colcon.colcon_core.environment:create_environment_scripts_only(suii_msgs)
[1.145s] Level 1:colcon.colcon_core.environment:checking '/home/suii/colcon_ws/suii/ros2_ws/install/suii_msgs' for CMake module files
[1.145s] DEBUG:colcon.colcon_core.event_handler.log_command:Invoked command in '/home/suii/colcon_ws/suii/ros2_ws/build/suii_msgs' returned '0': CMAKE_PREFIX_PATH=${CMAKE_PREFIX_PATH}:/home/suii/Suii_code/colcon_ws/suii/install/nav_test_package_ros2 /usr/bin/cmake --install /home/suii/colcon_ws/suii/ros2_ws/build/suii_msgs
[1.146s] Level 1:colcon.colcon_core.environment:checking '/home/suii/colcon_ws/suii/ros2_ws/install/suii_msgs' for CMake config files
[1.147s] Level 1:colcon.colcon_core.shell:create_environment_hook('suii_msgs', 'cmake_prefix_path')
[1.148s] INFO:colcon.colcon_core.shell:Creating environment hook '/home/suii/colcon_ws/suii/ros2_ws/install/suii_msgs/share/suii_msgs/hook/cmake_prefix_path.ps1'
[1.148s] INFO:colcon.colcon_core.shell:Creating environment descriptor '/home/suii/colcon_ws/suii/ros2_ws/install/suii_msgs/share/suii_msgs/hook/cmake_prefix_path.dsv'
[1.148s] INFO:colcon.colcon_core.shell:Creating environment hook '/home/suii/colcon_ws/suii/ros2_ws/install/suii_msgs/share/suii_msgs/hook/cmake_prefix_path.sh'
[1.149s] Level 1:colcon.colcon_core.environment:checking '/home/suii/colcon_ws/suii/ros2_ws/install/suii_msgs/lib'
[1.149s] Level 1:colcon.colcon_core.shell:create_environment_hook('suii_msgs', 'ld_library_path_lib')
[1.149s] INFO:colcon.colcon_core.shell:Creating environment hook '/home/suii/colcon_ws/suii/ros2_ws/install/suii_msgs/share/suii_msgs/hook/ld_library_path_lib.ps1'
[1.150s] INFO:colcon.colcon_core.shell:Creating environment descriptor '/home/suii/colcon_ws/suii/ros2_ws/install/suii_msgs/share/suii_msgs/hook/ld_library_path_lib.dsv'
[1.150s] INFO:colcon.colcon_core.shell:Creating environment hook '/home/suii/colcon_ws/suii/ros2_ws/install/suii_msgs/share/suii_msgs/hook/ld_library_path_lib.sh'
[1.150s] Level 1:colcon.colcon_core.environment:checking '/home/suii/colcon_ws/suii/ros2_ws/install/suii_msgs/bin'
[1.150s] Level 1:colcon.colcon_core.environment:checking '/home/suii/colcon_ws/suii/ros2_ws/install/suii_msgs/lib/pkgconfig/suii_msgs.pc'
[1.150s] Level 1:colcon.colcon_core.environment:checking '/home/suii/colcon_ws/suii/ros2_ws/install/suii_msgs/lib/python3.8/site-packages'
[1.151s] Level 1:colcon.colcon_core.shell:create_environment_hook('suii_msgs', 'pythonpath')
[1.151s] INFO:colcon.colcon_core.shell:Creating environment hook '/home/suii/colcon_ws/suii/ros2_ws/install/suii_msgs/share/suii_msgs/hook/pythonpath.ps1'
[1.151s] INFO:colcon.colcon_core.shell:Creating environment descriptor '/home/suii/colcon_ws/suii/ros2_ws/install/suii_msgs/share/suii_msgs/hook/pythonpath.dsv'
[1.152s] INFO:colcon.colcon_core.shell:Creating environment hook '/home/suii/colcon_ws/suii/ros2_ws/install/suii_msgs/share/suii_msgs/hook/pythonpath.sh'
[1.152s] INFO:colcon.colcon_core.shell:Creating package script '/home/suii/colcon_ws/suii/ros2_ws/install/suii_msgs/share/suii_msgs/package.ps1'
[1.153s] INFO:colcon.colcon_core.shell:Creating package descriptor '/home/suii/colcon_ws/suii/ros2_ws/install/suii_msgs/share/suii_msgs/package.dsv'
[1.153s] INFO:colcon.colcon_core.shell:Creating package script '/home/suii/colcon_ws/suii/ros2_ws/install/suii_msgs/share/suii_msgs/package.sh'
[1.154s] INFO:colcon.colcon_core.shell:Creating package script '/home/suii/colcon_ws/suii/ros2_ws/install/suii_msgs/share/suii_msgs/package.bash'
[1.154s] INFO:colcon.colcon_core.shell:Creating package script '/home/suii/colcon_ws/suii/ros2_ws/install/suii_msgs/share/suii_msgs/package.zsh'
[1.154s] Level 1:colcon.colcon_core.environment:create_file_with_runtime_dependencies(/home/suii/colcon_ws/suii/ros2_ws/install/suii_msgs/share/colcon-core/packages/suii_msgs)
[1.360s] Level 1:colcon.colcon_core.environment:create_environment_scripts_only(suii_msgs)
[1.361s] Level 1:colcon.colcon_core.environment:checking '/home/suii/colcon_ws/suii/ros2_ws/install/suii_msgs' for CMake module files
[1.362s] Level 1:colcon.colcon_core.environment:checking '/home/suii/colcon_ws/suii/ros2_ws/install/suii_msgs' for CMake config files
[1.364s] Level 1:colcon.colcon_core.shell:create_environment_hook('suii_msgs', 'cmake_prefix_path')
[1.365s] INFO:colcon.colcon_core.shell:Creating environment hook '/home/suii/colcon_ws/suii/ros2_ws/install/suii_msgs/share/suii_msgs/hook/cmake_prefix_path.ps1'
[1.366s] INFO:colcon.colcon_core.shell:Creating environment descriptor '/home/suii/colcon_ws/suii/ros2_ws/install/suii_msgs/share/suii_msgs/hook/cmake_prefix_path.dsv'
[1.366s] INFO:colcon.colcon_core.shell:Creating environment hook '/home/suii/colcon_ws/suii/ros2_ws/install/suii_msgs/share/suii_msgs/hook/cmake_prefix_path.sh'
[1.367s] Level 1:colcon.colcon_core.environment:checking '/home/suii/colcon_ws/suii/ros2_ws/install/suii_msgs/lib'
[1.367s] Level 1:colcon.colcon_core.shell:create_environment_hook('suii_msgs', 'ld_library_path_lib')
[1.368s] INFO:colcon.colcon_core.shell:Creating environment hook '/home/suii/colcon_ws/suii/ros2_ws/install/suii_msgs/share/suii_msgs/hook/ld_library_path_lib.ps1'
[1.368s] INFO:colcon.colcon_core.shell:Creating environment descriptor '/home/suii/colcon_ws/suii/ros2_ws/install/suii_msgs/share/suii_msgs/hook/ld_library_path_lib.dsv'
[1.369s] INFO:colcon.colcon_core.shell:Creating environment hook '/home/suii/colcon_ws/suii/ros2_ws/install/suii_msgs/share/suii_msgs/hook/ld_library_path_lib.sh'
[1.369s] Level 1:colcon.colcon_core.environment:checking '/home/suii/colcon_ws/suii/ros2_ws/install/suii_msgs/bin'
[1.369s] Level 1:colcon.colcon_core.environment:checking '/home/suii/colcon_ws/suii/ros2_ws/install/suii_msgs/lib/pkgconfig/suii_msgs.pc'
[1.370s] Level 1:colcon.colcon_core.environment:checking '/home/suii/colcon_ws/suii/ros2_ws/install/suii_msgs/lib/python3.8/site-packages'
[1.370s] Level 1:colcon.colcon_core.shell:create_environment_hook('suii_msgs', 'pythonpath')
[1.370s] INFO:colcon.colcon_core.shell:Creating environment hook '/home/suii/colcon_ws/suii/ros2_ws/install/suii_msgs/share/suii_msgs/hook/pythonpath.ps1'
[1.371s] INFO:colcon.colcon_core.shell:Creating environment descriptor '/home/suii/colcon_ws/suii/ros2_ws/install/suii_msgs/share/suii_msgs/hook/pythonpath.dsv'
[1.371s] INFO:colcon.colcon_core.shell:Creating environment hook '/home/suii/colcon_ws/suii/ros2_ws/install/suii_msgs/share/suii_msgs/hook/pythonpath.sh'
[1.372s] INFO:colcon.colcon_core.shell:Creating package script '/home/suii/colcon_ws/suii/ros2_ws/install/suii_msgs/share/suii_msgs/package.ps1'
[1.373s] INFO:colcon.colcon_core.shell:Creating package descriptor '/home/suii/colcon_ws/suii/ros2_ws/install/suii_msgs/share/suii_msgs/package.dsv'
[1.373s] INFO:colcon.colcon_core.shell:Creating package script '/home/suii/colcon_ws/suii/ros2_ws/install/suii_msgs/share/suii_msgs/package.sh'
[1.374s] INFO:colcon.colcon_core.shell:Creating package script '/home/suii/colcon_ws/suii/ros2_ws/install/suii_msgs/share/suii_msgs/package.bash'
[1.374s] INFO:colcon.colcon_core.shell:Creating package script '/home/suii/colcon_ws/suii/ros2_ws/install/suii_msgs/share/suii_msgs/package.zsh'
[1.374s] Level 1:colcon.colcon_core.environment:create_file_with_runtime_dependencies(/home/suii/colcon_ws/suii/ros2_ws/install/suii_msgs/share/colcon-core/packages/suii_msgs)
[1.375s] INFO:colcon.colcon_ros.task.ament_python.build:Building ROS package in '/home/suii/colcon_ws/suii/ros2_ws/src/nav_test_package_ros2' with build type 'ament_python'
[1.375s] Level 1:colcon.colcon_core.shell:create_environment_hook('nav_test_package_ros2', 'ament_prefix_path')
[1.376s] INFO:colcon.colcon_core.shell:Creating environment hook '/home/suii/colcon_ws/suii/ros2_ws/install/nav_test_package_ros2/share/nav_test_package_ros2/hook/ament_prefix_path.ps1'
[1.376s] INFO:colcon.colcon_core.shell:Creating environment descriptor '/home/suii/colcon_ws/suii/ros2_ws/install/nav_test_package_ros2/share/nav_test_package_ros2/hook/ament_prefix_path.dsv'
[1.377s] INFO:colcon.colcon_core.shell:Creating environment hook '/home/suii/colcon_ws/suii/ros2_ws/install/nav_test_package_ros2/share/nav_test_package_ros2/hook/ament_prefix_path.sh'
[1.378s] INFO:colcon.colcon_core.shell:Skip shell extension 'powershell' for command environment: Not usable outside of PowerShell
[1.378s] DEBUG:colcon.colcon_core.shell:Skip shell extension 'dsv' for command environment
[1.381s] INFO:colcon.colcon_ros.task.ament_cmake.build:Building ROS package in '/home/suii/colcon_ws/suii/ros2_ws/src/ros1_bridge' with build type 'ament_cmake'
[1.382s] INFO:colcon.colcon_cmake.task.cmake.build:Building CMake package in '/home/suii/colcon_ws/suii/ros2_ws/src/ros1_bridge'
[1.383s] INFO:colcon.colcon_core.shell:Skip shell extension 'powershell' for command environment: Not usable outside of PowerShell
[1.383s] DEBUG:colcon.colcon_core.shell:Skip shell extension 'dsv' for command environment
[1.388s] Level 1:colcon.colcon_core.environment:checking '/home/suii/colcon_ws/suii/ros2_ws/install/suii_navigation' for CMake module files
[1.389s] DEBUG:colcon.colcon_core.event_handler.log_command:Invoked command in '/home/suii/colcon_ws/suii/ros2_ws/src/suii_navigation' returned '0': PYTHONPATH=/home/suii/colcon_ws/suii/ros2_ws/install/suii_navigation/lib/python3.8/site-packages:${PYTHONPATH} /usr/bin/python3 setup.py egg_info --egg-base ../../build/suii_navigation build --build-base /home/suii/colcon_ws/suii/ros2_ws/build/suii_navigation/build install --prefix /home/suii/colcon_ws/suii/ros2_ws/install/suii_navigation --record /home/suii/colcon_ws/suii/ros2_ws/build/suii_navigation/install.log --single-version-externally-managed
[1.389s] Level 1:colcon.colcon_core.environment:checking '/home/suii/colcon_ws/suii/ros2_ws/install/suii_navigation' for CMake config files
[1.390s] Level 1:colcon.colcon_core.environment:checking '/home/suii/colcon_ws/suii/ros2_ws/install/suii_navigation/lib'
[1.390s] Level 1:colcon.colcon_core.environment:checking '/home/suii/colcon_ws/suii/ros2_ws/install/suii_navigation/bin'
[1.390s] Level 1:colcon.colcon_core.environment:checking '/home/suii/colcon_ws/suii/ros2_ws/install/suii_navigation/lib/pkgconfig/suii_navigation.pc'
[1.390s] Level 1:colcon.colcon_core.environment:checking '/home/suii/colcon_ws/suii/ros2_ws/install/suii_navigation/lib/python3.8/site-packages'
[1.390s] Level 1:colcon.colcon_core.shell:create_environment_hook('suii_navigation', 'pythonpath')
[1.391s] INFO:colcon.colcon_core.shell:Creating environment hook '/home/suii/colcon_ws/suii/ros2_ws/install/suii_navigation/share/suii_navigation/hook/pythonpath.ps1'
[1.392s] INFO:colcon.colcon_core.shell:Creating environment descriptor '/home/suii/colcon_ws/suii/ros2_ws/install/suii_navigation/share/suii_navigation/hook/pythonpath.dsv'
[1.392s] INFO:colcon.colcon_core.shell:Creating environment hook '/home/suii/colcon_ws/suii/ros2_ws/install/suii_navigation/share/suii_navigation/hook/pythonpath.sh'
[1.392s] Level 1:colcon.colcon_core.environment:create_environment_scripts_only(suii_navigation)
[1.393s] INFO:colcon.colcon_core.shell:Creating package script '/home/suii/colcon_ws/suii/ros2_ws/install/suii_navigation/share/suii_navigation/package.ps1'
[1.394s] INFO:colcon.colcon_core.shell:Creating package descriptor '/home/suii/colcon_ws/suii/ros2_ws/install/suii_navigation/share/suii_navigation/package.dsv'
[1.394s] INFO:colcon.colcon_core.shell:Creating package script '/home/suii/colcon_ws/suii/ros2_ws/install/suii_navigation/share/suii_navigation/package.sh'
[1.394s] INFO:colcon.colcon_core.shell:Creating package script '/home/suii/colcon_ws/suii/ros2_ws/install/suii_navigation/share/suii_navigation/package.bash'
[1.395s] INFO:colcon.colcon_core.shell:Creating package script '/home/suii/colcon_ws/suii/ros2_ws/install/suii_navigation/share/suii_navigation/package.zsh'
[1.395s] Level 1:colcon.colcon_core.environment:create_file_with_runtime_dependencies(/home/suii/colcon_ws/suii/ros2_ws/install/suii_navigation/share/colcon-core/packages/suii_navigation)
[1.578s] INFO:colcon.colcon_core.task.python.build:Building Python package in '/home/suii/colcon_ws/suii/ros2_ws/src/nav_test_package_ros2'
[1.579s] INFO:colcon.colcon_core.shell:Skip shell extension 'powershell' for command environment: Not usable outside of PowerShell
[1.579s] DEBUG:colcon.colcon_core.shell:Skip shell extension 'dsv' for command environment
[1.589s] DEBUG:colcon.colcon_core.event_handler.log_command:Invoking command in '/home/suii/colcon_ws/suii/ros2_ws/build/ros1_bridge': AMENT_PREFIX_PATH=/home/suii/colcon_ws/suii/ros2_ws/install/suii_msgs:/home/suii/colcon_ws/suii/ros2_ws/install/suii_communication_ros2:${AMENT_PREFIX_PATH} CMAKE_PREFIX_PATH=/home/suii/colcon_ws/suii/ros2_ws/install/suii_msgs:/home/suii/colcon_ws/suii/ros2_ws/install/suii_communication_ros2:/home/suii/Suii_code/colcon_ws/suii/install/ros1_bridge:/home/suii/Suii_code/colcon_ws/suii/install/suii_msgs:/home/suii/Suii_code/colcon_ws/suii/install/suii_communication_ros2:/home/suii/Suii_code/colcon_ws/suii/install/nav_test_package_ros2 LD_LIBRARY_PATH=/home/suii/colcon_ws/suii/ros2_ws/install/suii_msgs/lib:/home/suii/colcon_ws/suii/ros2_ws/install/suii_communication_ros2/lib:${LD_LIBRARY_PATH} PYTHONPATH=/home/suii/colcon_ws/suii/ros2_ws/install/suii_msgs/lib/python3.8/site-packages:/home/suii/colcon_ws/suii/ros2_ws/install/suii_communication_ros2/lib/python3.8/site-packages:${PYTHONPATH} /usr/bin/cmake --build /home/suii/colcon_ws/suii/ros2_ws/build/ros1_bridge -- -j8 -l8
[1.592s] DEBUG:colcon.colcon_core.event_handler.log_command:Invoking command in '/home/suii/colcon_ws/suii/ros2_ws/build/nav_test_package_ros2': AMENT_PREFIX_PATH=/home/suii/colcon_ws/suii/ros2_ws/install/suii_msgs:${AMENT_PREFIX_PATH} CMAKE_PREFIX_PATH=/home/suii/colcon_ws/suii/ros2_ws/install/suii_msgs:${CMAKE_PREFIX_PATH} LD_LIBRARY_PATH=/home/suii/colcon_ws/suii/ros2_ws/install/suii_msgs/lib:${LD_LIBRARY_PATH} PYTHONPATH=/home/suii/colcon_ws/suii/ros2_ws/install/nav_test_package_ros2/lib/python3.8/site-packages:/home/suii/colcon_ws/suii/ros2_ws/install/suii_msgs/lib/python3.8/site-packages:${PYTHONPATH} /usr/bin/python3 setup.py develop --prefix /home/suii/colcon_ws/suii/ros2_ws/install/nav_test_package_ros2 --uninstall --editable --build-directory /home/suii/colcon_ws/suii/ros2_ws/build/nav_test_package_ros2/build
[1.626s] DEBUG:colcon.colcon_core.event_handler.log_command:Invoked command in '/home/suii/colcon_ws/suii/ros2_ws/build/ros1_bridge' returned '0': AMENT_PREFIX_PATH=/home/suii/colcon_ws/suii/ros2_ws/install/suii_msgs:/home/suii/colcon_ws/suii/ros2_ws/install/suii_communication_ros2:${AMENT_PREFIX_PATH} CMAKE_PREFIX_PATH=/home/suii/colcon_ws/suii/ros2_ws/install/suii_msgs:/home/suii/colcon_ws/suii/ros2_ws/install/suii_communication_ros2:/home/suii/Suii_code/colcon_ws/suii/install/ros1_bridge:/home/suii/Suii_code/colcon_ws/suii/install/suii_msgs:/home/suii/Suii_code/colcon_ws/suii/install/suii_communication_ros2:/home/suii/Suii_code/colcon_ws/suii/install/nav_test_package_ros2 LD_LIBRARY_PATH=/home/suii/colcon_ws/suii/ros2_ws/install/suii_msgs/lib:/home/suii/colcon_ws/suii/ros2_ws/install/suii_communication_ros2/lib:${LD_LIBRARY_PATH} PYTHONPATH=/home/suii/colcon_ws/suii/ros2_ws/install/suii_msgs/lib/python3.8/site-packages:/home/suii/colcon_ws/suii/ros2_ws/install/suii_communication_ros2/lib/python3.8/site-packages:${PYTHONPATH} /usr/bin/cmake --build /home/suii/colcon_ws/suii/ros2_ws/build/ros1_bridge -- -j8 -l8
[1.647s] DEBUG:colcon.colcon_core.event_handler.log_command:Invoking command in '/home/suii/colcon_ws/suii/ros2_ws/build/ros1_bridge': AMENT_PREFIX_PATH=/home/suii/colcon_ws/suii/ros2_ws/install/suii_msgs:/home/suii/colcon_ws/suii/ros2_ws/install/suii_communication_ros2:${AMENT_PREFIX_PATH} CMAKE_PREFIX_PATH=/home/suii/colcon_ws/suii/ros2_ws/install/suii_msgs:/home/suii/colcon_ws/suii/ros2_ws/install/suii_communication_ros2:/home/suii/Suii_code/colcon_ws/suii/install/ros1_bridge:/home/suii/Suii_code/colcon_ws/suii/install/suii_msgs:/home/suii/Suii_code/colcon_ws/suii/install/suii_communication_ros2:/home/suii/Suii_code/colcon_ws/suii/install/nav_test_package_ros2 LD_LIBRARY_PATH=/home/suii/colcon_ws/suii/ros2_ws/install/suii_msgs/lib:/home/suii/colcon_ws/suii/ros2_ws/install/suii_communication_ros2/lib:${LD_LIBRARY_PATH} PYTHONPATH=/home/suii/colcon_ws/suii/ros2_ws/install/suii_msgs/lib/python3.8/site-packages:/home/suii/colcon_ws/suii/ros2_ws/install/suii_communication_ros2/lib/python3.8/site-packages:${PYTHONPATH} /usr/bin/cmake --install /home/suii/colcon_ws/suii/ros2_ws/build/ros1_bridge
[1.668s] Level 1:colcon.colcon_core.environment:create_environment_scripts_only(ros1_bridge)
[1.669s] Level 1:colcon.colcon_core.environment:checking '/home/suii/colcon_ws/suii/ros2_ws/install/ros1_bridge' for CMake module files
[1.669s] DEBUG:colcon.colcon_core.event_handler.log_command:Invoked command in '/home/suii/colcon_ws/suii/ros2_ws/build/ros1_bridge' returned '0': AMENT_PREFIX_PATH=/home/suii/colcon_ws/suii/ros2_ws/install/suii_msgs:/home/suii/colcon_ws/suii/ros2_ws/install/suii_communication_ros2:${AMENT_PREFIX_PATH} CMAKE_PREFIX_PATH=/home/suii/colcon_ws/suii/ros2_ws/install/suii_msgs:/home/suii/colcon_ws/suii/ros2_ws/install/suii_communication_ros2:/home/suii/Suii_code/colcon_ws/suii/install/ros1_bridge:/home/suii/Suii_code/colcon_ws/suii/install/suii_msgs:/home/suii/Suii_code/colcon_ws/suii/install/suii_communication_ros2:/home/suii/Suii_code/colcon_ws/suii/install/nav_test_package_ros2 LD_LIBRARY_PATH=/home/suii/colcon_ws/suii/ros2_ws/install/suii_msgs/lib:/home/suii/colcon_ws/suii/ros2_ws/install/suii_communication_ros2/lib:${LD_LIBRARY_PATH} PYTHONPATH=/home/suii/colcon_ws/suii/ros2_ws/install/suii_msgs/lib/python3.8/site-packages:/home/suii/colcon_ws/suii/ros2_ws/install/suii_communication_ros2/lib/python3.8/site-packages:${PYTHONPATH} /usr/bin/cmake --install /home/suii/colcon_ws/suii/ros2_ws/build/ros1_bridge
[1.670s] Level 1:colcon.colcon_core.environment:checking '/home/suii/colcon_ws/suii/ros2_ws/install/ros1_bridge' for CMake config files
[1.670s] Level 1:colcon.colcon_core.shell:create_environment_hook('ros1_bridge', 'cmake_prefix_path')
[1.671s] INFO:colcon.colcon_core.shell:Creating environment hook '/home/suii/colcon_ws/suii/ros2_ws/install/ros1_bridge/share/ros1_bridge/hook/cmake_prefix_path.ps1'
[1.671s] INFO:colcon.colcon_core.shell:Creating environment descriptor '/home/suii/colcon_ws/suii/ros2_ws/install/ros1_bridge/share/ros1_bridge/hook/cmake_prefix_path.dsv'
[1.671s] INFO:colcon.colcon_core.shell:Creating environment hook '/home/suii/colcon_ws/suii/ros2_ws/install/ros1_bridge/share/ros1_bridge/hook/cmake_prefix_path.sh'
[1.672s] Level 1:colcon.colcon_core.environment:checking '/home/suii/colcon_ws/suii/ros2_ws/install/ros1_bridge/bin'
[1.672s] Level 1:colcon.colcon_core.environment:checking '/home/suii/colcon_ws/suii/ros2_ws/install/ros1_bridge/lib/pkgconfig/ros1_bridge.pc'
[1.672s] Level 1:colcon.colcon_core.environment:checking '/home/suii/colcon_ws/suii/ros2_ws/install/ros1_bridge/lib/python3.8/site-packages'
[1.672s] INFO:colcon.colcon_core.shell:Creating package script '/home/suii/colcon_ws/suii/ros2_ws/install/ros1_bridge/share/ros1_bridge/package.ps1'
[1.673s] INFO:colcon.colcon_core.shell:Creating package descriptor '/home/suii/colcon_ws/suii/ros2_ws/install/ros1_bridge/share/ros1_bridge/package.dsv'
[1.673s] INFO:colcon.colcon_core.shell:Creating package script '/home/suii/colcon_ws/suii/ros2_ws/install/ros1_bridge/share/ros1_bridge/package.sh'
[1.673s] INFO:colcon.colcon_core.shell:Creating package script '/home/suii/colcon_ws/suii/ros2_ws/install/ros1_bridge/share/ros1_bridge/package.bash'
[1.674s] INFO:colcon.colcon_core.shell:Creating package script '/home/suii/colcon_ws/suii/ros2_ws/install/ros1_bridge/share/ros1_bridge/package.zsh'
[1.674s] Level 1:colcon.colcon_core.environment:create_file_with_runtime_dependencies(/home/suii/colcon_ws/suii/ros2_ws/install/ros1_bridge/share/colcon-core/packages/ros1_bridge)
[1.691s] Level 1:colcon.colcon_core.environment:create_environment_scripts_only(ros1_bridge)
[1.692s] Level 1:colcon.colcon_core.environment:checking '/home/suii/colcon_ws/suii/ros2_ws/install/ros1_bridge' for CMake module files
[1.692s] Level 1:colcon.colcon_core.environment:checking '/home/suii/colcon_ws/suii/ros2_ws/install/ros1_bridge' for CMake config files
[1.693s] Level 1:colcon.colcon_core.shell:create_environment_hook('ros1_bridge', 'cmake_prefix_path')
[1.693s] INFO:colcon.colcon_core.shell:Creating environment hook '/home/suii/colcon_ws/suii/ros2_ws/install/ros1_bridge/share/ros1_bridge/hook/cmake_prefix_path.ps1'
[1.694s] INFO:colcon.colcon_core.shell:Creating environment descriptor '/home/suii/colcon_ws/suii/ros2_ws/install/ros1_bridge/share/ros1_bridge/hook/cmake_prefix_path.dsv'
[1.694s] INFO:colcon.colcon_core.shell:Creating environment hook '/home/suii/colcon_ws/suii/ros2_ws/install/ros1_bridge/share/ros1_bridge/hook/cmake_prefix_path.sh'
[1.694s] Level 1:colcon.colcon_core.environment:checking '/home/suii/colcon_ws/suii/ros2_ws/install/ros1_bridge/bin'
[1.694s] Level 1:colcon.colcon_core.environment:checking '/home/suii/colcon_ws/suii/ros2_ws/install/ros1_bridge/lib/pkgconfig/ros1_bridge.pc'
[1.694s] Level 1:colcon.colcon_core.environment:checking '/home/suii/colcon_ws/suii/ros2_ws/install/ros1_bridge/lib/python3.8/site-packages'
[1.695s] INFO:colcon.colcon_core.shell:Creating package script '/home/suii/colcon_ws/suii/ros2_ws/install/ros1_bridge/share/ros1_bridge/package.ps1'
[1.695s] INFO:colcon.colcon_core.shell:Creating package descriptor '/home/suii/colcon_ws/suii/ros2_ws/install/ros1_bridge/share/ros1_bridge/package.dsv'
[1.696s] INFO:colcon.colcon_core.shell:Creating package script '/home/suii/colcon_ws/suii/ros2_ws/install/ros1_bridge/share/ros1_bridge/package.sh'
[1.696s] INFO:colcon.colcon_core.shell:Creating package script '/home/suii/colcon_ws/suii/ros2_ws/install/ros1_bridge/share/ros1_bridge/package.bash'
[1.697s] INFO:colcon.colcon_core.shell:Creating package script '/home/suii/colcon_ws/suii/ros2_ws/install/ros1_bridge/share/ros1_bridge/package.zsh'
[1.697s] Level 1:colcon.colcon_core.environment:create_file_with_runtime_dependencies(/home/suii/colcon_ws/suii/ros2_ws/install/ros1_bridge/share/colcon-core/packages/ros1_bridge)
[1.890s] DEBUG:colcon.colcon_core.event_handler.log_command:Invoked command in '/home/suii/colcon_ws/suii/ros2_ws/build/nav_test_package_ros2' returned '0': AMENT_PREFIX_PATH=/home/suii/colcon_ws/suii/ros2_ws/install/suii_msgs:${AMENT_PREFIX_PATH} CMAKE_PREFIX_PATH=/home/suii/colcon_ws/suii/ros2_ws/install/suii_msgs:${CMAKE_PREFIX_PATH} LD_LIBRARY_PATH=/home/suii/colcon_ws/suii/ros2_ws/install/suii_msgs/lib:${LD_LIBRARY_PATH} PYTHONPATH=/home/suii/colcon_ws/suii/ros2_ws/install/nav_test_package_ros2/lib/python3.8/site-packages:/home/suii/colcon_ws/suii/ros2_ws/install/suii_msgs/lib/python3.8/site-packages:${PYTHONPATH} /usr/bin/python3 setup.py develop --prefix /home/suii/colcon_ws/suii/ros2_ws/install/nav_test_package_ros2 --uninstall --editable --build-directory /home/suii/colcon_ws/suii/ros2_ws/build/nav_test_package_ros2/build
[1.891s] DEBUG:colcon.colcon_core.event_handler.log_command:Invoking command in '/home/suii/colcon_ws/suii/ros2_ws/src/nav_test_package_ros2': AMENT_PREFIX_PATH=/home/suii/colcon_ws/suii/ros2_ws/install/suii_msgs:${AMENT_PREFIX_PATH} CMAKE_PREFIX_PATH=/home/suii/colcon_ws/suii/ros2_ws/install/suii_msgs:${CMAKE_PREFIX_PATH} LD_LIBRARY_PATH=/home/suii/colcon_ws/suii/ros2_ws/install/suii_msgs/lib:${LD_LIBRARY_PATH} PYTHONPATH=/home/suii/colcon_ws/suii/ros2_ws/install/nav_test_package_ros2/lib/python3.8/site-packages:/home/suii/colcon_ws/suii/ros2_ws/install/suii_msgs/lib/python3.8/site-packages:${PYTHONPATH} /usr/bin/python3 setup.py egg_info --egg-base ../../build/nav_test_package_ros2 build --build-base /home/suii/colcon_ws/suii/ros2_ws/build/nav_test_package_ros2/build install --prefix /home/suii/colcon_ws/suii/ros2_ws/install/nav_test_package_ros2 --record /home/suii/colcon_ws/suii/ros2_ws/build/nav_test_package_ros2/install.log --single-version-externally-managed
[2.124s] Level 1:colcon.colcon_core.environment:checking '/home/suii/colcon_ws/suii/ros2_ws/install/nav_test_package_ros2' for CMake module files
[2.125s] DEBUG:colcon.colcon_core.event_handler.log_command:Invoked command in '/home/suii/colcon_ws/suii/ros2_ws/src/nav_test_package_ros2' returned '0': AMENT_PREFIX_PATH=/home/suii/colcon_ws/suii/ros2_ws/install/suii_msgs:${AMENT_PREFIX_PATH} CMAKE_PREFIX_PATH=/home/suii/colcon_ws/suii/ros2_ws/install/suii_msgs:${CMAKE_PREFIX_PATH} LD_LIBRARY_PATH=/home/suii/colcon_ws/suii/ros2_ws/install/suii_msgs/lib:${LD_LIBRARY_PATH} PYTHONPATH=/home/suii/colcon_ws/suii/ros2_ws/install/nav_test_package_ros2/lib/python3.8/site-packages:/home/suii/colcon_ws/suii/ros2_ws/install/suii_msgs/lib/python3.8/site-packages:${PYTHONPATH} /usr/bin/python3 setup.py egg_info --egg-base ../../build/nav_test_package_ros2 build --build-base /home/suii/colcon_ws/suii/ros2_ws/build/nav_test_package_ros2/build install --prefix /home/suii/colcon_ws/suii/ros2_ws/install/nav_test_package_ros2 --record /home/suii/colcon_ws/suii/ros2_ws/build/nav_test_package_ros2/install.log --single-version-externally-managed
[2.125s] Level 1:colcon.colcon_core.environment:checking '/home/suii/colcon_ws/suii/ros2_ws/install/nav_test_package_ros2' for CMake config files
[2.125s] Level 1:colcon.colcon_core.environment:checking '/home/suii/colcon_ws/suii/ros2_ws/install/nav_test_package_ros2/lib'
[2.125s] Level 1:colcon.colcon_core.environment:checking '/home/suii/colcon_ws/suii/ros2_ws/install/nav_test_package_ros2/bin'
[2.125s] Level 1:colcon.colcon_core.environment:checking '/home/suii/colcon_ws/suii/ros2_ws/install/nav_test_package_ros2/lib/pkgconfig/nav_test_package_ros2.pc'
[2.126s] Level 1:colcon.colcon_core.environment:checking '/home/suii/colcon_ws/suii/ros2_ws/install/nav_test_package_ros2/lib/python3.8/site-packages'
[2.126s] Level 1:colcon.colcon_core.shell:create_environment_hook('nav_test_package_ros2', 'pythonpath')
[2.126s] INFO:colcon.colcon_core.shell:Creating environment hook '/home/suii/colcon_ws/suii/ros2_ws/install/nav_test_package_ros2/share/nav_test_package_ros2/hook/pythonpath.ps1'
[2.127s] INFO:colcon.colcon_core.shell:Creating environment descriptor '/home/suii/colcon_ws/suii/ros2_ws/install/nav_test_package_ros2/share/nav_test_package_ros2/hook/pythonpath.dsv'
[2.127s] INFO:colcon.colcon_core.shell:Creating environment hook '/home/suii/colcon_ws/suii/ros2_ws/install/nav_test_package_ros2/share/nav_test_package_ros2/hook/pythonpath.sh'
[2.127s] Level 1:colcon.colcon_core.environment:create_environment_scripts_only(nav_test_package_ros2)
[2.128s] INFO:colcon.colcon_core.shell:Creating package script '/home/suii/colcon_ws/suii/ros2_ws/install/nav_test_package_ros2/share/nav_test_package_ros2/package.ps1'
[2.128s] INFO:colcon.colcon_core.shell:Creating package descriptor '/home/suii/colcon_ws/suii/ros2_ws/install/nav_test_package_ros2/share/nav_test_package_ros2/package.dsv'
[2.129s] INFO:colcon.colcon_core.shell:Creating package script '/home/suii/colcon_ws/suii/ros2_ws/install/nav_test_package_ros2/share/nav_test_package_ros2/package.sh'
[2.129s] INFO:colcon.colcon_core.shell:Creating package script '/home/suii/colcon_ws/suii/ros2_ws/install/nav_test_package_ros2/share/nav_test_package_ros2/package.bash'
[2.129s] INFO:colcon.colcon_core.shell:Creating package script '/home/suii/colcon_ws/suii/ros2_ws/install/nav_test_package_ros2/share/nav_test_package_ros2/package.zsh'
[2.130s] Level 1:colcon.colcon_core.environment:create_file_with_runtime_dependencies(/home/suii/colcon_ws/suii/ros2_ws/install/nav_test_package_ros2/share/colcon-core/packages/nav_test_package_ros2)
[2.130s] DEBUG:colcon.colcon_parallel_executor.executor.parallel:closing loop
[2.130s] DEBUG:colcon.colcon_parallel_executor.executor.parallel:loop closed
[2.130s] DEBUG:colcon.colcon_parallel_executor.executor.parallel:run_until_complete finished with '0'
[2.130s] DEBUG:colcon.colcon_core.event_reactor:joining thread
[2.137s] INFO:colcon.colcon_core.plugin_system:Skipping extension 'colcon_notification.desktop_notification.terminal_notifier': Not used on non-Darwin systems
[2.137s] INFO:colcon.colcon_core.plugin_system:Skipping extension 'colcon_notification.desktop_notification.win32': Not used on non-Windows systems
[2.137s] INFO:colcon.colcon_notification.desktop_notification:Sending desktop notification using 'notify2'
[2.151s] DEBUG:colcon.colcon_core.event_reactor:joined thread
[2.152s] INFO:colcon.colcon_core.shell:Creating prefix script '/home/suii/colcon_ws/suii/ros2_ws/install/local_setup.ps1'
[2.153s] INFO:colcon.colcon_core.shell:Creating prefix util module '/home/suii/colcon_ws/suii/ros2_ws/install/_local_setup_util_ps1.py'
[2.154s] INFO:colcon.colcon_core.shell:Creating prefix chain script '/home/suii/colcon_ws/suii/ros2_ws/install/setup.ps1'
[2.157s] INFO:colcon.colcon_core.shell:Creating prefix script '/home/suii/colcon_ws/suii/ros2_ws/install/local_setup.sh'
[2.158s] INFO:colcon.colcon_core.shell:Creating prefix util module '/home/suii/colcon_ws/suii/ros2_ws/install/_local_setup_util_sh.py'
[2.158s] INFO:colcon.colcon_core.shell:Creating prefix chain script '/home/suii/colcon_ws/suii/ros2_ws/install/setup.sh'
[2.160s] INFO:colcon.colcon_core.shell:Creating prefix script '/home/suii/colcon_ws/suii/ros2_ws/install/local_setup.bash'
[2.161s] INFO:colcon.colcon_core.shell:Creating prefix chain script '/home/suii/colcon_ws/suii/ros2_ws/install/setup.bash'
[2.162s] INFO:colcon.colcon_core.shell:Creating prefix script '/home/suii/colcon_ws/suii/ros2_ws/install/local_setup.zsh'
[2.163s] INFO:colcon.colcon_core.shell:Creating prefix chain script '/home/suii/colcon_ws/suii/ros2_ws/install/setup.zsh'
