[0.245s] DEBUG:colcon:Command line arguments: ['/usr/bin/colcon', 'build']
[0.245s] DEBUG:colcon:Parsed command line arguments: Namespace(ament_cmake_args=None, base_paths=['.'], build_base='build', catkin_cmake_args=None, catkin_skip_building_tests=False, cmake_args=None, cmake_clean_cache=False, cmake_clean_first=False, cmake_force_configure=False, cmake_target=None, cmake_target_skip_unavailable=False, continue_on_error=False, event_handlers=None, executor='parallel', ignore_user_meta=False, install_base='install', log_base=None, log_level=None, main=<bound method BuildVerb.main of <colcon_core.verb.build.BuildVerb object at 0x7fb79b5c9cd0>>, merge_install=False, metas=['./colcon.meta'], packages_above=None, packages_above_and_dependencies=None, packages_above_depth=None, packages_end=None, packages_ignore=None, packages_ignore_regex=None, packages_select=None, packages_select_build_failed=False, packages_select_by_dep=None, packages_select_regex=None, packages_select_test_failures=False, packages_skip=None, packages_skip_build_finished=False, packages_skip_by_dep=None, packages_skip_regex=None, packages_skip_test_passed=False, packages_skip_up_to=None, packages_start=None, packages_up_to=None, packages_up_to_regex=None, parallel_workers=8, paths=None, symlink_install=False, test_result_base=None, verb_extension=<colcon_core.verb.build.BuildVerb object at 0x7fb79b5c9cd0>, verb_name='build', verb_parser=<colcon_defaults.argument_parser.defaults.DefaultArgumentsDecorator object at 0x7fb79b5d4280>)
[0.249s] Level 1:colcon.colcon_core.package_discovery:discover_packages(colcon_meta) check parameters
[0.249s] Level 1:colcon.colcon_core.package_discovery:discover_packages(recursive) check parameters
[0.249s] Level 1:colcon.colcon_core.package_discovery:discover_packages(ignore) check parameters
[0.249s] Level 1:colcon.colcon_core.package_discovery:discover_packages(path) check parameters
[0.249s] Level 1:colcon.colcon_core.package_discovery:discover_packages(colcon_meta) discover
[0.249s] Level 1:colcon.colcon_core.package_discovery:discover_packages(recursive) discover
[0.249s] INFO:colcon.colcon_core.package_discovery:Crawling recursively for packages in '/home/suii/colcon_ws/suii/ros2_ws'
[0.249s] Level 1:colcon.colcon_core.package_identification:_identify(.) by extensions ['ignore', 'ignore_ament_install']
[0.250s] Level 1:colcon.colcon_core.package_identification:_identify(.) by extension 'ignore'
[0.250s] Level 1:colcon.colcon_core.package_identification:_identify(.) by extension 'ignore_ament_install'
[0.250s] Level 1:colcon.colcon_core.package_identification:_identify(.) by extensions ['colcon_pkg']
[0.250s] Level 1:colcon.colcon_core.package_identification:_identify(.) by extension 'colcon_pkg'
[0.250s] Level 1:colcon.colcon_core.package_identification:_identify(.) by extensions ['colcon_meta']
[0.250s] Level 1:colcon.colcon_core.package_identification:_identify(.) by extension 'colcon_meta'
[0.250s] Level 1:colcon.colcon_core.package_identification:_identify(.) by extensions ['ros']
[0.250s] Level 1:colcon.colcon_core.package_identification:_identify(.) by extension 'ros'
[0.259s] Level 1:colcon.colcon_core.package_identification:_identify(.) by extensions ['cmake', 'python']
[0.259s] Level 1:colcon.colcon_core.package_identification:_identify(.) by extension 'cmake'
[0.259s] Level 1:colcon.colcon_core.package_identification:_identify(.) by extension 'python'
[0.259s] Level 1:colcon.colcon_core.package_identification:_identify(.) by extensions ['python_setup_py']
[0.259s] Level 1:colcon.colcon_core.package_identification:_identify(.) by extension 'python_setup_py'
[0.260s] Level 1:colcon.colcon_core.package_identification:_identify(build) by extensions ['ignore', 'ignore_ament_install']
[0.260s] Level 1:colcon.colcon_core.package_identification:_identify(build) by extension 'ignore'
[0.260s] Level 1:colcon.colcon_core.package_identification:_identify(build) ignored
[0.260s] Level 1:colcon.colcon_core.package_identification:_identify(install) by extensions ['ignore', 'ignore_ament_install']
[0.260s] Level 1:colcon.colcon_core.package_identification:_identify(install) by extension 'ignore'
[0.260s] Level 1:colcon.colcon_core.package_identification:_identify(install) ignored
[0.260s] Level 1:colcon.colcon_core.package_identification:_identify(log) by extensions ['ignore', 'ignore_ament_install']
[0.260s] Level 1:colcon.colcon_core.package_identification:_identify(log) by extension 'ignore'
[0.260s] Level 1:colcon.colcon_core.package_identification:_identify(log) ignored
[0.260s] Level 1:colcon.colcon_core.package_identification:_identify(src) by extensions ['ignore', 'ignore_ament_install']
[0.260s] Level 1:colcon.colcon_core.package_identification:_identify(src) by extension 'ignore'
[0.260s] Level 1:colcon.colcon_core.package_identification:_identify(src) by extension 'ignore_ament_install'
[0.260s] Level 1:colcon.colcon_core.package_identification:_identify(src) by extensions ['colcon_pkg']
[0.260s] Level 1:colcon.colcon_core.package_identification:_identify(src) by extension 'colcon_pkg'
[0.260s] Level 1:colcon.colcon_core.package_identification:_identify(src) by extensions ['colcon_meta']
[0.260s] Level 1:colcon.colcon_core.package_identification:_identify(src) by extension 'colcon_meta'
[0.261s] Level 1:colcon.colcon_core.package_identification:_identify(src) by extensions ['ros']
[0.261s] Level 1:colcon.colcon_core.package_identification:_identify(src) by extension 'ros'
[0.261s] Level 1:colcon.colcon_core.package_identification:_identify(src) by extensions ['cmake', 'python']
[0.261s] Level 1:colcon.colcon_core.package_identification:_identify(src) by extension 'cmake'
[0.261s] Level 1:colcon.colcon_core.package_identification:_identify(src) by extension 'python'
[0.261s] Level 1:colcon.colcon_core.package_identification:_identify(src) by extensions ['python_setup_py']
[0.261s] Level 1:colcon.colcon_core.package_identification:_identify(src) by extension 'python_setup_py'
[0.261s] Level 1:colcon.colcon_core.package_identification:_identify(src/nav_test_package_ros2) by extensions ['ignore', 'ignore_ament_install']
[0.261s] Level 1:colcon.colcon_core.package_identification:_identify(src/nav_test_package_ros2) by extension 'ignore'
[0.261s] Level 1:colcon.colcon_core.package_identification:_identify(src/nav_test_package_ros2) by extension 'ignore_ament_install'
[0.261s] Level 1:colcon.colcon_core.package_identification:_identify(src/nav_test_package_ros2) by extensions ['colcon_pkg']
[0.261s] Level 1:colcon.colcon_core.package_identification:_identify(src/nav_test_package_ros2) by extension 'colcon_pkg'
[0.261s] Level 1:colcon.colcon_core.package_identification:_identify(src/nav_test_package_ros2) by extensions ['colcon_meta']
[0.261s] Level 1:colcon.colcon_core.package_identification:_identify(src/nav_test_package_ros2) by extension 'colcon_meta'
[0.261s] Level 1:colcon.colcon_core.package_identification:_identify(src/nav_test_package_ros2) by extensions ['ros']
[0.261s] Level 1:colcon.colcon_core.package_identification:_identify(src/nav_test_package_ros2) by extension 'ros'
[0.263s] DEBUG:colcon.colcon_core.package_identification:Package 'src/nav_test_package_ros2' with type 'ros.ament_python' and name 'nav_test_package_ros2'
[0.263s] Level 1:colcon.colcon_core.package_identification:_identify(src/ros1_bridge) by extensions ['ignore', 'ignore_ament_install']
[0.263s] Level 1:colcon.colcon_core.package_identification:_identify(src/ros1_bridge) by extension 'ignore'
[0.263s] Level 1:colcon.colcon_core.package_identification:_identify(src/ros1_bridge) by extension 'ignore_ament_install'
[0.263s] Level 1:colcon.colcon_core.package_identification:_identify(src/ros1_bridge) by extensions ['colcon_pkg']
[0.263s] Level 1:colcon.colcon_core.package_identification:_identify(src/ros1_bridge) by extension 'colcon_pkg'
[0.263s] Level 1:colcon.colcon_core.package_identification:_identify(src/ros1_bridge) by extensions ['colcon_meta']
[0.263s] Level 1:colcon.colcon_core.package_identification:_identify(src/ros1_bridge) by extension 'colcon_meta'
[0.264s] Level 1:colcon.colcon_core.package_identification:_identify(src/ros1_bridge) by extensions ['ros']
[0.264s] Level 1:colcon.colcon_core.package_identification:_identify(src/ros1_bridge) by extension 'ros'
[0.264s] DEBUG:colcon.colcon_core.package_identification:Package 'src/ros1_bridge' with type 'ros.ament_cmake' and name 'ros1_bridge'
[0.264s] Level 1:colcon.colcon_core.package_identification:_identify(src/suii_bringup) by extensions ['ignore', 'ignore_ament_install']
[0.264s] Level 1:colcon.colcon_core.package_identification:_identify(src/suii_bringup) by extension 'ignore'
[0.264s] Level 1:colcon.colcon_core.package_identification:_identify(src/suii_bringup) by extension 'ignore_ament_install'
[0.265s] Level 1:colcon.colcon_core.package_identification:_identify(src/suii_bringup) by extensions ['colcon_pkg']
[0.265s] Level 1:colcon.colcon_core.package_identification:_identify(src/suii_bringup) by extension 'colcon_pkg'
[0.265s] Level 1:colcon.colcon_core.package_identification:_identify(src/suii_bringup) by extensions ['colcon_meta']
[0.265s] Level 1:colcon.colcon_core.package_identification:_identify(src/suii_bringup) by extension 'colcon_meta'
[0.265s] Level 1:colcon.colcon_core.package_identification:_identify(src/suii_bringup) by extensions ['ros']
[0.265s] Level 1:colcon.colcon_core.package_identification:_identify(src/suii_bringup) by extension 'ros'
[0.265s] DEBUG:colcon.colcon_core.package_identification:Package 'src/suii_bringup' with type 'ros.ament_cmake' and name 'suii_bringup'
[0.265s] Level 1:colcon.colcon_core.package_identification:_identify(src/suii_communication_ros2) by extensions ['ignore', 'ignore_ament_install']
[0.265s] Level 1:colcon.colcon_core.package_identification:_identify(src/suii_communication_ros2) by extension 'ignore'
[0.265s] Level 1:colcon.colcon_core.package_identification:_identify(src/suii_communication_ros2) by extension 'ignore_ament_install'
[0.265s] Level 1:colcon.colcon_core.package_identification:_identify(src/suii_communication_ros2) by extensions ['colcon_pkg']
[0.265s] Level 1:colcon.colcon_core.package_identification:_identify(src/suii_communication_ros2) by extension 'colcon_pkg'
[0.265s] Level 1:colcon.colcon_core.package_identification:_identify(src/suii_communication_ros2) by extensions ['colcon_meta']
[0.265s] Level 1:colcon.colcon_core.package_identification:_identify(src/suii_communication_ros2) by extension 'colcon_meta'
[0.265s] Level 1:colcon.colcon_core.package_identification:_identify(src/suii_communication_ros2) by extensions ['ros']
[0.265s] Level 1:colcon.colcon_core.package_identification:_identify(src/suii_communication_ros2) by extension 'ros'
[0.266s] DEBUG:colcon.colcon_core.package_identification:Package 'src/suii_communication_ros2' with type 'ros.ament_cmake' and name 'suii_communication_ros2'
[0.266s] Level 1:colcon.colcon_core.package_identification:_identify(src/suii_description) by extensions ['ignore', 'ignore_ament_install']
[0.266s] Level 1:colcon.colcon_core.package_identification:_identify(src/suii_description) by extension 'ignore'
[0.266s] Level 1:colcon.colcon_core.package_identification:_identify(src/suii_description) by extension 'ignore_ament_install'
[0.266s] Level 1:colcon.colcon_core.package_identification:_identify(src/suii_description) by extensions ['colcon_pkg']
[0.266s] Level 1:colcon.colcon_core.package_identification:_identify(src/suii_description) by extension 'colcon_pkg'
[0.266s] Level 1:colcon.colcon_core.package_identification:_identify(src/suii_description) by extensions ['colcon_meta']
[0.266s] Level 1:colcon.colcon_core.package_identification:_identify(src/suii_description) by extension 'colcon_meta'
[0.266s] Level 1:colcon.colcon_core.package_identification:_identify(src/suii_description) by extensions ['ros']
[0.266s] Level 1:colcon.colcon_core.package_identification:_identify(src/suii_description) by extension 'ros'
[0.267s] DEBUG:colcon.colcon_core.package_identification:Package 'src/suii_description' with type 'ros.ament_cmake' and name 'suii_description'
[0.267s] Level 1:colcon.colcon_core.package_identification:_identify(src/suii_msgs) by extensions ['ignore', 'ignore_ament_install']
[0.267s] Level 1:colcon.colcon_core.package_identification:_identify(src/suii_msgs) by extension 'ignore'
[0.267s] Level 1:colcon.colcon_core.package_identification:_identify(src/suii_msgs) by extension 'ignore_ament_install'
[0.267s] Level 1:colcon.colcon_core.package_identification:_identify(src/suii_msgs) by extensions ['colcon_pkg']
[0.267s] Level 1:colcon.colcon_core.package_identification:_identify(src/suii_msgs) by extension 'colcon_pkg'
[0.267s] Level 1:colcon.colcon_core.package_identification:_identify(src/suii_msgs) by extensions ['colcon_meta']
[0.267s] Level 1:colcon.colcon_core.package_identification:_identify(src/suii_msgs) by extension 'colcon_meta'
[0.267s] Level 1:colcon.colcon_core.package_identification:_identify(src/suii_msgs) by extensions ['ros']
[0.267s] Level 1:colcon.colcon_core.package_identification:_identify(src/suii_msgs) by extension 'ros'
[0.268s] DEBUG:colcon.colcon_core.package_identification:Package 'src/suii_msgs' with type 'ros.ament_cmake' and name 'suii_msgs'
[0.268s] Level 1:colcon.colcon_core.package_identification:_identify(src/suii_navigation) by extensions ['ignore', 'ignore_ament_install']
[0.268s] Level 1:colcon.colcon_core.package_identification:_identify(src/suii_navigation) by extension 'ignore'
[0.268s] Level 1:colcon.colcon_core.package_identification:_identify(src/suii_navigation) by extension 'ignore_ament_install'
[0.268s] Level 1:colcon.colcon_core.package_identification:_identify(src/suii_navigation) by extensions ['colcon_pkg']
[0.268s] Level 1:colcon.colcon_core.package_identification:_identify(src/suii_navigation) by extension 'colcon_pkg'
[0.268s] Level 1:colcon.colcon_core.package_identification:_identify(src/suii_navigation) by extensions ['colcon_meta']
[0.268s] Level 1:colcon.colcon_core.package_identification:_identify(src/suii_navigation) by extension 'colcon_meta'
[0.268s] Level 1:colcon.colcon_core.package_identification:_identify(src/suii_navigation) by extensions ['ros']
[0.268s] Level 1:colcon.colcon_core.package_identification:_identify(src/suii_navigation) by extension 'ros'
[0.268s] DEBUG:colcon.colcon_core.package_identification:Failed to parse potential ROS package manifest in'src/suii_navigation': Error(s) in package 'src/suii_navigation/package.xml':
The manifest contains invalid XML:
mismatched tag: line 14, column 26
[0.268s] Level 1:colcon.colcon_core.package_identification:_identify(src/suii_navigation) by extensions ['cmake', 'python']
[0.268s] Level 1:colcon.colcon_core.package_identification:_identify(src/suii_navigation) by extension 'cmake'
[0.269s] Level 1:colcon.colcon_core.package_identification:_identify(src/suii_navigation) by extension 'python'
[0.269s] DEBUG:colcon.colcon_core.package_identification:Python package in 'src/suii_navigation' passes arguments to the setup() function which requires a different identification extension than 'python'
[0.269s] Level 1:colcon.colcon_core.package_identification:_identify(src/suii_navigation) by extensions ['python_setup_py']
[0.269s] Level 1:colcon.colcon_core.package_identification:_identify(src/suii_navigation) by extension 'python_setup_py'
[0.451s] DEBUG:colcon.colcon_core.package_identification:Package 'src/suii_navigation' with type 'python' and name 'suii_navigation'
[0.451s] Level 1:colcon.colcon_core.package_discovery:discover_packages(recursive) using defaults
[0.451s] Level 1:colcon.colcon_core.package_discovery:discover_packages(ignore) discover
[0.451s] Level 1:colcon.colcon_core.package_discovery:discover_packages(ignore) using defaults
[0.451s] Level 1:colcon.colcon_core.package_discovery:discover_packages(path) discover
[0.451s] Level 1:colcon.colcon_core.package_discovery:discover_packages(path) using defaults
[0.469s] Level 5:colcon.colcon_core.verb:set package 'suii_bringup' build argument 'cmake_args' from command line to 'None'
[0.469s] Level 5:colcon.colcon_core.verb:set package 'suii_bringup' build argument 'cmake_target' from command line to 'None'
[0.469s] Level 5:colcon.colcon_core.verb:set package 'suii_bringup' build argument 'cmake_target_skip_unavailable' from command line to 'False'
[0.469s] Level 5:colcon.colcon_core.verb:set package 'suii_bringup' build argument 'cmake_clean_cache' from command line to 'False'
[0.469s] Level 5:colcon.colcon_core.verb:set package 'suii_bringup' build argument 'cmake_clean_first' from command line to 'False'
[0.469s] Level 5:colcon.colcon_core.verb:set package 'suii_bringup' build argument 'cmake_force_configure' from command line to 'False'
[0.470s] Level 5:colcon.colcon_core.verb:set package 'suii_bringup' build argument 'ament_cmake_args' from command line to 'None'
[0.470s] Level 5:colcon.colcon_core.verb:set package 'suii_bringup' build argument 'catkin_cmake_args' from command line to 'None'
[0.470s] Level 5:colcon.colcon_core.verb:set package 'suii_bringup' build argument 'catkin_skip_building_tests' from command line to 'False'
[0.470s] DEBUG:colcon.colcon_core.verb:Building package 'suii_bringup' with the following arguments: {'ament_cmake_args': None, 'build_base': '/home/suii/colcon_ws/suii/ros2_ws/build/suii_bringup', 'catkin_cmake_args': None, 'catkin_skip_building_tests': False, 'cmake_args': None, 'cmake_clean_cache': False, 'cmake_clean_first': False, 'cmake_force_configure': False, 'cmake_target': None, 'cmake_target_skip_unavailable': False, 'install_base': '/home/suii/colcon_ws/suii/ros2_ws/install/suii_bringup', 'merge_install': False, 'path': '/home/suii/colcon_ws/suii/ros2_ws/src/suii_bringup', 'symlink_install': False, 'test_result_base': None}
[0.471s] Level 5:colcon.colcon_core.verb:set package 'suii_communication_ros2' build argument 'cmake_args' from command line to 'None'
[0.471s] Level 5:colcon.colcon_core.verb:set package 'suii_communication_ros2' build argument 'cmake_target' from command line to 'None'
[0.472s] Level 5:colcon.colcon_core.verb:set package 'suii_communication_ros2' build argument 'cmake_target_skip_unavailable' from command line to 'False'
[0.472s] Level 5:colcon.colcon_core.verb:set package 'suii_communication_ros2' build argument 'cmake_clean_cache' from command line to 'False'
[0.472s] Level 5:colcon.colcon_core.verb:set package 'suii_communication_ros2' build argument 'cmake_clean_first' from command line to 'False'
[0.472s] Level 5:colcon.colcon_core.verb:set package 'suii_communication_ros2' build argument 'cmake_force_configure' from command line to 'False'
[0.472s] Level 5:colcon.colcon_core.verb:set package 'suii_communication_ros2' build argument 'ament_cmake_args' from command line to 'None'
[0.472s] Level 5:colcon.colcon_core.verb:set package 'suii_communication_ros2' build argument 'catkin_cmake_args' from command line to 'None'
[0.472s] Level 5:colcon.colcon_core.verb:set package 'suii_communication_ros2' build argument 'catkin_skip_building_tests' from command line to 'False'
[0.472s] DEBUG:colcon.colcon_core.verb:Building package 'suii_communication_ros2' with the following arguments: {'ament_cmake_args': None, 'build_base': '/home/suii/colcon_ws/suii/ros2_ws/build/suii_communication_ros2', 'catkin_cmake_args': None, 'catkin_skip_building_tests': False, 'cmake_args': None, 'cmake_clean_cache': False, 'cmake_clean_first': False, 'cmake_force_configure': False, 'cmake_target': None, 'cmake_target_skip_unavailable': False, 'install_base': '/home/suii/colcon_ws/suii/ros2_ws/install/suii_communication_ros2', 'merge_install': False, 'path': '/home/suii/colcon_ws/suii/ros2_ws/src/suii_communication_ros2', 'symlink_install': False, 'test_result_base': None}
[0.474s] Level 5:colcon.colcon_core.verb:set package 'suii_description' build argument 'cmake_args' from command line to 'None'
[0.474s] Level 5:colcon.colcon_core.verb:set package 'suii_description' build argument 'cmake_target' from command line to 'None'
[0.474s] Level 5:colcon.colcon_core.verb:set package 'suii_description' build argument 'cmake_target_skip_unavailable' from command line to 'False'
[0.474s] Level 5:colcon.colcon_core.verb:set package 'suii_description' build argument 'cmake_clean_cache' from command line to 'False'
[0.474s] Level 5:colcon.colcon_core.verb:set package 'suii_description' build argument 'cmake_clean_first' from command line to 'False'
[0.474s] Level 5:colcon.colcon_core.verb:set package 'suii_description' build argument 'cmake_force_configure' from command line to 'False'
[0.474s] Level 5:colcon.colcon_core.verb:set package 'suii_description' build argument 'ament_cmake_args' from command line to 'None'
[0.474s] Level 5:colcon.colcon_core.verb:set package 'suii_description' build argument 'catkin_cmake_args' from command line to 'None'
[0.474s] Level 5:colcon.colcon_core.verb:set package 'suii_description' build argument 'catkin_skip_building_tests' from command line to 'False'
[0.474s] DEBUG:colcon.colcon_core.verb:Building package 'suii_description' with the following arguments: {'ament_cmake_args': None, 'build_base': '/home/suii/colcon_ws/suii/ros2_ws/build/suii_description', 'catkin_cmake_args': None, 'catkin_skip_building_tests': False, 'cmake_args': None, 'cmake_clean_cache': False, 'cmake_clean_first': False, 'cmake_force_configure': False, 'cmake_target': None, 'cmake_target_skip_unavailable': False, 'install_base': '/home/suii/colcon_ws/suii/ros2_ws/install/suii_description', 'merge_install': False, 'path': '/home/suii/colcon_ws/suii/ros2_ws/src/suii_description', 'symlink_install': False, 'test_result_base': None}
[0.476s] Level 5:colcon.colcon_core.verb:set package 'suii_msgs' build argument 'cmake_args' from command line to 'None'
[0.476s] Level 5:colcon.colcon_core.verb:set package 'suii_msgs' build argument 'cmake_target' from command line to 'None'
[0.476s] Level 5:colcon.colcon_core.verb:set package 'suii_msgs' build argument 'cmake_target_skip_unavailable' from command line to 'False'
[0.476s] Level 5:colcon.colcon_core.verb:set package 'suii_msgs' build argument 'cmake_clean_cache' from command line to 'False'
[0.476s] Level 5:colcon.colcon_core.verb:set package 'suii_msgs' build argument 'cmake_clean_first' from command line to 'False'
[0.476s] Level 5:colcon.colcon_core.verb:set package 'suii_msgs' build argument 'cmake_force_configure' from command line to 'False'
[0.476s] Level 5:colcon.colcon_core.verb:set package 'suii_msgs' build argument 'ament_cmake_args' from command line to 'None'
[0.476s] Level 5:colcon.colcon_core.verb:set package 'suii_msgs' build argument 'catkin_cmake_args' from command line to 'None'
[0.476s] Level 5:colcon.colcon_core.verb:set package 'suii_msgs' build argument 'catkin_skip_building_tests' from command line to 'False'
[0.476s] DEBUG:colcon.colcon_core.verb:Building package 'suii_msgs' with the following arguments: {'ament_cmake_args': None, 'build_base': '/home/suii/colcon_ws/suii/ros2_ws/build/suii_msgs', 'catkin_cmake_args': None, 'catkin_skip_building_tests': False, 'cmake_args': None, 'cmake_clean_cache': False, 'cmake_clean_first': False, 'cmake_force_configure': False, 'cmake_target': None, 'cmake_target_skip_unavailable': False, 'install_base': '/home/suii/colcon_ws/suii/ros2_ws/install/suii_msgs', 'merge_install': False, 'path': '/home/suii/colcon_ws/suii/ros2_ws/src/suii_msgs', 'symlink_install': False, 'test_result_base': None}
[0.478s] Level 5:colcon.colcon_core.verb:set package 'suii_navigation' build argument 'cmake_args' from command line to 'None'
[0.478s] Level 5:colcon.colcon_core.verb:set package 'suii_navigation' build argument 'cmake_target' from command line to 'None'
[0.478s] Level 5:colcon.colcon_core.verb:set package 'suii_navigation' build argument 'cmake_target_skip_unavailable' from command line to 'False'
[0.478s] Level 5:colcon.colcon_core.verb:set package 'suii_navigation' build argument 'cmake_clean_cache' from command line to 'False'
[0.478s] Level 5:colcon.colcon_core.verb:set package 'suii_navigation' build argument 'cmake_clean_first' from command line to 'False'
[0.478s] Level 5:colcon.colcon_core.verb:set package 'suii_navigation' build argument 'cmake_force_configure' from command line to 'False'
[0.478s] Level 5:colcon.colcon_core.verb:set package 'suii_navigation' build argument 'ament_cmake_args' from command line to 'None'
[0.478s] Level 5:colcon.colcon_core.verb:set package 'suii_navigation' build argument 'catkin_cmake_args' from command line to 'None'
[0.478s] Level 5:colcon.colcon_core.verb:set package 'suii_navigation' build argument 'catkin_skip_building_tests' from command line to 'False'
[0.478s] DEBUG:colcon.colcon_core.verb:Building package 'suii_navigation' with the following arguments: {'ament_cmake_args': None, 'build_base': '/home/suii/colcon_ws/suii/ros2_ws/build/suii_navigation', 'catkin_cmake_args': None, 'catkin_skip_building_tests': False, 'cmake_args': None, 'cmake_clean_cache': False, 'cmake_clean_first': False, 'cmake_force_configure': False, 'cmake_target': None, 'cmake_target_skip_unavailable': False, 'install_base': '/home/suii/colcon_ws/suii/ros2_ws/install/suii_navigation', 'merge_install': False, 'path': '/home/suii/colcon_ws/suii/ros2_ws/src/suii_navigation', 'symlink_install': False, 'test_result_base': None}
[0.480s] Level 5:colcon.colcon_core.verb:set package 'nav_test_package_ros2' build argument 'cmake_args' from command line to 'None'
[0.480s] Level 5:colcon.colcon_core.verb:set package 'nav_test_package_ros2' build argument 'cmake_target' from command line to 'None'
[0.480s] Level 5:colcon.colcon_core.verb:set package 'nav_test_package_ros2' build argument 'cmake_target_skip_unavailable' from command line to 'False'
[0.480s] Level 5:colcon.colcon_core.verb:set package 'nav_test_package_ros2' build argument 'cmake_clean_cache' from command line to 'False'
[0.480s] Level 5:colcon.colcon_core.verb:set package 'nav_test_package_ros2' build argument 'cmake_clean_first' from command line to 'False'
[0.480s] Level 5:colcon.colcon_core.verb:set package 'nav_test_package_ros2' build argument 'cmake_force_configure' from command line to 'False'
[0.480s] Level 5:colcon.colcon_core.verb:set package 'nav_test_package_ros2' build argument 'ament_cmake_args' from command line to 'None'
[0.480s] Level 5:colcon.colcon_core.verb:set package 'nav_test_package_ros2' build argument 'catkin_cmake_args' from command line to 'None'
[0.480s] Level 5:colcon.colcon_core.verb:set package 'nav_test_package_ros2' build argument 'catkin_skip_building_tests' from command line to 'False'
[0.480s] DEBUG:colcon.colcon_core.verb:Building package 'nav_test_package_ros2' with the following arguments: {'ament_cmake_args': None, 'build_base': '/home/suii/colcon_ws/suii/ros2_ws/build/nav_test_package_ros2', 'catkin_cmake_args': None, 'catkin_skip_building_tests': False, 'cmake_args': None, 'cmake_clean_cache': False, 'cmake_clean_first': False, 'cmake_force_configure': False, 'cmake_target': None, 'cmake_target_skip_unavailable': False, 'install_base': '/home/suii/colcon_ws/suii/ros2_ws/install/nav_test_package_ros2', 'merge_install': False, 'path': '/home/suii/colcon_ws/suii/ros2_ws/src/nav_test_package_ros2', 'symlink_install': False, 'test_result_base': None}
[0.482s] Level 5:colcon.colcon_core.verb:set package 'ros1_bridge' build argument 'cmake_args' from command line to 'None'
[0.482s] Level 5:colcon.colcon_core.verb:set package 'ros1_bridge' build argument 'cmake_target' from command line to 'None'
[0.482s] Level 5:colcon.colcon_core.verb:set package 'ros1_bridge' build argument 'cmake_target_skip_unavailable' from command line to 'False'
[0.482s] Level 5:colcon.colcon_core.verb:set package 'ros1_bridge' build argument 'cmake_clean_cache' from command line to 'False'
[0.482s] Level 5:colcon.colcon_core.verb:set package 'ros1_bridge' build argument 'cmake_clean_first' from command line to 'False'
[0.482s] Level 5:colcon.colcon_core.verb:set package 'ros1_bridge' build argument 'cmake_force_configure' from command line to 'False'
[0.482s] Level 5:colcon.colcon_core.verb:set package 'ros1_bridge' build argument 'ament_cmake_args' from command line to 'None'
[0.482s] Level 5:colcon.colcon_core.verb:set package 'ros1_bridge' build argument 'catkin_cmake_args' from command line to 'None'
[0.482s] Level 5:colcon.colcon_core.verb:set package 'ros1_bridge' build argument 'catkin_skip_building_tests' from command line to 'False'
[0.482s] DEBUG:colcon.colcon_core.verb:Building package 'ros1_bridge' with the following arguments: {'ament_cmake_args': None, 'build_base': '/home/suii/colcon_ws/suii/ros2_ws/build/ros1_bridge', 'catkin_cmake_args': None, 'catkin_skip_building_tests': False, 'cmake_args': None, 'cmake_clean_cache': False, 'cmake_clean_first': False, 'cmake_force_configure': False, 'cmake_target': None, 'cmake_target_skip_unavailable': False, 'install_base': '/home/suii/colcon_ws/suii/ros2_ws/install/ros1_bridge', 'merge_install': False, 'path': '/home/suii/colcon_ws/suii/ros2_ws/src/ros1_bridge', 'symlink_install': False, 'test_result_base': None}
[0.483s] INFO:colcon.colcon_core.executor:Executing jobs using 'parallel' executor
[0.484s] DEBUG:colcon.colcon_parallel_executor.executor.parallel:run_until_complete
[0.485s] INFO:colcon.colcon_ros.task.ament_cmake.build:Building ROS package in '/home/suii/colcon_ws/suii/ros2_ws/src/suii_msgs' with build type 'ament_cmake'
[0.485s] INFO:colcon.colcon_cmake.task.cmake.build:Building CMake package in '/home/suii/colcon_ws/suii/ros2_ws/src/suii_msgs'
[0.488s] INFO:colcon.colcon_core.plugin_system:Skipping extension 'colcon_core.shell.bat': Not used on non-Windows systems
[0.489s] INFO:colcon.colcon_core.shell:Skip shell extension 'powershell' for command environment: Not usable outside of PowerShell
[0.489s] DEBUG:colcon.colcon_core.shell:Skip shell extension 'dsv' for command environment
[0.491s] DEBUG:colcon.colcon_core.shell:Ignoring prefix path '/opt/ros/foxy'
[0.493s] INFO:colcon.colcon_ros.task.ament_cmake.build:Building ROS package in '/home/suii/colcon_ws/suii/ros2_ws/src/suii_communication_ros2' with build type 'ament_cmake'
[0.493s] INFO:colcon.colcon_cmake.task.cmake.build:Building CMake package in '/home/suii/colcon_ws/suii/ros2_ws/src/suii_communication_ros2'
[0.494s] INFO:colcon.colcon_core.shell:Skip shell extension 'powershell' for command environment: Not usable outside of PowerShell
[0.494s] DEBUG:colcon.colcon_core.shell:Skip shell extension 'dsv' for command environment
[0.496s] DEBUG:colcon.colcon_core.shell:Ignoring prefix path '/opt/ros/foxy'
[0.498s] INFO:colcon.colcon_ros.task.ament_cmake.build:Building ROS package in '/home/suii/colcon_ws/suii/ros2_ws/src/suii_bringup' with build type 'ament_cmake'
[0.498s] INFO:colcon.colcon_cmake.task.cmake.build:Building CMake package in '/home/suii/colcon_ws/suii/ros2_ws/src/suii_bringup'
[0.499s] INFO:colcon.colcon_core.shell:Skip shell extension 'powershell' for command environment: Not usable outside of PowerShell
[0.499s] DEBUG:colcon.colcon_core.shell:Skip shell extension 'dsv' for command environment
[0.502s] DEBUG:colcon.colcon_core.shell:Ignoring prefix path '/opt/ros/foxy'
[0.503s] INFO:colcon.colcon_ros.task.ament_cmake.build:Building ROS package in '/home/suii/colcon_ws/suii/ros2_ws/src/suii_description' with build type 'ament_cmake'
[0.504s] INFO:colcon.colcon_cmake.task.cmake.build:Building CMake package in '/home/suii/colcon_ws/suii/ros2_ws/src/suii_description'
[0.504s] INFO:colcon.colcon_core.shell:Skip shell extension 'powershell' for command environment: Not usable outside of PowerShell
[0.505s] DEBUG:colcon.colcon_core.shell:Skip shell extension 'dsv' for command environment
[0.507s] DEBUG:colcon.colcon_core.shell:Ignoring prefix path '/opt/ros/foxy'
[0.508s] INFO:colcon.colcon_core.task.python.build:Building Python package in '/home/suii/colcon_ws/suii/ros2_ws/src/suii_navigation'
[0.509s] INFO:colcon.colcon_core.shell:Skip shell extension 'powershell' for command environment: Not usable outside of PowerShell
[0.509s] DEBUG:colcon.colcon_core.shell:Skip shell extension 'dsv' for command environment
[0.511s] DEBUG:colcon.colcon_core.shell:Ignoring prefix path '/opt/ros/foxy'
[0.520s] DEBUG:colcon.colcon_core.event_handler.log_command:Invoking command in '/home/suii/colcon_ws/suii/ros2_ws/build/suii_msgs': CMAKE_PREFIX_PATH=${CMAKE_PREFIX_PATH}:/home/suii/colcon_ws/suii/ros2_ws/install/nav_test_package_ros2:/opt/ros/foxy /usr/bin/cmake --build /home/suii/colcon_ws/suii/ros2_ws/build/suii_msgs -- -j8 -l8
[0.562s] DEBUG:colcon.colcon_core.event_handler.log_command:Invoking command in '/home/suii/colcon_ws/suii/ros2_ws/build/suii_communication_ros2': CMAKE_PREFIX_PATH=${CMAKE_PREFIX_PATH}:/home/suii/colcon_ws/suii/ros2_ws/install/nav_test_package_ros2:/opt/ros/foxy /usr/bin/cmake --build /home/suii/colcon_ws/suii/ros2_ws/build/suii_communication_ros2 -- -j8 -l8
[0.566s] DEBUG:colcon.colcon_core.event_handler.log_command:Invoking command in '/home/suii/colcon_ws/suii/ros2_ws/build/suii_bringup': CMAKE_PREFIX_PATH=${CMAKE_PREFIX_PATH}:/home/suii/colcon_ws/suii/ros2_ws/install/nav_test_package_ros2:/opt/ros/foxy /usr/bin/cmake --build /home/suii/colcon_ws/suii/ros2_ws/build/suii_bringup -- -j8 -l8
[0.572s] DEBUG:colcon.colcon_core.event_handler.log_command:Invoking command in '/home/suii/colcon_ws/suii/ros2_ws/build/suii_description': CMAKE_PREFIX_PATH=${CMAKE_PREFIX_PATH}:/home/suii/colcon_ws/suii/ros2_ws/install/nav_test_package_ros2:/opt/ros/foxy /usr/bin/cmake --build /home/suii/colcon_ws/suii/ros2_ws/build/suii_description -- -j8 -l8
[0.854s] DEBUG:colcon.colcon_core.event_handler.log_command:Invoking command in '/home/suii/colcon_ws/suii/ros2_ws/build/suii_navigation': PYTHONPATH=/home/suii/colcon_ws/suii/ros2_ws/install/suii_navigation/lib/python3.8/site-packages:${PYTHONPATH} /usr/bin/python3 setup.py develop --prefix /home/suii/colcon_ws/suii/ros2_ws/install/suii_navigation --uninstall --editable --build-directory /home/suii/colcon_ws/suii/ros2_ws/build/suii_navigation/build
[0.870s] DEBUG:colcon.colcon_core.event_handler.log_command:Invoked command in '/home/suii/colcon_ws/suii/ros2_ws/build/suii_msgs' returned '0': CMAKE_PREFIX_PATH=${CMAKE_PREFIX_PATH}:/home/suii/colcon_ws/suii/ros2_ws/install/nav_test_package_ros2:/opt/ros/foxy /usr/bin/cmake --build /home/suii/colcon_ws/suii/ros2_ws/build/suii_msgs -- -j8 -l8
[0.871s] DEBUG:colcon.colcon_core.event_handler.log_command:Invoked command in '/home/suii/colcon_ws/suii/ros2_ws/build/suii_communication_ros2' returned '0': CMAKE_PREFIX_PATH=${CMAKE_PREFIX_PATH}:/home/suii/colcon_ws/suii/ros2_ws/install/nav_test_package_ros2:/opt/ros/foxy /usr/bin/cmake --build /home/suii/colcon_ws/suii/ros2_ws/build/suii_communication_ros2 -- -j8 -l8
[0.871s] DEBUG:colcon.colcon_core.event_handler.log_command:Invoked command in '/home/suii/colcon_ws/suii/ros2_ws/build/suii_description' returned '0': CMAKE_PREFIX_PATH=${CMAKE_PREFIX_PATH}:/home/suii/colcon_ws/suii/ros2_ws/install/nav_test_package_ros2:/opt/ros/foxy /usr/bin/cmake --build /home/suii/colcon_ws/suii/ros2_ws/build/suii_description -- -j8 -l8
[0.904s] DEBUG:colcon.colcon_core.event_handler.log_command:Invoking command in '/home/suii/colcon_ws/suii/ros2_ws/build/suii_description': CMAKE_PREFIX_PATH=${CMAKE_PREFIX_PATH}:/home/suii/colcon_ws/suii/ros2_ws/install/nav_test_package_ros2:/opt/ros/foxy /usr/bin/cmake --install /home/suii/colcon_ws/suii/ros2_ws/build/suii_description
[0.910s] DEBUG:colcon.colcon_core.event_handler.log_command:Invoking command in '/home/suii/colcon_ws/suii/ros2_ws/build/suii_communication_ros2': CMAKE_PREFIX_PATH=${CMAKE_PREFIX_PATH}:/home/suii/colcon_ws/suii/ros2_ws/install/nav_test_package_ros2:/opt/ros/foxy /usr/bin/cmake --install /home/suii/colcon_ws/suii/ros2_ws/build/suii_communication_ros2
[0.916s] Level 1:colcon.colcon_core.environment:create_environment_scripts_only(suii_description)
[0.917s] DEBUG:colcon.colcon_core.event_handler.log_command:Invoked command in '/home/suii/colcon_ws/suii/ros2_ws/build/suii_description' returned '0': CMAKE_PREFIX_PATH=${CMAKE_PREFIX_PATH}:/home/suii/colcon_ws/suii/ros2_ws/install/nav_test_package_ros2:/opt/ros/foxy /usr/bin/cmake --install /home/suii/colcon_ws/suii/ros2_ws/build/suii_description
[0.923s] Level 1:colcon.colcon_core.environment:checking '/home/suii/colcon_ws/suii/ros2_ws/install/suii_description' for CMake module files
[0.925s] Level 1:colcon.colcon_core.environment:checking '/home/suii/colcon_ws/suii/ros2_ws/install/suii_description' for CMake config files
[0.927s] Level 1:colcon.colcon_core.shell:create_environment_hook('suii_description', 'cmake_prefix_path')
[0.928s] INFO:colcon.colcon_core.shell:Creating environment hook '/home/suii/colcon_ws/suii/ros2_ws/install/suii_description/share/suii_description/hook/cmake_prefix_path.ps1'
[0.930s] INFO:colcon.colcon_core.shell:Creating environment descriptor '/home/suii/colcon_ws/suii/ros2_ws/install/suii_description/share/suii_description/hook/cmake_prefix_path.dsv'
[0.933s] INFO:colcon.colcon_core.shell:Creating environment hook '/home/suii/colcon_ws/suii/ros2_ws/install/suii_description/share/suii_description/hook/cmake_prefix_path.sh'
[0.936s] Level 1:colcon.colcon_core.environment:checking '/home/suii/colcon_ws/suii/ros2_ws/install/suii_description/bin'
[0.936s] Level 1:colcon.colcon_core.environment:checking '/home/suii/colcon_ws/suii/ros2_ws/install/suii_description/lib/pkgconfig/suii_description.pc'
[0.936s] Level 1:colcon.colcon_core.environment:checking '/home/suii/colcon_ws/suii/ros2_ws/install/suii_description/lib/python3.8/site-packages'
[0.937s] INFO:colcon.colcon_core.shell:Creating package script '/home/suii/colcon_ws/suii/ros2_ws/install/suii_description/share/suii_description/package.ps1'
[0.939s] INFO:colcon.colcon_core.shell:Creating package descriptor '/home/suii/colcon_ws/suii/ros2_ws/install/suii_description/share/suii_description/package.dsv'
[0.940s] INFO:colcon.colcon_core.shell:Creating package script '/home/suii/colcon_ws/suii/ros2_ws/install/suii_description/share/suii_description/package.sh'
[0.941s] INFO:colcon.colcon_core.shell:Creating package script '/home/suii/colcon_ws/suii/ros2_ws/install/suii_description/share/suii_description/package.bash'
[0.943s] INFO:colcon.colcon_core.shell:Creating package script '/home/suii/colcon_ws/suii/ros2_ws/install/suii_description/share/suii_description/package.zsh'
[0.944s] Level 1:colcon.colcon_core.environment:create_file_with_runtime_dependencies(/home/suii/colcon_ws/suii/ros2_ws/install/suii_description/share/colcon-core/packages/suii_description)
[0.960s] DEBUG:colcon.colcon_core.event_handler.log_command:Invoked command in '/home/suii/colcon_ws/suii/ros2_ws/build/suii_bringup' returned '0': CMAKE_PREFIX_PATH=${CMAKE_PREFIX_PATH}:/home/suii/colcon_ws/suii/ros2_ws/install/nav_test_package_ros2:/opt/ros/foxy /usr/bin/cmake --build /home/suii/colcon_ws/suii/ros2_ws/build/suii_bringup -- -j8 -l8
[0.966s] Level 1:colcon.colcon_core.environment:create_environment_scripts_only(suii_description)
[0.967s] Level 1:colcon.colcon_core.environment:checking '/home/suii/colcon_ws/suii/ros2_ws/install/suii_description' for CMake module files
[0.968s] Level 1:colcon.colcon_core.environment:checking '/home/suii/colcon_ws/suii/ros2_ws/install/suii_description' for CMake config files
[0.968s] Level 1:colcon.colcon_core.shell:create_environment_hook('suii_description', 'cmake_prefix_path')
[0.968s] INFO:colcon.colcon_core.shell:Creating environment hook '/home/suii/colcon_ws/suii/ros2_ws/install/suii_description/share/suii_description/hook/cmake_prefix_path.ps1'
[0.969s] INFO:colcon.colcon_core.shell:Creating environment descriptor '/home/suii/colcon_ws/suii/ros2_ws/install/suii_description/share/suii_description/hook/cmake_prefix_path.dsv'
[0.969s] INFO:colcon.colcon_core.shell:Creating environment hook '/home/suii/colcon_ws/suii/ros2_ws/install/suii_description/share/suii_description/hook/cmake_prefix_path.sh'
[0.970s] Level 1:colcon.colcon_core.environment:checking '/home/suii/colcon_ws/suii/ros2_ws/install/suii_description/bin'
[0.970s] Level 1:colcon.colcon_core.environment:checking '/home/suii/colcon_ws/suii/ros2_ws/install/suii_description/lib/pkgconfig/suii_description.pc'
[0.970s] Level 1:colcon.colcon_core.environment:checking '/home/suii/colcon_ws/suii/ros2_ws/install/suii_description/lib/python3.8/site-packages'
[0.971s] INFO:colcon.colcon_core.shell:Creating package script '/home/suii/colcon_ws/suii/ros2_ws/install/suii_description/share/suii_description/package.ps1'
[0.971s] INFO:colcon.colcon_core.shell:Creating package descriptor '/home/suii/colcon_ws/suii/ros2_ws/install/suii_description/share/suii_description/package.dsv'
[0.971s] INFO:colcon.colcon_core.shell:Creating package script '/home/suii/colcon_ws/suii/ros2_ws/install/suii_description/share/suii_description/package.sh'
[0.972s] INFO:colcon.colcon_core.shell:Creating package script '/home/suii/colcon_ws/suii/ros2_ws/install/suii_description/share/suii_description/package.bash'
[0.972s] INFO:colcon.colcon_core.shell:Creating package script '/home/suii/colcon_ws/suii/ros2_ws/install/suii_description/share/suii_description/package.zsh'
[0.972s] Level 1:colcon.colcon_core.environment:create_file_with_runtime_dependencies(/home/suii/colcon_ws/suii/ros2_ws/install/suii_description/share/colcon-core/packages/suii_description)
[0.985s] DEBUG:colcon.colcon_core.event_handler.log_command:Invoking command in '/home/suii/colcon_ws/suii/ros2_ws/build/suii_bringup': CMAKE_PREFIX_PATH=${CMAKE_PREFIX_PATH}:/home/suii/colcon_ws/suii/ros2_ws/install/nav_test_package_ros2:/opt/ros/foxy /usr/bin/cmake --install /home/suii/colcon_ws/suii/ros2_ws/build/suii_bringup
[1.000s] Level 1:colcon.colcon_core.environment:create_environment_scripts_only(suii_communication_ros2)
[1.001s] Level 1:colcon.colcon_core.environment:checking '/home/suii/colcon_ws/suii/ros2_ws/install/suii_communication_ros2' for CMake module files
[1.003s] DEBUG:colcon.colcon_core.event_handler.log_command:Invoked command in '/home/suii/colcon_ws/suii/ros2_ws/build/suii_bringup' returned '1': CMAKE_PREFIX_PATH=${CMAKE_PREFIX_PATH}:/home/suii/colcon_ws/suii/ros2_ws/install/nav_test_package_ros2:/opt/ros/foxy /usr/bin/cmake --install /home/suii/colcon_ws/suii/ros2_ws/build/suii_bringup
[1.004s] DEBUG:colcon.colcon_core.event_handler.log_command:Invoked command in '/home/suii/colcon_ws/suii/ros2_ws/build/suii_communication_ros2' returned '0': CMAKE_PREFIX_PATH=${CMAKE_PREFIX_PATH}:/home/suii/colcon_ws/suii/ros2_ws/install/nav_test_package_ros2:/opt/ros/foxy /usr/bin/cmake --install /home/suii/colcon_ws/suii/ros2_ws/build/suii_communication_ros2
[1.005s] Level 1:colcon.colcon_core.environment:checking '/home/suii/colcon_ws/suii/ros2_ws/install/suii_communication_ros2' for CMake config files
[1.005s] Level 1:colcon.colcon_core.shell:create_environment_hook('suii_communication_ros2', 'cmake_prefix_path')
[1.006s] INFO:colcon.colcon_core.shell:Creating environment hook '/home/suii/colcon_ws/suii/ros2_ws/install/suii_communication_ros2/share/suii_communication_ros2/hook/cmake_prefix_path.ps1'
[1.007s] INFO:colcon.colcon_core.shell:Creating environment descriptor '/home/suii/colcon_ws/suii/ros2_ws/install/suii_communication_ros2/share/suii_communication_ros2/hook/cmake_prefix_path.dsv'
[1.007s] INFO:colcon.colcon_core.shell:Creating environment hook '/home/suii/colcon_ws/suii/ros2_ws/install/suii_communication_ros2/share/suii_communication_ros2/hook/cmake_prefix_path.sh'
[1.008s] Level 1:colcon.colcon_core.environment:checking '/home/suii/colcon_ws/suii/ros2_ws/install/suii_communication_ros2/lib'
[1.009s] Level 1:colcon.colcon_core.shell:create_environment_hook('suii_communication_ros2', 'ld_library_path_lib')
[1.009s] INFO:colcon.colcon_core.shell:Creating environment hook '/home/suii/colcon_ws/suii/ros2_ws/install/suii_communication_ros2/share/suii_communication_ros2/hook/ld_library_path_lib.ps1'
[1.010s] INFO:colcon.colcon_core.shell:Creating environment descriptor '/home/suii/colcon_ws/suii/ros2_ws/install/suii_communication_ros2/share/suii_communication_ros2/hook/ld_library_path_lib.dsv'
[1.010s] INFO:colcon.colcon_core.shell:Creating environment hook '/home/suii/colcon_ws/suii/ros2_ws/install/suii_communication_ros2/share/suii_communication_ros2/hook/ld_library_path_lib.sh'
[1.010s] Level 1:colcon.colcon_core.environment:checking '/home/suii/colcon_ws/suii/ros2_ws/install/suii_communication_ros2/bin'
[1.010s] Level 1:colcon.colcon_core.environment:checking '/home/suii/colcon_ws/suii/ros2_ws/install/suii_communication_ros2/lib/pkgconfig/suii_communication_ros2.pc'
[1.010s] Level 1:colcon.colcon_core.environment:checking '/home/suii/colcon_ws/suii/ros2_ws/install/suii_communication_ros2/lib/python3.8/site-packages'
[1.010s] Level 1:colcon.colcon_core.shell:create_environment_hook('suii_communication_ros2', 'pythonpath')
[1.011s] INFO:colcon.colcon_core.shell:Creating environment hook '/home/suii/colcon_ws/suii/ros2_ws/install/suii_communication_ros2/share/suii_communication_ros2/hook/pythonpath.ps1'
[1.011s] INFO:colcon.colcon_core.shell:Creating environment descriptor '/home/suii/colcon_ws/suii/ros2_ws/install/suii_communication_ros2/share/suii_communication_ros2/hook/pythonpath.dsv'
[1.012s] INFO:colcon.colcon_core.shell:Creating environment hook '/home/suii/colcon_ws/suii/ros2_ws/install/suii_communication_ros2/share/suii_communication_ros2/hook/pythonpath.sh'
[1.012s] INFO:colcon.colcon_core.shell:Creating package script '/home/suii/colcon_ws/suii/ros2_ws/install/suii_communication_ros2/share/suii_communication_ros2/package.ps1'
[1.013s] INFO:colcon.colcon_core.shell:Creating package descriptor '/home/suii/colcon_ws/suii/ros2_ws/install/suii_communication_ros2/share/suii_communication_ros2/package.dsv'
[1.013s] INFO:colcon.colcon_core.shell:Creating package script '/home/suii/colcon_ws/suii/ros2_ws/install/suii_communication_ros2/share/suii_communication_ros2/package.sh'
[1.014s] INFO:colcon.colcon_core.shell:Creating package script '/home/suii/colcon_ws/suii/ros2_ws/install/suii_communication_ros2/share/suii_communication_ros2/package.bash'
[1.014s] INFO:colcon.colcon_core.shell:Creating package script '/home/suii/colcon_ws/suii/ros2_ws/install/suii_communication_ros2/share/suii_communication_ros2/package.zsh'
[1.014s] Level 1:colcon.colcon_core.environment:create_file_with_runtime_dependencies(/home/suii/colcon_ws/suii/ros2_ws/install/suii_communication_ros2/share/colcon-core/packages/suii_communication_ros2)
[1.019s] Level 1:colcon.colcon_core.environment:create_environment_scripts_only(suii_bringup)
[1.021s] Level 1:colcon.colcon_core.environment:checking '/home/suii/colcon_ws/suii/ros2_ws/install/suii_bringup' for CMake module files
[1.021s] Level 1:colcon.colcon_core.environment:checking '/home/suii/colcon_ws/suii/ros2_ws/install/suii_bringup' for CMake config files
[1.022s] Level 1:colcon.colcon_core.shell:create_environment_hook('suii_bringup', 'cmake_prefix_path')
[1.022s] INFO:colcon.colcon_core.shell:Creating environment hook '/home/suii/colcon_ws/suii/ros2_ws/install/suii_bringup/share/suii_bringup/hook/cmake_prefix_path.ps1'
[1.023s] INFO:colcon.colcon_core.shell:Creating environment descriptor '/home/suii/colcon_ws/suii/ros2_ws/install/suii_bringup/share/suii_bringup/hook/cmake_prefix_path.dsv'
[1.023s] INFO:colcon.colcon_core.shell:Creating environment hook '/home/suii/colcon_ws/suii/ros2_ws/install/suii_bringup/share/suii_bringup/hook/cmake_prefix_path.sh'
[1.024s] Level 1:colcon.colcon_core.environment:checking '/home/suii/colcon_ws/suii/ros2_ws/install/suii_bringup/bin'
[1.024s] Level 1:colcon.colcon_core.environment:checking '/home/suii/colcon_ws/suii/ros2_ws/install/suii_bringup/lib/pkgconfig/suii_bringup.pc'
[1.024s] Level 1:colcon.colcon_core.environment:checking '/home/suii/colcon_ws/suii/ros2_ws/install/suii_bringup/lib/python3.8/site-packages'
[1.025s] INFO:colcon.colcon_core.shell:Creating package script '/home/suii/colcon_ws/suii/ros2_ws/install/suii_bringup/share/suii_bringup/package.ps1'
[1.026s] INFO:colcon.colcon_core.shell:Creating package descriptor '/home/suii/colcon_ws/suii/ros2_ws/install/suii_bringup/share/suii_bringup/package.dsv'
[1.027s] INFO:colcon.colcon_core.shell:Creating package script '/home/suii/colcon_ws/suii/ros2_ws/install/suii_bringup/share/suii_bringup/package.sh'
[1.027s] INFO:colcon.colcon_core.shell:Creating package script '/home/suii/colcon_ws/suii/ros2_ws/install/suii_bringup/share/suii_bringup/package.bash'
[1.028s] INFO:colcon.colcon_core.shell:Creating package script '/home/suii/colcon_ws/suii/ros2_ws/install/suii_bringup/share/suii_bringup/package.zsh'
[1.028s] Level 1:colcon.colcon_core.environment:create_file_with_runtime_dependencies(/home/suii/colcon_ws/suii/ros2_ws/install/suii_bringup/share/colcon-core/packages/suii_bringup)
[1.256s] DEBUG:colcon.colcon_parallel_executor.executor.parallel:closing loop
[1.257s] DEBUG:colcon.colcon_parallel_executor.executor.parallel:loop closed
[1.257s] DEBUG:colcon.colcon_parallel_executor.executor.parallel:run_until_complete finished with '1'
[1.257s] DEBUG:colcon.colcon_core.event_reactor:joining thread
[1.264s] INFO:colcon.colcon_core.plugin_system:Skipping extension 'colcon_notification.desktop_notification.terminal_notifier': Not used on non-Darwin systems
[1.264s] INFO:colcon.colcon_core.plugin_system:Skipping extension 'colcon_notification.desktop_notification.win32': Not used on non-Windows systems
[1.264s] INFO:colcon.colcon_notification.desktop_notification:Sending desktop notification using 'notify2'
[1.277s] DEBUG:colcon.colcon_core.event_reactor:joined thread
[1.278s] INFO:colcon.colcon_core.shell:Creating prefix script '/home/suii/colcon_ws/suii/ros2_ws/install/local_setup.ps1'
[1.279s] INFO:colcon.colcon_core.shell:Creating prefix util module '/home/suii/colcon_ws/suii/ros2_ws/install/_local_setup_util_ps1.py'
[1.280s] INFO:colcon.colcon_core.shell:Creating prefix chain script '/home/suii/colcon_ws/suii/ros2_ws/install/setup.ps1'
[1.282s] INFO:colcon.colcon_core.shell:Creating prefix script '/home/suii/colcon_ws/suii/ros2_ws/install/local_setup.sh'
[1.283s] INFO:colcon.colcon_core.shell:Creating prefix util module '/home/suii/colcon_ws/suii/ros2_ws/install/_local_setup_util_sh.py'
[1.283s] INFO:colcon.colcon_core.shell:Creating prefix chain script '/home/suii/colcon_ws/suii/ros2_ws/install/setup.sh'
[1.286s] INFO:colcon.colcon_core.shell:Creating prefix script '/home/suii/colcon_ws/suii/ros2_ws/install/local_setup.bash'
[1.286s] INFO:colcon.colcon_core.shell:Creating prefix chain script '/home/suii/colcon_ws/suii/ros2_ws/install/setup.bash'
[1.289s] INFO:colcon.colcon_core.shell:Creating prefix script '/home/suii/colcon_ws/suii/ros2_ws/install/local_setup.zsh'
[1.289s] INFO:colcon.colcon_core.shell:Creating prefix chain script '/home/suii/colcon_ws/suii/ros2_ws/install/setup.zsh'
