[0.037s] Invoking command in '/home/suii/colcon_ws/suii/ros2_ws/build/suii_communication_ros2': CMAKE_PREFIX_PATH=${CMAKE_PREFIX_PATH}:/home/suii/Suii_code/colcon_ws/suii/install/nav_test_package_ros2 /usr/bin/cmake --build /home/suii/colcon_ws/suii/ros2_ws/build/suii_communication_ros2 -- -j8 -l8
[0.307s] [  9%] Built target suii_communication_ros2__rosidl_generator_c
[0.308s] [ 12%] Built target suii_communication_ros2__cpp
[0.308s] [ 41%] Built target suii_communication_ros2__rosidl_typesupport_c
[0.308s] [ 41%] Built target suii_communication_ros2__rosidl_typesupport_cpp
[0.308s] [ 41%] Built target suii_communication_ros2__rosidl_typesupport_introspection_c
[0.309s] [ 51%] Built target suii_communication_ros2__rosidl_typesupport_fastrtps_cpp
[0.309s] [ 61%] Built target suii_communication_ros2__rosidl_typesupport_introspection_cpp
[0.309s] [ 70%] Built target suii_communication_ros2__rosidl_typesupport_fastrtps_c
[0.309s] [ 70%] Built target suii_communication_ros2
[0.309s] [ 74%] Built target suii_communication_ros2__py
[0.309s] [ 80%] Built target suii_communication_ros2__python
[0.309s] [ 87%] Built target suii_communication_ros2__rosidl_typesupport_introspection_c__pyext
[0.309s] [ 93%] Built target suii_communication_ros2__rosidl_typesupport_fastrtps_c__pyext
[0.309s] [100%] Built target suii_communication_ros2__rosidl_typesupport_c__pyext
[0.310s] Invoked command in '/home/suii/colcon_ws/suii/ros2_ws/build/suii_communication_ros2' returned '0': CMAKE_PREFIX_PATH=${CMAKE_PREFIX_PATH}:/home/suii/Suii_code/colcon_ws/suii/install/nav_test_package_ros2 /usr/bin/cmake --build /home/suii/colcon_ws/suii/ros2_ws/build/suii_communication_ros2 -- -j8 -l8
[0.364s] Invoking command in '/home/suii/colcon_ws/suii/ros2_ws/build/suii_communication_ros2': CMAKE_PREFIX_PATH=${CMAKE_PREFIX_PATH}:/home/suii/Suii_code/colcon_ws/suii/install/nav_test_package_ros2 /usr/bin/cmake --install /home/suii/colcon_ws/suii/ros2_ws/build/suii_communication_ros2
[0.387s] -- Install configuration: ""
[0.387s] -- Execute custom install script
[0.387s] -- Up-to-date symlink: /home/suii/colcon_ws/suii/ros2_ws/install/suii_communication_ros2/share/ament_index/resource_index/rosidl_interfaces/suii_communication_ros2
[0.387s] -- Up-to-date symlink: /home/suii/colcon_ws/suii/ros2_ws/install/suii_communication_ros2/include/suii_communication_ros2/msg/rosidl_generator_c__visibility_control.h
[0.388s] -- Up-to-date symlink: /home/suii/colcon_ws/suii/ros2_ws/install/suii_communication_ros2/include/suii_communication_ros2/srv/detail/table_goal__functions.h
[0.388s] -- Up-to-date symlink: /home/suii/colcon_ws/suii/ros2_ws/install/suii_communication_ros2/include/suii_communication_ros2/srv/detail/table_goal__struct.h
[0.388s] -- Up-to-date symlink: /home/suii/colcon_ws/suii/ros2_ws/install/suii_communication_ros2/include/suii_communication_ros2/srv/detail/table_goal__type_support.h
[0.388s] -- Up-to-date symlink: /home/suii/colcon_ws/suii/ros2_ws/install/suii_communication_ros2/include/suii_communication_ros2/srv/table_goal.h
[0.388s] -- Up-to-date symlink: /home/suii/colcon_ws/suii/ros2_ws/install/suii_communication_ros2/share/suii_communication_ros2/environment/library_path.sh
[0.388s] -- Up-to-date symlink: /home/suii/colcon_ws/suii/ros2_ws/install/suii_communication_ros2/share/suii_communication_ros2/environment/library_path.dsv
[0.388s] -- Up-to-date symlink: /home/suii/colcon_ws/suii/ros2_ws/install/suii_communication_ros2/include/suii_communication_ros2/msg/rosidl_typesupport_fastrtps_c__visibility_control.h
[0.388s] -- Up-to-date symlink: /home/suii/colcon_ws/suii/ros2_ws/install/suii_communication_ros2/include/suii_communication_ros2/srv/detail/table_goal__rosidl_typesupport_fastrtps_c.h
[0.388s] -- Up-to-date symlink: /home/suii/colcon_ws/suii/ros2_ws/install/suii_communication_ros2/lib/libsuii_communication_ros2__rosidl_typesupport_fastrtps_c.so
[0.388s] -- Up-to-date symlink: /home/suii/colcon_ws/suii/ros2_ws/install/suii_communication_ros2/include/suii_communication_ros2/msg/rosidl_typesupport_fastrtps_cpp__visibility_control.h
[0.388s] -- Up-to-date symlink: /home/suii/colcon_ws/suii/ros2_ws/install/suii_communication_ros2/include/suii_communication_ros2/srv/detail/table_goal__rosidl_typesupport_fastrtps_cpp.hpp
[0.389s] -- Up-to-date symlink: /home/suii/colcon_ws/suii/ros2_ws/install/suii_communication_ros2/lib/libsuii_communication_ros2__rosidl_typesupport_fastrtps_cpp.so
[0.389s] -- Up-to-date symlink: /home/suii/colcon_ws/suii/ros2_ws/install/suii_communication_ros2/include/suii_communication_ros2/msg/rosidl_typesupport_introspection_c__visibility_control.h
[0.389s] -- Up-to-date symlink: /home/suii/colcon_ws/suii/ros2_ws/install/suii_communication_ros2/include/suii_communication_ros2/srv/detail/table_goal__rosidl_typesupport_introspection_c.h
[0.389s] -- Up-to-date symlink: /home/suii/colcon_ws/suii/ros2_ws/install/suii_communication_ros2/include/suii_communication_ros2/srv/detail/table_goal__builder.hpp
[0.389s] -- Up-to-date symlink: /home/suii/colcon_ws/suii/ros2_ws/install/suii_communication_ros2/include/suii_communication_ros2/srv/detail/table_goal__struct.hpp
[0.389s] -- Up-to-date symlink: /home/suii/colcon_ws/suii/ros2_ws/install/suii_communication_ros2/include/suii_communication_ros2/srv/detail/table_goal__traits.hpp
[0.389s] -- Up-to-date symlink: /home/suii/colcon_ws/suii/ros2_ws/install/suii_communication_ros2/include/suii_communication_ros2/srv/table_goal.hpp
[0.389s] -- Up-to-date symlink: /home/suii/colcon_ws/suii/ros2_ws/install/suii_communication_ros2/include/suii_communication_ros2/srv/detail/table_goal__rosidl_typesupport_introspection_cpp.hpp
[0.389s] -- Up-to-date symlink: /home/suii/colcon_ws/suii/ros2_ws/install/suii_communication_ros2/share/suii_communication_ros2/environment/pythonpath.sh
[0.389s] -- Up-to-date symlink: /home/suii/colcon_ws/suii/ros2_ws/install/suii_communication_ros2/share/suii_communication_ros2/environment/pythonpath.dsv
[0.389s] -- Up-to-date symlink: /home/suii/colcon_ws/suii/ros2_ws/install/suii_communication_ros2/lib/python3.8/site-packages/suii_communication_ros2/__init__.py
[0.389s] -- Up-to-date symlink: /home/suii/colcon_ws/suii/ros2_ws/install/suii_communication_ros2/lib/python3.8/site-packages/suii_communication_ros2/srv/__init__.py
[0.389s] -- Up-to-date symlink: /home/suii/colcon_ws/suii/ros2_ws/install/suii_communication_ros2/lib/python3.8/site-packages/suii_communication_ros2/srv/_table_goal.py
[0.390s] -- Up-to-date symlink: /home/suii/colcon_ws/suii/ros2_ws/install/suii_communication_ros2/lib/python3.8/site-packages/suii_communication_ros2/suii_communication_ros2_s__rosidl_typesupport_fastrtps_c.cpython-38-x86_64-linux-gnu.so
[0.390s] -- Up-to-date symlink: /home/suii/colcon_ws/suii/ros2_ws/install/suii_communication_ros2/lib/python3.8/site-packages/suii_communication_ros2/suii_communication_ros2_s__rosidl_typesupport_introspection_c.cpython-38-x86_64-linux-gnu.so
[0.390s] -- Up-to-date symlink: /home/suii/colcon_ws/suii/ros2_ws/install/suii_communication_ros2/lib/python3.8/site-packages/suii_communication_ros2/suii_communication_ros2_s__rosidl_typesupport_c.cpython-38-x86_64-linux-gnu.so
[0.390s] -- Up-to-date symlink: /home/suii/colcon_ws/suii/ros2_ws/install/suii_communication_ros2/lib/libsuii_communication_ros2__python.so
[0.390s] -- Up-to-date symlink: /home/suii/colcon_ws/suii/ros2_ws/install/suii_communication_ros2/share/suii_communication_ros2/srv/TableGoal.idl
[0.390s] -- Up-to-date symlink: /home/suii/colcon_ws/suii/ros2_ws/install/suii_communication_ros2/share/suii_communication_ros2/srv/TableGoal.srv
[0.390s] -- Up-to-date symlink: /home/suii/colcon_ws/suii/ros2_ws/install/suii_communication_ros2/share/suii_communication_ros2/srv/TableGoal_Request.msg
[0.390s] -- Up-to-date symlink: /home/suii/colcon_ws/suii/ros2_ws/install/suii_communication_ros2/share/suii_communication_ros2/srv/TableGoal_Response.msg
[0.390s] -- Up-to-date symlink: /home/suii/colcon_ws/suii/ros2_ws/install/suii_communication_ros2/share/suii_communication_ros2/Bridge_mapping.yaml
[0.390s] -- Up-to-date symlink: /home/suii/colcon_ws/suii/ros2_ws/install/suii_communication_ros2/share/ament_index/resource_index/package_run_dependencies/suii_communication_ros2
[0.390s] -- Up-to-date symlink: /home/suii/colcon_ws/suii/ros2_ws/install/suii_communication_ros2/share/ament_index/resource_index/parent_prefix_path/suii_communication_ros2
[0.391s] -- Up-to-date symlink: /home/suii/colcon_ws/suii/ros2_ws/install/suii_communication_ros2/share/suii_communication_ros2/environment/ament_prefix_path.sh
[0.391s] -- Up-to-date symlink: /home/suii/colcon_ws/suii/ros2_ws/install/suii_communication_ros2/share/suii_communication_ros2/environment/ament_prefix_path.dsv
[0.391s] -- Up-to-date symlink: /home/suii/colcon_ws/suii/ros2_ws/install/suii_communication_ros2/share/suii_communication_ros2/environment/path.sh
[0.392s] -- Up-to-date symlink: /home/suii/colcon_ws/suii/ros2_ws/install/suii_communication_ros2/share/suii_communication_ros2/environment/path.dsv
[0.392s] -- Up-to-date symlink: /home/suii/colcon_ws/suii/ros2_ws/install/suii_communication_ros2/share/suii_communication_ros2/local_setup.bash
[0.392s] -- Up-to-date symlink: /home/suii/colcon_ws/suii/ros2_ws/install/suii_communication_ros2/share/suii_communication_ros2/local_setup.sh
[0.392s] -- Up-to-date symlink: /home/suii/colcon_ws/suii/ros2_ws/install/suii_communication_ros2/share/suii_communication_ros2/local_setup.zsh
[0.392s] -- Up-to-date symlink: /home/suii/colcon_ws/suii/ros2_ws/install/suii_communication_ros2/share/suii_communication_ros2/local_setup.dsv
[0.393s] -- Symlinking: /home/suii/colcon_ws/suii/ros2_ws/install/suii_communication_ros2/share/suii_communication_ros2/package.dsv
[0.398s] -- Up-to-date symlink: /home/suii/colcon_ws/suii/ros2_ws/install/suii_communication_ros2/share/ament_index/resource_index/packages/suii_communication_ros2
[0.398s] -- Up-to-date symlink: /home/suii/colcon_ws/suii/ros2_ws/install/suii_communication_ros2/share/suii_communication_ros2/cmake/rosidl_cmake-extras.cmake
[0.399s] -- Up-to-date symlink: /home/suii/colcon_ws/suii/ros2_ws/install/suii_communication_ros2/share/suii_communication_ros2/cmake/ament_cmake_export_dependencies-extras.cmake
[0.399s] -- Up-to-date symlink: /home/suii/colcon_ws/suii/ros2_ws/install/suii_communication_ros2/share/suii_communication_ros2/cmake/ament_cmake_export_libraries-extras.cmake
[0.399s] -- Up-to-date symlink: /home/suii/colcon_ws/suii/ros2_ws/install/suii_communication_ros2/share/suii_communication_ros2/cmake/ament_cmake_export_targets-extras.cmake
[0.400s] -- Up-to-date symlink: /home/suii/colcon_ws/suii/ros2_ws/install/suii_communication_ros2/share/suii_communication_ros2/cmake/ament_cmake_export_include_directories-extras.cmake
[0.400s] -- Up-to-date symlink: /home/suii/colcon_ws/suii/ros2_ws/install/suii_communication_ros2/share/suii_communication_ros2/cmake/rosidl_cmake_export_typesupport_libraries-extras.cmake
[0.400s] -- Up-to-date symlink: /home/suii/colcon_ws/suii/ros2_ws/install/suii_communication_ros2/share/suii_communication_ros2/cmake/rosidl_cmake_export_typesupport_targets-extras.cmake
[0.400s] -- Up-to-date symlink: /home/suii/colcon_ws/suii/ros2_ws/install/suii_communication_ros2/share/suii_communication_ros2/cmake/suii_communication_ros2Config.cmake
[0.401s] -- Up-to-date symlink: /home/suii/colcon_ws/suii/ros2_ws/install/suii_communication_ros2/share/suii_communication_ros2/cmake/suii_communication_ros2Config-version.cmake
[0.401s] -- Up-to-date symlink: /home/suii/colcon_ws/suii/ros2_ws/install/suii_communication_ros2/share/suii_communication_ros2/package.xml
[0.401s] -- Up-to-date: /home/suii/colcon_ws/suii/ros2_ws/install/suii_communication_ros2/lib/libsuii_communication_ros2__rosidl_generator_c.so
[0.402s] -- Up-to-date: /home/suii/colcon_ws/suii/ros2_ws/install/suii_communication_ros2/lib/libsuii_communication_ros2__rosidl_typesupport_introspection_c.so
[0.402s] -- Up-to-date: /home/suii/colcon_ws/suii/ros2_ws/install/suii_communication_ros2/lib/libsuii_communication_ros2__rosidl_typesupport_c.so
[0.402s] -- Up-to-date: /home/suii/colcon_ws/suii/ros2_ws/install/suii_communication_ros2/lib/libsuii_communication_ros2__rosidl_typesupport_introspection_cpp.so
[0.403s] -- Up-to-date: /home/suii/colcon_ws/suii/ros2_ws/install/suii_communication_ros2/lib/libsuii_communication_ros2__rosidl_typesupport_cpp.so
[0.436s] -- Up-to-date: /home/suii/colcon_ws/suii/ros2_ws/install/suii_communication_ros2/share/suii_communication_ros2/cmake/suii_communication_ros2__rosidl_generator_cExport.cmake
[0.437s] -- Up-to-date: /home/suii/colcon_ws/suii/ros2_ws/install/suii_communication_ros2/share/suii_communication_ros2/cmake/suii_communication_ros2__rosidl_generator_cExport-noconfig.cmake
[0.437s] -- Up-to-date: /home/suii/colcon_ws/suii/ros2_ws/install/suii_communication_ros2/share/suii_communication_ros2/cmake/suii_communication_ros2__rosidl_typesupport_introspection_cExport.cmake
[0.437s] -- Up-to-date: /home/suii/colcon_ws/suii/ros2_ws/install/suii_communication_ros2/share/suii_communication_ros2/cmake/suii_communication_ros2__rosidl_typesupport_introspection_cExport-noconfig.cmake
[0.437s] -- Up-to-date: /home/suii/colcon_ws/suii/ros2_ws/install/suii_communication_ros2/share/suii_communication_ros2/cmake/suii_communication_ros2__rosidl_typesupport_cExport.cmake
[0.438s] -- Up-to-date: /home/suii/colcon_ws/suii/ros2_ws/install/suii_communication_ros2/share/suii_communication_ros2/cmake/suii_communication_ros2__rosidl_typesupport_cExport-noconfig.cmake
[0.438s] -- Up-to-date: /home/suii/colcon_ws/suii/ros2_ws/install/suii_communication_ros2/share/suii_communication_ros2/cmake/suii_communication_ros2__rosidl_generator_cppExport.cmake
[0.438s] -- Up-to-date: /home/suii/colcon_ws/suii/ros2_ws/install/suii_communication_ros2/share/suii_communication_ros2/cmake/suii_communication_ros2__rosidl_typesupport_introspection_cppExport.cmake
[0.438s] -- Up-to-date: /home/suii/colcon_ws/suii/ros2_ws/install/suii_communication_ros2/share/suii_communication_ros2/cmake/suii_communication_ros2__rosidl_typesupport_introspection_cppExport-noconfig.cmake
[0.438s] -- Up-to-date: /home/suii/colcon_ws/suii/ros2_ws/install/suii_communication_ros2/share/suii_communication_ros2/cmake/suii_communication_ros2__rosidl_typesupport_cppExport.cmake
[0.438s] -- Up-to-date: /home/suii/colcon_ws/suii/ros2_ws/install/suii_communication_ros2/share/suii_communication_ros2/cmake/suii_communication_ros2__rosidl_typesupport_cppExport-noconfig.cmake
