running develop
Removing /home/suii/colcon_ws/suii/ros2_ws/install/suii_navigation/lib/python3.8/site-packages/suii-navigation.egg-link (link to .)
running egg_info
writing ../../build/suii_navigation/suii_navigation.egg-info/PKG-INFO
writing dependency_links to ../../build/suii_navigation/suii_navigation.egg-info/dependency_links.txt
writing entry points to ../../build/suii_navigation/suii_navigation.egg-info/entry_points.txt
writing requirements to ../../build/suii_navigation/suii_navigation.egg-info/requires.txt
writing top-level names to ../../build/suii_navigation/suii_navigation.egg-info/top_level.txt
reading manifest file '../../build/suii_navigation/suii_navigation.egg-info/SOURCES.txt'
writing manifest file '../../build/suii_navigation/suii_navigation.egg-info/SOURCES.txt'
running build
running build_py
creating /home/suii/colcon_ws/suii/ros2_ws/build/suii_navigation/build
creating /home/suii/colcon_ws/suii/ros2_ws/build/suii_navigation/build/lib
creating /home/suii/colcon_ws/suii/ros2_ws/build/suii_navigation/build/lib/suii_navigation
copying suii_navigation/__init__.py -> /home/suii/colcon_ws/suii/ros2_ws/build/suii_navigation/build/lib/suii_navigation
copying suii_navigation/Motors.py -> /home/suii/colcon_ws/suii/ros2_ws/build/suii_navigation/build/lib/suii_navigation
copying suii_navigation/manager.py -> /home/suii/colcon_ws/suii/ros2_ws/build/suii_navigation/build/lib/suii_navigation
running install
running install_lib
creating /home/suii/colcon_ws/suii/ros2_ws/install/suii_navigation/lib/python3.8/site-packages/suii_navigation
copying /home/suii/colcon_ws/suii/ros2_ws/build/suii_navigation/build/lib/suii_navigation/__init__.py -> /home/suii/colcon_ws/suii/ros2_ws/install/suii_navigation/lib/python3.8/site-packages/suii_navigation
copying /home/suii/colcon_ws/suii/ros2_ws/build/suii_navigation/build/lib/suii_navigation/Motors.py -> /home/suii/colcon_ws/suii/ros2_ws/install/suii_navigation/lib/python3.8/site-packages/suii_navigation
copying /home/suii/colcon_ws/suii/ros2_ws/build/suii_navigation/build/lib/suii_navigation/manager.py -> /home/suii/colcon_ws/suii/ros2_ws/install/suii_navigation/lib/python3.8/site-packages/suii_navigation
byte-compiling /home/suii/colcon_ws/suii/ros2_ws/install/suii_navigation/lib/python3.8/site-packages/suii_navigation/__init__.py to __init__.cpython-38.pyc
byte-compiling /home/suii/colcon_ws/suii/ros2_ws/install/suii_navigation/lib/python3.8/site-packages/suii_navigation/Motors.py to Motors.cpython-38.pyc
byte-compiling /home/suii/colcon_ws/suii/ros2_ws/install/suii_navigation/lib/python3.8/site-packages/suii_navigation/manager.py to manager.cpython-38.pyc
running install_data
copying package.xml -> /home/suii/colcon_ws/suii/ros2_ws/install/suii_navigation/share/suii_navigation
running install_egg_info
Copying ../../build/suii_navigation/suii_navigation.egg-info to /home/suii/colcon_ws/suii/ros2_ws/install/suii_navigation/lib/python3.8/site-packages/suii_navigation-0.0.0-py3.8.egg-info
running install_scripts
writing list of installed files to '/home/suii/colcon_ws/suii/ros2_ws/build/suii_navigation/install.log'
