[0.262s] Invoking command in '/home/suii/colcon_ws/suii/ros2_ws/build/suii_navigation': PYTHONPATH=/home/suii/colcon_ws/suii/ros2_ws/install/suii_navigation/lib/python3.8/site-packages:${PYTHONPATH} /usr/bin/python3 setup.py develop --prefix /home/suii/colcon_ws/suii/ros2_ws/install/suii_navigation --uninstall --editable --build-directory /home/suii/colcon_ws/suii/ros2_ws/build/suii_navigation/build
[0.474s] running develop
[0.606s] Removing /home/suii/colcon_ws/suii/ros2_ws/install/suii_navigation/lib/python3.8/site-packages/suii-navigation.egg-link (link to .)
[0.626s] Invoked command in '/home/suii/colcon_ws/suii/ros2_ws/build/suii_navigation' returned '0': PYTHONPATH=/home/suii/colcon_ws/suii/ros2_ws/install/suii_navigation/lib/python3.8/site-packages:${PYTHONPATH} /usr/bin/python3 setup.py develop --prefix /home/suii/colcon_ws/suii/ros2_ws/install/suii_navigation --uninstall --editable --build-directory /home/suii/colcon_ws/suii/ros2_ws/build/suii_navigation/build
[0.627s] Invoking command in '/home/suii/colcon_ws/suii/ros2_ws/src/suii_navigation': PYTHONPATH=/home/suii/colcon_ws/suii/ros2_ws/install/suii_navigation/lib/python3.8/site-packages:${PYTHONPATH} /usr/bin/python3 setup.py egg_info --egg-base ../../build/suii_navigation build --build-base /home/suii/colcon_ws/suii/ros2_ws/build/suii_navigation/build install --prefix /home/suii/colcon_ws/suii/ros2_ws/install/suii_navigation --record /home/suii/colcon_ws/suii/ros2_ws/build/suii_navigation/install.log --single-version-externally-managed
[0.821s] running egg_info
[0.822s] writing ../../build/suii_navigation/suii_navigation.egg-info/PKG-INFO
[0.822s] writing dependency_links to ../../build/suii_navigation/suii_navigation.egg-info/dependency_links.txt
[0.822s] writing entry points to ../../build/suii_navigation/suii_navigation.egg-info/entry_points.txt
[0.822s] writing requirements to ../../build/suii_navigation/suii_navigation.egg-info/requires.txt
[0.822s] writing top-level names to ../../build/suii_navigation/suii_navigation.egg-info/top_level.txt
[0.863s] reading manifest file '../../build/suii_navigation/suii_navigation.egg-info/SOURCES.txt'
[0.864s] writing manifest file '../../build/suii_navigation/suii_navigation.egg-info/SOURCES.txt'
[0.864s] running build
[0.864s] running build_py
[0.865s] creating /home/suii/colcon_ws/suii/ros2_ws/build/suii_navigation/build
[0.865s] creating /home/suii/colcon_ws/suii/ros2_ws/build/suii_navigation/build/lib
[0.865s] creating /home/suii/colcon_ws/suii/ros2_ws/build/suii_navigation/build/lib/suii_navigation
[0.865s] copying suii_navigation/__init__.py -> /home/suii/colcon_ws/suii/ros2_ws/build/suii_navigation/build/lib/suii_navigation
[0.865s] copying suii_navigation/Motors.py -> /home/suii/colcon_ws/suii/ros2_ws/build/suii_navigation/build/lib/suii_navigation
[0.865s] copying suii_navigation/manager.py -> /home/suii/colcon_ws/suii/ros2_ws/build/suii_navigation/build/lib/suii_navigation
[0.865s] running install
[0.866s] running install_lib
[0.868s] creating /home/suii/colcon_ws/suii/ros2_ws/install/suii_navigation/lib/python3.8/site-packages/suii_navigation
[0.868s] copying /home/suii/colcon_ws/suii/ros2_ws/build/suii_navigation/build/lib/suii_navigation/__init__.py -> /home/suii/colcon_ws/suii/ros2_ws/install/suii_navigation/lib/python3.8/site-packages/suii_navigation
[0.868s] copying /home/suii/colcon_ws/suii/ros2_ws/build/suii_navigation/build/lib/suii_navigation/Motors.py -> /home/suii/colcon_ws/suii/ros2_ws/install/suii_navigation/lib/python3.8/site-packages/suii_navigation
[0.868s] copying /home/suii/colcon_ws/suii/ros2_ws/build/suii_navigation/build/lib/suii_navigation/manager.py -> /home/suii/colcon_ws/suii/ros2_ws/install/suii_navigation/lib/python3.8/site-packages/suii_navigation
[0.869s] byte-compiling /home/suii/colcon_ws/suii/ros2_ws/install/suii_navigation/lib/python3.8/site-packages/suii_navigation/__init__.py to __init__.cpython-38.pyc
[0.871s] byte-compiling /home/suii/colcon_ws/suii/ros2_ws/install/suii_navigation/lib/python3.8/site-packages/suii_navigation/Motors.py to Motors.cpython-38.pyc
[0.875s] byte-compiling /home/suii/colcon_ws/suii/ros2_ws/install/suii_navigation/lib/python3.8/site-packages/suii_navigation/manager.py to manager.cpython-38.pyc
[0.876s] running install_data
[0.876s] copying package.xml -> /home/suii/colcon_ws/suii/ros2_ws/install/suii_navigation/share/suii_navigation
[0.877s] running install_egg_info
[0.879s] Copying ../../build/suii_navigation/suii_navigation.egg-info to /home/suii/colcon_ws/suii/ros2_ws/install/suii_navigation/lib/python3.8/site-packages/suii_navigation-0.0.0-py3.8.egg-info
[0.879s] running install_scripts
[0.896s] writing list of installed files to '/home/suii/colcon_ws/suii/ros2_ws/build/suii_navigation/install.log'
[0.918s] Invoked command in '/home/suii/colcon_ws/suii/ros2_ws/src/suii_navigation' returned '0': PYTHONPATH=/home/suii/colcon_ws/suii/ros2_ws/install/suii_navigation/lib/python3.8/site-packages:${PYTHONPATH} /usr/bin/python3 setup.py egg_info --egg-base ../../build/suii_navigation build --build-base /home/suii/colcon_ws/suii/ros2_ws/build/suii_navigation/build install --prefix /home/suii/colcon_ws/suii/ros2_ws/install/suii_navigation --record /home/suii/colcon_ws/suii/ros2_ws/build/suii_navigation/install.log --single-version-externally-managed
