[0.359s] Invoking command in '/home/suii/colcon_ws/suii/ros2_ws/build/urg_node': CMAKE_PREFIX_PATH=${CMAKE_PREFIX_PATH}:/home/suii/colcon_ws/suii/ros2_ws/install/nav_test_package_ros2:/opt/ros/foxy /usr/bin/cmake --build /home/suii/colcon_ws/suii/ros2_ws/build/urg_node -- -j8 -l8
[0.461s] [ 28%] Built target urg_node_driver
[0.475s] [ 71%] Built target urg_node
[0.522s] [100%] Built target getID
[0.560s] Invoked command in '/home/suii/colcon_ws/suii/ros2_ws/build/urg_node' returned '0': CMAKE_PREFIX_PATH=${CMAKE_PREFIX_PATH}:/home/suii/colcon_ws/suii/ros2_ws/install/nav_test_package_ros2:/opt/ros/foxy /usr/bin/cmake --build /home/suii/colcon_ws/suii/ros2_ws/build/urg_node -- -j8 -l8
[0.600s] Invoking command in '/home/suii/colcon_ws/suii/ros2_ws/build/urg_node': CMAKE_PREFIX_PATH=${CMAKE_PREFIX_PATH}:/home/suii/colcon_ws/suii/ros2_ws/install/nav_test_package_ros2:/opt/ros/foxy /usr/bin/cmake --install /home/suii/colcon_ws/suii/ros2_ws/build/urg_node
[0.613s] -- Install configuration: ""
[0.613s] -- Up-to-date: /home/suii/colcon_ws/suii/ros2_ws/install/urg_node/lib/urg_node/urg_node_driver
[0.613s] -- Up-to-date: /home/suii/colcon_ws/suii/ros2_ws/install/urg_node/lib/liburg_node.so
[0.614s] -- Up-to-date: /home/suii/colcon_ws/suii/ros2_ws/install/urg_node/lib/urg_node/getID
[0.615s] -- Up-to-date: /home/suii/colcon_ws/suii/ros2_ws/install/urg_node/include
[0.615s] -- Up-to-date: /home/suii/colcon_ws/suii/ros2_ws/install/urg_node/include/urg_node
[0.615s] -- Up-to-date: /home/suii/colcon_ws/suii/ros2_ws/install/urg_node/include/urg_node/urg_node.hpp
[0.615s] -- Up-to-date: /home/suii/colcon_ws/suii/ros2_ws/install/urg_node/include/urg_node/urg_c_wrapper.hpp
[0.615s] -- Up-to-date: /home/suii/colcon_ws/suii/ros2_ws/install/urg_node/lib/urg_node/set_urg_ip.py
[0.616s] -- Up-to-date: /home/suii/colcon_ws/suii/ros2_ws/install/urg_node/share/urg_node/launch
[0.616s] -- Up-to-date: /home/suii/colcon_ws/suii/ros2_ws/install/urg_node/share/urg_node/launch/urg_node_ethernet_back.yaml
[0.616s] -- Up-to-date: /home/suii/colcon_ws/suii/ros2_ws/install/urg_node/share/urg_node/launch/urg_node_serial.yaml
[0.616s] -- Up-to-date: /home/suii/colcon_ws/suii/ros2_ws/install/urg_node/share/urg_node/launch/urg_lidar.launch.xml
[0.616s] -- Up-to-date: /home/suii/colcon_ws/suii/ros2_ws/install/urg_node/share/urg_node/launch/urg_node_launch.py
[0.616s] -- Up-to-date: /home/suii/colcon_ws/suii/ros2_ws/install/urg_node/share/urg_node/launch/hokuyo_laser.urdf
[0.616s] -- Up-to-date: /home/suii/colcon_ws/suii/ros2_ws/install/urg_node/share/urg_node/launch/urg_node_ethernet.yaml
[0.617s] -- Up-to-date: /home/suii/colcon_ws/suii/ros2_ws/install/urg_node/share/urg_node/environment/library_path.sh
[0.617s] -- Up-to-date: /home/suii/colcon_ws/suii/ros2_ws/install/urg_node/share/urg_node/environment/library_path.dsv
[0.617s] -- Up-to-date: /home/suii/colcon_ws/suii/ros2_ws/install/urg_node/share/ament_index/resource_index/package_run_dependencies/urg_node
[0.617s] -- Up-to-date: /home/suii/colcon_ws/suii/ros2_ws/install/urg_node/share/ament_index/resource_index/parent_prefix_path/urg_node
[0.617s] -- Up-to-date: /home/suii/colcon_ws/suii/ros2_ws/install/urg_node/share/urg_node/environment/ament_prefix_path.sh
[0.617s] -- Up-to-date: /home/suii/colcon_ws/suii/ros2_ws/install/urg_node/share/urg_node/environment/ament_prefix_path.dsv
[0.617s] -- Up-to-date: /home/suii/colcon_ws/suii/ros2_ws/install/urg_node/share/urg_node/environment/path.sh
[0.618s] -- Up-to-date: /home/suii/colcon_ws/suii/ros2_ws/install/urg_node/share/urg_node/environment/path.dsv
[0.618s] -- Up-to-date: /home/suii/colcon_ws/suii/ros2_ws/install/urg_node/share/urg_node/local_setup.bash
[0.618s] -- Up-to-date: /home/suii/colcon_ws/suii/ros2_ws/install/urg_node/share/urg_node/local_setup.sh
[0.618s] -- Up-to-date: /home/suii/colcon_ws/suii/ros2_ws/install/urg_node/share/urg_node/local_setup.zsh
[0.618s] -- Up-to-date: /home/suii/colcon_ws/suii/ros2_ws/install/urg_node/share/urg_node/local_setup.dsv
[0.618s] -- Installing: /home/suii/colcon_ws/suii/ros2_ws/install/urg_node/share/urg_node/package.dsv
[0.622s] -- Up-to-date: /home/suii/colcon_ws/suii/ros2_ws/install/urg_node/share/ament_index/resource_index/packages/urg_node
[0.633s] -- Up-to-date: /home/suii/colcon_ws/suii/ros2_ws/install/urg_node/share/ament_index/resource_index/rclcpp_components/urg_node
[0.634s] -- Up-to-date: /home/suii/colcon_ws/suii/ros2_ws/install/urg_node/share/urg_node/cmake/ament_cmake_export_dependencies-extras.cmake
[0.634s] -- Up-to-date: /home/suii/colcon_ws/suii/ros2_ws/install/urg_node/share/urg_node/cmake/ament_cmake_export_include_directories-extras.cmake
[0.634s] -- Up-to-date: /home/suii/colcon_ws/suii/ros2_ws/install/urg_node/share/urg_node/cmake/ament_cmake_export_libraries-extras.cmake
[0.634s] -- Up-to-date: /home/suii/colcon_ws/suii/ros2_ws/install/urg_node/share/urg_node/cmake/urg_nodeConfig.cmake
[0.634s] -- Up-to-date: /home/suii/colcon_ws/suii/ros2_ws/install/urg_node/share/urg_node/cmake/urg_nodeConfig-version.cmake
[0.634s] -- Up-to-date: /home/suii/colcon_ws/suii/ros2_ws/install/urg_node/share/urg_node/package.xml
[0.634s] Invoked command in '/home/suii/colcon_ws/suii/ros2_ws/build/urg_node' returned '0': CMAKE_PREFIX_PATH=${CMAKE_PREFIX_PATH}:/home/suii/colcon_ws/suii/ros2_ws/install/nav_test_package_ros2:/opt/ros/foxy /usr/bin/cmake --install /home/suii/colcon_ws/suii/ros2_ws/build/urg_node
