[0.345s] Invoking command in '/home/suii/colcon_ws/suii/ros2_ws/build/urg_node': CMAKE_PREFIX_PATH=${CMAKE_PREFIX_PATH}:/home/suii/colcon_ws/suii/ros2_ws/install/nav_test_package_ros2:/home/suii/colcon_ws/suii/ros2_ws/install/suii_description:/home/suii/colcon_ws/suii/ros2_ws/install/suii_communication_ros2:/home/suii/colcon_ws/suii/ros2_ws/install/suii_bringup:/opt/ros/foxy:/home/suii/Suii_code/colcon_ws/suii/install/nav_test_package_ros2 /usr/bin/cmake /home/suii/colcon_ws/suii/ros2_ws/src/urg_node -DCMAKE_INSTALL_PREFIX=/home/suii/colcon_ws/suii/ros2_ws/install/urg_node
[0.352s] -- Found ament_cmake: 0.9.8 (/opt/ros/foxy/share/ament_cmake/cmake)
[0.402s] -- Found PythonInterp: /usr/bin/python3 (found suitable version "3.8.5", minimum required is "3") 
[0.403s] -- Using PYTHON_EXECUTABLE: /usr/bin/python3
[0.646s] -- Found Boost: /usr/lib/x86_64-linux-gnu/cmake/Boost-1.71.0/BoostConfig.cmake (found version "1.71.0")  
[0.649s] -- Found diagnostic_updater: 2.0.7 (/opt/ros/foxy/share/diagnostic_updater/cmake)
[0.690s] -- Using all available rosidl_typesupport_c: rosidl_typesupport_fastrtps_c;rosidl_typesupport_introspection_c
[0.700s] -- Found rosidl_adapter: 1.2.1 (/opt/ros/foxy/share/rosidl_adapter/cmake)
[0.787s] -- Found OpenSSL: /usr/lib/x86_64-linux-gnu/libcrypto.so (found version "1.1.1f")  
[0.819s] -- Found FastRTPS: /opt/ros/foxy/include  
[0.903s] -- Using all available rosidl_typesupport_cpp: rosidl_typesupport_fastrtps_cpp;rosidl_typesupport_introspection_cpp
[1.067s] -- Found rmw_implementation_cmake: 1.0.3 (/opt/ros/foxy/share/rmw_implementation_cmake/cmake)
[1.069s] -- Using RMW implementation 'rmw_fastrtps_cpp' as default
[1.070s] -- Looking for pthread.h
[1.141s] -- Looking for pthread.h - found
[1.141s] -- Performing Test CMAKE_HAVE_LIBC_PTHREAD
[1.205s] -- Performing Test CMAKE_HAVE_LIBC_PTHREAD - Failed
[1.205s] -- Looking for pthread_create in pthreads
[1.257s] -- Looking for pthread_create in pthreads - not found
[1.257s] -- Looking for pthread_create in pthread
[1.327s] -- Looking for pthread_create in pthread - found
[1.328s] -- Found Threads: TRUE  
[1.497s] -- Found laser_proc: 1.0.2 (/opt/ros/foxy/share/laser_proc/cmake)
[1.625s] -- Found rclcpp_components: 2.3.1 (/opt/ros/foxy/share/rclcpp_components/cmake)
[1.686s] -- Found std_srvs: 2.0.4 (/opt/ros/foxy/share/std_srvs/cmake)
[1.697s] -- Found urg_c: 1.0.4001 (/opt/ros/foxy/share/urg_c/cmake)
[1.700s] -- Found urg_node_msgs: 1.0.1 (/opt/ros/foxy/share/urg_node_msgs/cmake)
[1.773s] -- Found ament_lint_auto: 0.9.6 (/opt/ros/foxy/share/ament_lint_auto/cmake)
[1.850s] -- Added test 'cppcheck' to perform static code analysis on C / C++ code
[1.850s] -- Configured cppcheck include dirs: $<BUILD_INTERFACE:/home/suii/colcon_ws/suii/ros2_ws/src/urg_node/include>
[1.850s] -- Configured cppcheck exclude dirs and/or files: 
[1.853s] -- Added test 'cpplint' to check C / C++ code against the Google style
[1.853s] -- Configured cpplint exclude dirs and/or files: 
[1.854s] -- Added test 'flake8' to check Python code syntax and style conventions
[1.855s] -- Added test 'lint_cmake' to check CMake code style
[1.856s] -- Added test 'pep257' to check Python code against some of the style conventions in PEP 257
[1.858s] -- Added test 'uncrustify' to check C / C++ code style
[1.859s] -- Configured uncrustify additional arguments: 
[1.859s] -- Added test 'xmllint' to check XML markup files
[1.864s] -- Configuring done
[1.901s] -- Generating done
[1.903s] -- Build files have been written to: /home/suii/colcon_ws/suii/ros2_ws/build/urg_node
[1.910s] Invoked command in '/home/suii/colcon_ws/suii/ros2_ws/build/urg_node' returned '0': CMAKE_PREFIX_PATH=${CMAKE_PREFIX_PATH}:/home/suii/colcon_ws/suii/ros2_ws/install/nav_test_package_ros2:/home/suii/colcon_ws/suii/ros2_ws/install/suii_description:/home/suii/colcon_ws/suii/ros2_ws/install/suii_communication_ros2:/home/suii/colcon_ws/suii/ros2_ws/install/suii_bringup:/opt/ros/foxy:/home/suii/Suii_code/colcon_ws/suii/install/nav_test_package_ros2 /usr/bin/cmake /home/suii/colcon_ws/suii/ros2_ws/src/urg_node -DCMAKE_INSTALL_PREFIX=/home/suii/colcon_ws/suii/ros2_ws/install/urg_node
[1.912s] Invoking command in '/home/suii/colcon_ws/suii/ros2_ws/build/urg_node': CMAKE_PREFIX_PATH=${CMAKE_PREFIX_PATH}:/home/suii/colcon_ws/suii/ros2_ws/install/nav_test_package_ros2:/home/suii/colcon_ws/suii/ros2_ws/install/suii_description:/home/suii/colcon_ws/suii/ros2_ws/install/suii_communication_ros2:/home/suii/colcon_ws/suii/ros2_ws/install/suii_bringup:/opt/ros/foxy:/home/suii/Suii_code/colcon_ws/suii/install/nav_test_package_ros2 /usr/bin/cmake --build /home/suii/colcon_ws/suii/ros2_ws/build/urg_node -- -j8 -l8
[1.955s] [35m[1mScanning dependencies of target urg_node[0m
[1.956s] [35m[1mScanning dependencies of target urg_node_driver[0m
[1.996s] [ 14%] [32mBuilding CXX object CMakeFiles/urg_node_driver.dir/rclcpp_components/node_main_urg_node_driver.cpp.o[0m
[2.003s] [ 28%] [32mBuilding CXX object CMakeFiles/urg_node.dir/src/urg_c_wrapper.cpp.o[0m
[2.003s] [ 42%] [32mBuilding CXX object CMakeFiles/urg_node.dir/src/urg_node.cpp.o[0m
[4.036s] [ 57%] [32m[1mLinking CXX executable urg_node_driver[0m
[4.184s] [ 57%] Built target urg_node_driver
[7.591s] [ 71%] [32m[1mLinking CXX shared library liburg_node.so[0m
[7.923s] [ 71%] Built target urg_node
[7.934s] [35m[1mScanning dependencies of target getID[0m
[7.969s] [ 85%] [32mBuilding CXX object CMakeFiles/getID.dir/src/get_id.cpp.o[0m
[9.641s] [100%] [32m[1mLinking CXX executable getID[0m
[9.845s] [100%] Built target getID
[9.859s] Invoked command in '/home/suii/colcon_ws/suii/ros2_ws/build/urg_node' returned '0': CMAKE_PREFIX_PATH=${CMAKE_PREFIX_PATH}:/home/suii/colcon_ws/suii/ros2_ws/install/nav_test_package_ros2:/home/suii/colcon_ws/suii/ros2_ws/install/suii_description:/home/suii/colcon_ws/suii/ros2_ws/install/suii_communication_ros2:/home/suii/colcon_ws/suii/ros2_ws/install/suii_bringup:/opt/ros/foxy:/home/suii/Suii_code/colcon_ws/suii/install/nav_test_package_ros2 /usr/bin/cmake --build /home/suii/colcon_ws/suii/ros2_ws/build/urg_node -- -j8 -l8
[9.889s] Invoking command in '/home/suii/colcon_ws/suii/ros2_ws/build/urg_node': CMAKE_PREFIX_PATH=${CMAKE_PREFIX_PATH}:/home/suii/colcon_ws/suii/ros2_ws/install/nav_test_package_ros2:/home/suii/colcon_ws/suii/ros2_ws/install/suii_description:/home/suii/colcon_ws/suii/ros2_ws/install/suii_communication_ros2:/home/suii/colcon_ws/suii/ros2_ws/install/suii_bringup:/opt/ros/foxy:/home/suii/Suii_code/colcon_ws/suii/install/nav_test_package_ros2 /usr/bin/cmake --install /home/suii/colcon_ws/suii/ros2_ws/build/urg_node
[9.900s] -- Install configuration: ""
[9.901s] -- Installing: /home/suii/colcon_ws/suii/ros2_ws/install/urg_node/lib/urg_node/urg_node_driver
[9.901s] -- Set runtime path of "/home/suii/colcon_ws/suii/ros2_ws/install/urg_node/lib/urg_node/urg_node_driver" to ""
[9.901s] -- Installing: /home/suii/colcon_ws/suii/ros2_ws/install/urg_node/lib/liburg_node.so
[9.905s] -- Set runtime path of "/home/suii/colcon_ws/suii/ros2_ws/install/urg_node/lib/liburg_node.so" to ""
[9.905s] -- Installing: /home/suii/colcon_ws/suii/ros2_ws/install/urg_node/lib/urg_node/getID
[9.905s] -- Set runtime path of "/home/suii/colcon_ws/suii/ros2_ws/install/urg_node/lib/urg_node/getID" to ""
[9.905s] -- Installing: /home/suii/colcon_ws/suii/ros2_ws/install/urg_node/include
[9.905s] -- Installing: /home/suii/colcon_ws/suii/ros2_ws/install/urg_node/include/urg_node
[9.906s] -- Installing: /home/suii/colcon_ws/suii/ros2_ws/install/urg_node/include/urg_node/urg_node.hpp
[9.906s] -- Installing: /home/suii/colcon_ws/suii/ros2_ws/install/urg_node/include/urg_node/urg_c_wrapper.hpp
[9.906s] -- Installing: /home/suii/colcon_ws/suii/ros2_ws/install/urg_node/lib/urg_node/set_urg_ip.py
[9.906s] -- Installing: /home/suii/colcon_ws/suii/ros2_ws/install/urg_node/share/urg_node/launch
[9.906s] -- Installing: /home/suii/colcon_ws/suii/ros2_ws/install/urg_node/share/urg_node/launch/urg_node_serial.yaml
[9.906s] -- Installing: /home/suii/colcon_ws/suii/ros2_ws/install/urg_node/share/urg_node/launch/urg_lidar.launch.xml
[9.906s] -- Installing: /home/suii/colcon_ws/suii/ros2_ws/install/urg_node/share/urg_node/launch/urg_node_launch.py
[9.906s] -- Installing: /home/suii/colcon_ws/suii/ros2_ws/install/urg_node/share/urg_node/launch/hokuyo_laser.urdf
[9.906s] -- Installing: /home/suii/colcon_ws/suii/ros2_ws/install/urg_node/share/urg_node/launch/urg_node_ethernet.yaml
[9.906s] -- Installing: /home/suii/colcon_ws/suii/ros2_ws/install/urg_node/share/urg_node/environment/library_path.sh
[9.906s] -- Installing: /home/suii/colcon_ws/suii/ros2_ws/install/urg_node/share/urg_node/environment/library_path.dsv
[9.906s] -- Installing: /home/suii/colcon_ws/suii/ros2_ws/install/urg_node/share/ament_index/resource_index/package_run_dependencies/urg_node
[9.907s] -- Installing: /home/suii/colcon_ws/suii/ros2_ws/install/urg_node/share/ament_index/resource_index/parent_prefix_path/urg_node
[9.907s] -- Installing: /home/suii/colcon_ws/suii/ros2_ws/install/urg_node/share/urg_node/environment/ament_prefix_path.sh
[9.907s] -- Installing: /home/suii/colcon_ws/suii/ros2_ws/install/urg_node/share/urg_node/environment/ament_prefix_path.dsv
[9.907s] -- Installing: /home/suii/colcon_ws/suii/ros2_ws/install/urg_node/share/urg_node/environment/path.sh
[9.907s] -- Installing: /home/suii/colcon_ws/suii/ros2_ws/install/urg_node/share/urg_node/environment/path.dsv
[9.907s] -- Installing: /home/suii/colcon_ws/suii/ros2_ws/install/urg_node/share/urg_node/local_setup.bash
[9.907s] -- Installing: /home/suii/colcon_ws/suii/ros2_ws/install/urg_node/share/urg_node/local_setup.sh
[9.907s] -- Installing: /home/suii/colcon_ws/suii/ros2_ws/install/urg_node/share/urg_node/local_setup.zsh
[9.907s] -- Installing: /home/suii/colcon_ws/suii/ros2_ws/install/urg_node/share/urg_node/local_setup.dsv
[9.908s] -- Installing: /home/suii/colcon_ws/suii/ros2_ws/install/urg_node/share/urg_node/package.dsv
[9.908s] -- Installing: /home/suii/colcon_ws/suii/ros2_ws/install/urg_node/share/ament_index/resource_index/packages/urg_node
[9.908s] -- Installing: /home/suii/colcon_ws/suii/ros2_ws/install/urg_node/share/ament_index/resource_index/rclcpp_components/urg_node
[9.908s] -- Installing: /home/suii/colcon_ws/suii/ros2_ws/install/urg_node/share/urg_node/cmake/ament_cmake_export_dependencies-extras.cmake
[9.908s] -- Installing: /home/suii/colcon_ws/suii/ros2_ws/install/urg_node/share/urg_node/cmake/ament_cmake_export_include_directories-extras.cmake
[9.908s] -- Installing: /home/suii/colcon_ws/suii/ros2_ws/install/urg_node/share/urg_node/cmake/ament_cmake_export_libraries-extras.cmake
[9.908s] -- Installing: /home/suii/colcon_ws/suii/ros2_ws/install/urg_node/share/urg_node/cmake/urg_nodeConfig.cmake
[9.909s] -- Installing: /home/suii/colcon_ws/suii/ros2_ws/install/urg_node/share/urg_node/cmake/urg_nodeConfig-version.cmake
[9.909s] -- Installing: /home/suii/colcon_ws/suii/ros2_ws/install/urg_node/share/urg_node/package.xml
[9.912s] Invoked command in '/home/suii/colcon_ws/suii/ros2_ws/build/urg_node' returned '0': CMAKE_PREFIX_PATH=${CMAKE_PREFIX_PATH}:/home/suii/colcon_ws/suii/ros2_ws/install/nav_test_package_ros2:/home/suii/colcon_ws/suii/ros2_ws/install/suii_description:/home/suii/colcon_ws/suii/ros2_ws/install/suii_communication_ros2:/home/suii/colcon_ws/suii/ros2_ws/install/suii_bringup:/opt/ros/foxy:/home/suii/Suii_code/colcon_ws/suii/install/nav_test_package_ros2 /usr/bin/cmake --install /home/suii/colcon_ws/suii/ros2_ws/build/urg_node
