[0.203s] Invoking command in '/home/suii/colcon_ws/suii/ros2_ws/build/ros1_bridge': AMENT_PREFIX_PATH=/home/suii/colcon_ws/suii/ros2_ws/install/suii_msgs:/home/suii/colcon_ws/suii/ros2_ws/install/suii_communication_ros2:${AMENT_PREFIX_PATH} CMAKE_PREFIX_PATH=/home/suii/colcon_ws/suii/ros2_ws/install/suii_msgs:/home/suii/colcon_ws/suii/ros2_ws/install/suii_communication_ros2:/opt/ros/foxy LD_LIBRARY_PATH=/home/suii/colcon_ws/suii/ros2_ws/install/suii_msgs/lib:/home/suii/colcon_ws/suii/ros2_ws/install/suii_communication_ros2/lib:${LD_LIBRARY_PATH} PYTHONPATH=/home/suii/colcon_ws/suii/ros2_ws/install/suii_msgs/lib/python3.8/site-packages:/home/suii/colcon_ws/suii/ros2_ws/install/suii_communication_ros2/lib/python3.8/site-packages:${PYTHONPATH} /usr/bin/cmake --build /home/suii/colcon_ws/suii/ros2_ws/build/ros1_bridge -- -j8 -l8
[0.241s] Invoked command in '/home/suii/colcon_ws/suii/ros2_ws/build/ros1_bridge' returned '0': AMENT_PREFIX_PATH=/home/suii/colcon_ws/suii/ros2_ws/install/suii_msgs:/home/suii/colcon_ws/suii/ros2_ws/install/suii_communication_ros2:${AMENT_PREFIX_PATH} CMAKE_PREFIX_PATH=/home/suii/colcon_ws/suii/ros2_ws/install/suii_msgs:/home/suii/colcon_ws/suii/ros2_ws/install/suii_communication_ros2:/opt/ros/foxy LD_LIBRARY_PATH=/home/suii/colcon_ws/suii/ros2_ws/install/suii_msgs/lib:/home/suii/colcon_ws/suii/ros2_ws/install/suii_communication_ros2/lib:${LD_LIBRARY_PATH} PYTHONPATH=/home/suii/colcon_ws/suii/ros2_ws/install/suii_msgs/lib/python3.8/site-packages:/home/suii/colcon_ws/suii/ros2_ws/install/suii_communication_ros2/lib/python3.8/site-packages:${PYTHONPATH} /usr/bin/cmake --build /home/suii/colcon_ws/suii/ros2_ws/build/ros1_bridge -- -j8 -l8
[0.260s] Invoking command in '/home/suii/colcon_ws/suii/ros2_ws/build/ros1_bridge': AMENT_PREFIX_PATH=/home/suii/colcon_ws/suii/ros2_ws/install/suii_msgs:/home/suii/colcon_ws/suii/ros2_ws/install/suii_communication_ros2:${AMENT_PREFIX_PATH} CMAKE_PREFIX_PATH=/home/suii/colcon_ws/suii/ros2_ws/install/suii_msgs:/home/suii/colcon_ws/suii/ros2_ws/install/suii_communication_ros2:/opt/ros/foxy LD_LIBRARY_PATH=/home/suii/colcon_ws/suii/ros2_ws/install/suii_msgs/lib:/home/suii/colcon_ws/suii/ros2_ws/install/suii_communication_ros2/lib:${LD_LIBRARY_PATH} PYTHONPATH=/home/suii/colcon_ws/suii/ros2_ws/install/suii_msgs/lib/python3.8/site-packages:/home/suii/colcon_ws/suii/ros2_ws/install/suii_communication_ros2/lib/python3.8/site-packages:${PYTHONPATH} /usr/bin/cmake --install /home/suii/colcon_ws/suii/ros2_ws/build/ros1_bridge
[0.268s] -- Install configuration: ""
[0.268s] -- Execute custom install script
[0.268s] -- Up-to-date symlink: /home/suii/colcon_ws/suii/ros2_ws/install/ros1_bridge/share/ament_index/resource_index/package_run_dependencies/ros1_bridge
[0.268s] -- Up-to-date symlink: /home/suii/colcon_ws/suii/ros2_ws/install/ros1_bridge/share/ament_index/resource_index/parent_prefix_path/ros1_bridge
[0.269s] -- Up-to-date symlink: /home/suii/colcon_ws/suii/ros2_ws/install/ros1_bridge/share/ros1_bridge/environment/ament_prefix_path.sh
[0.269s] -- Up-to-date symlink: /home/suii/colcon_ws/suii/ros2_ws/install/ros1_bridge/share/ros1_bridge/environment/ament_prefix_path.dsv
[0.269s] -- Up-to-date symlink: /home/suii/colcon_ws/suii/ros2_ws/install/ros1_bridge/share/ros1_bridge/environment/path.sh
[0.270s] -- Up-to-date symlink: /home/suii/colcon_ws/suii/ros2_ws/install/ros1_bridge/share/ros1_bridge/environment/path.dsv
[0.270s] -- Up-to-date symlink: /home/suii/colcon_ws/suii/ros2_ws/install/ros1_bridge/share/ros1_bridge/local_setup.bash
[0.270s] -- Up-to-date symlink: /home/suii/colcon_ws/suii/ros2_ws/install/ros1_bridge/share/ros1_bridge/local_setup.sh
[0.270s] -- Up-to-date symlink: /home/suii/colcon_ws/suii/ros2_ws/install/ros1_bridge/share/ros1_bridge/local_setup.zsh
[0.270s] -- Up-to-date symlink: /home/suii/colcon_ws/suii/ros2_ws/install/ros1_bridge/share/ros1_bridge/local_setup.dsv
[0.271s] -- Symlinking: /home/suii/colcon_ws/suii/ros2_ws/install/ros1_bridge/share/ros1_bridge/package.dsv
[0.280s] -- Up-to-date symlink: /home/suii/colcon_ws/suii/ros2_ws/install/ros1_bridge/share/ament_index/resource_index/packages/ros1_bridge
[0.280s] -- Up-to-date symlink: /home/suii/colcon_ws/suii/ros2_ws/install/ros1_bridge/share/ros1_bridge/cmake/find_ros1_package.cmake
[0.280s] -- Up-to-date symlink: /home/suii/colcon_ws/suii/ros2_ws/install/ros1_bridge/share/ros1_bridge/cmake/find_ros1_interface_packages.cmake
[0.281s] -- Up-to-date symlink: /home/suii/colcon_ws/suii/ros2_ws/install/ros1_bridge/share/ros1_bridge/cmake/ros1_bridgeConfig.cmake
[0.281s] -- Up-to-date symlink: /home/suii/colcon_ws/suii/ros2_ws/install/ros1_bridge/share/ros1_bridge/cmake/ros1_bridgeConfig-version.cmake
[0.281s] -- Up-to-date symlink: /home/suii/colcon_ws/suii/ros2_ws/install/ros1_bridge/share/ros1_bridge/package.xml
[0.284s] Invoked command in '/home/suii/colcon_ws/suii/ros2_ws/build/ros1_bridge' returned '0': AMENT_PREFIX_PATH=/home/suii/colcon_ws/suii/ros2_ws/install/suii_msgs:/home/suii/colcon_ws/suii/ros2_ws/install/suii_communication_ros2:${AMENT_PREFIX_PATH} CMAKE_PREFIX_PATH=/home/suii/colcon_ws/suii/ros2_ws/install/suii_msgs:/home/suii/colcon_ws/suii/ros2_ws/install/suii_communication_ros2:/opt/ros/foxy LD_LIBRARY_PATH=/home/suii/colcon_ws/suii/ros2_ws/install/suii_msgs/lib:/home/suii/colcon_ws/suii/ros2_ws/install/suii_communication_ros2/lib:${LD_LIBRARY_PATH} PYTHONPATH=/home/suii/colcon_ws/suii/ros2_ws/install/suii_msgs/lib/python3.8/site-packages:/home/suii/colcon_ws/suii/ros2_ws/install/suii_communication_ros2/lib/python3.8/site-packages:${PYTHONPATH} /usr/bin/cmake --install /home/suii/colcon_ws/suii/ros2_ws/build/ros1_bridge
