[0.020s] Invoking command in '/home/suii/colcon_ws/suii/ros2_ws/build/suii_msgs': /usr/bin/cmake /home/suii/colcon_ws/suii/ros2_ws/src/suii_msgs -DAMENT_CMAKE_SYMLINK_INSTALL=1 -DCMAKE_INSTALL_PREFIX=/home/suii/colcon_ws/suii/ros2_ws/install/suii_msgs
[0.097s] -- The C compiler identification is GNU 9.3.0
[0.167s] -- The CXX compiler identification is GNU 9.3.0
[0.173s] -- Check for working C compiler: /usr/bin/cc
[0.238s] -- Check for working C compiler: /usr/bin/cc -- works
[0.239s] -- Detecting C compiler ABI info
[0.295s] -- Detecting C compiler ABI info - done
[0.313s] -- Detecting C compile features
[0.313s] -- Detecting C compile features - done
[0.315s] -- Check for working CXX compiler: /usr/bin/c++
[0.380s] -- Check for working CXX compiler: /usr/bin/c++ -- works
[0.381s] -- Detecting CXX compiler ABI info
[0.449s] -- Detecting CXX compiler ABI info - done
[0.467s] -- Detecting CXX compile features
[0.468s] -- Detecting CXX compile features - done
[0.482s] CMake Error at CMakeLists.txt:19 (find_package):
[0.482s]   By not providing "Findament_cmake.cmake" in CMAKE_MODULE_PATH this project
[0.482s]   has asked CMake to find a package configuration file provided by
[0.482s]   "ament_cmake", but CMake did not find one.
[0.482s] 
[0.482s]   Could not find a package configuration file provided by "ament_cmake" with
[0.483s]   any of the following names:
[0.483s] 
[0.483s]     ament_cmakeConfig.cmake
[0.483s]     ament_cmake-config.cmake
[0.484s] 
[0.484s]   Add the installation prefix of "ament_cmake" to CMAKE_PREFIX_PATH or set
[0.484s]   "ament_cmake_DIR" to a directory containing one of the above files.  If
[0.484s]   "ament_cmake" provides a separate development package or SDK, be sure it
[0.484s]   has been installed.
[0.485s] 
[0.485s] 
[0.487s] -- Configuring incomplete, errors occurred!
[0.487s] See also "/home/suii/colcon_ws/suii/ros2_ws/build/suii_msgs/CMakeFiles/CMakeOutput.log".
[0.490s] Invoked command in '/home/suii/colcon_ws/suii/ros2_ws/build/suii_msgs' returned '1': /usr/bin/cmake /home/suii/colcon_ws/suii/ros2_ws/src/suii_msgs -DAMENT_CMAKE_SYMLINK_INSTALL=1 -DCMAKE_INSTALL_PREFIX=/home/suii/colcon_ws/suii/ros2_ws/install/suii_msgs
