-- Found ament_cmake: 0.9.8 (/opt/ros/foxy/share/ament_cmake/cmake)
-- Found PythonInterp: /usr/bin/python3 (found suitable version "3.8.5", minimum required is "3") 
-- Using PYTHON_EXECUTABLE: /usr/bin/python3
-- Override CMake install command with custom implementation using symlinks instead of copying resources
-- Found rclpy: 1.0.5 (/opt/ros/foxy/share/rclpy/cmake)
-- Found rosidl_default_generators: 1.0.1 (/opt/ros/foxy/share/rosidl_default_generators/cmake)
-- Using all available rosidl_typesupport_c: rosidl_typesupport_fastrtps_c;rosidl_typesupport_introspection_c
-- Found rosidl_adapter: 1.2.1 (/opt/ros/foxy/share/rosidl_adapter/cmake)
-- Using all available rosidl_typesupport_cpp: rosidl_typesupport_fastrtps_cpp;rosidl_typesupport_introspection_cpp
-- Found PythonInterp: /usr/bin/python3 (found version "3.8.5") 
-- Found ament_cmake_ros: 0.9.2 (/opt/ros/foxy/share/ament_cmake_ros/cmake)
-- Using all available rosidl_typesupport_c: rosidl_typesupport_fastrtps_c;rosidl_typesupport_introspection_c
-- Using all available rosidl_typesupport_cpp: rosidl_typesupport_fastrtps_cpp;rosidl_typesupport_introspection_cpp
-- Found PythonInterp: /usr/bin/python3 (found suitable version "3.8.5", minimum required is "3.5") 
-- Found python_cmake_module: 0.8.1 (/opt/ros/foxy/share/python_cmake_module/cmake)
-- Using PYTHON_EXECUTABLE: /usr/bin/python3
-- Using PYTHON_INCLUDE_DIRS: /usr/include/python3.8
-- Using PYTHON_LIBRARIES: /usr/lib/x86_64-linux-gnu/libpython3.8.so
-- Found ament_lint_auto: 0.9.6 (/opt/ros/foxy/share/ament_lint_auto/cmake)
-- Added test 'copyright' to check source files copyright and LICENSE
-- Added test 'lint_cmake' to check CMake code style
-- Added test 'xmllint' to check XML markup files
-- Configuring done
-- Generating done
-- Build files have been written to: /home/suii/colcon_ws/suii/ros2_ws/build/suii_communication_ros2
[  6%] Built target suii_communication_ros2__cpp
[ 12%] Built target suii_communication_ros2__rosidl_generator_c
[ 22%] Built target suii_communication_ros2__rosidl_typesupport_c
[ 32%] Built target suii_communication_ros2__rosidl_typesupport_cpp
[ 41%] Built target suii_communication_ros2__rosidl_typesupport_introspection_c
[ 51%] Built target suii_communication_ros2__rosidl_typesupport_introspection_cpp
[ 61%] Built target suii_communication_ros2__rosidl_typesupport_fastrtps_cpp
[ 70%] Built target suii_communication_ros2__rosidl_typesupport_fastrtps_c
[ 70%] Built target suii_communication_ros2
[ 74%] Built target suii_communication_ros2__py
[ 80%] Built target suii_communication_ros2__python
[ 93%] Built target suii_communication_ros2__rosidl_typesupport_fastrtps_c__pyext
[ 93%] Built target suii_communication_ros2__rosidl_typesupport_introspection_c__pyext
[100%] Built target suii_communication_ros2__rosidl_typesupport_c__pyext
-- Install configuration: ""
-- Execute custom install script
-- Up-to-date symlink: /home/suii/colcon_ws/suii/ros2_ws/install/suii_communication_ros2/share/ament_index/resource_index/rosidl_interfaces/suii_communication_ros2
-- Up-to-date symlink: /home/suii/colcon_ws/suii/ros2_ws/install/suii_communication_ros2/include/suii_communication_ros2/msg/rosidl_generator_c__visibility_control.h
-- Up-to-date symlink: /home/suii/colcon_ws/suii/ros2_ws/install/suii_communication_ros2/include/suii_communication_ros2/srv/detail/table_goal__functions.h
-- Up-to-date symlink: /home/suii/colcon_ws/suii/ros2_ws/install/suii_communication_ros2/include/suii_communication_ros2/srv/detail/table_goal__struct.h
-- Up-to-date symlink: /home/suii/colcon_ws/suii/ros2_ws/install/suii_communication_ros2/include/suii_communication_ros2/srv/detail/table_goal__type_support.h
-- Up-to-date symlink: /home/suii/colcon_ws/suii/ros2_ws/install/suii_communication_ros2/include/suii_communication_ros2/srv/table_goal.h
-- Up-to-date symlink: /home/suii/colcon_ws/suii/ros2_ws/install/suii_communication_ros2/share/suii_communication_ros2/environment/library_path.sh
-- Up-to-date symlink: /home/suii/colcon_ws/suii/ros2_ws/install/suii_communication_ros2/share/suii_communication_ros2/environment/library_path.dsv
-- Up-to-date symlink: /home/suii/colcon_ws/suii/ros2_ws/install/suii_communication_ros2/include/suii_communication_ros2/msg/rosidl_typesupport_fastrtps_c__visibility_control.h
-- Up-to-date symlink: /home/suii/colcon_ws/suii/ros2_ws/install/suii_communication_ros2/include/suii_communication_ros2/srv/detail/table_goal__rosidl_typesupport_fastrtps_c.h
-- Up-to-date symlink: /home/suii/colcon_ws/suii/ros2_ws/install/suii_communication_ros2/lib/libsuii_communication_ros2__rosidl_typesupport_fastrtps_c.so
-- Up-to-date symlink: /home/suii/colcon_ws/suii/ros2_ws/install/suii_communication_ros2/include/suii_communication_ros2/msg/rosidl_typesupport_fastrtps_cpp__visibility_control.h
-- Up-to-date symlink: /home/suii/colcon_ws/suii/ros2_ws/install/suii_communication_ros2/include/suii_communication_ros2/srv/detail/table_goal__rosidl_typesupport_fastrtps_cpp.hpp
-- Up-to-date symlink: /home/suii/colcon_ws/suii/ros2_ws/install/suii_communication_ros2/lib/libsuii_communication_ros2__rosidl_typesupport_fastrtps_cpp.so
-- Up-to-date symlink: /home/suii/colcon_ws/suii/ros2_ws/install/suii_communication_ros2/include/suii_communication_ros2/msg/rosidl_typesupport_introspection_c__visibility_control.h
-- Up-to-date symlink: /home/suii/colcon_ws/suii/ros2_ws/install/suii_communication_ros2/include/suii_communication_ros2/srv/detail/table_goal__rosidl_typesupport_introspection_c.h
-- Up-to-date symlink: /home/suii/colcon_ws/suii/ros2_ws/install/suii_communication_ros2/include/suii_communication_ros2/srv/detail/table_goal__builder.hpp
-- Up-to-date symlink: /home/suii/colcon_ws/suii/ros2_ws/install/suii_communication_ros2/include/suii_communication_ros2/srv/detail/table_goal__struct.hpp
-- Up-to-date symlink: /home/suii/colcon_ws/suii/ros2_ws/install/suii_communication_ros2/include/suii_communication_ros2/srv/detail/table_goal__traits.hpp
-- Up-to-date symlink: /home/suii/colcon_ws/suii/ros2_ws/install/suii_communication_ros2/include/suii_communication_ros2/srv/table_goal.hpp
-- Up-to-date symlink: /home/suii/colcon_ws/suii/ros2_ws/install/suii_communication_ros2/include/suii_communication_ros2/srv/detail/table_goal__rosidl_typesupport_introspection_cpp.hpp
-- Up-to-date symlink: /home/suii/colcon_ws/suii/ros2_ws/install/suii_communication_ros2/share/suii_communication_ros2/environment/pythonpath.sh
-- Up-to-date symlink: /home/suii/colcon_ws/suii/ros2_ws/install/suii_communication_ros2/share/suii_communication_ros2/environment/pythonpath.dsv
-- Up-to-date symlink: /home/suii/colcon_ws/suii/ros2_ws/install/suii_communication_ros2/lib/python3.8/site-packages/suii_communication_ros2/__init__.py
-- Up-to-date symlink: /home/suii/colcon_ws/suii/ros2_ws/install/suii_communication_ros2/lib/python3.8/site-packages/suii_communication_ros2/srv/__init__.py
-- Up-to-date symlink: /home/suii/colcon_ws/suii/ros2_ws/install/suii_communication_ros2/lib/python3.8/site-packages/suii_communication_ros2/srv/_table_goal.py
-- Up-to-date symlink: /home/suii/colcon_ws/suii/ros2_ws/install/suii_communication_ros2/lib/python3.8/site-packages/suii_communication_ros2/suii_communication_ros2_s__rosidl_typesupport_fastrtps_c.cpython-38-x86_64-linux-gnu.so
-- Up-to-date symlink: /home/suii/colcon_ws/suii/ros2_ws/install/suii_communication_ros2/lib/python3.8/site-packages/suii_communication_ros2/suii_communication_ros2_s__rosidl_typesupport_introspection_c.cpython-38-x86_64-linux-gnu.so
-- Up-to-date symlink: /home/suii/colcon_ws/suii/ros2_ws/install/suii_communication_ros2/lib/python3.8/site-packages/suii_communication_ros2/suii_communication_ros2_s__rosidl_typesupport_c.cpython-38-x86_64-linux-gnu.so
-- Up-to-date symlink: /home/suii/colcon_ws/suii/ros2_ws/install/suii_communication_ros2/lib/libsuii_communication_ros2__python.so
-- Up-to-date symlink: /home/suii/colcon_ws/suii/ros2_ws/install/suii_communication_ros2/share/suii_communication_ros2/srv/TableGoal.idl
-- Up-to-date symlink: /home/suii/colcon_ws/suii/ros2_ws/install/suii_communication_ros2/share/suii_communication_ros2/srv/TableGoal.srv
-- Up-to-date symlink: /home/suii/colcon_ws/suii/ros2_ws/install/suii_communication_ros2/share/suii_communication_ros2/srv/TableGoal_Request.msg
-- Up-to-date symlink: /home/suii/colcon_ws/suii/ros2_ws/install/suii_communication_ros2/share/suii_communication_ros2/srv/TableGoal_Response.msg
-- Up-to-date symlink: /home/suii/colcon_ws/suii/ros2_ws/install/suii_communication_ros2/share/suii_communication_ros2/Bridge_mapping.yaml
-- Up-to-date symlink: /home/suii/colcon_ws/suii/ros2_ws/install/suii_communication_ros2/share/ament_index/resource_index/package_run_dependencies/suii_communication_ros2
-- Up-to-date symlink: /home/suii/colcon_ws/suii/ros2_ws/install/suii_communication_ros2/share/ament_index/resource_index/parent_prefix_path/suii_communication_ros2
-- Up-to-date symlink: /home/suii/colcon_ws/suii/ros2_ws/install/suii_communication_ros2/share/suii_communication_ros2/environment/ament_prefix_path.sh
-- Up-to-date symlink: /home/suii/colcon_ws/suii/ros2_ws/install/suii_communication_ros2/share/suii_communication_ros2/environment/ament_prefix_path.dsv
-- Up-to-date symlink: /home/suii/colcon_ws/suii/ros2_ws/install/suii_communication_ros2/share/suii_communication_ros2/environment/path.sh
-- Up-to-date symlink: /home/suii/colcon_ws/suii/ros2_ws/install/suii_communication_ros2/share/suii_communication_ros2/environment/path.dsv
-- Up-to-date symlink: /home/suii/colcon_ws/suii/ros2_ws/install/suii_communication_ros2/share/suii_communication_ros2/local_setup.bash
-- Up-to-date symlink: /home/suii/colcon_ws/suii/ros2_ws/install/suii_communication_ros2/share/suii_communication_ros2/local_setup.sh
-- Up-to-date symlink: /home/suii/colcon_ws/suii/ros2_ws/install/suii_communication_ros2/share/suii_communication_ros2/local_setup.zsh
-- Up-to-date symlink: /home/suii/colcon_ws/suii/ros2_ws/install/suii_communication_ros2/share/suii_communication_ros2/local_setup.dsv
-- Symlinking: /home/suii/colcon_ws/suii/ros2_ws/install/suii_communication_ros2/share/suii_communication_ros2/package.dsv
-- Up-to-date symlink: /home/suii/colcon_ws/suii/ros2_ws/install/suii_communication_ros2/share/ament_index/resource_index/packages/suii_communication_ros2
-- Up-to-date symlink: /home/suii/colcon_ws/suii/ros2_ws/install/suii_communication_ros2/share/suii_communication_ros2/cmake/rosidl_cmake-extras.cmake
-- Up-to-date symlink: /home/suii/colcon_ws/suii/ros2_ws/install/suii_communication_ros2/share/suii_communication_ros2/cmake/ament_cmake_export_dependencies-extras.cmake
-- Up-to-date symlink: /home/suii/colcon_ws/suii/ros2_ws/install/suii_communication_ros2/share/suii_communication_ros2/cmake/ament_cmake_export_libraries-extras.cmake
-- Up-to-date symlink: /home/suii/colcon_ws/suii/ros2_ws/install/suii_communication_ros2/share/suii_communication_ros2/cmake/ament_cmake_export_targets-extras.cmake
-- Up-to-date symlink: /home/suii/colcon_ws/suii/ros2_ws/install/suii_communication_ros2/share/suii_communication_ros2/cmake/ament_cmake_export_include_directories-extras.cmake
-- Up-to-date symlink: /home/suii/colcon_ws/suii/ros2_ws/install/suii_communication_ros2/share/suii_communication_ros2/cmake/rosidl_cmake_export_typesupport_libraries-extras.cmake
-- Up-to-date symlink: /home/suii/colcon_ws/suii/ros2_ws/install/suii_communication_ros2/share/suii_communication_ros2/cmake/rosidl_cmake_export_typesupport_targets-extras.cmake
-- Up-to-date symlink: /home/suii/colcon_ws/suii/ros2_ws/install/suii_communication_ros2/share/suii_communication_ros2/cmake/suii_communication_ros2Config.cmake
-- Up-to-date symlink: /home/suii/colcon_ws/suii/ros2_ws/install/suii_communication_ros2/share/suii_communication_ros2/cmake/suii_communication_ros2Config-version.cmake
-- Up-to-date symlink: /home/suii/colcon_ws/suii/ros2_ws/install/suii_communication_ros2/share/suii_communication_ros2/package.xml
-- Up-to-date: /home/suii/colcon_ws/suii/ros2_ws/install/suii_communication_ros2/lib/libsuii_communication_ros2__rosidl_generator_c.so
-- Up-to-date: /home/suii/colcon_ws/suii/ros2_ws/install/suii_communication_ros2/lib/libsuii_communication_ros2__rosidl_typesupport_introspection_c.so
-- Up-to-date: /home/suii/colcon_ws/suii/ros2_ws/install/suii_communication_ros2/lib/libsuii_communication_ros2__rosidl_typesupport_c.so
-- Up-to-date: /home/suii/colcon_ws/suii/ros2_ws/install/suii_communication_ros2/lib/libsuii_communication_ros2__rosidl_typesupport_introspection_cpp.so
-- Up-to-date: /home/suii/colcon_ws/suii/ros2_ws/install/suii_communication_ros2/lib/libsuii_communication_ros2__rosidl_typesupport_cpp.so
Compiling '/home/suii/colcon_ws/suii/ros2_ws/install/suii_communication_ros2/lib/python3.8/site-packages/suii_communication_ros2/__init__.py'...
-- Up-to-date: /home/suii/colcon_ws/suii/ros2_ws/install/suii_communication_ros2/share/suii_communication_ros2/cmake/suii_communication_ros2__rosidl_generator_cExport.cmake
-- Installing: /home/suii/colcon_ws/suii/ros2_ws/install/suii_communication_ros2/share/suii_communication_ros2/cmake/suii_communication_ros2__rosidl_generator_cExport-noconfig.cmake
-- Up-to-date: /home/suii/colcon_ws/suii/ros2_ws/install/suii_communication_ros2/share/suii_communication_ros2/cmake/suii_communication_ros2__rosidl_typesupport_introspection_cExport.cmake
-- Installing: /home/suii/colcon_ws/suii/ros2_ws/install/suii_communication_ros2/share/suii_communication_ros2/cmake/suii_communication_ros2__rosidl_typesupport_introspection_cExport-noconfig.cmake
-- Up-to-date: /home/suii/colcon_ws/suii/ros2_ws/install/suii_communication_ros2/share/suii_communication_ros2/cmake/suii_communication_ros2__rosidl_typesupport_cExport.cmake
-- Installing: /home/suii/colcon_ws/suii/ros2_ws/install/suii_communication_ros2/share/suii_communication_ros2/cmake/suii_communication_ros2__rosidl_typesupport_cExport-noconfig.cmake
-- Up-to-date: /home/suii/colcon_ws/suii/ros2_ws/install/suii_communication_ros2/share/suii_communication_ros2/cmake/suii_communication_ros2__rosidl_generator_cppExport.cmake
-- Up-to-date: /home/suii/colcon_ws/suii/ros2_ws/install/suii_communication_ros2/share/suii_communication_ros2/cmake/suii_communication_ros2__rosidl_typesupport_introspection_cppExport.cmake
-- Installing: /home/suii/colcon_ws/suii/ros2_ws/install/suii_communication_ros2/share/suii_communication_ros2/cmake/suii_communication_ros2__rosidl_typesupport_introspection_cppExport-noconfig.cmake
-- Up-to-date: /home/suii/colcon_ws/suii/ros2_ws/install/suii_communication_ros2/share/suii_communication_ros2/cmake/suii_communication_ros2__rosidl_typesupport_cppExport.cmake
-- Installing: /home/suii/colcon_ws/suii/ros2_ws/install/suii_communication_ros2/share/suii_communication_ros2/cmake/suii_communication_ros2__rosidl_typesupport_cppExport-noconfig.cmake
