[0.030s] Invoking command in '/home/suii/colcon_ws/suii/ros2_ws/build/suii_description': CMAKE_PREFIX_PATH=${CMAKE_PREFIX_PATH}:/home/suii/colcon_ws/suii/ros2_ws/install/nav_test_package_ros2:/opt/ros/foxy /usr/bin/cmake --build /home/suii/colcon_ws/suii/ros2_ws/build/suii_description -- -j8 -l8
[0.056s] -- Found ament_cmake: 0.9.8 (/opt/ros/foxy/share/ament_cmake/cmake)
[0.098s] -- Using PYTHON_EXECUTABLE: /usr/bin/python3
[0.330s] -- Found ament_lint_auto: 0.9.6 (/opt/ros/foxy/share/ament_lint_auto/cmake)
[0.390s] -- Added test 'copyright' to check source files copyright and LICENSE
[0.396s] -- Added test 'lint_cmake' to check CMake code style
[0.396s] -- Added test 'xmllint' to check XML markup files
[0.397s] -- Configuring done
[0.400s] -- Generating done
[0.400s] -- Build files have been written to: /home/suii/colcon_ws/suii/ros2_ws/build/suii_description
[0.422s] Invoked command in '/home/suii/colcon_ws/suii/ros2_ws/build/suii_description' returned '0': CMAKE_PREFIX_PATH=${CMAKE_PREFIX_PATH}:/home/suii/colcon_ws/suii/ros2_ws/install/nav_test_package_ros2:/opt/ros/foxy /usr/bin/cmake --build /home/suii/colcon_ws/suii/ros2_ws/build/suii_description -- -j8 -l8
[0.458s] Invoking command in '/home/suii/colcon_ws/suii/ros2_ws/build/suii_description': CMAKE_PREFIX_PATH=${CMAKE_PREFIX_PATH}:/home/suii/colcon_ws/suii/ros2_ws/install/nav_test_package_ros2:/opt/ros/foxy /usr/bin/cmake --install /home/suii/colcon_ws/suii/ros2_ws/build/suii_description
[0.467s] -- Install configuration: ""
[0.467s] CMake Error at cmake_install.cmake:41 (file):
[0.467s]   file INSTALL cannot find
[0.468s]   "/home/suii/colcon_ws/suii/ros2_ws/src/suii_description/launch": No such
[0.468s]   file or directory.
[0.468s] 
[0.468s] 
[0.469s] Invoked command in '/home/suii/colcon_ws/suii/ros2_ws/build/suii_description' returned '1': CMAKE_PREFIX_PATH=${CMAKE_PREFIX_PATH}:/home/suii/colcon_ws/suii/ros2_ws/install/nav_test_package_ros2:/opt/ros/foxy /usr/bin/cmake --install /home/suii/colcon_ws/suii/ros2_ws/build/suii_description
