[0.209s] Invoking command in '/home/suii/colcon_ws/suii/ros2_ws/build/ros1_bridge': AMENT_PREFIX_PATH=/home/suii/colcon_ws/suii/ros2_ws/install/suii_msgs:/home/suii/colcon_ws/suii/ros2_ws/install/suii_communication_ros2:${AMENT_PREFIX_PATH} CMAKE_PREFIX_PATH=/home/suii/colcon_ws/suii/ros2_ws/install/suii_msgs:/home/suii/colcon_ws/suii/ros2_ws/install/suii_communication_ros2:/opt/ros/foxy LD_LIBRARY_PATH=/home/suii/colcon_ws/suii/ros2_ws/install/suii_msgs/lib:/home/suii/colcon_ws/suii/ros2_ws/install/suii_communication_ros2/lib:${LD_LIBRARY_PATH} PYTHONPATH=/home/suii/colcon_ws/suii/ros2_ws/install/suii_msgs/lib/python3.8/site-packages:/home/suii/colcon_ws/suii/ros2_ws/install/suii_communication_ros2/lib/python3.8/site-packages:${PYTHONPATH} /usr/bin/cmake /home/suii/colcon_ws/suii/ros2_ws/src/ros1_bridge -DAMENT_CMAKE_SYMLINK_INSTALL=1 -DCMAKE_INSTALL_PREFIX=/home/suii/colcon_ws/suii/ros2_ws/install/ros1_bridge
[0.258s] -- The C compiler identification is GNU 9.3.0
[0.305s] -- The CXX compiler identification is GNU 9.3.0
[0.309s] -- Check for working C compiler: /usr/bin/cc
[0.368s] -- Check for working C compiler: /usr/bin/cc -- works
[0.368s] -- Detecting C compiler ABI info
[0.433s] -- Detecting C compiler ABI info - done
[0.453s] -- Detecting C compile features
[0.453s] -- Detecting C compile features - done
[0.456s] -- Check for working CXX compiler: /usr/bin/c++
[0.535s] -- Check for working CXX compiler: /usr/bin/c++ -- works
[0.536s] -- Detecting CXX compiler ABI info
[0.610s] -- Detecting CXX compiler ABI info - done
[0.622s] -- Detecting CXX compile features
[0.623s] -- Detecting CXX compile features - done
[0.624s] -- Found rmw: 1.0.3 (/opt/ros/foxy/share/rmw/cmake)
[0.651s] -- Found PythonInterp: /usr/bin/python3 (found suitable version "3.8.5", minimum required is "3") 
[0.651s] -- Using PYTHON_EXECUTABLE: /usr/bin/python3
[0.815s] -- Override CMake install command with custom implementation using symlinks instead of copying resources
[0.857s] -- Found rclcpp: 2.3.1 (/opt/ros/foxy/share/rclcpp/cmake)
[0.880s] -- Using all available rosidl_typesupport_c: rosidl_typesupport_fastrtps_c;rosidl_typesupport_introspection_c
[0.886s] -- Found rosidl_adapter: 1.2.1 (/opt/ros/foxy/share/rosidl_adapter/cmake)
[0.949s] -- Found OpenSSL: /usr/lib/x86_64-linux-gnu/libcrypto.so (found version "1.1.1f")  
[0.976s] -- Found FastRTPS: /opt/ros/foxy/include  
[1.045s] -- Using all available rosidl_typesupport_cpp: rosidl_typesupport_fastrtps_cpp;rosidl_typesupport_introspection_cpp
[1.096s] -- Found rmw_implementation_cmake: 1.0.3 (/opt/ros/foxy/share/rmw_implementation_cmake/cmake)
[1.097s] -- Using RMW implementation 'rmw_fastrtps_cpp' as default
[1.098s] -- Looking for pthread.h
[1.220s] -- Looking for pthread.h - found
[1.220s] -- Performing Test CMAKE_HAVE_LIBC_PTHREAD
[1.299s] -- Performing Test CMAKE_HAVE_LIBC_PTHREAD - Failed
[1.300s] -- Looking for pthread_create in pthreads
[1.357s] -- Looking for pthread_create in pthreads - not found
[1.357s] -- Looking for pthread_create in pthread
[1.428s] -- Looking for pthread_create in pthread - found
[1.429s] -- Found Threads: TRUE  
[1.577s] -- Found PkgConfig: /usr/bin/pkg-config (found version "0.29.1") 
[1.581s] -- Checking for module 'roscpp'
[1.584s] --   No package 'roscpp' found
[1.584s] CMake Warning at CMakeLists.txt:34 (message):
[1.585s]   Failed to find ROS 1 roscpp, skipping...
[1.585s] 
[1.585s] 
[1.638s] -- Configuring done
[1.640s] -- Generating done
[1.641s] -- Build files have been written to: /home/suii/colcon_ws/suii/ros2_ws/build/ros1_bridge
[1.650s] Invoked command in '/home/suii/colcon_ws/suii/ros2_ws/build/ros1_bridge' returned '0': AMENT_PREFIX_PATH=/home/suii/colcon_ws/suii/ros2_ws/install/suii_msgs:/home/suii/colcon_ws/suii/ros2_ws/install/suii_communication_ros2:${AMENT_PREFIX_PATH} CMAKE_PREFIX_PATH=/home/suii/colcon_ws/suii/ros2_ws/install/suii_msgs:/home/suii/colcon_ws/suii/ros2_ws/install/suii_communication_ros2:/opt/ros/foxy LD_LIBRARY_PATH=/home/suii/colcon_ws/suii/ros2_ws/install/suii_msgs/lib:/home/suii/colcon_ws/suii/ros2_ws/install/suii_communication_ros2/lib:${LD_LIBRARY_PATH} PYTHONPATH=/home/suii/colcon_ws/suii/ros2_ws/install/suii_msgs/lib/python3.8/site-packages:/home/suii/colcon_ws/suii/ros2_ws/install/suii_communication_ros2/lib/python3.8/site-packages:${PYTHONPATH} /usr/bin/cmake /home/suii/colcon_ws/suii/ros2_ws/src/ros1_bridge -DAMENT_CMAKE_SYMLINK_INSTALL=1 -DCMAKE_INSTALL_PREFIX=/home/suii/colcon_ws/suii/ros2_ws/install/ros1_bridge
[1.651s] Invoking command in '/home/suii/colcon_ws/suii/ros2_ws/build/ros1_bridge': AMENT_PREFIX_PATH=/home/suii/colcon_ws/suii/ros2_ws/install/suii_msgs:/home/suii/colcon_ws/suii/ros2_ws/install/suii_communication_ros2:${AMENT_PREFIX_PATH} CMAKE_PREFIX_PATH=/home/suii/colcon_ws/suii/ros2_ws/install/suii_msgs:/home/suii/colcon_ws/suii/ros2_ws/install/suii_communication_ros2:/opt/ros/foxy LD_LIBRARY_PATH=/home/suii/colcon_ws/suii/ros2_ws/install/suii_msgs/lib:/home/suii/colcon_ws/suii/ros2_ws/install/suii_communication_ros2/lib:${LD_LIBRARY_PATH} PYTHONPATH=/home/suii/colcon_ws/suii/ros2_ws/install/suii_msgs/lib/python3.8/site-packages:/home/suii/colcon_ws/suii/ros2_ws/install/suii_communication_ros2/lib/python3.8/site-packages:${PYTHONPATH} /usr/bin/cmake --build /home/suii/colcon_ws/suii/ros2_ws/build/ros1_bridge -- -j8 -l8
[1.691s] Invoked command in '/home/suii/colcon_ws/suii/ros2_ws/build/ros1_bridge' returned '0': AMENT_PREFIX_PATH=/home/suii/colcon_ws/suii/ros2_ws/install/suii_msgs:/home/suii/colcon_ws/suii/ros2_ws/install/suii_communication_ros2:${AMENT_PREFIX_PATH} CMAKE_PREFIX_PATH=/home/suii/colcon_ws/suii/ros2_ws/install/suii_msgs:/home/suii/colcon_ws/suii/ros2_ws/install/suii_communication_ros2:/opt/ros/foxy LD_LIBRARY_PATH=/home/suii/colcon_ws/suii/ros2_ws/install/suii_msgs/lib:/home/suii/colcon_ws/suii/ros2_ws/install/suii_communication_ros2/lib:${LD_LIBRARY_PATH} PYTHONPATH=/home/suii/colcon_ws/suii/ros2_ws/install/suii_msgs/lib/python3.8/site-packages:/home/suii/colcon_ws/suii/ros2_ws/install/suii_communication_ros2/lib/python3.8/site-packages:${PYTHONPATH} /usr/bin/cmake --build /home/suii/colcon_ws/suii/ros2_ws/build/ros1_bridge -- -j8 -l8
[1.713s] Invoking command in '/home/suii/colcon_ws/suii/ros2_ws/build/ros1_bridge': AMENT_PREFIX_PATH=/home/suii/colcon_ws/suii/ros2_ws/install/suii_msgs:/home/suii/colcon_ws/suii/ros2_ws/install/suii_communication_ros2:${AMENT_PREFIX_PATH} CMAKE_PREFIX_PATH=/home/suii/colcon_ws/suii/ros2_ws/install/suii_msgs:/home/suii/colcon_ws/suii/ros2_ws/install/suii_communication_ros2:/opt/ros/foxy LD_LIBRARY_PATH=/home/suii/colcon_ws/suii/ros2_ws/install/suii_msgs/lib:/home/suii/colcon_ws/suii/ros2_ws/install/suii_communication_ros2/lib:${LD_LIBRARY_PATH} PYTHONPATH=/home/suii/colcon_ws/suii/ros2_ws/install/suii_msgs/lib/python3.8/site-packages:/home/suii/colcon_ws/suii/ros2_ws/install/suii_communication_ros2/lib/python3.8/site-packages:${PYTHONPATH} /usr/bin/cmake --install /home/suii/colcon_ws/suii/ros2_ws/build/ros1_bridge
[1.722s] -- Install configuration: ""
[1.722s] -- Execute custom install script
[1.723s] -- Symlinking: /home/suii/colcon_ws/suii/ros2_ws/install/ros1_bridge/share/ament_index/resource_index/package_run_dependencies/ros1_bridge
[1.732s] -- Symlinking: /home/suii/colcon_ws/suii/ros2_ws/install/ros1_bridge/share/ament_index/resource_index/parent_prefix_path/ros1_bridge
[1.741s] -- Symlinking: /home/suii/colcon_ws/suii/ros2_ws/install/ros1_bridge/share/ros1_bridge/environment/ament_prefix_path.sh
[1.750s] -- Symlinking: /home/suii/colcon_ws/suii/ros2_ws/install/ros1_bridge/share/ros1_bridge/environment/ament_prefix_path.dsv
[1.758s] -- Symlinking: /home/suii/colcon_ws/suii/ros2_ws/install/ros1_bridge/share/ros1_bridge/environment/path.sh
[1.767s] -- Symlinking: /home/suii/colcon_ws/suii/ros2_ws/install/ros1_bridge/share/ros1_bridge/environment/path.dsv
[1.777s] -- Symlinking: /home/suii/colcon_ws/suii/ros2_ws/install/ros1_bridge/share/ros1_bridge/local_setup.bash
[1.786s] -- Symlinking: /home/suii/colcon_ws/suii/ros2_ws/install/ros1_bridge/share/ros1_bridge/local_setup.sh
[1.795s] -- Symlinking: /home/suii/colcon_ws/suii/ros2_ws/install/ros1_bridge/share/ros1_bridge/local_setup.zsh
[1.805s] -- Symlinking: /home/suii/colcon_ws/suii/ros2_ws/install/ros1_bridge/share/ros1_bridge/local_setup.dsv
[1.814s] -- Symlinking: /home/suii/colcon_ws/suii/ros2_ws/install/ros1_bridge/share/ros1_bridge/package.dsv
[1.823s] -- Symlinking: /home/suii/colcon_ws/suii/ros2_ws/install/ros1_bridge/share/ament_index/resource_index/packages/ros1_bridge
[1.833s] -- Symlinking: /home/suii/colcon_ws/suii/ros2_ws/install/ros1_bridge/share/ros1_bridge/cmake/find_ros1_package.cmake
[1.842s] -- Symlinking: /home/suii/colcon_ws/suii/ros2_ws/install/ros1_bridge/share/ros1_bridge/cmake/find_ros1_interface_packages.cmake
[1.851s] -- Symlinking: /home/suii/colcon_ws/suii/ros2_ws/install/ros1_bridge/share/ros1_bridge/cmake/ros1_bridgeConfig.cmake
[1.860s] -- Symlinking: /home/suii/colcon_ws/suii/ros2_ws/install/ros1_bridge/share/ros1_bridge/cmake/ros1_bridgeConfig-version.cmake
[1.869s] -- Symlinking: /home/suii/colcon_ws/suii/ros2_ws/install/ros1_bridge/share/ros1_bridge/package.xml
[1.882s] Invoked command in '/home/suii/colcon_ws/suii/ros2_ws/build/ros1_bridge' returned '0': AMENT_PREFIX_PATH=/home/suii/colcon_ws/suii/ros2_ws/install/suii_msgs:/home/suii/colcon_ws/suii/ros2_ws/install/suii_communication_ros2:${AMENT_PREFIX_PATH} CMAKE_PREFIX_PATH=/home/suii/colcon_ws/suii/ros2_ws/install/suii_msgs:/home/suii/colcon_ws/suii/ros2_ws/install/suii_communication_ros2:/opt/ros/foxy LD_LIBRARY_PATH=/home/suii/colcon_ws/suii/ros2_ws/install/suii_msgs/lib:/home/suii/colcon_ws/suii/ros2_ws/install/suii_communication_ros2/lib:${LD_LIBRARY_PATH} PYTHONPATH=/home/suii/colcon_ws/suii/ros2_ws/install/suii_msgs/lib/python3.8/site-packages:/home/suii/colcon_ws/suii/ros2_ws/install/suii_communication_ros2/lib/python3.8/site-packages:${PYTHONPATH} /usr/bin/cmake --install /home/suii/colcon_ws/suii/ros2_ws/build/ros1_bridge
