[0.065s] Invoking command in '/home/suii/colcon_ws/suii/ros2_ws/build/suii_description': CMAKE_PREFIX_PATH=${CMAKE_PREFIX_PATH}:/home/suii/colcon_ws/suii/ros2_ws/install/nav_test_package_ros2:/opt/ros/foxy /usr/bin/cmake --build /home/suii/colcon_ws/suii/ros2_ws/build/suii_description -- -j8 -l8
[0.353s] -- Found ament_cmake: 0.9.8 (/opt/ros/foxy/share/ament_cmake/cmake)
[0.353s] -- Using PYTHON_EXECUTABLE: /usr/bin/python3
[0.355s] -- Found ament_lint_auto: 0.9.6 (/opt/ros/foxy/share/ament_lint_auto/cmake)
[0.419s] -- Added test 'copyright' to check source files copyright and LICENSE
[0.421s] -- Added test 'lint_cmake' to check CMake code style
[0.423s] -- Added test 'xmllint' to check XML markup files
[0.425s] -- Configuring done
[0.433s] -- Generating done
[0.433s] -- Build files have been written to: /home/suii/colcon_ws/suii/ros2_ws/build/suii_description
[0.453s] Invoked command in '/home/suii/colcon_ws/suii/ros2_ws/build/suii_description' returned '0': CMAKE_PREFIX_PATH=${CMAKE_PREFIX_PATH}:/home/suii/colcon_ws/suii/ros2_ws/install/nav_test_package_ros2:/opt/ros/foxy /usr/bin/cmake --build /home/suii/colcon_ws/suii/ros2_ws/build/suii_description -- -j8 -l8
[0.474s] Invoking command in '/home/suii/colcon_ws/suii/ros2_ws/build/suii_description': CMAKE_PREFIX_PATH=${CMAKE_PREFIX_PATH}:/home/suii/colcon_ws/suii/ros2_ws/install/nav_test_package_ros2:/opt/ros/foxy /usr/bin/cmake --install /home/suii/colcon_ws/suii/ros2_ws/build/suii_description
[0.485s] -- Install configuration: ""
[0.486s] -- Installing: /home/suii/colcon_ws/suii/ros2_ws/install/suii_description/share/suii_description//meshes
[0.486s] -- Installing: /home/suii/colcon_ws/suii/ros2_ws/install/suii_description/share/suii_description//meshes/base_link.STL
[0.487s] -- Installing: /home/suii/colcon_ws/suii/ros2_ws/install/suii_description/share/suii_description//meshes/wheel_left_back.STL
[0.487s] -- Installing: /home/suii/colcon_ws/suii/ros2_ws/install/suii_description/share/suii_description//meshes/lidar_back.STL
[0.488s] -- Installing: /home/suii/colcon_ws/suii/ros2_ws/install/suii_description/share/suii_description//meshes/wheel_left_front.STL
[0.488s] -- Installing: /home/suii/colcon_ws/suii/ros2_ws/install/suii_description/share/suii_description//meshes/wheel_right_back.STL
[0.488s] -- Installing: /home/suii/colcon_ws/suii/ros2_ws/install/suii_description/share/suii_description//meshes/wheel_right_front.STL
[0.489s] -- Installing: /home/suii/colcon_ws/suii/ros2_ws/install/suii_description/share/suii_description//meshes/lidar_front.STL
[0.491s] -- Installing: /home/suii/colcon_ws/suii/ros2_ws/install/suii_description/share/suii_description//rviz
[0.491s] -- Installing: /home/suii/colcon_ws/suii/ros2_ws/install/suii_description/share/suii_description//rviz/display.rviz
[0.491s] -- Up-to-date: /home/suii/colcon_ws/suii/ros2_ws/install/suii_description/share/ament_index/resource_index/package_run_dependencies/suii_description
[0.492s] -- Installing: /home/suii/colcon_ws/suii/ros2_ws/install/suii_description/share/ament_index/resource_index/parent_prefix_path/suii_description
[0.492s] -- Up-to-date: /home/suii/colcon_ws/suii/ros2_ws/install/suii_description/share/suii_description/environment/ament_prefix_path.sh
[0.492s] -- Installing: /home/suii/colcon_ws/suii/ros2_ws/install/suii_description/share/suii_description/environment/ament_prefix_path.dsv
[0.492s] -- Up-to-date: /home/suii/colcon_ws/suii/ros2_ws/install/suii_description/share/suii_description/environment/path.sh
[0.493s] -- Installing: /home/suii/colcon_ws/suii/ros2_ws/install/suii_description/share/suii_description/environment/path.dsv
[0.493s] -- Up-to-date: /home/suii/colcon_ws/suii/ros2_ws/install/suii_description/share/suii_description/local_setup.bash
[0.493s] -- Up-to-date: /home/suii/colcon_ws/suii/ros2_ws/install/suii_description/share/suii_description/local_setup.sh
[0.493s] -- Up-to-date: /home/suii/colcon_ws/suii/ros2_ws/install/suii_description/share/suii_description/local_setup.zsh
[0.493s] -- Installing: /home/suii/colcon_ws/suii/ros2_ws/install/suii_description/share/suii_description/local_setup.dsv
[0.493s] -- Installing: /home/suii/colcon_ws/suii/ros2_ws/install/suii_description/share/suii_description/package.dsv
[0.493s] -- Up-to-date: /home/suii/colcon_ws/suii/ros2_ws/install/suii_description/share/ament_index/resource_index/packages/suii_description
[0.493s] -- Up-to-date: /home/suii/colcon_ws/suii/ros2_ws/install/suii_description/share/suii_description/cmake/suii_descriptionConfig.cmake
[0.493s] -- Up-to-date: /home/suii/colcon_ws/suii/ros2_ws/install/suii_description/share/suii_description/cmake/suii_descriptionConfig-version.cmake
[0.493s] -- Up-to-date: /home/suii/colcon_ws/suii/ros2_ws/install/suii_description/share/suii_description/package.xml
[0.506s] Invoked command in '/home/suii/colcon_ws/suii/ros2_ws/build/suii_description' returned '0': CMAKE_PREFIX_PATH=${CMAKE_PREFIX_PATH}:/home/suii/colcon_ws/suii/ros2_ws/install/nav_test_package_ros2:/opt/ros/foxy /usr/bin/cmake --install /home/suii/colcon_ws/suii/ros2_ws/build/suii_description
