-- Found ament_cmake: 0.9.8 (/opt/ros/foxy/share/ament_cmake/cmake)
-- Found PythonInterp: /usr/bin/python3 (found suitable version "3.8.5", minimum required is "3") 
-- Using PYTHON_EXECUTABLE: /usr/bin/python3
-- Override CMake install command with custom implementation using symlinks instead of copying resources
-- Found rclcpp: 2.3.1 (/opt/ros/foxy/share/rclcpp/cmake)
-- Using all available rosidl_typesupport_c: rosidl_typesupport_fastrtps_c;rosidl_typesupport_introspection_c
-- Found rosidl_adapter: 1.2.1 (/opt/ros/foxy/share/rosidl_adapter/cmake)
-- Found OpenSSL: /usr/lib/x86_64-linux-gnu/libcrypto.so (found version "1.1.1f")  
-- Found FastRTPS: /opt/ros/foxy/include  
-- Using all available rosidl_typesupport_cpp: rosidl_typesupport_fastrtps_cpp;rosidl_typesupport_introspection_cpp
-- Found rmw_implementation_cmake: 1.0.3 (/opt/ros/foxy/share/rmw_implementation_cmake/cmake)
-- Using RMW implementation 'rmw_fastrtps_cpp' as default
-- Looking for pthread.h
-- Looking for pthread.h - found
-- Performing Test CMAKE_HAVE_LIBC_PTHREAD
-- Performing Test CMAKE_HAVE_LIBC_PTHREAD - Failed
-- Looking for pthread_create in pthreads
-- Looking for pthread_create in pthreads - not found
-- Looking for pthread_create in pthread
-- Looking for pthread_create in pthread - found
-- Found Threads: TRUE  
-- Found geometry_msgs: 2.0.4 (/opt/ros/foxy/share/geometry_msgs/cmake)
-- Found rosidl_default_generators: 1.0.1 (/opt/ros/foxy/share/rosidl_default_generators/cmake)
-- Found PythonInterp: /usr/bin/python3 (found version "3.8.5") 
-- Found ament_cmake_ros: 0.9.2 (/opt/ros/foxy/share/ament_cmake_ros/cmake)
-- Using all available rosidl_typesupport_c: rosidl_typesupport_fastrtps_c;rosidl_typesupport_introspection_c
-- Using all available rosidl_typesupport_cpp: rosidl_typesupport_fastrtps_cpp;rosidl_typesupport_introspection_cpp
-- Found PythonInterp: /usr/bin/python3 (found suitable version "3.8.5", minimum required is "3.5") 
-- Found python_cmake_module: 0.8.1 (/opt/ros/foxy/share/python_cmake_module/cmake)
-- Found PythonLibs: /usr/lib/x86_64-linux-gnu/libpython3.8.so (found suitable version "3.8.5", minimum required is "3.5") 
-- Using PYTHON_EXECUTABLE: /usr/bin/python3
-- Using PYTHON_INCLUDE_DIRS: /usr/include/python3.8
-- Using PYTHON_LIBRARIES: /usr/lib/x86_64-linux-gnu/libpython3.8.so
-- Found PythonExtra: .so  
-- Found ament_lint_auto: 0.9.6 (/opt/ros/foxy/share/ament_lint_auto/cmake)
-- Added test 'copyright' to check source files copyright and LICENSE
-- Added test 'lint_cmake' to check CMake code style
-- Added test 'xmllint' to check XML markup files
-- Configuring done
-- Generating done
-- Build files have been written to: /home/suii/colcon_ws/suii/ros2_ws/build/suii_msgs
[35m[1mScanning dependencies of target suii_msgs__cpp[0m
[  1%] [34m[1mGenerating C code for ROS interfaces[0m
[  1%] [34m[1mGenerating C++ code for ROS interfaces[0m
[  1%] Built target suii_msgs__cpp
[  2%] [34m[1mGenerating C++ type support dispatch for ROS interfaces[0m
[  3%] [34m[1mGenerating C++ introspection for ROS interfaces[0m
[  3%] [34m[1mGenerating C++ type support for eProsima Fast-RTPS[0m
[35m[1mScanning dependencies of target suii_msgs__rosidl_generator_c[0m
[  3%] [32mBuilding C object CMakeFiles/suii_msgs__rosidl_generator_c.dir/rosidl_generator_c/suii_msgs/msg/detail/suii_task__functions.c.o[0m
[  5%] [32mBuilding C object CMakeFiles/suii_msgs__rosidl_generator_c.dir/rosidl_generator_c/suii_msgs/msg/detail/suii_task_list__functions.c.o[0m
[  5%] [32mBuilding C object CMakeFiles/suii_msgs__rosidl_generator_c.dir/rosidl_generator_c/suii_msgs/msg/detail/task__functions.c.o[0m
[  5%] [32mBuilding C object CMakeFiles/suii_msgs__rosidl_generator_c.dir/rosidl_generator_c/suii_msgs/msg/detail/vision_scan_object__functions.c.o[0m
[  6%] [32mBuilding C object CMakeFiles/suii_msgs__rosidl_generator_c.dir/rosidl_generator_c/suii_msgs/srv/detail/distance_to_goal__functions.c.o[0m
[  6%] [32mBuilding C object CMakeFiles/suii_msgs__rosidl_generator_c.dir/rosidl_generator_c/suii_msgs/srv/detail/get_free_spot__functions.c.o[0m
[  7%] [32mBuilding C object CMakeFiles/suii_msgs__rosidl_generator_c.dir/rosidl_generator_c/suii_msgs/srv/detail/item_drive__functions.c.o[0m
[  8%] [32mBuilding C object CMakeFiles/suii_msgs__rosidl_generator_c.dir/rosidl_generator_c/suii_msgs/srv/detail/item__functions.c.o[0m
[  8%] [32mBuilding C object CMakeFiles/suii_msgs__rosidl_generator_c.dir/rosidl_generator_c/suii_msgs/srv/detail/item_move__functions.c.o[0m
[  9%] [32mBuilding C object CMakeFiles/suii_msgs__rosidl_generator_c.dir/rosidl_generator_c/suii_msgs/srv/detail/item_pick__functions.c.o[0m
[ 10%] [32mBuilding C object CMakeFiles/suii_msgs__rosidl_generator_c.dir/rosidl_generator_c/suii_msgs/srv/detail/item_place__functions.c.o[0m
[ 10%] [32mBuilding C object CMakeFiles/suii_msgs__rosidl_generator_c.dir/rosidl_generator_c/suii_msgs/srv/detail/manipulation_action__functions.c.o[0m
[ 11%] [32mBuilding C object CMakeFiles/suii_msgs__rosidl_generator_c.dir/rosidl_generator_c/suii_msgs/srv/detail/manipulation_pose__functions.c.o[0m
[ 12%] [32mBuilding C object CMakeFiles/suii_msgs__rosidl_generator_c.dir/rosidl_generator_c/suii_msgs/srv/detail/navigation_goal__functions.c.o[0m
[ 12%] [32mBuilding C object CMakeFiles/suii_msgs__rosidl_generator_c.dir/rosidl_generator_c/suii_msgs/srv/detail/navigation_repose__functions.c.o[0m
[ 13%] [32mBuilding C object CMakeFiles/suii_msgs__rosidl_generator_c.dir/rosidl_generator_c/suii_msgs/srv/detail/update_items__functions.c.o[0m
[ 13%] [32mBuilding C object CMakeFiles/suii_msgs__rosidl_generator_c.dir/rosidl_generator_c/suii_msgs/srv/detail/vision_scan__functions.c.o[0m
[ 14%] [32m[1mLinking C shared library libsuii_msgs__rosidl_generator_c.so[0m
[ 14%] Built target suii_msgs__rosidl_generator_c
[ 15%] [34m[1mGenerating C type support dispatch for ROS interfaces[0m
[ 16%] [34m[1mGenerating C introspection for ROS interfaces[0m
[35m[1mScanning dependencies of target suii_msgs__rosidl_typesupport_introspection_cpp[0m
[ 17%] [32mBuilding CXX object CMakeFiles/suii_msgs__rosidl_typesupport_introspection_cpp.dir/rosidl_typesupport_introspection_cpp/suii_msgs/msg/detail/suii_task_list__type_support.cpp.o[0m
[ 17%] [32mBuilding CXX object CMakeFiles/suii_msgs__rosidl_typesupport_introspection_cpp.dir/rosidl_typesupport_introspection_cpp/suii_msgs/msg/detail/suii_task__type_support.cpp.o[0m
[ 18%] [32mBuilding CXX object CMakeFiles/suii_msgs__rosidl_typesupport_introspection_cpp.dir/rosidl_typesupport_introspection_cpp/suii_msgs/msg/detail/task__type_support.cpp.o[0m
[ 19%] [32mBuilding CXX object CMakeFiles/suii_msgs__rosidl_typesupport_introspection_cpp.dir/rosidl_typesupport_introspection_cpp/suii_msgs/msg/detail/vision_scan_object__type_support.cpp.o[0m
[35m[1mScanning dependencies of target suii_msgs__rosidl_typesupport_cpp[0m
[ 19%] [32mBuilding CXX object CMakeFiles/suii_msgs__rosidl_typesupport_cpp.dir/rosidl_typesupport_cpp/suii_msgs/msg/suii_task__type_support.cpp.o[0m
[ 19%] [32mBuilding CXX object CMakeFiles/suii_msgs__rosidl_typesupport_introspection_cpp.dir/rosidl_typesupport_introspection_cpp/suii_msgs/srv/detail/distance_to_goal__type_support.cpp.o[0m
[ 20%] [32mBuilding CXX object CMakeFiles/suii_msgs__rosidl_typesupport_introspection_cpp.dir/rosidl_typesupport_introspection_cpp/suii_msgs/srv/detail/get_free_spot__type_support.cpp.o[0m
[ 21%] [32mBuilding CXX object CMakeFiles/suii_msgs__rosidl_typesupport_introspection_cpp.dir/rosidl_typesupport_introspection_cpp/suii_msgs/srv/detail/item__type_support.cpp.o[0m
[ 22%] [32mBuilding CXX object CMakeFiles/suii_msgs__rosidl_typesupport_cpp.dir/rosidl_typesupport_cpp/suii_msgs/msg/suii_task_list__type_support.cpp.o[0m
[ 22%] [32mBuilding CXX object CMakeFiles/suii_msgs__rosidl_typesupport_introspection_cpp.dir/rosidl_typesupport_introspection_cpp/suii_msgs/srv/detail/item_drive__type_support.cpp.o[0m
[35m[1mScanning dependencies of target suii_msgs__rosidl_typesupport_c[0m
[ 22%] [32mBuilding CXX object CMakeFiles/suii_msgs__rosidl_typesupport_c.dir/rosidl_typesupport_c/suii_msgs/msg/suii_task__type_support.cpp.o[0m
[ 23%] [32mBuilding CXX object CMakeFiles/suii_msgs__rosidl_typesupport_c.dir/rosidl_typesupport_c/suii_msgs/msg/suii_task_list__type_support.cpp.o[0m
[ 24%] [32mBuilding CXX object CMakeFiles/suii_msgs__rosidl_typesupport_c.dir/rosidl_typesupport_c/suii_msgs/msg/task__type_support.cpp.o[0m
[ 24%] [32mBuilding CXX object CMakeFiles/suii_msgs__rosidl_typesupport_c.dir/rosidl_typesupport_c/suii_msgs/msg/vision_scan_object__type_support.cpp.o[0m
[ 25%] [32mBuilding CXX object CMakeFiles/suii_msgs__rosidl_typesupport_introspection_cpp.dir/rosidl_typesupport_introspection_cpp/suii_msgs/srv/detail/item_move__type_support.cpp.o[0m
[ 25%] [32mBuilding CXX object CMakeFiles/suii_msgs__rosidl_typesupport_introspection_cpp.dir/rosidl_typesupport_introspection_cpp/suii_msgs/srv/detail/item_pick__type_support.cpp.o[0m
[ 26%] [32mBuilding CXX object CMakeFiles/suii_msgs__rosidl_typesupport_introspection_cpp.dir/rosidl_typesupport_introspection_cpp/suii_msgs/srv/detail/item_place__type_support.cpp.o[0m
[ 28%] [32mBuilding CXX object CMakeFiles/suii_msgs__rosidl_typesupport_c.dir/rosidl_typesupport_c/suii_msgs/srv/distance_to_goal__type_support.cpp.o[0m
[ 28%] [32mBuilding CXX object CMakeFiles/suii_msgs__rosidl_typesupport_cpp.dir/rosidl_typesupport_cpp/suii_msgs/msg/task__type_support.cpp.o[0m
[ 29%] [32mBuilding CXX object CMakeFiles/suii_msgs__rosidl_typesupport_introspection_cpp.dir/rosidl_typesupport_introspection_cpp/suii_msgs/srv/detail/manipulation_action__type_support.cpp.o[0m
[ 29%] [32mBuilding CXX object CMakeFiles/suii_msgs__rosidl_typesupport_c.dir/rosidl_typesupport_c/suii_msgs/srv/get_free_spot__type_support.cpp.o[0m
[ 30%] [32mBuilding CXX object CMakeFiles/suii_msgs__rosidl_typesupport_c.dir/rosidl_typesupport_c/suii_msgs/srv/item__type_support.cpp.o[0m
[35m[1mScanning dependencies of target suii_msgs__rosidl_typesupport_fastrtps_cpp[0m
[ 31%] [32mBuilding CXX object CMakeFiles/suii_msgs__rosidl_typesupport_c.dir/rosidl_typesupport_c/suii_msgs/srv/item_drive__type_support.cpp.o[0m
[ 32%] [32mBuilding CXX object CMakeFiles/suii_msgs__rosidl_typesupport_fastrtps_cpp.dir/rosidl_typesupport_fastrtps_cpp/suii_msgs/msg/detail/dds_fastrtps/suii_task__type_support.cpp.o[0m
[ 32%] [32mBuilding CXX object CMakeFiles/suii_msgs__rosidl_typesupport_c.dir/rosidl_typesupport_c/suii_msgs/srv/item_move__type_support.cpp.o[0m
[ 33%] [32mBuilding CXX object CMakeFiles/suii_msgs__rosidl_typesupport_c.dir/rosidl_typesupport_c/suii_msgs/srv/item_pick__type_support.cpp.o[0m
[ 34%] [32mBuilding CXX object CMakeFiles/suii_msgs__rosidl_typesupport_c.dir/rosidl_typesupport_c/suii_msgs/srv/item_place__type_support.cpp.o[0m
[ 34%] [32mBuilding CXX object CMakeFiles/suii_msgs__rosidl_typesupport_c.dir/rosidl_typesupport_c/suii_msgs/srv/manipulation_action__type_support.cpp.o[0m
[ 35%] [32mBuilding CXX object CMakeFiles/suii_msgs__rosidl_typesupport_c.dir/rosidl_typesupport_c/suii_msgs/srv/manipulation_pose__type_support.cpp.o[0m
[ 35%] [32mBuilding CXX object CMakeFiles/suii_msgs__rosidl_typesupport_c.dir/rosidl_typesupport_c/suii_msgs/srv/navigation_goal__type_support.cpp.o[0m
[ 36%] [32mBuilding CXX object CMakeFiles/suii_msgs__rosidl_typesupport_introspection_cpp.dir/rosidl_typesupport_introspection_cpp/suii_msgs/srv/detail/manipulation_pose__type_support.cpp.o[0m
[ 36%] [32mBuilding CXX object CMakeFiles/suii_msgs__rosidl_typesupport_c.dir/rosidl_typesupport_c/suii_msgs/srv/navigation_repose__type_support.cpp.o[0m
[ 37%] [32mBuilding CXX object CMakeFiles/suii_msgs__rosidl_typesupport_introspection_cpp.dir/rosidl_typesupport_introspection_cpp/suii_msgs/srv/detail/navigation_goal__type_support.cpp.o[0m
[ 38%] [32mBuilding CXX object CMakeFiles/suii_msgs__rosidl_typesupport_cpp.dir/rosidl_typesupport_cpp/suii_msgs/msg/vision_scan_object__type_support.cpp.o[0m
[ 38%] [32mBuilding CXX object CMakeFiles/suii_msgs__rosidl_typesupport_introspection_cpp.dir/rosidl_typesupport_introspection_cpp/suii_msgs/srv/detail/navigation_repose__type_support.cpp.o[0m
[ 38%] [32mBuilding CXX object CMakeFiles/suii_msgs__rosidl_typesupport_introspection_cpp.dir/rosidl_typesupport_introspection_cpp/suii_msgs/srv/detail/update_items__type_support.cpp.o[0m
[ 39%] [32mBuilding CXX object CMakeFiles/suii_msgs__rosidl_typesupport_c.dir/rosidl_typesupport_c/suii_msgs/srv/update_items__type_support.cpp.o[0m
[ 39%] [32mBuilding CXX object CMakeFiles/suii_msgs__rosidl_typesupport_c.dir/rosidl_typesupport_c/suii_msgs/srv/vision_scan__type_support.cpp.o[0m
[35m[1mScanning dependencies of target suii_msgs__rosidl_typesupport_introspection_c[0m
[ 40%] [32mBuilding C object CMakeFiles/suii_msgs__rosidl_typesupport_introspection_c.dir/rosidl_typesupport_introspection_c/suii_msgs/msg/detail/suii_task__type_support.c.o[0m
[ 41%] [32m[1mLinking CXX shared library libsuii_msgs__rosidl_typesupport_c.so[0m
[ 41%] [32mBuilding C object CMakeFiles/suii_msgs__rosidl_typesupport_introspection_c.dir/rosidl_typesupport_introspection_c/suii_msgs/msg/detail/suii_task_list__type_support.c.o[0m
[ 41%] Built target suii_msgs__rosidl_typesupport_c
[ 42%] [32mBuilding C object CMakeFiles/suii_msgs__rosidl_typesupport_introspection_c.dir/rosidl_typesupport_introspection_c/suii_msgs/msg/detail/task__type_support.c.o[0m
[ 42%] [32mBuilding C object CMakeFiles/suii_msgs__rosidl_typesupport_introspection_c.dir/rosidl_typesupport_introspection_c/suii_msgs/msg/detail/vision_scan_object__type_support.c.o[0m
[ 43%] [32mBuilding CXX object CMakeFiles/suii_msgs__rosidl_typesupport_introspection_cpp.dir/rosidl_typesupport_introspection_cpp/suii_msgs/srv/detail/vision_scan__type_support.cpp.o[0m
[ 44%] [32mBuilding C object CMakeFiles/suii_msgs__rosidl_typesupport_introspection_c.dir/rosidl_typesupport_introspection_c/suii_msgs/srv/detail/distance_to_goal__type_support.c.o[0m
[ 45%] [32mBuilding C object CMakeFiles/suii_msgs__rosidl_typesupport_introspection_c.dir/rosidl_typesupport_introspection_c/suii_msgs/srv/detail/get_free_spot__type_support.c.o[0m
[ 45%] [32mBuilding C object CMakeFiles/suii_msgs__rosidl_typesupport_introspection_c.dir/rosidl_typesupport_introspection_c/suii_msgs/srv/detail/item__type_support.c.o[0m
[ 45%] [32mBuilding CXX object CMakeFiles/suii_msgs__rosidl_typesupport_fastrtps_cpp.dir/rosidl_typesupport_fastrtps_cpp/suii_msgs/msg/detail/dds_fastrtps/suii_task_list__type_support.cpp.o[0m
[ 46%] [32mBuilding C object CMakeFiles/suii_msgs__rosidl_typesupport_introspection_c.dir/rosidl_typesupport_introspection_c/suii_msgs/srv/detail/item_drive__type_support.c.o[0m
[ 47%] [32mBuilding C object CMakeFiles/suii_msgs__rosidl_typesupport_introspection_c.dir/rosidl_typesupport_introspection_c/suii_msgs/srv/detail/item_move__type_support.c.o[0m
[ 48%] [32mBuilding CXX object CMakeFiles/suii_msgs__rosidl_typesupport_fastrtps_cpp.dir/rosidl_typesupport_fastrtps_cpp/suii_msgs/msg/detail/dds_fastrtps/task__type_support.cpp.o[0m
[ 49%] [32mBuilding CXX object CMakeFiles/suii_msgs__rosidl_typesupport_fastrtps_cpp.dir/rosidl_typesupport_fastrtps_cpp/suii_msgs/msg/detail/dds_fastrtps/vision_scan_object__type_support.cpp.o[0m
[ 50%] [32mBuilding CXX object CMakeFiles/suii_msgs__rosidl_typesupport_cpp.dir/rosidl_typesupport_cpp/suii_msgs/srv/distance_to_goal__type_support.cpp.o[0m
[ 50%] [32mBuilding C object CMakeFiles/suii_msgs__rosidl_typesupport_introspection_c.dir/rosidl_typesupport_introspection_c/suii_msgs/srv/detail/item_pick__type_support.c.o[0m
[ 51%] [32mBuilding C object CMakeFiles/suii_msgs__rosidl_typesupport_introspection_c.dir/rosidl_typesupport_introspection_c/suii_msgs/srv/detail/item_place__type_support.c.o[0m
[ 52%] [32mBuilding C object CMakeFiles/suii_msgs__rosidl_typesupport_introspection_c.dir/rosidl_typesupport_introspection_c/suii_msgs/srv/detail/manipulation_action__type_support.c.o[0m
[ 52%] [32mBuilding C object CMakeFiles/suii_msgs__rosidl_typesupport_introspection_c.dir/rosidl_typesupport_introspection_c/suii_msgs/srv/detail/manipulation_pose__type_support.c.o[0m
[ 53%] [32mBuilding CXX object CMakeFiles/suii_msgs__rosidl_typesupport_cpp.dir/rosidl_typesupport_cpp/suii_msgs/srv/get_free_spot__type_support.cpp.o[0m
[ 54%] [32mBuilding C object CMakeFiles/suii_msgs__rosidl_typesupport_introspection_c.dir/rosidl_typesupport_introspection_c/suii_msgs/srv/detail/navigation_goal__type_support.c.o[0m
[ 54%] [32mBuilding CXX object CMakeFiles/suii_msgs__rosidl_typesupport_cpp.dir/rosidl_typesupport_cpp/suii_msgs/srv/item__type_support.cpp.o[0m
[ 54%] [32mBuilding C object CMakeFiles/suii_msgs__rosidl_typesupport_introspection_c.dir/rosidl_typesupport_introspection_c/suii_msgs/srv/detail/navigation_repose__type_support.c.o[0m
[ 55%] [32mBuilding C object CMakeFiles/suii_msgs__rosidl_typesupport_introspection_c.dir/rosidl_typesupport_introspection_c/suii_msgs/srv/detail/update_items__type_support.c.o[0m
[ 56%] [32mBuilding C object CMakeFiles/suii_msgs__rosidl_typesupport_introspection_c.dir/rosidl_typesupport_introspection_c/suii_msgs/srv/detail/vision_scan__type_support.c.o[0m
[ 57%] [32m[1mLinking CXX shared library libsuii_msgs__rosidl_typesupport_introspection_cpp.so[0m
[ 57%] [32m[1mLinking C shared library libsuii_msgs__rosidl_typesupport_introspection_c.so[0m
[ 57%] Built target suii_msgs__rosidl_typesupport_introspection_c
[ 58%] [32mBuilding CXX object CMakeFiles/suii_msgs__rosidl_typesupport_cpp.dir/rosidl_typesupport_cpp/suii_msgs/srv/item_drive__type_support.cpp.o[0m
[ 59%] [32mBuilding CXX object CMakeFiles/suii_msgs__rosidl_typesupport_cpp.dir/rosidl_typesupport_cpp/suii_msgs/srv/item_move__type_support.cpp.o[0m
[ 59%] Built target suii_msgs__rosidl_typesupport_introspection_cpp
[ 59%] [32mBuilding CXX object CMakeFiles/suii_msgs__rosidl_typesupport_cpp.dir/rosidl_typesupport_cpp/suii_msgs/srv/item_pick__type_support.cpp.o[0m
[ 60%] [32mBuilding CXX object CMakeFiles/suii_msgs__rosidl_typesupport_cpp.dir/rosidl_typesupport_cpp/suii_msgs/srv/item_place__type_support.cpp.o[0m
[ 60%] [32mBuilding CXX object CMakeFiles/suii_msgs__rosidl_typesupport_fastrtps_cpp.dir/rosidl_typesupport_fastrtps_cpp/suii_msgs/srv/detail/dds_fastrtps/distance_to_goal__type_support.cpp.o[0m
[ 61%] [32mBuilding CXX object CMakeFiles/suii_msgs__rosidl_typesupport_fastrtps_cpp.dir/rosidl_typesupport_fastrtps_cpp/suii_msgs/srv/detail/dds_fastrtps/get_free_spot__type_support.cpp.o[0m
[ 61%] [32mBuilding CXX object CMakeFiles/suii_msgs__rosidl_typesupport_fastrtps_cpp.dir/rosidl_typesupport_fastrtps_cpp/suii_msgs/srv/detail/dds_fastrtps/item__type_support.cpp.o[0m
[ 62%] [32mBuilding CXX object CMakeFiles/suii_msgs__rosidl_typesupport_fastrtps_cpp.dir/rosidl_typesupport_fastrtps_cpp/suii_msgs/srv/detail/dds_fastrtps/item_drive__type_support.cpp.o[0m
[ 62%] [32mBuilding CXX object CMakeFiles/suii_msgs__rosidl_typesupport_cpp.dir/rosidl_typesupport_cpp/suii_msgs/srv/manipulation_action__type_support.cpp.o[0m
[ 63%] [32mBuilding CXX object CMakeFiles/suii_msgs__rosidl_typesupport_cpp.dir/rosidl_typesupport_cpp/suii_msgs/srv/manipulation_pose__type_support.cpp.o[0m
[ 64%] [32mBuilding CXX object CMakeFiles/suii_msgs__rosidl_typesupport_cpp.dir/rosidl_typesupport_cpp/suii_msgs/srv/navigation_goal__type_support.cpp.o[0m
[ 64%] [32mBuilding CXX object CMakeFiles/suii_msgs__rosidl_typesupport_cpp.dir/rosidl_typesupport_cpp/suii_msgs/srv/navigation_repose__type_support.cpp.o[0m
[ 65%] [32mBuilding CXX object CMakeFiles/suii_msgs__rosidl_typesupport_fastrtps_cpp.dir/rosidl_typesupport_fastrtps_cpp/suii_msgs/srv/detail/dds_fastrtps/item_move__type_support.cpp.o[0m
[ 65%] [32mBuilding CXX object CMakeFiles/suii_msgs__rosidl_typesupport_fastrtps_cpp.dir/rosidl_typesupport_fastrtps_cpp/suii_msgs/srv/detail/dds_fastrtps/item_pick__type_support.cpp.o[0m
[ 66%] [32mBuilding CXX object CMakeFiles/suii_msgs__rosidl_typesupport_cpp.dir/rosidl_typesupport_cpp/suii_msgs/srv/update_items__type_support.cpp.o[0m
[ 67%] [32mBuilding CXX object CMakeFiles/suii_msgs__rosidl_typesupport_fastrtps_cpp.dir/rosidl_typesupport_fastrtps_cpp/suii_msgs/srv/detail/dds_fastrtps/item_place__type_support.cpp.o[0m
[ 68%] [32mBuilding CXX object CMakeFiles/suii_msgs__rosidl_typesupport_fastrtps_cpp.dir/rosidl_typesupport_fastrtps_cpp/suii_msgs/srv/detail/dds_fastrtps/manipulation_action__type_support.cpp.o[0m
[ 69%] [32mBuilding CXX object CMakeFiles/suii_msgs__rosidl_typesupport_cpp.dir/rosidl_typesupport_cpp/suii_msgs/srv/vision_scan__type_support.cpp.o[0m
[ 69%] [32mBuilding CXX object CMakeFiles/suii_msgs__rosidl_typesupport_fastrtps_cpp.dir/rosidl_typesupport_fastrtps_cpp/suii_msgs/srv/detail/dds_fastrtps/manipulation_pose__type_support.cpp.o[0m
[ 70%] [32mBuilding CXX object CMakeFiles/suii_msgs__rosidl_typesupport_fastrtps_cpp.dir/rosidl_typesupport_fastrtps_cpp/suii_msgs/srv/detail/dds_fastrtps/navigation_goal__type_support.cpp.o[0m
[ 70%] [32mBuilding CXX object CMakeFiles/suii_msgs__rosidl_typesupport_fastrtps_cpp.dir/rosidl_typesupport_fastrtps_cpp/suii_msgs/srv/detail/dds_fastrtps/navigation_repose__type_support.cpp.o[0m
[ 70%] [32m[1mLinking CXX shared library libsuii_msgs__rosidl_typesupport_cpp.so[0m
[ 70%] Built target suii_msgs__rosidl_typesupport_cpp
[ 71%] [32mBuilding CXX object CMakeFiles/suii_msgs__rosidl_typesupport_fastrtps_cpp.dir/rosidl_typesupport_fastrtps_cpp/suii_msgs/srv/detail/dds_fastrtps/update_items__type_support.cpp.o[0m
[ 72%] [32mBuilding CXX object CMakeFiles/suii_msgs__rosidl_typesupport_fastrtps_cpp.dir/rosidl_typesupport_fastrtps_cpp/suii_msgs/srv/detail/dds_fastrtps/vision_scan__type_support.cpp.o[0m
[ 72%] [32m[1mLinking CXX shared library libsuii_msgs__rosidl_typesupport_fastrtps_cpp.so[0m
[ 72%] Built target suii_msgs__rosidl_typesupport_fastrtps_cpp
[ 73%] [34m[1mGenerating C type support for eProsima Fast-RTPS[0m
[35m[1mScanning dependencies of target suii_msgs__rosidl_typesupport_fastrtps_c[0m
[ 74%] [32mBuilding CXX object CMakeFiles/suii_msgs__rosidl_typesupport_fastrtps_c.dir/rosidl_typesupport_fastrtps_c/suii_msgs/msg/detail/suii_task__type_support_c.cpp.o[0m
[ 74%] [32mBuilding CXX object CMakeFiles/suii_msgs__rosidl_typesupport_fastrtps_c.dir/rosidl_typesupport_fastrtps_c/suii_msgs/msg/detail/suii_task_list__type_support_c.cpp.o[0m
[ 75%] [32mBuilding CXX object CMakeFiles/suii_msgs__rosidl_typesupport_fastrtps_c.dir/rosidl_typesupport_fastrtps_c/suii_msgs/msg/detail/task__type_support_c.cpp.o[0m
[ 75%] [32mBuilding CXX object CMakeFiles/suii_msgs__rosidl_typesupport_fastrtps_c.dir/rosidl_typesupport_fastrtps_c/suii_msgs/msg/detail/vision_scan_object__type_support_c.cpp.o[0m
[ 75%] [32mBuilding CXX object CMakeFiles/suii_msgs__rosidl_typesupport_fastrtps_c.dir/rosidl_typesupport_fastrtps_c/suii_msgs/srv/detail/item__type_support_c.cpp.o[0m
[ 76%] [32mBuilding CXX object CMakeFiles/suii_msgs__rosidl_typesupport_fastrtps_c.dir/rosidl_typesupport_fastrtps_c/suii_msgs/srv/detail/distance_to_goal__type_support_c.cpp.o[0m
[ 77%] [32mBuilding CXX object CMakeFiles/suii_msgs__rosidl_typesupport_fastrtps_c.dir/rosidl_typesupport_fastrtps_c/suii_msgs/srv/detail/get_free_spot__type_support_c.cpp.o[0m
[ 78%] [32mBuilding CXX object CMakeFiles/suii_msgs__rosidl_typesupport_fastrtps_c.dir/rosidl_typesupport_fastrtps_c/suii_msgs/srv/detail/item_drive__type_support_c.cpp.o[0m
[ 78%] [32mBuilding CXX object CMakeFiles/suii_msgs__rosidl_typesupport_fastrtps_c.dir/rosidl_typesupport_fastrtps_c/suii_msgs/srv/detail/item_move__type_support_c.cpp.o[0m
[ 79%] [32mBuilding CXX object CMakeFiles/suii_msgs__rosidl_typesupport_fastrtps_c.dir/rosidl_typesupport_fastrtps_c/suii_msgs/srv/detail/item_pick__type_support_c.cpp.o[0m
[ 80%] [32mBuilding CXX object CMakeFiles/suii_msgs__rosidl_typesupport_fastrtps_c.dir/rosidl_typesupport_fastrtps_c/suii_msgs/srv/detail/manipulation_action__type_support_c.cpp.o[0m
[ 80%] [32mBuilding CXX object CMakeFiles/suii_msgs__rosidl_typesupport_fastrtps_c.dir/rosidl_typesupport_fastrtps_c/suii_msgs/srv/detail/item_place__type_support_c.cpp.o[0m
[ 81%] [32mBuilding CXX object CMakeFiles/suii_msgs__rosidl_typesupport_fastrtps_c.dir/rosidl_typesupport_fastrtps_c/suii_msgs/srv/detail/manipulation_pose__type_support_c.cpp.o[0m
[ 82%] [32mBuilding CXX object CMakeFiles/suii_msgs__rosidl_typesupport_fastrtps_c.dir/rosidl_typesupport_fastrtps_c/suii_msgs/srv/detail/navigation_repose__type_support_c.cpp.o[0m
[ 82%] [32mBuilding CXX object CMakeFiles/suii_msgs__rosidl_typesupport_fastrtps_c.dir/rosidl_typesupport_fastrtps_c/suii_msgs/srv/detail/navigation_goal__type_support_c.cpp.o[0m
[ 83%] [32mBuilding CXX object CMakeFiles/suii_msgs__rosidl_typesupport_fastrtps_c.dir/rosidl_typesupport_fastrtps_c/suii_msgs/srv/detail/update_items__type_support_c.cpp.o[0m
[ 84%] [32mBuilding CXX object CMakeFiles/suii_msgs__rosidl_typesupport_fastrtps_c.dir/rosidl_typesupport_fastrtps_c/suii_msgs/srv/detail/vision_scan__type_support_c.cpp.o[0m
[ 84%] [32m[1mLinking CXX shared library libsuii_msgs__rosidl_typesupport_fastrtps_c.so[0m
[ 84%] Built target suii_msgs__rosidl_typesupport_fastrtps_c
[35m[1mScanning dependencies of target suii_msgs[0m
[ 84%] Built target suii_msgs
[35m[1mScanning dependencies of target suii_msgs__py[0m
[ 85%] [34m[1mGenerating Python code for ROS interfaces[0m
[ 85%] Built target suii_msgs__py
[35m[1mScanning dependencies of target suii_msgs__python[0m
[ 86%] [32mBuilding C object CMakeFiles/suii_msgs__python.dir/rosidl_generator_py/suii_msgs/msg/_suii_task_s.c.o[0m
[ 86%] [32mBuilding C object CMakeFiles/suii_msgs__python.dir/rosidl_generator_py/suii_msgs/msg/_suii_task_list_s.c.o[0m
[ 87%] [32mBuilding C object CMakeFiles/suii_msgs__python.dir/rosidl_generator_py/suii_msgs/msg/_task_s.c.o[0m
[ 88%] [32mBuilding C object CMakeFiles/suii_msgs__python.dir/rosidl_generator_py/suii_msgs/srv/_distance_to_goal_s.c.o[0m
[ 88%] [32mBuilding C object CMakeFiles/suii_msgs__python.dir/rosidl_generator_py/suii_msgs/msg/_vision_scan_object_s.c.o[0m
[ 88%] [32mBuilding C object CMakeFiles/suii_msgs__python.dir/rosidl_generator_py/suii_msgs/srv/_item_s.c.o[0m
[ 89%] [32mBuilding C object CMakeFiles/suii_msgs__python.dir/rosidl_generator_py/suii_msgs/srv/_get_free_spot_s.c.o[0m
[ 90%] [32mBuilding C object CMakeFiles/suii_msgs__python.dir/rosidl_generator_py/suii_msgs/srv/_item_drive_s.c.o[0m
[ 90%] [32mBuilding C object CMakeFiles/suii_msgs__python.dir/rosidl_generator_py/suii_msgs/srv/_item_move_s.c.o[0m
[ 91%] [32mBuilding C object CMakeFiles/suii_msgs__python.dir/rosidl_generator_py/suii_msgs/srv/_item_pick_s.c.o[0m
[ 92%] [32mBuilding C object CMakeFiles/suii_msgs__python.dir/rosidl_generator_py/suii_msgs/srv/_item_place_s.c.o[0m
[ 92%] [32mBuilding C object CMakeFiles/suii_msgs__python.dir/rosidl_generator_py/suii_msgs/srv/_manipulation_action_s.c.o[0m
[ 93%] [32mBuilding C object CMakeFiles/suii_msgs__python.dir/rosidl_generator_py/suii_msgs/srv/_manipulation_pose_s.c.o[0m
[ 93%] [32mBuilding C object CMakeFiles/suii_msgs__python.dir/rosidl_generator_py/suii_msgs/srv/_navigation_repose_s.c.o[0m
[ 95%] [32mBuilding C object CMakeFiles/suii_msgs__python.dir/rosidl_generator_py/suii_msgs/srv/_update_items_s.c.o[0m
[ 95%] [32mBuilding C object CMakeFiles/suii_msgs__python.dir/rosidl_generator_py/suii_msgs/srv/_navigation_goal_s.c.o[0m
[ 95%] [32mBuilding C object CMakeFiles/suii_msgs__python.dir/rosidl_generator_py/suii_msgs/srv/_vision_scan_s.c.o[0m
[ 96%] [32m[1mLinking C shared library rosidl_generator_py/suii_msgs/libsuii_msgs__python.so[0m
[ 96%] Built target suii_msgs__python
[35m[1mScanning dependencies of target suii_msgs__rosidl_typesupport_fastrtps_c__pyext[0m
[35m[1mScanning dependencies of target suii_msgs__rosidl_typesupport_c__pyext[0m
[35m[1mScanning dependencies of target suii_msgs__rosidl_typesupport_introspection_c__pyext[0m
[ 97%] [32mBuilding C object CMakeFiles/suii_msgs__rosidl_typesupport_fastrtps_c__pyext.dir/rosidl_generator_py/suii_msgs/_suii_msgs_s.ep.rosidl_typesupport_fastrtps_c.c.o[0m
[ 99%] [32mBuilding C object CMakeFiles/suii_msgs__rosidl_typesupport_introspection_c__pyext.dir/rosidl_generator_py/suii_msgs/_suii_msgs_s.ep.rosidl_typesupport_introspection_c.c.o[0m
[ 99%] [32mBuilding C object CMakeFiles/suii_msgs__rosidl_typesupport_c__pyext.dir/rosidl_generator_py/suii_msgs/_suii_msgs_s.ep.rosidl_typesupport_c.c.o[0m
[100%] [32m[1mLinking C shared library rosidl_generator_py/suii_msgs/suii_msgs_s__rosidl_typesupport_c.cpython-38-x86_64-linux-gnu.so[0m
[100%] [32m[1mLinking C shared library rosidl_generator_py/suii_msgs/suii_msgs_s__rosidl_typesupport_introspection_c.cpython-38-x86_64-linux-gnu.so[0m
[100%] [32m[1mLinking CXX shared library rosidl_generator_py/suii_msgs/suii_msgs_s__rosidl_typesupport_fastrtps_c.cpython-38-x86_64-linux-gnu.so[0m
[100%] Built target suii_msgs__rosidl_typesupport_c__pyext
[100%] Built target suii_msgs__rosidl_typesupport_introspection_c__pyext
[100%] Built target suii_msgs__rosidl_typesupport_fastrtps_c__pyext
-- Install configuration: ""
-- Execute custom install script
-- Symlinking: /home/suii/colcon_ws/suii/ros2_ws/install/suii_msgs/share/ament_index/resource_index/rosidl_interfaces/suii_msgs
-- Symlinking: /home/suii/colcon_ws/suii/ros2_ws/install/suii_msgs/include/suii_msgs/msg/detail/suii_task__functions.h
-- Symlinking: /home/suii/colcon_ws/suii/ros2_ws/install/suii_msgs/include/suii_msgs/msg/detail/suii_task__struct.h
-- Symlinking: /home/suii/colcon_ws/suii/ros2_ws/install/suii_msgs/include/suii_msgs/msg/detail/suii_task__type_support.h
-- Symlinking: /home/suii/colcon_ws/suii/ros2_ws/install/suii_msgs/include/suii_msgs/msg/detail/suii_task_list__functions.h
-- Symlinking: /home/suii/colcon_ws/suii/ros2_ws/install/suii_msgs/include/suii_msgs/msg/detail/suii_task_list__struct.h
-- Symlinking: /home/suii/colcon_ws/suii/ros2_ws/install/suii_msgs/include/suii_msgs/msg/detail/suii_task_list__type_support.h
-- Symlinking: /home/suii/colcon_ws/suii/ros2_ws/install/suii_msgs/include/suii_msgs/msg/detail/task__functions.h
-- Symlinking: /home/suii/colcon_ws/suii/ros2_ws/install/suii_msgs/include/suii_msgs/msg/detail/task__struct.h
-- Symlinking: /home/suii/colcon_ws/suii/ros2_ws/install/suii_msgs/include/suii_msgs/msg/detail/task__type_support.h
-- Symlinking: /home/suii/colcon_ws/suii/ros2_ws/install/suii_msgs/include/suii_msgs/msg/detail/vision_scan_object__functions.h
-- Symlinking: /home/suii/colcon_ws/suii/ros2_ws/install/suii_msgs/include/suii_msgs/msg/detail/vision_scan_object__struct.h
-- Symlinking: /home/suii/colcon_ws/suii/ros2_ws/install/suii_msgs/include/suii_msgs/msg/detail/vision_scan_object__type_support.h
-- Symlinking: /home/suii/colcon_ws/suii/ros2_ws/install/suii_msgs/include/suii_msgs/msg/rosidl_generator_c__visibility_control.h
-- Symlinking: /home/suii/colcon_ws/suii/ros2_ws/install/suii_msgs/include/suii_msgs/msg/suii_task.h
-- Symlinking: /home/suii/colcon_ws/suii/ros2_ws/install/suii_msgs/include/suii_msgs/msg/suii_task_list.h
-- Symlinking: /home/suii/colcon_ws/suii/ros2_ws/install/suii_msgs/include/suii_msgs/msg/task.h
-- Symlinking: /home/suii/colcon_ws/suii/ros2_ws/install/suii_msgs/include/suii_msgs/msg/vision_scan_object.h
-- Symlinking: /home/suii/colcon_ws/suii/ros2_ws/install/suii_msgs/include/suii_msgs/srv/detail/distance_to_goal__functions.h
-- Symlinking: /home/suii/colcon_ws/suii/ros2_ws/install/suii_msgs/include/suii_msgs/srv/detail/distance_to_goal__struct.h
-- Symlinking: /home/suii/colcon_ws/suii/ros2_ws/install/suii_msgs/include/suii_msgs/srv/detail/distance_to_goal__type_support.h
-- Symlinking: /home/suii/colcon_ws/suii/ros2_ws/install/suii_msgs/include/suii_msgs/srv/detail/get_free_spot__functions.h
-- Symlinking: /home/suii/colcon_ws/suii/ros2_ws/install/suii_msgs/include/suii_msgs/srv/detail/get_free_spot__struct.h
-- Symlinking: /home/suii/colcon_ws/suii/ros2_ws/install/suii_msgs/include/suii_msgs/srv/detail/get_free_spot__type_support.h
-- Symlinking: /home/suii/colcon_ws/suii/ros2_ws/install/suii_msgs/include/suii_msgs/srv/detail/item__functions.h
-- Symlinking: /home/suii/colcon_ws/suii/ros2_ws/install/suii_msgs/include/suii_msgs/srv/detail/item__struct.h
-- Symlinking: /home/suii/colcon_ws/suii/ros2_ws/install/suii_msgs/include/suii_msgs/srv/detail/item__type_support.h
-- Symlinking: /home/suii/colcon_ws/suii/ros2_ws/install/suii_msgs/include/suii_msgs/srv/detail/item_drive__functions.h
-- Symlinking: /home/suii/colcon_ws/suii/ros2_ws/install/suii_msgs/include/suii_msgs/srv/detail/item_drive__struct.h
-- Symlinking: /home/suii/colcon_ws/suii/ros2_ws/install/suii_msgs/include/suii_msgs/srv/detail/item_drive__type_support.h
-- Symlinking: /home/suii/colcon_ws/suii/ros2_ws/install/suii_msgs/include/suii_msgs/srv/detail/item_move__functions.h
-- Symlinking: /home/suii/colcon_ws/suii/ros2_ws/install/suii_msgs/include/suii_msgs/srv/detail/item_move__struct.h
-- Symlinking: /home/suii/colcon_ws/suii/ros2_ws/install/suii_msgs/include/suii_msgs/srv/detail/item_move__type_support.h
-- Symlinking: /home/suii/colcon_ws/suii/ros2_ws/install/suii_msgs/include/suii_msgs/srv/detail/item_pick__functions.h
-- Symlinking: /home/suii/colcon_ws/suii/ros2_ws/install/suii_msgs/include/suii_msgs/srv/detail/item_pick__struct.h
-- Symlinking: /home/suii/colcon_ws/suii/ros2_ws/install/suii_msgs/include/suii_msgs/srv/detail/item_pick__type_support.h
-- Symlinking: /home/suii/colcon_ws/suii/ros2_ws/install/suii_msgs/include/suii_msgs/srv/detail/item_place__functions.h
-- Symlinking: /home/suii/colcon_ws/suii/ros2_ws/install/suii_msgs/include/suii_msgs/srv/detail/item_place__struct.h
-- Symlinking: /home/suii/colcon_ws/suii/ros2_ws/install/suii_msgs/include/suii_msgs/srv/detail/item_place__type_support.h
-- Symlinking: /home/suii/colcon_ws/suii/ros2_ws/install/suii_msgs/include/suii_msgs/srv/detail/manipulation_action__functions.h
-- Symlinking: /home/suii/colcon_ws/suii/ros2_ws/install/suii_msgs/include/suii_msgs/srv/detail/manipulation_action__struct.h
-- Symlinking: /home/suii/colcon_ws/suii/ros2_ws/install/suii_msgs/include/suii_msgs/srv/detail/manipulation_action__type_support.h
-- Symlinking: /home/suii/colcon_ws/suii/ros2_ws/install/suii_msgs/include/suii_msgs/srv/detail/manipulation_pose__functions.h
-- Symlinking: /home/suii/colcon_ws/suii/ros2_ws/install/suii_msgs/include/suii_msgs/srv/detail/manipulation_pose__struct.h
-- Symlinking: /home/suii/colcon_ws/suii/ros2_ws/install/suii_msgs/include/suii_msgs/srv/detail/manipulation_pose__type_support.h
-- Symlinking: /home/suii/colcon_ws/suii/ros2_ws/install/suii_msgs/include/suii_msgs/srv/detail/navigation_goal__functions.h
-- Symlinking: /home/suii/colcon_ws/suii/ros2_ws/install/suii_msgs/include/suii_msgs/srv/detail/navigation_goal__struct.h
-- Symlinking: /home/suii/colcon_ws/suii/ros2_ws/install/suii_msgs/include/suii_msgs/srv/detail/navigation_goal__type_support.h
-- Symlinking: /home/suii/colcon_ws/suii/ros2_ws/install/suii_msgs/include/suii_msgs/srv/detail/navigation_repose__functions.h
-- Symlinking: /home/suii/colcon_ws/suii/ros2_ws/install/suii_msgs/include/suii_msgs/srv/detail/navigation_repose__struct.h
-- Symlinking: /home/suii/colcon_ws/suii/ros2_ws/install/suii_msgs/include/suii_msgs/srv/detail/navigation_repose__type_support.h
-- Symlinking: /home/suii/colcon_ws/suii/ros2_ws/install/suii_msgs/include/suii_msgs/srv/detail/update_items__functions.h
-- Symlinking: /home/suii/colcon_ws/suii/ros2_ws/install/suii_msgs/include/suii_msgs/srv/detail/update_items__struct.h
-- Symlinking: /home/suii/colcon_ws/suii/ros2_ws/install/suii_msgs/include/suii_msgs/srv/detail/update_items__type_support.h
-- Symlinking: /home/suii/colcon_ws/suii/ros2_ws/install/suii_msgs/include/suii_msgs/srv/detail/vision_scan__functions.h
-- Symlinking: /home/suii/colcon_ws/suii/ros2_ws/install/suii_msgs/include/suii_msgs/srv/detail/vision_scan__struct.h
-- Symlinking: /home/suii/colcon_ws/suii/ros2_ws/install/suii_msgs/include/suii_msgs/srv/detail/vision_scan__type_support.h
-- Symlinking: /home/suii/colcon_ws/suii/ros2_ws/install/suii_msgs/include/suii_msgs/srv/distance_to_goal.h
-- Symlinking: /home/suii/colcon_ws/suii/ros2_ws/install/suii_msgs/include/suii_msgs/srv/get_free_spot.h
-- Symlinking: /home/suii/colcon_ws/suii/ros2_ws/install/suii_msgs/include/suii_msgs/srv/item.h
-- Symlinking: /home/suii/colcon_ws/suii/ros2_ws/install/suii_msgs/include/suii_msgs/srv/item_drive.h
-- Symlinking: /home/suii/colcon_ws/suii/ros2_ws/install/suii_msgs/include/suii_msgs/srv/item_move.h
-- Symlinking: /home/suii/colcon_ws/suii/ros2_ws/install/suii_msgs/include/suii_msgs/srv/item_pick.h
-- Symlinking: /home/suii/colcon_ws/suii/ros2_ws/install/suii_msgs/include/suii_msgs/srv/item_place.h
-- Symlinking: /home/suii/colcon_ws/suii/ros2_ws/install/suii_msgs/include/suii_msgs/srv/manipulation_action.h
-- Symlinking: /home/suii/colcon_ws/suii/ros2_ws/install/suii_msgs/include/suii_msgs/srv/manipulation_pose.h
-- Symlinking: /home/suii/colcon_ws/suii/ros2_ws/install/suii_msgs/include/suii_msgs/srv/navigation_goal.h
-- Symlinking: /home/suii/colcon_ws/suii/ros2_ws/install/suii_msgs/include/suii_msgs/srv/navigation_repose.h
-- Symlinking: /home/suii/colcon_ws/suii/ros2_ws/install/suii_msgs/include/suii_msgs/srv/update_items.h
-- Symlinking: /home/suii/colcon_ws/suii/ros2_ws/install/suii_msgs/include/suii_msgs/srv/vision_scan.h
-- Symlinking: /home/suii/colcon_ws/suii/ros2_ws/install/suii_msgs/share/suii_msgs/environment/library_path.sh
-- Symlinking: /home/suii/colcon_ws/suii/ros2_ws/install/suii_msgs/share/suii_msgs/environment/library_path.dsv
-- Symlinking: /home/suii/colcon_ws/suii/ros2_ws/install/suii_msgs/include/suii_msgs/msg/detail/suii_task__rosidl_typesupport_fastrtps_c.h
-- Symlinking: /home/suii/colcon_ws/suii/ros2_ws/install/suii_msgs/include/suii_msgs/msg/detail/suii_task_list__rosidl_typesupport_fastrtps_c.h
-- Symlinking: /home/suii/colcon_ws/suii/ros2_ws/install/suii_msgs/include/suii_msgs/msg/detail/task__rosidl_typesupport_fastrtps_c.h
-- Symlinking: /home/suii/colcon_ws/suii/ros2_ws/install/suii_msgs/include/suii_msgs/msg/detail/vision_scan_object__rosidl_typesupport_fastrtps_c.h
-- Symlinking: /home/suii/colcon_ws/suii/ros2_ws/install/suii_msgs/include/suii_msgs/msg/rosidl_typesupport_fastrtps_c__visibility_control.h
-- Symlinking: /home/suii/colcon_ws/suii/ros2_ws/install/suii_msgs/include/suii_msgs/srv/detail/distance_to_goal__rosidl_typesupport_fastrtps_c.h
-- Symlinking: /home/suii/colcon_ws/suii/ros2_ws/install/suii_msgs/include/suii_msgs/srv/detail/get_free_spot__rosidl_typesupport_fastrtps_c.h
-- Symlinking: /home/suii/colcon_ws/suii/ros2_ws/install/suii_msgs/include/suii_msgs/srv/detail/item__rosidl_typesupport_fastrtps_c.h
-- Symlinking: /home/suii/colcon_ws/suii/ros2_ws/install/suii_msgs/include/suii_msgs/srv/detail/item_drive__rosidl_typesupport_fastrtps_c.h
-- Symlinking: /home/suii/colcon_ws/suii/ros2_ws/install/suii_msgs/include/suii_msgs/srv/detail/item_move__rosidl_typesupport_fastrtps_c.h
-- Symlinking: /home/suii/colcon_ws/suii/ros2_ws/install/suii_msgs/include/suii_msgs/srv/detail/item_pick__rosidl_typesupport_fastrtps_c.h
-- Symlinking: /home/suii/colcon_ws/suii/ros2_ws/install/suii_msgs/include/suii_msgs/srv/detail/item_place__rosidl_typesupport_fastrtps_c.h
-- Symlinking: /home/suii/colcon_ws/suii/ros2_ws/install/suii_msgs/include/suii_msgs/srv/detail/manipulation_action__rosidl_typesupport_fastrtps_c.h
-- Symlinking: /home/suii/colcon_ws/suii/ros2_ws/install/suii_msgs/include/suii_msgs/srv/detail/manipulation_pose__rosidl_typesupport_fastrtps_c.h
-- Symlinking: /home/suii/colcon_ws/suii/ros2_ws/install/suii_msgs/include/suii_msgs/srv/detail/navigation_goal__rosidl_typesupport_fastrtps_c.h
-- Symlinking: /home/suii/colcon_ws/suii/ros2_ws/install/suii_msgs/include/suii_msgs/srv/detail/navigation_repose__rosidl_typesupport_fastrtps_c.h
-- Symlinking: /home/suii/colcon_ws/suii/ros2_ws/install/suii_msgs/include/suii_msgs/srv/detail/update_items__rosidl_typesupport_fastrtps_c.h
-- Symlinking: /home/suii/colcon_ws/suii/ros2_ws/install/suii_msgs/include/suii_msgs/srv/detail/vision_scan__rosidl_typesupport_fastrtps_c.h
-- Symlinking: /home/suii/colcon_ws/suii/ros2_ws/install/suii_msgs/lib/libsuii_msgs__rosidl_typesupport_fastrtps_c.so
-- Symlinking: /home/suii/colcon_ws/suii/ros2_ws/install/suii_msgs/include/suii_msgs/msg/detail/suii_task__rosidl_typesupport_fastrtps_cpp.hpp
-- Symlinking: /home/suii/colcon_ws/suii/ros2_ws/install/suii_msgs/include/suii_msgs/msg/detail/suii_task_list__rosidl_typesupport_fastrtps_cpp.hpp
-- Symlinking: /home/suii/colcon_ws/suii/ros2_ws/install/suii_msgs/include/suii_msgs/msg/detail/task__rosidl_typesupport_fastrtps_cpp.hpp
-- Symlinking: /home/suii/colcon_ws/suii/ros2_ws/install/suii_msgs/include/suii_msgs/msg/detail/vision_scan_object__rosidl_typesupport_fastrtps_cpp.hpp
-- Symlinking: /home/suii/colcon_ws/suii/ros2_ws/install/suii_msgs/include/suii_msgs/msg/rosidl_typesupport_fastrtps_cpp__visibility_control.h
-- Symlinking: /home/suii/colcon_ws/suii/ros2_ws/install/suii_msgs/include/suii_msgs/srv/detail/distance_to_goal__rosidl_typesupport_fastrtps_cpp.hpp
-- Symlinking: /home/suii/colcon_ws/suii/ros2_ws/install/suii_msgs/include/suii_msgs/srv/detail/get_free_spot__rosidl_typesupport_fastrtps_cpp.hpp
-- Symlinking: /home/suii/colcon_ws/suii/ros2_ws/install/suii_msgs/include/suii_msgs/srv/detail/item__rosidl_typesupport_fastrtps_cpp.hpp
-- Symlinking: /home/suii/colcon_ws/suii/ros2_ws/install/suii_msgs/include/suii_msgs/srv/detail/item_drive__rosidl_typesupport_fastrtps_cpp.hpp
-- Symlinking: /home/suii/colcon_ws/suii/ros2_ws/install/suii_msgs/include/suii_msgs/srv/detail/item_move__rosidl_typesupport_fastrtps_cpp.hpp
-- Symlinking: /home/suii/colcon_ws/suii/ros2_ws/install/suii_msgs/include/suii_msgs/srv/detail/item_pick__rosidl_typesupport_fastrtps_cpp.hpp
-- Symlinking: /home/suii/colcon_ws/suii/ros2_ws/install/suii_msgs/include/suii_msgs/srv/detail/item_place__rosidl_typesupport_fastrtps_cpp.hpp
-- Symlinking: /home/suii/colcon_ws/suii/ros2_ws/install/suii_msgs/include/suii_msgs/srv/detail/manipulation_action__rosidl_typesupport_fastrtps_cpp.hpp
-- Symlinking: /home/suii/colcon_ws/suii/ros2_ws/install/suii_msgs/include/suii_msgs/srv/detail/manipulation_pose__rosidl_typesupport_fastrtps_cpp.hpp
-- Symlinking: /home/suii/colcon_ws/suii/ros2_ws/install/suii_msgs/include/suii_msgs/srv/detail/navigation_goal__rosidl_typesupport_fastrtps_cpp.hpp
-- Symlinking: /home/suii/colcon_ws/suii/ros2_ws/install/suii_msgs/include/suii_msgs/srv/detail/navigation_repose__rosidl_typesupport_fastrtps_cpp.hpp
-- Symlinking: /home/suii/colcon_ws/suii/ros2_ws/install/suii_msgs/include/suii_msgs/srv/detail/update_items__rosidl_typesupport_fastrtps_cpp.hpp
-- Symlinking: /home/suii/colcon_ws/suii/ros2_ws/install/suii_msgs/include/suii_msgs/srv/detail/vision_scan__rosidl_typesupport_fastrtps_cpp.hpp
-- Symlinking: /home/suii/colcon_ws/suii/ros2_ws/install/suii_msgs/lib/libsuii_msgs__rosidl_typesupport_fastrtps_cpp.so
-- Symlinking: /home/suii/colcon_ws/suii/ros2_ws/install/suii_msgs/include/suii_msgs/msg/detail/suii_task__rosidl_typesupport_introspection_c.h
-- Symlinking: /home/suii/colcon_ws/suii/ros2_ws/install/suii_msgs/include/suii_msgs/msg/detail/suii_task_list__rosidl_typesupport_introspection_c.h
-- Symlinking: /home/suii/colcon_ws/suii/ros2_ws/install/suii_msgs/include/suii_msgs/msg/detail/task__rosidl_typesupport_introspection_c.h
-- Symlinking: /home/suii/colcon_ws/suii/ros2_ws/install/suii_msgs/include/suii_msgs/msg/detail/vision_scan_object__rosidl_typesupport_introspection_c.h
-- Symlinking: /home/suii/colcon_ws/suii/ros2_ws/install/suii_msgs/include/suii_msgs/msg/rosidl_typesupport_introspection_c__visibility_control.h
-- Symlinking: /home/suii/colcon_ws/suii/ros2_ws/install/suii_msgs/include/suii_msgs/srv/detail/distance_to_goal__rosidl_typesupport_introspection_c.h
-- Symlinking: /home/suii/colcon_ws/suii/ros2_ws/install/suii_msgs/include/suii_msgs/srv/detail/get_free_spot__rosidl_typesupport_introspection_c.h
-- Symlinking: /home/suii/colcon_ws/suii/ros2_ws/install/suii_msgs/include/suii_msgs/srv/detail/item__rosidl_typesupport_introspection_c.h
-- Symlinking: /home/suii/colcon_ws/suii/ros2_ws/install/suii_msgs/include/suii_msgs/srv/detail/item_drive__rosidl_typesupport_introspection_c.h
-- Symlinking: /home/suii/colcon_ws/suii/ros2_ws/install/suii_msgs/include/suii_msgs/srv/detail/item_move__rosidl_typesupport_introspection_c.h
-- Symlinking: /home/suii/colcon_ws/suii/ros2_ws/install/suii_msgs/include/suii_msgs/srv/detail/item_pick__rosidl_typesupport_introspection_c.h
-- Symlinking: /home/suii/colcon_ws/suii/ros2_ws/install/suii_msgs/include/suii_msgs/srv/detail/item_place__rosidl_typesupport_introspection_c.h
-- Symlinking: /home/suii/colcon_ws/suii/ros2_ws/install/suii_msgs/include/suii_msgs/srv/detail/manipulation_action__rosidl_typesupport_introspection_c.h
-- Symlinking: /home/suii/colcon_ws/suii/ros2_ws/install/suii_msgs/include/suii_msgs/srv/detail/manipulation_pose__rosidl_typesupport_introspection_c.h
-- Symlinking: /home/suii/colcon_ws/suii/ros2_ws/install/suii_msgs/include/suii_msgs/srv/detail/navigation_goal__rosidl_typesupport_introspection_c.h
-- Symlinking: /home/suii/colcon_ws/suii/ros2_ws/install/suii_msgs/include/suii_msgs/srv/detail/navigation_repose__rosidl_typesupport_introspection_c.h
-- Symlinking: /home/suii/colcon_ws/suii/ros2_ws/install/suii_msgs/include/suii_msgs/srv/detail/update_items__rosidl_typesupport_introspection_c.h
-- Symlinking: /home/suii/colcon_ws/suii/ros2_ws/install/suii_msgs/include/suii_msgs/srv/detail/vision_scan__rosidl_typesupport_introspection_c.h
-- Symlinking: /home/suii/colcon_ws/suii/ros2_ws/install/suii_msgs/include/suii_msgs/msg/detail/suii_task__builder.hpp
-- Symlinking: /home/suii/colcon_ws/suii/ros2_ws/install/suii_msgs/include/suii_msgs/msg/detail/suii_task__struct.hpp
-- Symlinking: /home/suii/colcon_ws/suii/ros2_ws/install/suii_msgs/include/suii_msgs/msg/detail/suii_task__traits.hpp
-- Symlinking: /home/suii/colcon_ws/suii/ros2_ws/install/suii_msgs/include/suii_msgs/msg/detail/suii_task_list__builder.hpp
-- Symlinking: /home/suii/colcon_ws/suii/ros2_ws/install/suii_msgs/include/suii_msgs/msg/detail/suii_task_list__struct.hpp
-- Symlinking: /home/suii/colcon_ws/suii/ros2_ws/install/suii_msgs/include/suii_msgs/msg/detail/suii_task_list__traits.hpp
-- Symlinking: /home/suii/colcon_ws/suii/ros2_ws/install/suii_msgs/include/suii_msgs/msg/detail/task__builder.hpp
-- Symlinking: /home/suii/colcon_ws/suii/ros2_ws/install/suii_msgs/include/suii_msgs/msg/detail/task__struct.hpp
-- Symlinking: /home/suii/colcon_ws/suii/ros2_ws/install/suii_msgs/include/suii_msgs/msg/detail/task__traits.hpp
-- Symlinking: /home/suii/colcon_ws/suii/ros2_ws/install/suii_msgs/include/suii_msgs/msg/detail/vision_scan_object__builder.hpp
-- Symlinking: /home/suii/colcon_ws/suii/ros2_ws/install/suii_msgs/include/suii_msgs/msg/detail/vision_scan_object__struct.hpp
-- Symlinking: /home/suii/colcon_ws/suii/ros2_ws/install/suii_msgs/include/suii_msgs/msg/detail/vision_scan_object__traits.hpp
-- Symlinking: /home/suii/colcon_ws/suii/ros2_ws/install/suii_msgs/include/suii_msgs/msg/suii_task.hpp
-- Symlinking: /home/suii/colcon_ws/suii/ros2_ws/install/suii_msgs/include/suii_msgs/msg/suii_task_list.hpp
-- Symlinking: /home/suii/colcon_ws/suii/ros2_ws/install/suii_msgs/include/suii_msgs/msg/task.hpp
-- Symlinking: /home/suii/colcon_ws/suii/ros2_ws/install/suii_msgs/include/suii_msgs/msg/vision_scan_object.hpp
-- Symlinking: /home/suii/colcon_ws/suii/ros2_ws/install/suii_msgs/include/suii_msgs/srv/detail/distance_to_goal__builder.hpp
-- Symlinking: /home/suii/colcon_ws/suii/ros2_ws/install/suii_msgs/include/suii_msgs/srv/detail/distance_to_goal__struct.hpp
-- Symlinking: /home/suii/colcon_ws/suii/ros2_ws/install/suii_msgs/include/suii_msgs/srv/detail/distance_to_goal__traits.hpp
-- Symlinking: /home/suii/colcon_ws/suii/ros2_ws/install/suii_msgs/include/suii_msgs/srv/detail/get_free_spot__builder.hpp
-- Symlinking: /home/suii/colcon_ws/suii/ros2_ws/install/suii_msgs/include/suii_msgs/srv/detail/get_free_spot__struct.hpp
-- Symlinking: /home/suii/colcon_ws/suii/ros2_ws/install/suii_msgs/include/suii_msgs/srv/detail/get_free_spot__traits.hpp
-- Symlinking: /home/suii/colcon_ws/suii/ros2_ws/install/suii_msgs/include/suii_msgs/srv/detail/item__builder.hpp
-- Symlinking: /home/suii/colcon_ws/suii/ros2_ws/install/suii_msgs/include/suii_msgs/srv/detail/item__struct.hpp
-- Symlinking: /home/suii/colcon_ws/suii/ros2_ws/install/suii_msgs/include/suii_msgs/srv/detail/item__traits.hpp
-- Symlinking: /home/suii/colcon_ws/suii/ros2_ws/install/suii_msgs/include/suii_msgs/srv/detail/item_drive__builder.hpp
-- Symlinking: /home/suii/colcon_ws/suii/ros2_ws/install/suii_msgs/include/suii_msgs/srv/detail/item_drive__struct.hpp
-- Symlinking: /home/suii/colcon_ws/suii/ros2_ws/install/suii_msgs/include/suii_msgs/srv/detail/item_drive__traits.hpp
-- Symlinking: /home/suii/colcon_ws/suii/ros2_ws/install/suii_msgs/include/suii_msgs/srv/detail/item_move__builder.hpp
-- Symlinking: /home/suii/colcon_ws/suii/ros2_ws/install/suii_msgs/include/suii_msgs/srv/detail/item_move__struct.hpp
-- Symlinking: /home/suii/colcon_ws/suii/ros2_ws/install/suii_msgs/include/suii_msgs/srv/detail/item_move__traits.hpp
-- Symlinking: /home/suii/colcon_ws/suii/ros2_ws/install/suii_msgs/include/suii_msgs/srv/detail/item_pick__builder.hpp
-- Symlinking: /home/suii/colcon_ws/suii/ros2_ws/install/suii_msgs/include/suii_msgs/srv/detail/item_pick__struct.hpp
-- Symlinking: /home/suii/colcon_ws/suii/ros2_ws/install/suii_msgs/include/suii_msgs/srv/detail/item_pick__traits.hpp
-- Symlinking: /home/suii/colcon_ws/suii/ros2_ws/install/suii_msgs/include/suii_msgs/srv/detail/item_place__builder.hpp
-- Symlinking: /home/suii/colcon_ws/suii/ros2_ws/install/suii_msgs/include/suii_msgs/srv/detail/item_place__struct.hpp
-- Symlinking: /home/suii/colcon_ws/suii/ros2_ws/install/suii_msgs/include/suii_msgs/srv/detail/item_place__traits.hpp
-- Symlinking: /home/suii/colcon_ws/suii/ros2_ws/install/suii_msgs/include/suii_msgs/srv/detail/manipulation_action__builder.hpp
-- Symlinking: /home/suii/colcon_ws/suii/ros2_ws/install/suii_msgs/include/suii_msgs/srv/detail/manipulation_action__struct.hpp
-- Symlinking: /home/suii/colcon_ws/suii/ros2_ws/install/suii_msgs/include/suii_msgs/srv/detail/manipulation_action__traits.hpp
-- Symlinking: /home/suii/colcon_ws/suii/ros2_ws/install/suii_msgs/include/suii_msgs/srv/detail/manipulation_pose__builder.hpp
-- Symlinking: /home/suii/colcon_ws/suii/ros2_ws/install/suii_msgs/include/suii_msgs/srv/detail/manipulation_pose__struct.hpp
-- Symlinking: /home/suii/colcon_ws/suii/ros2_ws/install/suii_msgs/include/suii_msgs/srv/detail/manipulation_pose__traits.hpp
-- Symlinking: /home/suii/colcon_ws/suii/ros2_ws/install/suii_msgs/include/suii_msgs/srv/detail/navigation_goal__builder.hpp
-- Symlinking: /home/suii/colcon_ws/suii/ros2_ws/install/suii_msgs/include/suii_msgs/srv/detail/navigation_goal__struct.hpp
-- Symlinking: /home/suii/colcon_ws/suii/ros2_ws/install/suii_msgs/include/suii_msgs/srv/detail/navigation_goal__traits.hpp
-- Symlinking: /home/suii/colcon_ws/suii/ros2_ws/install/suii_msgs/include/suii_msgs/srv/detail/navigation_repose__builder.hpp
-- Symlinking: /home/suii/colcon_ws/suii/ros2_ws/install/suii_msgs/include/suii_msgs/srv/detail/navigation_repose__struct.hpp
-- Symlinking: /home/suii/colcon_ws/suii/ros2_ws/install/suii_msgs/include/suii_msgs/srv/detail/navigation_repose__traits.hpp
-- Symlinking: /home/suii/colcon_ws/suii/ros2_ws/install/suii_msgs/include/suii_msgs/srv/detail/update_items__builder.hpp
-- Symlinking: /home/suii/colcon_ws/suii/ros2_ws/install/suii_msgs/include/suii_msgs/srv/detail/update_items__struct.hpp
-- Symlinking: /home/suii/colcon_ws/suii/ros2_ws/install/suii_msgs/include/suii_msgs/srv/detail/update_items__traits.hpp
-- Symlinking: /home/suii/colcon_ws/suii/ros2_ws/install/suii_msgs/include/suii_msgs/srv/detail/vision_scan__builder.hpp
-- Symlinking: /home/suii/colcon_ws/suii/ros2_ws/install/suii_msgs/include/suii_msgs/srv/detail/vision_scan__struct.hpp
-- Symlinking: /home/suii/colcon_ws/suii/ros2_ws/install/suii_msgs/include/suii_msgs/srv/detail/vision_scan__traits.hpp
-- Symlinking: /home/suii/colcon_ws/suii/ros2_ws/install/suii_msgs/include/suii_msgs/srv/distance_to_goal.hpp
-- Symlinking: /home/suii/colcon_ws/suii/ros2_ws/install/suii_msgs/include/suii_msgs/srv/get_free_spot.hpp
-- Symlinking: /home/suii/colcon_ws/suii/ros2_ws/install/suii_msgs/include/suii_msgs/srv/item.hpp
-- Symlinking: /home/suii/colcon_ws/suii/ros2_ws/install/suii_msgs/include/suii_msgs/srv/item_drive.hpp
-- Symlinking: /home/suii/colcon_ws/suii/ros2_ws/install/suii_msgs/include/suii_msgs/srv/item_move.hpp
-- Symlinking: /home/suii/colcon_ws/suii/ros2_ws/install/suii_msgs/include/suii_msgs/srv/item_pick.hpp
-- Symlinking: /home/suii/colcon_ws/suii/ros2_ws/install/suii_msgs/include/suii_msgs/srv/item_place.hpp
-- Symlinking: /home/suii/colcon_ws/suii/ros2_ws/install/suii_msgs/include/suii_msgs/srv/manipulation_action.hpp
-- Symlinking: /home/suii/colcon_ws/suii/ros2_ws/install/suii_msgs/include/suii_msgs/srv/manipulation_pose.hpp
-- Symlinking: /home/suii/colcon_ws/suii/ros2_ws/install/suii_msgs/include/suii_msgs/srv/navigation_goal.hpp
-- Symlinking: /home/suii/colcon_ws/suii/ros2_ws/install/suii_msgs/include/suii_msgs/srv/navigation_repose.hpp
-- Symlinking: /home/suii/colcon_ws/suii/ros2_ws/install/suii_msgs/include/suii_msgs/srv/update_items.hpp
-- Symlinking: /home/suii/colcon_ws/suii/ros2_ws/install/suii_msgs/include/suii_msgs/srv/vision_scan.hpp
-- Symlinking: /home/suii/colcon_ws/suii/ros2_ws/install/suii_msgs/include/suii_msgs/msg/detail/suii_task__rosidl_typesupport_introspection_cpp.hpp
-- Symlinking: /home/suii/colcon_ws/suii/ros2_ws/install/suii_msgs/include/suii_msgs/msg/detail/suii_task_list__rosidl_typesupport_introspection_cpp.hpp
-- Symlinking: /home/suii/colcon_ws/suii/ros2_ws/install/suii_msgs/include/suii_msgs/msg/detail/task__rosidl_typesupport_introspection_cpp.hpp
-- Symlinking: /home/suii/colcon_ws/suii/ros2_ws/install/suii_msgs/include/suii_msgs/msg/detail/vision_scan_object__rosidl_typesupport_introspection_cpp.hpp
-- Symlinking: /home/suii/colcon_ws/suii/ros2_ws/install/suii_msgs/include/suii_msgs/srv/detail/distance_to_goal__rosidl_typesupport_introspection_cpp.hpp
-- Symlinking: /home/suii/colcon_ws/suii/ros2_ws/install/suii_msgs/include/suii_msgs/srv/detail/get_free_spot__rosidl_typesupport_introspection_cpp.hpp
-- Symlinking: /home/suii/colcon_ws/suii/ros2_ws/install/suii_msgs/include/suii_msgs/srv/detail/item__rosidl_typesupport_introspection_cpp.hpp
-- Symlinking: /home/suii/colcon_ws/suii/ros2_ws/install/suii_msgs/include/suii_msgs/srv/detail/item_drive__rosidl_typesupport_introspection_cpp.hpp
-- Symlinking: /home/suii/colcon_ws/suii/ros2_ws/install/suii_msgs/include/suii_msgs/srv/detail/item_move__rosidl_typesupport_introspection_cpp.hpp
-- Symlinking: /home/suii/colcon_ws/suii/ros2_ws/install/suii_msgs/include/suii_msgs/srv/detail/item_pick__rosidl_typesupport_introspection_cpp.hpp
-- Symlinking: /home/suii/colcon_ws/suii/ros2_ws/install/suii_msgs/include/suii_msgs/srv/detail/item_place__rosidl_typesupport_introspection_cpp.hpp
-- Symlinking: /home/suii/colcon_ws/suii/ros2_ws/install/suii_msgs/include/suii_msgs/srv/detail/manipulation_action__rosidl_typesupport_introspection_cpp.hpp
-- Symlinking: /home/suii/colcon_ws/suii/ros2_ws/install/suii_msgs/include/suii_msgs/srv/detail/manipulation_pose__rosidl_typesupport_introspection_cpp.hpp
-- Symlinking: /home/suii/colcon_ws/suii/ros2_ws/install/suii_msgs/include/suii_msgs/srv/detail/navigation_goal__rosidl_typesupport_introspection_cpp.hpp
-- Symlinking: /home/suii/colcon_ws/suii/ros2_ws/install/suii_msgs/include/suii_msgs/srv/detail/navigation_repose__rosidl_typesupport_introspection_cpp.hpp
-- Symlinking: /home/suii/colcon_ws/suii/ros2_ws/install/suii_msgs/include/suii_msgs/srv/detail/update_items__rosidl_typesupport_introspection_cpp.hpp
-- Symlinking: /home/suii/colcon_ws/suii/ros2_ws/install/suii_msgs/include/suii_msgs/srv/detail/vision_scan__rosidl_typesupport_introspection_cpp.hpp
-- Symlinking: /home/suii/colcon_ws/suii/ros2_ws/install/suii_msgs/share/suii_msgs/environment/pythonpath.sh
-- Symlinking: /home/suii/colcon_ws/suii/ros2_ws/install/suii_msgs/share/suii_msgs/environment/pythonpath.dsv
-- Symlinking: /home/suii/colcon_ws/suii/ros2_ws/install/suii_msgs/lib/python3.8/site-packages/suii_msgs/__init__.py
-- Symlinking: /home/suii/colcon_ws/suii/ros2_ws/install/suii_msgs/lib/python3.8/site-packages/suii_msgs/msg/__init__.py
-- Symlinking: /home/suii/colcon_ws/suii/ros2_ws/install/suii_msgs/lib/python3.8/site-packages/suii_msgs/msg/_suii_task.py
-- Symlinking: /home/suii/colcon_ws/suii/ros2_ws/install/suii_msgs/lib/python3.8/site-packages/suii_msgs/msg/_suii_task_list.py
-- Symlinking: /home/suii/colcon_ws/suii/ros2_ws/install/suii_msgs/lib/python3.8/site-packages/suii_msgs/msg/_task.py
-- Symlinking: /home/suii/colcon_ws/suii/ros2_ws/install/suii_msgs/lib/python3.8/site-packages/suii_msgs/msg/_vision_scan_object.py
-- Symlinking: /home/suii/colcon_ws/suii/ros2_ws/install/suii_msgs/lib/python3.8/site-packages/suii_msgs/srv/__init__.py
-- Symlinking: /home/suii/colcon_ws/suii/ros2_ws/install/suii_msgs/lib/python3.8/site-packages/suii_msgs/srv/_distance_to_goal.py
-- Symlinking: /home/suii/colcon_ws/suii/ros2_ws/install/suii_msgs/lib/python3.8/site-packages/suii_msgs/srv/_get_free_spot.py
-- Symlinking: /home/suii/colcon_ws/suii/ros2_ws/install/suii_msgs/lib/python3.8/site-packages/suii_msgs/srv/_item.py
-- Symlinking: /home/suii/colcon_ws/suii/ros2_ws/install/suii_msgs/lib/python3.8/site-packages/suii_msgs/srv/_item_drive.py
-- Symlinking: /home/suii/colcon_ws/suii/ros2_ws/install/suii_msgs/lib/python3.8/site-packages/suii_msgs/srv/_item_move.py
-- Symlinking: /home/suii/colcon_ws/suii/ros2_ws/install/suii_msgs/lib/python3.8/site-packages/suii_msgs/srv/_item_pick.py
-- Symlinking: /home/suii/colcon_ws/suii/ros2_ws/install/suii_msgs/lib/python3.8/site-packages/suii_msgs/srv/_item_place.py
-- Symlinking: /home/suii/colcon_ws/suii/ros2_ws/install/suii_msgs/lib/python3.8/site-packages/suii_msgs/srv/_manipulation_action.py
-- Symlinking: /home/suii/colcon_ws/suii/ros2_ws/install/suii_msgs/lib/python3.8/site-packages/suii_msgs/srv/_manipulation_pose.py
-- Symlinking: /home/suii/colcon_ws/suii/ros2_ws/install/suii_msgs/lib/python3.8/site-packages/suii_msgs/srv/_navigation_goal.py
-- Symlinking: /home/suii/colcon_ws/suii/ros2_ws/install/suii_msgs/lib/python3.8/site-packages/suii_msgs/srv/_navigation_repose.py
-- Symlinking: /home/suii/colcon_ws/suii/ros2_ws/install/suii_msgs/lib/python3.8/site-packages/suii_msgs/srv/_update_items.py
-- Symlinking: /home/suii/colcon_ws/suii/ros2_ws/install/suii_msgs/lib/python3.8/site-packages/suii_msgs/srv/_vision_scan.py
-- Symlinking: /home/suii/colcon_ws/suii/ros2_ws/install/suii_msgs/lib/python3.8/site-packages/suii_msgs/suii_msgs_s__rosidl_typesupport_fastrtps_c.cpython-38-x86_64-linux-gnu.so
-- Symlinking: /home/suii/colcon_ws/suii/ros2_ws/install/suii_msgs/lib/python3.8/site-packages/suii_msgs/suii_msgs_s__rosidl_typesupport_introspection_c.cpython-38-x86_64-linux-gnu.so
-- Symlinking: /home/suii/colcon_ws/suii/ros2_ws/install/suii_msgs/lib/python3.8/site-packages/suii_msgs/suii_msgs_s__rosidl_typesupport_c.cpython-38-x86_64-linux-gnu.so
-- Symlinking: /home/suii/colcon_ws/suii/ros2_ws/install/suii_msgs/lib/libsuii_msgs__python.so
-- Symlinking: /home/suii/colcon_ws/suii/ros2_ws/install/suii_msgs/share/suii_msgs/msg/SuiiTask.idl
-- Symlinking: /home/suii/colcon_ws/suii/ros2_ws/install/suii_msgs/share/suii_msgs/msg/SuiiTaskList.idl
-- Symlinking: /home/suii/colcon_ws/suii/ros2_ws/install/suii_msgs/share/suii_msgs/msg/Task.idl
-- Symlinking: /home/suii/colcon_ws/suii/ros2_ws/install/suii_msgs/share/suii_msgs/msg/VisionScanObject.idl
-- Symlinking: /home/suii/colcon_ws/suii/ros2_ws/install/suii_msgs/share/suii_msgs/srv/DistanceToGoal.idl
-- Symlinking: /home/suii/colcon_ws/suii/ros2_ws/install/suii_msgs/share/suii_msgs/srv/GetFreeSpot.idl
-- Symlinking: /home/suii/colcon_ws/suii/ros2_ws/install/suii_msgs/share/suii_msgs/srv/Item.idl
-- Symlinking: /home/suii/colcon_ws/suii/ros2_ws/install/suii_msgs/share/suii_msgs/srv/ItemDrive.idl
-- Symlinking: /home/suii/colcon_ws/suii/ros2_ws/install/suii_msgs/share/suii_msgs/srv/ItemMove.idl
-- Symlinking: /home/suii/colcon_ws/suii/ros2_ws/install/suii_msgs/share/suii_msgs/srv/ItemPick.idl
-- Symlinking: /home/suii/colcon_ws/suii/ros2_ws/install/suii_msgs/share/suii_msgs/srv/ItemPlace.idl
-- Symlinking: /home/suii/colcon_ws/suii/ros2_ws/install/suii_msgs/share/suii_msgs/srv/ManipulationAction.idl
-- Symlinking: /home/suii/colcon_ws/suii/ros2_ws/install/suii_msgs/share/suii_msgs/srv/ManipulationPose.idl
-- Symlinking: /home/suii/colcon_ws/suii/ros2_ws/install/suii_msgs/share/suii_msgs/srv/NavigationGoal.idl
-- Symlinking: /home/suii/colcon_ws/suii/ros2_ws/install/suii_msgs/share/suii_msgs/srv/NavigationRepose.idl
-- Symlinking: /home/suii/colcon_ws/suii/ros2_ws/install/suii_msgs/share/suii_msgs/srv/UpdateItems.idl
-- Symlinking: /home/suii/colcon_ws/suii/ros2_ws/install/suii_msgs/share/suii_msgs/srv/VisionScan.idl
-- Symlinking: /home/suii/colcon_ws/suii/ros2_ws/install/suii_msgs/share/suii_msgs/msg/SuiiTask.msg
-- Symlinking: /home/suii/colcon_ws/suii/ros2_ws/install/suii_msgs/share/suii_msgs/msg/SuiiTaskList.msg
-- Symlinking: /home/suii/colcon_ws/suii/ros2_ws/install/suii_msgs/share/suii_msgs/msg/Task.msg
-- Symlinking: /home/suii/colcon_ws/suii/ros2_ws/install/suii_msgs/share/suii_msgs/msg/VisionScanObject.msg
-- Symlinking: /home/suii/colcon_ws/suii/ros2_ws/install/suii_msgs/share/suii_msgs/srv/DistanceToGoal.srv
-- Symlinking: /home/suii/colcon_ws/suii/ros2_ws/install/suii_msgs/share/suii_msgs/srv/DistanceToGoal_Request.msg
-- Symlinking: /home/suii/colcon_ws/suii/ros2_ws/install/suii_msgs/share/suii_msgs/srv/DistanceToGoal_Response.msg
-- Symlinking: /home/suii/colcon_ws/suii/ros2_ws/install/suii_msgs/share/suii_msgs/srv/GetFreeSpot.srv
-- Symlinking: /home/suii/colcon_ws/suii/ros2_ws/install/suii_msgs/share/suii_msgs/srv/GetFreeSpot_Request.msg
-- Symlinking: /home/suii/colcon_ws/suii/ros2_ws/install/suii_msgs/share/suii_msgs/srv/GetFreeSpot_Response.msg
-- Symlinking: /home/suii/colcon_ws/suii/ros2_ws/install/suii_msgs/share/suii_msgs/srv/Item.srv
-- Symlinking: /home/suii/colcon_ws/suii/ros2_ws/install/suii_msgs/share/suii_msgs/srv/Item_Request.msg
-- Symlinking: /home/suii/colcon_ws/suii/ros2_ws/install/suii_msgs/share/suii_msgs/srv/Item_Response.msg
-- Symlinking: /home/suii/colcon_ws/suii/ros2_ws/install/suii_msgs/share/suii_msgs/srv/ItemDrive.srv
-- Symlinking: /home/suii/colcon_ws/suii/ros2_ws/install/suii_msgs/share/suii_msgs/srv/ItemDrive_Request.msg
-- Symlinking: /home/suii/colcon_ws/suii/ros2_ws/install/suii_msgs/share/suii_msgs/srv/ItemDrive_Response.msg
-- Symlinking: /home/suii/colcon_ws/suii/ros2_ws/install/suii_msgs/share/suii_msgs/srv/ItemMove.srv
-- Symlinking: /home/suii/colcon_ws/suii/ros2_ws/install/suii_msgs/share/suii_msgs/srv/ItemMove_Request.msg
-- Symlinking: /home/suii/colcon_ws/suii/ros2_ws/install/suii_msgs/share/suii_msgs/srv/ItemMove_Response.msg
-- Symlinking: /home/suii/colcon_ws/suii/ros2_ws/install/suii_msgs/share/suii_msgs/srv/ItemPick.srv
-- Symlinking: /home/suii/colcon_ws/suii/ros2_ws/install/suii_msgs/share/suii_msgs/srv/ItemPick_Request.msg
-- Symlinking: /home/suii/colcon_ws/suii/ros2_ws/install/suii_msgs/share/suii_msgs/srv/ItemPick_Response.msg
-- Symlinking: /home/suii/colcon_ws/suii/ros2_ws/install/suii_msgs/share/suii_msgs/srv/ItemPlace.srv
-- Symlinking: /home/suii/colcon_ws/suii/ros2_ws/install/suii_msgs/share/suii_msgs/srv/ItemPlace_Request.msg
-- Symlinking: /home/suii/colcon_ws/suii/ros2_ws/install/suii_msgs/share/suii_msgs/srv/ItemPlace_Response.msg
-- Symlinking: /home/suii/colcon_ws/suii/ros2_ws/install/suii_msgs/share/suii_msgs/srv/ManipulationAction.srv
-- Symlinking: /home/suii/colcon_ws/suii/ros2_ws/install/suii_msgs/share/suii_msgs/srv/ManipulationAction_Request.msg
-- Symlinking: /home/suii/colcon_ws/suii/ros2_ws/install/suii_msgs/share/suii_msgs/srv/ManipulationAction_Response.msg
-- Symlinking: /home/suii/colcon_ws/suii/ros2_ws/install/suii_msgs/share/suii_msgs/srv/ManipulationPose.srv
-- Symlinking: /home/suii/colcon_ws/suii/ros2_ws/install/suii_msgs/share/suii_msgs/srv/ManipulationPose_Request.msg
-- Symlinking: /home/suii/colcon_ws/suii/ros2_ws/install/suii_msgs/share/suii_msgs/srv/ManipulationPose_Response.msg
-- Symlinking: /home/suii/colcon_ws/suii/ros2_ws/install/suii_msgs/share/suii_msgs/srv/NavigationGoal.srv
-- Symlinking: /home/suii/colcon_ws/suii/ros2_ws/install/suii_msgs/share/suii_msgs/srv/NavigationGoal_Request.msg
-- Symlinking: /home/suii/colcon_ws/suii/ros2_ws/install/suii_msgs/share/suii_msgs/srv/NavigationGoal_Response.msg
-- Symlinking: /home/suii/colcon_ws/suii/ros2_ws/install/suii_msgs/share/suii_msgs/srv/NavigationRepose.srv
-- Symlinking: /home/suii/colcon_ws/suii/ros2_ws/install/suii_msgs/share/suii_msgs/srv/NavigationRepose_Request.msg
-- Symlinking: /home/suii/colcon_ws/suii/ros2_ws/install/suii_msgs/share/suii_msgs/srv/NavigationRepose_Response.msg
-- Symlinking: /home/suii/colcon_ws/suii/ros2_ws/install/suii_msgs/share/suii_msgs/srv/UpdateItems.srv
-- Symlinking: /home/suii/colcon_ws/suii/ros2_ws/install/suii_msgs/share/suii_msgs/srv/UpdateItems_Request.msg
-- Symlinking: /home/suii/colcon_ws/suii/ros2_ws/install/suii_msgs/share/suii_msgs/srv/UpdateItems_Response.msg
-- Symlinking: /home/suii/colcon_ws/suii/ros2_ws/install/suii_msgs/share/suii_msgs/srv/VisionScan.srv
-- Symlinking: /home/suii/colcon_ws/suii/ros2_ws/install/suii_msgs/share/suii_msgs/srv/VisionScan_Request.msg
-- Symlinking: /home/suii/colcon_ws/suii/ros2_ws/install/suii_msgs/share/suii_msgs/srv/VisionScan_Response.msg
-- Symlinking: /home/suii/colcon_ws/suii/ros2_ws/install/suii_msgs/share/ament_index/resource_index/package_run_dependencies/suii_msgs
-- Symlinking: /home/suii/colcon_ws/suii/ros2_ws/install/suii_msgs/share/ament_index/resource_index/parent_prefix_path/suii_msgs
-- Symlinking: /home/suii/colcon_ws/suii/ros2_ws/install/suii_msgs/share/suii_msgs/environment/ament_prefix_path.sh
-- Symlinking: /home/suii/colcon_ws/suii/ros2_ws/install/suii_msgs/share/suii_msgs/environment/ament_prefix_path.dsv
-- Symlinking: /home/suii/colcon_ws/suii/ros2_ws/install/suii_msgs/share/suii_msgs/environment/path.sh
-- Symlinking: /home/suii/colcon_ws/suii/ros2_ws/install/suii_msgs/share/suii_msgs/environment/path.dsv
-- Symlinking: /home/suii/colcon_ws/suii/ros2_ws/install/suii_msgs/share/suii_msgs/local_setup.bash
-- Symlinking: /home/suii/colcon_ws/suii/ros2_ws/install/suii_msgs/share/suii_msgs/local_setup.sh
-- Symlinking: /home/suii/colcon_ws/suii/ros2_ws/install/suii_msgs/share/suii_msgs/local_setup.zsh
-- Symlinking: /home/suii/colcon_ws/suii/ros2_ws/install/suii_msgs/share/suii_msgs/local_setup.dsv
-- Symlinking: /home/suii/colcon_ws/suii/ros2_ws/install/suii_msgs/share/suii_msgs/package.dsv
-- Symlinking: /home/suii/colcon_ws/suii/ros2_ws/install/suii_msgs/share/ament_index/resource_index/packages/suii_msgs
-- Symlinking: /home/suii/colcon_ws/suii/ros2_ws/install/suii_msgs/share/suii_msgs/cmake/rosidl_cmake-extras.cmake
-- Symlinking: /home/suii/colcon_ws/suii/ros2_ws/install/suii_msgs/share/suii_msgs/cmake/ament_cmake_export_dependencies-extras.cmake
-- Symlinking: /home/suii/colcon_ws/suii/ros2_ws/install/suii_msgs/share/suii_msgs/cmake/ament_cmake_export_libraries-extras.cmake
-- Symlinking: /home/suii/colcon_ws/suii/ros2_ws/install/suii_msgs/share/suii_msgs/cmake/ament_cmake_export_targets-extras.cmake
-- Symlinking: /home/suii/colcon_ws/suii/ros2_ws/install/suii_msgs/share/suii_msgs/cmake/ament_cmake_export_include_directories-extras.cmake
-- Symlinking: /home/suii/colcon_ws/suii/ros2_ws/install/suii_msgs/share/suii_msgs/cmake/rosidl_cmake_export_typesupport_libraries-extras.cmake
-- Symlinking: /home/suii/colcon_ws/suii/ros2_ws/install/suii_msgs/share/suii_msgs/cmake/rosidl_cmake_export_typesupport_targets-extras.cmake
-- Symlinking: /home/suii/colcon_ws/suii/ros2_ws/install/suii_msgs/share/suii_msgs/cmake/suii_msgsConfig.cmake
-- Symlinking: /home/suii/colcon_ws/suii/ros2_ws/install/suii_msgs/share/suii_msgs/cmake/suii_msgsConfig-version.cmake
-- Symlinking: /home/suii/colcon_ws/suii/ros2_ws/install/suii_msgs/share/suii_msgs/package.xml
-- Installing: /home/suii/colcon_ws/suii/ros2_ws/install/suii_msgs/lib/libsuii_msgs__rosidl_generator_c.so
-- Set runtime path of "/home/suii/colcon_ws/suii/ros2_ws/install/suii_msgs/lib/libsuii_msgs__rosidl_generator_c.so" to ""
-- Installing: /home/suii/colcon_ws/suii/ros2_ws/install/suii_msgs/lib/libsuii_msgs__rosidl_typesupport_introspection_c.so
-- Set runtime path of "/home/suii/colcon_ws/suii/ros2_ws/install/suii_msgs/lib/libsuii_msgs__rosidl_typesupport_introspection_c.so" to ""
-- Installing: /home/suii/colcon_ws/suii/ros2_ws/install/suii_msgs/lib/libsuii_msgs__rosidl_typesupport_c.so
-- Set runtime path of "/home/suii/colcon_ws/suii/ros2_ws/install/suii_msgs/lib/libsuii_msgs__rosidl_typesupport_c.so" to ""
-- Installing: /home/suii/colcon_ws/suii/ros2_ws/install/suii_msgs/lib/libsuii_msgs__rosidl_typesupport_introspection_cpp.so
-- Set runtime path of "/home/suii/colcon_ws/suii/ros2_ws/install/suii_msgs/lib/libsuii_msgs__rosidl_typesupport_introspection_cpp.so" to ""
-- Installing: /home/suii/colcon_ws/suii/ros2_ws/install/suii_msgs/lib/libsuii_msgs__rosidl_typesupport_cpp.so
-- Set runtime path of "/home/suii/colcon_ws/suii/ros2_ws/install/suii_msgs/lib/libsuii_msgs__rosidl_typesupport_cpp.so" to ""
Compiling '/home/suii/colcon_ws/suii/ros2_ws/install/suii_msgs/lib/python3.8/site-packages/suii_msgs/__init__.py'...
-- Installing: /home/suii/colcon_ws/suii/ros2_ws/install/suii_msgs/share/suii_msgs/cmake/suii_msgs__rosidl_generator_cExport.cmake
-- Installing: /home/suii/colcon_ws/suii/ros2_ws/install/suii_msgs/share/suii_msgs/cmake/suii_msgs__rosidl_generator_cExport-noconfig.cmake
-- Installing: /home/suii/colcon_ws/suii/ros2_ws/install/suii_msgs/share/suii_msgs/cmake/suii_msgs__rosidl_typesupport_introspection_cExport.cmake
-- Installing: /home/suii/colcon_ws/suii/ros2_ws/install/suii_msgs/share/suii_msgs/cmake/suii_msgs__rosidl_typesupport_introspection_cExport-noconfig.cmake
-- Installing: /home/suii/colcon_ws/suii/ros2_ws/install/suii_msgs/share/suii_msgs/cmake/suii_msgs__rosidl_typesupport_cExport.cmake
-- Installing: /home/suii/colcon_ws/suii/ros2_ws/install/suii_msgs/share/suii_msgs/cmake/suii_msgs__rosidl_typesupport_cExport-noconfig.cmake
-- Installing: /home/suii/colcon_ws/suii/ros2_ws/install/suii_msgs/share/suii_msgs/cmake/suii_msgs__rosidl_generator_cppExport.cmake
-- Installing: /home/suii/colcon_ws/suii/ros2_ws/install/suii_msgs/share/suii_msgs/cmake/suii_msgs__rosidl_typesupport_introspection_cppExport.cmake
-- Installing: /home/suii/colcon_ws/suii/ros2_ws/install/suii_msgs/share/suii_msgs/cmake/suii_msgs__rosidl_typesupport_introspection_cppExport-noconfig.cmake
-- Installing: /home/suii/colcon_ws/suii/ros2_ws/install/suii_msgs/share/suii_msgs/cmake/suii_msgs__rosidl_typesupport_cppExport.cmake
-- Installing: /home/suii/colcon_ws/suii/ros2_ws/install/suii_msgs/share/suii_msgs/cmake/suii_msgs__rosidl_typesupport_cppExport-noconfig.cmake
