[0.023s] Invoking command in '/home/suii/colcon_ws/suii/ros2_ws/build/suii_msgs': CMAKE_PREFIX_PATH=/opt/ros/foxy /usr/bin/cmake /home/suii/colcon_ws/suii/ros2_ws/src/suii_msgs -DAMENT_CMAKE_SYMLINK_INSTALL=1 -DCMAKE_INSTALL_PREFIX=/home/suii/colcon_ws/suii/ros2_ws/install/suii_msgs
[0.039s] -- Found ament_cmake: 0.9.8 (/opt/ros/foxy/share/ament_cmake/cmake)
[0.061s] -- Found PythonInterp: /usr/bin/python3 (found suitable version "3.8.5", minimum required is "3") 
[0.061s] -- Using PYTHON_EXECUTABLE: /usr/bin/python3
[0.230s] -- Override CMake install command with custom implementation using symlinks instead of copying resources
[0.255s] -- Found rclcpp: 2.3.1 (/opt/ros/foxy/share/rclcpp/cmake)
[0.300s] -- Using all available rosidl_typesupport_c: rosidl_typesupport_fastrtps_c;rosidl_typesupport_introspection_c
[0.305s] -- Found rosidl_adapter: 1.2.1 (/opt/ros/foxy/share/rosidl_adapter/cmake)
[0.375s] -- Found OpenSSL: /usr/lib/x86_64-linux-gnu/libcrypto.so (found version "1.1.1f")  
[0.405s] -- Found FastRTPS: /opt/ros/foxy/include  
[0.473s] -- Using all available rosidl_typesupport_cpp: rosidl_typesupport_fastrtps_cpp;rosidl_typesupport_introspection_cpp
[0.526s] -- Found rmw_implementation_cmake: 1.0.3 (/opt/ros/foxy/share/rmw_implementation_cmake/cmake)
[0.527s] -- Using RMW implementation 'rmw_fastrtps_cpp' as default
[0.528s] -- Looking for pthread.h
[0.591s] -- Looking for pthread.h - found
[0.591s] -- Performing Test CMAKE_HAVE_LIBC_PTHREAD
[0.656s] -- Performing Test CMAKE_HAVE_LIBC_PTHREAD - Failed
[0.656s] -- Looking for pthread_create in pthreads
[0.711s] -- Looking for pthread_create in pthreads - not found
[0.711s] -- Looking for pthread_create in pthread
[0.777s] -- Looking for pthread_create in pthread - found
[0.779s] -- Found Threads: TRUE  
[0.931s] -- Found geometry_msgs: 2.0.4 (/opt/ros/foxy/share/geometry_msgs/cmake)
[0.964s] -- Found rosidl_default_generators: 1.0.1 (/opt/ros/foxy/share/rosidl_default_generators/cmake)
[0.995s] -- Found PythonInterp: /usr/bin/python3 (found version "3.8.5") 
[1.312s] -- Found ament_cmake_ros: 0.9.2 (/opt/ros/foxy/share/ament_cmake_ros/cmake)
[1.696s] -- Using all available rosidl_typesupport_c: rosidl_typesupport_fastrtps_c;rosidl_typesupport_introspection_c
[1.802s] -- Using all available rosidl_typesupport_cpp: rosidl_typesupport_fastrtps_cpp;rosidl_typesupport_introspection_cpp
[1.824s] -- Found PythonInterp: /usr/bin/python3 (found suitable version "3.8.5", minimum required is "3.5") 
[1.825s] -- Found python_cmake_module: 0.8.1 (/opt/ros/foxy/share/python_cmake_module/cmake)
[1.849s] -- Found PythonLibs: /usr/lib/x86_64-linux-gnu/libpython3.8.so (found suitable version "3.8.5", minimum required is "3.5") 
[1.849s] -- Using PYTHON_EXECUTABLE: /usr/bin/python3
[1.849s] -- Using PYTHON_INCLUDE_DIRS: /usr/include/python3.8
[1.849s] -- Using PYTHON_LIBRARIES: /usr/lib/x86_64-linux-gnu/libpython3.8.so
[1.867s] -- Found PythonExtra: .so  
[1.967s] -- Found ament_lint_auto: 0.9.6 (/opt/ros/foxy/share/ament_lint_auto/cmake)
[1.987s] -- Added test 'copyright' to check source files copyright and LICENSE
[1.990s] -- Added test 'lint_cmake' to check CMake code style
[1.992s] -- Added test 'xmllint' to check XML markup files
[1.998s] -- Configuring done
[2.089s] -- Generating done
[2.092s] -- Build files have been written to: /home/suii/colcon_ws/suii/ros2_ws/build/suii_msgs
[2.102s] Invoked command in '/home/suii/colcon_ws/suii/ros2_ws/build/suii_msgs' returned '0': CMAKE_PREFIX_PATH=/opt/ros/foxy /usr/bin/cmake /home/suii/colcon_ws/suii/ros2_ws/src/suii_msgs -DAMENT_CMAKE_SYMLINK_INSTALL=1 -DCMAKE_INSTALL_PREFIX=/home/suii/colcon_ws/suii/ros2_ws/install/suii_msgs
[2.105s] Invoking command in '/home/suii/colcon_ws/suii/ros2_ws/build/suii_msgs': CMAKE_PREFIX_PATH=/opt/ros/foxy /usr/bin/cmake --build /home/suii/colcon_ws/suii/ros2_ws/build/suii_msgs -- -j8 -l8
[2.154s] [35m[1mScanning dependencies of target suii_msgs__cpp[0m
[2.155s] [  1%] [34m[1mGenerating C code for ROS interfaces[0m
[2.165s] [  1%] [34m[1mGenerating C++ code for ROS interfaces[0m
[3.395s] [  1%] Built target suii_msgs__cpp
[3.411s] [  2%] [34m[1mGenerating C++ type support dispatch for ROS interfaces[0m
[3.415s] [  3%] [34m[1mGenerating C++ introspection for ROS interfaces[0m
[3.416s] [  3%] [34m[1mGenerating C++ type support for eProsima Fast-RTPS[0m
[3.688s] [35m[1mScanning dependencies of target suii_msgs__rosidl_generator_c[0m
[3.714s] [  3%] [32mBuilding C object CMakeFiles/suii_msgs__rosidl_generator_c.dir/rosidl_generator_c/suii_msgs/msg/detail/suii_task__functions.c.o[0m
[3.714s] [  5%] [32mBuilding C object CMakeFiles/suii_msgs__rosidl_generator_c.dir/rosidl_generator_c/suii_msgs/msg/detail/suii_task_list__functions.c.o[0m
[3.714s] [  5%] [32mBuilding C object CMakeFiles/suii_msgs__rosidl_generator_c.dir/rosidl_generator_c/suii_msgs/msg/detail/task__functions.c.o[0m
[3.715s] [  5%] [32mBuilding C object CMakeFiles/suii_msgs__rosidl_generator_c.dir/rosidl_generator_c/suii_msgs/msg/detail/vision_scan_object__functions.c.o[0m
[3.718s] [  6%] [32mBuilding C object CMakeFiles/suii_msgs__rosidl_generator_c.dir/rosidl_generator_c/suii_msgs/srv/detail/distance_to_goal__functions.c.o[0m
[3.778s] [  6%] [32mBuilding C object CMakeFiles/suii_msgs__rosidl_generator_c.dir/rosidl_generator_c/suii_msgs/srv/detail/get_free_spot__functions.c.o[0m
[3.778s] [  7%] [32mBuilding C object CMakeFiles/suii_msgs__rosidl_generator_c.dir/rosidl_generator_c/suii_msgs/srv/detail/item_drive__functions.c.o[0m
[3.779s] [  8%] [32mBuilding C object CMakeFiles/suii_msgs__rosidl_generator_c.dir/rosidl_generator_c/suii_msgs/srv/detail/item__functions.c.o[0m
[3.791s] [  8%] [32mBuilding C object CMakeFiles/suii_msgs__rosidl_generator_c.dir/rosidl_generator_c/suii_msgs/srv/detail/item_move__functions.c.o[0m
[3.802s] [  9%] [32mBuilding C object CMakeFiles/suii_msgs__rosidl_generator_c.dir/rosidl_generator_c/suii_msgs/srv/detail/item_pick__functions.c.o[0m
[3.846s] [ 10%] [32mBuilding C object CMakeFiles/suii_msgs__rosidl_generator_c.dir/rosidl_generator_c/suii_msgs/srv/detail/item_place__functions.c.o[0m
[3.849s] [ 10%] [32mBuilding C object CMakeFiles/suii_msgs__rosidl_generator_c.dir/rosidl_generator_c/suii_msgs/srv/detail/manipulation_action__functions.c.o[0m
[3.867s] [ 11%] [32mBuilding C object CMakeFiles/suii_msgs__rosidl_generator_c.dir/rosidl_generator_c/suii_msgs/srv/detail/manipulation_pose__functions.c.o[0m
[3.886s] [ 12%] [32mBuilding C object CMakeFiles/suii_msgs__rosidl_generator_c.dir/rosidl_generator_c/suii_msgs/srv/detail/navigation_goal__functions.c.o[0m
[3.898s] [ 12%] [32mBuilding C object CMakeFiles/suii_msgs__rosidl_generator_c.dir/rosidl_generator_c/suii_msgs/srv/detail/navigation_repose__functions.c.o[0m
[3.914s] [ 13%] [32mBuilding C object CMakeFiles/suii_msgs__rosidl_generator_c.dir/rosidl_generator_c/suii_msgs/srv/detail/update_items__functions.c.o[0m
[3.917s] [ 13%] [32mBuilding C object CMakeFiles/suii_msgs__rosidl_generator_c.dir/rosidl_generator_c/suii_msgs/srv/detail/vision_scan__functions.c.o[0m
[3.993s] [ 14%] [32m[1mLinking C shared library libsuii_msgs__rosidl_generator_c.so[0m
[4.034s] [ 14%] Built target suii_msgs__rosidl_generator_c
[4.048s] [ 15%] [34m[1mGenerating C type support dispatch for ROS interfaces[0m
[4.050s] [ 16%] [34m[1mGenerating C introspection for ROS interfaces[0m
[4.748s] [35m[1mScanning dependencies of target suii_msgs__rosidl_typesupport_introspection_cpp[0m
[4.784s] [ 17%] [32mBuilding CXX object CMakeFiles/suii_msgs__rosidl_typesupport_introspection_cpp.dir/rosidl_typesupport_introspection_cpp/suii_msgs/msg/detail/suii_task_list__type_support.cpp.o[0m
[4.785s] [ 17%] [32mBuilding CXX object CMakeFiles/suii_msgs__rosidl_typesupport_introspection_cpp.dir/rosidl_typesupport_introspection_cpp/suii_msgs/msg/detail/suii_task__type_support.cpp.o[0m
[4.785s] [ 18%] [32mBuilding CXX object CMakeFiles/suii_msgs__rosidl_typesupport_introspection_cpp.dir/rosidl_typesupport_introspection_cpp/suii_msgs/msg/detail/task__type_support.cpp.o[0m
[4.786s] [ 19%] [32mBuilding CXX object CMakeFiles/suii_msgs__rosidl_typesupport_introspection_cpp.dir/rosidl_typesupport_introspection_cpp/suii_msgs/msg/detail/vision_scan_object__type_support.cpp.o[0m
[4.787s] [35m[1mScanning dependencies of target suii_msgs__rosidl_typesupport_cpp[0m
[4.818s] [ 19%] [32mBuilding CXX object CMakeFiles/suii_msgs__rosidl_typesupport_cpp.dir/rosidl_typesupport_cpp/suii_msgs/msg/suii_task__type_support.cpp.o[0m
[5.259s] [ 19%] [32mBuilding CXX object CMakeFiles/suii_msgs__rosidl_typesupport_introspection_cpp.dir/rosidl_typesupport_introspection_cpp/suii_msgs/srv/detail/distance_to_goal__type_support.cpp.o[0m
[5.262s] [ 20%] [32mBuilding CXX object CMakeFiles/suii_msgs__rosidl_typesupport_introspection_cpp.dir/rosidl_typesupport_introspection_cpp/suii_msgs/srv/detail/get_free_spot__type_support.cpp.o[0m
[5.280s] [ 21%] [32mBuilding CXX object CMakeFiles/suii_msgs__rosidl_typesupport_introspection_cpp.dir/rosidl_typesupport_introspection_cpp/suii_msgs/srv/detail/item__type_support.cpp.o[0m
[5.294s] [ 22%] [32mBuilding CXX object CMakeFiles/suii_msgs__rosidl_typesupport_cpp.dir/rosidl_typesupport_cpp/suii_msgs/msg/suii_task_list__type_support.cpp.o[0m
[5.323s] [ 22%] [32mBuilding CXX object CMakeFiles/suii_msgs__rosidl_typesupport_introspection_cpp.dir/rosidl_typesupport_introspection_cpp/suii_msgs/srv/detail/item_drive__type_support.cpp.o[0m
[5.568s] [35m[1mScanning dependencies of target suii_msgs__rosidl_typesupport_c[0m
[5.595s] [ 22%] [32mBuilding CXX object CMakeFiles/suii_msgs__rosidl_typesupport_c.dir/rosidl_typesupport_c/suii_msgs/msg/suii_task__type_support.cpp.o[0m
[5.640s] [ 23%] [32mBuilding CXX object CMakeFiles/suii_msgs__rosidl_typesupport_c.dir/rosidl_typesupport_c/suii_msgs/msg/suii_task_list__type_support.cpp.o[0m
[5.684s] [ 24%] [32mBuilding CXX object CMakeFiles/suii_msgs__rosidl_typesupport_c.dir/rosidl_typesupport_c/suii_msgs/msg/task__type_support.cpp.o[0m
[5.730s] [ 24%] [32mBuilding CXX object CMakeFiles/suii_msgs__rosidl_typesupport_c.dir/rosidl_typesupport_c/suii_msgs/msg/vision_scan_object__type_support.cpp.o[0m
[5.753s] [ 25%] [32mBuilding CXX object CMakeFiles/suii_msgs__rosidl_typesupport_introspection_cpp.dir/rosidl_typesupport_introspection_cpp/suii_msgs/srv/detail/item_move__type_support.cpp.o[0m
[5.753s] [ 25%] [32mBuilding CXX object CMakeFiles/suii_msgs__rosidl_typesupport_introspection_cpp.dir/rosidl_typesupport_introspection_cpp/suii_msgs/srv/detail/item_pick__type_support.cpp.o[0m
[5.763s] [ 26%] [32mBuilding CXX object CMakeFiles/suii_msgs__rosidl_typesupport_introspection_cpp.dir/rosidl_typesupport_introspection_cpp/suii_msgs/srv/detail/item_place__type_support.cpp.o[0m
[5.775s] [ 28%] [32mBuilding CXX object CMakeFiles/suii_msgs__rosidl_typesupport_c.dir/rosidl_typesupport_c/suii_msgs/srv/distance_to_goal__type_support.cpp.o[0m
[5.775s] [ 28%] [32mBuilding CXX object CMakeFiles/suii_msgs__rosidl_typesupport_cpp.dir/rosidl_typesupport_cpp/suii_msgs/msg/task__type_support.cpp.o[0m
[5.780s] [ 29%] [32mBuilding CXX object CMakeFiles/suii_msgs__rosidl_typesupport_introspection_cpp.dir/rosidl_typesupport_introspection_cpp/suii_msgs/srv/detail/manipulation_action__type_support.cpp.o[0m
[5.834s] [ 29%] [32mBuilding CXX object CMakeFiles/suii_msgs__rosidl_typesupport_c.dir/rosidl_typesupport_c/suii_msgs/srv/get_free_spot__type_support.cpp.o[0m
[5.881s] [ 30%] [32mBuilding CXX object CMakeFiles/suii_msgs__rosidl_typesupport_c.dir/rosidl_typesupport_c/suii_msgs/srv/item__type_support.cpp.o[0m
[5.904s] [35m[1mScanning dependencies of target suii_msgs__rosidl_typesupport_fastrtps_cpp[0m
[5.937s] [ 31%] [32mBuilding CXX object CMakeFiles/suii_msgs__rosidl_typesupport_c.dir/rosidl_typesupport_c/suii_msgs/srv/item_drive__type_support.cpp.o[0m
[5.962s] [ 32%] [32mBuilding CXX object CMakeFiles/suii_msgs__rosidl_typesupport_fastrtps_cpp.dir/rosidl_typesupport_fastrtps_cpp/suii_msgs/msg/detail/dds_fastrtps/suii_task__type_support.cpp.o[0m
[5.983s] [ 32%] [32mBuilding CXX object CMakeFiles/suii_msgs__rosidl_typesupport_c.dir/rosidl_typesupport_c/suii_msgs/srv/item_move__type_support.cpp.o[0m
[6.032s] [ 33%] [32mBuilding CXX object CMakeFiles/suii_msgs__rosidl_typesupport_c.dir/rosidl_typesupport_c/suii_msgs/srv/item_pick__type_support.cpp.o[0m
[6.078s] [ 34%] [32mBuilding CXX object CMakeFiles/suii_msgs__rosidl_typesupport_c.dir/rosidl_typesupport_c/suii_msgs/srv/item_place__type_support.cpp.o[0m
[6.126s] [ 34%] [32mBuilding CXX object CMakeFiles/suii_msgs__rosidl_typesupport_c.dir/rosidl_typesupport_c/suii_msgs/srv/manipulation_action__type_support.cpp.o[0m
[6.173s] [ 35%] [32mBuilding CXX object CMakeFiles/suii_msgs__rosidl_typesupport_c.dir/rosidl_typesupport_c/suii_msgs/srv/manipulation_pose__type_support.cpp.o[0m
[6.220s] [ 35%] [32mBuilding CXX object CMakeFiles/suii_msgs__rosidl_typesupport_c.dir/rosidl_typesupport_c/suii_msgs/srv/navigation_goal__type_support.cpp.o[0m
[6.234s] [ 36%] [32mBuilding CXX object CMakeFiles/suii_msgs__rosidl_typesupport_introspection_cpp.dir/rosidl_typesupport_introspection_cpp/suii_msgs/srv/detail/manipulation_pose__type_support.cpp.o[0m
[6.234s] [ 36%] [32mBuilding CXX object CMakeFiles/suii_msgs__rosidl_typesupport_c.dir/rosidl_typesupport_c/suii_msgs/srv/navigation_repose__type_support.cpp.o[0m
[6.241s] [ 37%] [32mBuilding CXX object CMakeFiles/suii_msgs__rosidl_typesupport_introspection_cpp.dir/rosidl_typesupport_introspection_cpp/suii_msgs/srv/detail/navigation_goal__type_support.cpp.o[0m
[6.245s] [ 38%] [32mBuilding CXX object CMakeFiles/suii_msgs__rosidl_typesupport_cpp.dir/rosidl_typesupport_cpp/suii_msgs/msg/vision_scan_object__type_support.cpp.o[0m
[6.245s] [ 38%] [32mBuilding CXX object CMakeFiles/suii_msgs__rosidl_typesupport_introspection_cpp.dir/rosidl_typesupport_introspection_cpp/suii_msgs/srv/detail/navigation_repose__type_support.cpp.o[0m
[6.268s] [ 38%] [32mBuilding CXX object CMakeFiles/suii_msgs__rosidl_typesupport_introspection_cpp.dir/rosidl_typesupport_introspection_cpp/suii_msgs/srv/detail/update_items__type_support.cpp.o[0m
[6.281s] [ 39%] [32mBuilding CXX object CMakeFiles/suii_msgs__rosidl_typesupport_c.dir/rosidl_typesupport_c/suii_msgs/srv/update_items__type_support.cpp.o[0m
[6.332s] [ 39%] [32mBuilding CXX object CMakeFiles/suii_msgs__rosidl_typesupport_c.dir/rosidl_typesupport_c/suii_msgs/srv/vision_scan__type_support.cpp.o[0m
[6.333s] [35m[1mScanning dependencies of target suii_msgs__rosidl_typesupport_introspection_c[0m
[6.366s] [ 40%] [32mBuilding C object CMakeFiles/suii_msgs__rosidl_typesupport_introspection_c.dir/rosidl_typesupport_introspection_c/suii_msgs/msg/detail/suii_task__type_support.c.o[0m
[6.389s] [ 41%] [32m[1mLinking CXX shared library libsuii_msgs__rosidl_typesupport_c.so[0m
[6.413s] [ 41%] [32mBuilding C object CMakeFiles/suii_msgs__rosidl_typesupport_introspection_c.dir/rosidl_typesupport_introspection_c/suii_msgs/msg/detail/suii_task_list__type_support.c.o[0m
[6.461s] [ 41%] Built target suii_msgs__rosidl_typesupport_c
[6.463s] [ 42%] [32mBuilding C object CMakeFiles/suii_msgs__rosidl_typesupport_introspection_c.dir/rosidl_typesupport_introspection_c/suii_msgs/msg/detail/task__type_support.c.o[0m
[6.475s] [ 42%] [32mBuilding C object CMakeFiles/suii_msgs__rosidl_typesupport_introspection_c.dir/rosidl_typesupport_introspection_c/suii_msgs/msg/detail/vision_scan_object__type_support.c.o[0m
[6.515s] [ 43%] [32mBuilding CXX object CMakeFiles/suii_msgs__rosidl_typesupport_introspection_cpp.dir/rosidl_typesupport_introspection_cpp/suii_msgs/srv/detail/vision_scan__type_support.cpp.o[0m
[6.525s] [ 44%] [32mBuilding C object CMakeFiles/suii_msgs__rosidl_typesupport_introspection_c.dir/rosidl_typesupport_introspection_c/suii_msgs/srv/detail/distance_to_goal__type_support.c.o[0m
[6.581s] [ 45%] [32mBuilding C object CMakeFiles/suii_msgs__rosidl_typesupport_introspection_c.dir/rosidl_typesupport_introspection_c/suii_msgs/srv/detail/get_free_spot__type_support.c.o[0m
[6.635s] [ 45%] [32mBuilding C object CMakeFiles/suii_msgs__rosidl_typesupport_introspection_c.dir/rosidl_typesupport_introspection_c/suii_msgs/srv/detail/item__type_support.c.o[0m
[6.645s] [ 45%] [32mBuilding CXX object CMakeFiles/suii_msgs__rosidl_typesupport_fastrtps_cpp.dir/rosidl_typesupport_fastrtps_cpp/suii_msgs/msg/detail/dds_fastrtps/suii_task_list__type_support.cpp.o[0m
[6.687s] [ 46%] [32mBuilding C object CMakeFiles/suii_msgs__rosidl_typesupport_introspection_c.dir/rosidl_typesupport_introspection_c/suii_msgs/srv/detail/item_drive__type_support.c.o[0m
[6.727s] [ 47%] [32mBuilding C object CMakeFiles/suii_msgs__rosidl_typesupport_introspection_c.dir/rosidl_typesupport_introspection_c/suii_msgs/srv/detail/item_move__type_support.c.o[0m
[6.728s] [ 48%] [32mBuilding CXX object CMakeFiles/suii_msgs__rosidl_typesupport_fastrtps_cpp.dir/rosidl_typesupport_fastrtps_cpp/suii_msgs/msg/detail/dds_fastrtps/task__type_support.cpp.o[0m
[6.728s] [ 49%] [32mBuilding CXX object CMakeFiles/suii_msgs__rosidl_typesupport_fastrtps_cpp.dir/rosidl_typesupport_fastrtps_cpp/suii_msgs/msg/detail/dds_fastrtps/vision_scan_object__type_support.cpp.o[0m
[6.734s] [ 50%] [32mBuilding CXX object CMakeFiles/suii_msgs__rosidl_typesupport_cpp.dir/rosidl_typesupport_cpp/suii_msgs/srv/distance_to_goal__type_support.cpp.o[0m
[6.740s] [ 50%] [32mBuilding C object CMakeFiles/suii_msgs__rosidl_typesupport_introspection_c.dir/rosidl_typesupport_introspection_c/suii_msgs/srv/detail/item_pick__type_support.c.o[0m
[6.786s] [ 51%] [32mBuilding C object CMakeFiles/suii_msgs__rosidl_typesupport_introspection_c.dir/rosidl_typesupport_introspection_c/suii_msgs/srv/detail/item_place__type_support.c.o[0m
[6.793s] [ 52%] [32mBuilding C object CMakeFiles/suii_msgs__rosidl_typesupport_introspection_c.dir/rosidl_typesupport_introspection_c/suii_msgs/srv/detail/manipulation_action__type_support.c.o[0m
[6.825s] [ 52%] [32mBuilding C object CMakeFiles/suii_msgs__rosidl_typesupport_introspection_c.dir/rosidl_typesupport_introspection_c/suii_msgs/srv/detail/manipulation_pose__type_support.c.o[0m
[6.842s] [ 53%] [32mBuilding CXX object CMakeFiles/suii_msgs__rosidl_typesupport_cpp.dir/rosidl_typesupport_cpp/suii_msgs/srv/get_free_spot__type_support.cpp.o[0m
[6.846s] [ 54%] [32mBuilding C object CMakeFiles/suii_msgs__rosidl_typesupport_introspection_c.dir/rosidl_typesupport_introspection_c/suii_msgs/srv/detail/navigation_goal__type_support.c.o[0m
[6.877s] [ 54%] [32mBuilding CXX object CMakeFiles/suii_msgs__rosidl_typesupport_cpp.dir/rosidl_typesupport_cpp/suii_msgs/srv/item__type_support.cpp.o[0m
[6.901s] [ 54%] [32mBuilding C object CMakeFiles/suii_msgs__rosidl_typesupport_introspection_c.dir/rosidl_typesupport_introspection_c/suii_msgs/srv/detail/navigation_repose__type_support.c.o[0m
[6.960s] [ 55%] [32mBuilding C object CMakeFiles/suii_msgs__rosidl_typesupport_introspection_c.dir/rosidl_typesupport_introspection_c/suii_msgs/srv/detail/update_items__type_support.c.o[0m
[7.017s] [ 56%] [32mBuilding C object CMakeFiles/suii_msgs__rosidl_typesupport_introspection_c.dir/rosidl_typesupport_introspection_c/suii_msgs/srv/detail/vision_scan__type_support.c.o[0m
[7.075s] [ 57%] [32m[1mLinking CXX shared library libsuii_msgs__rosidl_typesupport_introspection_cpp.so[0m
[7.087s] [ 57%] [32m[1mLinking C shared library libsuii_msgs__rosidl_typesupport_introspection_c.so[0m
[7.156s] [ 57%] Built target suii_msgs__rosidl_typesupport_introspection_c
[7.171s] [ 58%] [32mBuilding CXX object CMakeFiles/suii_msgs__rosidl_typesupport_cpp.dir/rosidl_typesupport_cpp/suii_msgs/srv/item_drive__type_support.cpp.o[0m
[7.236s] [ 59%] [32mBuilding CXX object CMakeFiles/suii_msgs__rosidl_typesupport_cpp.dir/rosidl_typesupport_cpp/suii_msgs/srv/item_move__type_support.cpp.o[0m
[7.262s] [ 59%] Built target suii_msgs__rosidl_typesupport_introspection_cpp
[7.275s] [ 59%] [32mBuilding CXX object CMakeFiles/suii_msgs__rosidl_typesupport_cpp.dir/rosidl_typesupport_cpp/suii_msgs/srv/item_pick__type_support.cpp.o[0m
[7.336s] [ 60%] [32mBuilding CXX object CMakeFiles/suii_msgs__rosidl_typesupport_cpp.dir/rosidl_typesupport_cpp/suii_msgs/srv/item_place__type_support.cpp.o[0m
[7.357s] [ 60%] [32mBuilding CXX object CMakeFiles/suii_msgs__rosidl_typesupport_fastrtps_cpp.dir/rosidl_typesupport_fastrtps_cpp/suii_msgs/srv/detail/dds_fastrtps/distance_to_goal__type_support.cpp.o[0m
[7.406s] [ 61%] [32mBuilding CXX object CMakeFiles/suii_msgs__rosidl_typesupport_fastrtps_cpp.dir/rosidl_typesupport_fastrtps_cpp/suii_msgs/srv/detail/dds_fastrtps/get_free_spot__type_support.cpp.o[0m
[7.419s] [ 61%] [32mBuilding CXX object CMakeFiles/suii_msgs__rosidl_typesupport_fastrtps_cpp.dir/rosidl_typesupport_fastrtps_cpp/suii_msgs/srv/detail/dds_fastrtps/item__type_support.cpp.o[0m
[7.424s] [ 62%] [32mBuilding CXX object CMakeFiles/suii_msgs__rosidl_typesupport_fastrtps_cpp.dir/rosidl_typesupport_fastrtps_cpp/suii_msgs/srv/detail/dds_fastrtps/item_drive__type_support.cpp.o[0m
[7.649s] [ 62%] [32mBuilding CXX object CMakeFiles/suii_msgs__rosidl_typesupport_cpp.dir/rosidl_typesupport_cpp/suii_msgs/srv/manipulation_action__type_support.cpp.o[0m
[7.702s] [ 63%] [32mBuilding CXX object CMakeFiles/suii_msgs__rosidl_typesupport_cpp.dir/rosidl_typesupport_cpp/suii_msgs/srv/manipulation_pose__type_support.cpp.o[0m
[7.735s] [ 64%] [32mBuilding CXX object CMakeFiles/suii_msgs__rosidl_typesupport_cpp.dir/rosidl_typesupport_cpp/suii_msgs/srv/navigation_goal__type_support.cpp.o[0m
[7.809s] [ 64%] [32mBuilding CXX object CMakeFiles/suii_msgs__rosidl_typesupport_cpp.dir/rosidl_typesupport_cpp/suii_msgs/srv/navigation_repose__type_support.cpp.o[0m
[8.057s] [ 65%] [32mBuilding CXX object CMakeFiles/suii_msgs__rosidl_typesupport_fastrtps_cpp.dir/rosidl_typesupport_fastrtps_cpp/suii_msgs/srv/detail/dds_fastrtps/item_move__type_support.cpp.o[0m
[8.112s] [ 65%] [32mBuilding CXX object CMakeFiles/suii_msgs__rosidl_typesupport_fastrtps_cpp.dir/rosidl_typesupport_fastrtps_cpp/suii_msgs/srv/detail/dds_fastrtps/item_pick__type_support.cpp.o[0m
[8.119s] [ 66%] [32mBuilding CXX object CMakeFiles/suii_msgs__rosidl_typesupport_cpp.dir/rosidl_typesupport_cpp/suii_msgs/srv/update_items__type_support.cpp.o[0m
[8.134s] [ 67%] [32mBuilding CXX object CMakeFiles/suii_msgs__rosidl_typesupport_fastrtps_cpp.dir/rosidl_typesupport_fastrtps_cpp/suii_msgs/srv/detail/dds_fastrtps/item_place__type_support.cpp.o[0m
[8.158s] [ 68%] [32mBuilding CXX object CMakeFiles/suii_msgs__rosidl_typesupport_fastrtps_cpp.dir/rosidl_typesupport_fastrtps_cpp/suii_msgs/srv/detail/dds_fastrtps/manipulation_action__type_support.cpp.o[0m
[8.181s] [ 69%] [32mBuilding CXX object CMakeFiles/suii_msgs__rosidl_typesupport_cpp.dir/rosidl_typesupport_cpp/suii_msgs/srv/vision_scan__type_support.cpp.o[0m
[8.203s] [ 69%] [32mBuilding CXX object CMakeFiles/suii_msgs__rosidl_typesupport_fastrtps_cpp.dir/rosidl_typesupport_fastrtps_cpp/suii_msgs/srv/detail/dds_fastrtps/manipulation_pose__type_support.cpp.o[0m
[8.272s] [ 70%] [32mBuilding CXX object CMakeFiles/suii_msgs__rosidl_typesupport_fastrtps_cpp.dir/rosidl_typesupport_fastrtps_cpp/suii_msgs/srv/detail/dds_fastrtps/navigation_goal__type_support.cpp.o[0m
[8.590s] [ 70%] [32mBuilding CXX object CMakeFiles/suii_msgs__rosidl_typesupport_fastrtps_cpp.dir/rosidl_typesupport_fastrtps_cpp/suii_msgs/srv/detail/dds_fastrtps/navigation_repose__type_support.cpp.o[0m
[8.658s] [ 70%] [32m[1mLinking CXX shared library libsuii_msgs__rosidl_typesupport_cpp.so[0m
[8.733s] [ 70%] Built target suii_msgs__rosidl_typesupport_cpp
[8.747s] [ 71%] [32mBuilding CXX object CMakeFiles/suii_msgs__rosidl_typesupport_fastrtps_cpp.dir/rosidl_typesupport_fastrtps_cpp/suii_msgs/srv/detail/dds_fastrtps/update_items__type_support.cpp.o[0m
[8.776s] [ 72%] [32mBuilding CXX object CMakeFiles/suii_msgs__rosidl_typesupport_fastrtps_cpp.dir/rosidl_typesupport_fastrtps_cpp/suii_msgs/srv/detail/dds_fastrtps/vision_scan__type_support.cpp.o[0m
[9.260s] [ 72%] [32m[1mLinking CXX shared library libsuii_msgs__rosidl_typesupport_fastrtps_cpp.so[0m
[9.357s] [ 72%] Built target suii_msgs__rosidl_typesupport_fastrtps_cpp
[9.369s] [ 73%] [34m[1mGenerating C type support for eProsima Fast-RTPS[0m
[10.350s] [35m[1mScanning dependencies of target suii_msgs__rosidl_typesupport_fastrtps_c[0m
[10.390s] [ 74%] [32mBuilding CXX object CMakeFiles/suii_msgs__rosidl_typesupport_fastrtps_c.dir/rosidl_typesupport_fastrtps_c/suii_msgs/msg/detail/suii_task__type_support_c.cpp.o[0m
[10.390s] [ 74%] [32mBuilding CXX object CMakeFiles/suii_msgs__rosidl_typesupport_fastrtps_c.dir/rosidl_typesupport_fastrtps_c/suii_msgs/msg/detail/suii_task_list__type_support_c.cpp.o[0m
[10.390s] [ 75%] [32mBuilding CXX object CMakeFiles/suii_msgs__rosidl_typesupport_fastrtps_c.dir/rosidl_typesupport_fastrtps_c/suii_msgs/msg/detail/task__type_support_c.cpp.o[0m
[10.390s] [ 75%] [32mBuilding CXX object CMakeFiles/suii_msgs__rosidl_typesupport_fastrtps_c.dir/rosidl_typesupport_fastrtps_c/suii_msgs/msg/detail/vision_scan_object__type_support_c.cpp.o[0m
[10.392s] [ 75%] [32mBuilding CXX object CMakeFiles/suii_msgs__rosidl_typesupport_fastrtps_c.dir/rosidl_typesupport_fastrtps_c/suii_msgs/srv/detail/item__type_support_c.cpp.o[0m
[10.392s] [ 76%] [32mBuilding CXX object CMakeFiles/suii_msgs__rosidl_typesupport_fastrtps_c.dir/rosidl_typesupport_fastrtps_c/suii_msgs/srv/detail/distance_to_goal__type_support_c.cpp.o[0m
[10.392s] [ 77%] [32mBuilding CXX object CMakeFiles/suii_msgs__rosidl_typesupport_fastrtps_c.dir/rosidl_typesupport_fastrtps_c/suii_msgs/srv/detail/get_free_spot__type_support_c.cpp.o[0m
[10.392s] [ 78%] [32mBuilding CXX object CMakeFiles/suii_msgs__rosidl_typesupport_fastrtps_c.dir/rosidl_typesupport_fastrtps_c/suii_msgs/srv/detail/item_drive__type_support_c.cpp.o[0m
[10.974s] [ 78%] [32mBuilding CXX object CMakeFiles/suii_msgs__rosidl_typesupport_fastrtps_c.dir/rosidl_typesupport_fastrtps_c/suii_msgs/srv/detail/item_move__type_support_c.cpp.o[0m
[10.981s] [ 79%] [32mBuilding CXX object CMakeFiles/suii_msgs__rosidl_typesupport_fastrtps_c.dir/rosidl_typesupport_fastrtps_c/suii_msgs/srv/detail/item_pick__type_support_c.cpp.o[0m
[10.988s] [ 80%] [32mBuilding CXX object CMakeFiles/suii_msgs__rosidl_typesupport_fastrtps_c.dir/rosidl_typesupport_fastrtps_c/suii_msgs/srv/detail/manipulation_action__type_support_c.cpp.o[0m
[10.989s] [ 80%] [32mBuilding CXX object CMakeFiles/suii_msgs__rosidl_typesupport_fastrtps_c.dir/rosidl_typesupport_fastrtps_c/suii_msgs/srv/detail/item_place__type_support_c.cpp.o[0m
[10.995s] [ 81%] [32mBuilding CXX object CMakeFiles/suii_msgs__rosidl_typesupport_fastrtps_c.dir/rosidl_typesupport_fastrtps_c/suii_msgs/srv/detail/manipulation_pose__type_support_c.cpp.o[0m
[11.002s] [ 82%] [32mBuilding CXX object CMakeFiles/suii_msgs__rosidl_typesupport_fastrtps_c.dir/rosidl_typesupport_fastrtps_c/suii_msgs/srv/detail/navigation_repose__type_support_c.cpp.o[0m
[11.002s] [ 82%] [32mBuilding CXX object CMakeFiles/suii_msgs__rosidl_typesupport_fastrtps_c.dir/rosidl_typesupport_fastrtps_c/suii_msgs/srv/detail/navigation_goal__type_support_c.cpp.o[0m
[11.010s] [ 83%] [32mBuilding CXX object CMakeFiles/suii_msgs__rosidl_typesupport_fastrtps_c.dir/rosidl_typesupport_fastrtps_c/suii_msgs/srv/detail/update_items__type_support_c.cpp.o[0m
[11.656s] [ 84%] [32mBuilding CXX object CMakeFiles/suii_msgs__rosidl_typesupport_fastrtps_c.dir/rosidl_typesupport_fastrtps_c/suii_msgs/srv/detail/vision_scan__type_support_c.cpp.o[0m
[11.973s] [ 84%] [32m[1mLinking CXX shared library libsuii_msgs__rosidl_typesupport_fastrtps_c.so[0m
[12.076s] [ 84%] Built target suii_msgs__rosidl_typesupport_fastrtps_c
[12.086s] [35m[1mScanning dependencies of target suii_msgs[0m
[12.099s] [ 84%] Built target suii_msgs
[12.110s] [35m[1mScanning dependencies of target suii_msgs__py[0m
[12.122s] [ 85%] [34m[1mGenerating Python code for ROS interfaces[0m
[14.367s] [ 85%] Built target suii_msgs__py
[14.376s] [35m[1mScanning dependencies of target suii_msgs__python[0m
[14.516s] [ 86%] [32mBuilding C object CMakeFiles/suii_msgs__python.dir/rosidl_generator_py/suii_msgs/msg/_suii_task_s.c.o[0m
[14.516s] [ 86%] [32mBuilding C object CMakeFiles/suii_msgs__python.dir/rosidl_generator_py/suii_msgs/msg/_suii_task_list_s.c.o[0m
[14.516s] [ 87%] [32mBuilding C object CMakeFiles/suii_msgs__python.dir/rosidl_generator_py/suii_msgs/msg/_task_s.c.o[0m
[14.516s] [ 88%] [32mBuilding C object CMakeFiles/suii_msgs__python.dir/rosidl_generator_py/suii_msgs/srv/_distance_to_goal_s.c.o[0m
[14.516s] [ 88%] [32mBuilding C object CMakeFiles/suii_msgs__python.dir/rosidl_generator_py/suii_msgs/msg/_vision_scan_object_s.c.o[0m
[14.516s] [ 88%] [32mBuilding C object CMakeFiles/suii_msgs__python.dir/rosidl_generator_py/suii_msgs/srv/_item_s.c.o[0m
[14.517s] [ 89%] [32mBuilding C object CMakeFiles/suii_msgs__python.dir/rosidl_generator_py/suii_msgs/srv/_get_free_spot_s.c.o[0m
[14.517s] [ 90%] [32mBuilding C object CMakeFiles/suii_msgs__python.dir/rosidl_generator_py/suii_msgs/srv/_item_drive_s.c.o[0m
[14.668s] [ 90%] [32mBuilding C object CMakeFiles/suii_msgs__python.dir/rosidl_generator_py/suii_msgs/srv/_item_move_s.c.o[0m
[14.670s] [ 91%] [32mBuilding C object CMakeFiles/suii_msgs__python.dir/rosidl_generator_py/suii_msgs/srv/_item_pick_s.c.o[0m
[14.673s] [ 92%] [32mBuilding C object CMakeFiles/suii_msgs__python.dir/rosidl_generator_py/suii_msgs/srv/_item_place_s.c.o[0m
[14.674s] [ 92%] [32mBuilding C object CMakeFiles/suii_msgs__python.dir/rosidl_generator_py/suii_msgs/srv/_manipulation_action_s.c.o[0m
[14.674s] [ 93%] [32mBuilding C object CMakeFiles/suii_msgs__python.dir/rosidl_generator_py/suii_msgs/srv/_manipulation_pose_s.c.o[0m
[14.675s] [ 93%] [32mBuilding C object CMakeFiles/suii_msgs__python.dir/rosidl_generator_py/suii_msgs/srv/_navigation_repose_s.c.o[0m
[14.677s] [ 95%] [32mBuilding C object CMakeFiles/suii_msgs__python.dir/rosidl_generator_py/suii_msgs/srv/_update_items_s.c.o[0m
[14.677s] [ 95%] [32mBuilding C object CMakeFiles/suii_msgs__python.dir/rosidl_generator_py/suii_msgs/srv/_navigation_goal_s.c.o[0m
[14.826s] [ 95%] [32mBuilding C object CMakeFiles/suii_msgs__python.dir/rosidl_generator_py/suii_msgs/srv/_vision_scan_s.c.o[0m
[14.905s] [ 96%] [32m[1mLinking C shared library rosidl_generator_py/suii_msgs/libsuii_msgs__python.so[0m
[14.953s] [ 96%] Built target suii_msgs__python
[14.964s] [35m[1mScanning dependencies of target suii_msgs__rosidl_typesupport_fastrtps_c__pyext[0m
[14.965s] [35m[1mScanning dependencies of target suii_msgs__rosidl_typesupport_c__pyext[0m
[14.965s] [35m[1mScanning dependencies of target suii_msgs__rosidl_typesupport_introspection_c__pyext[0m
[14.989s] [ 97%] [32mBuilding C object CMakeFiles/suii_msgs__rosidl_typesupport_fastrtps_c__pyext.dir/rosidl_generator_py/suii_msgs/_suii_msgs_s.ep.rosidl_typesupport_fastrtps_c.c.o[0m
[14.990s] [ 99%] [32mBuilding C object CMakeFiles/suii_msgs__rosidl_typesupport_introspection_c__pyext.dir/rosidl_generator_py/suii_msgs/_suii_msgs_s.ep.rosidl_typesupport_introspection_c.c.o[0m
[14.990s] [ 99%] [32mBuilding C object CMakeFiles/suii_msgs__rosidl_typesupport_c__pyext.dir/rosidl_generator_py/suii_msgs/_suii_msgs_s.ep.rosidl_typesupport_c.c.o[0m
[15.155s] [100%] [32m[1mLinking C shared library rosidl_generator_py/suii_msgs/suii_msgs_s__rosidl_typesupport_c.cpython-38-x86_64-linux-gnu.so[0m
[15.155s] [100%] [32m[1mLinking C shared library rosidl_generator_py/suii_msgs/suii_msgs_s__rosidl_typesupport_introspection_c.cpython-38-x86_64-linux-gnu.so[0m
[15.156s] [100%] [32m[1mLinking CXX shared library rosidl_generator_py/suii_msgs/suii_msgs_s__rosidl_typesupport_fastrtps_c.cpython-38-x86_64-linux-gnu.so[0m
[15.193s] [100%] Built target suii_msgs__rosidl_typesupport_c__pyext
[15.193s] [100%] Built target suii_msgs__rosidl_typesupport_introspection_c__pyext
[15.222s] [100%] Built target suii_msgs__rosidl_typesupport_fastrtps_c__pyext
[15.235s] Invoked command in '/home/suii/colcon_ws/suii/ros2_ws/build/suii_msgs' returned '0': CMAKE_PREFIX_PATH=/opt/ros/foxy /usr/bin/cmake --build /home/suii/colcon_ws/suii/ros2_ws/build/suii_msgs -- -j8 -l8
[15.436s] Invoking command in '/home/suii/colcon_ws/suii/ros2_ws/build/suii_msgs': CMAKE_PREFIX_PATH=/opt/ros/foxy /usr/bin/cmake --install /home/suii/colcon_ws/suii/ros2_ws/build/suii_msgs
[15.443s] -- Install configuration: ""
[15.444s] -- Execute custom install script
[15.444s] -- Symlinking: /home/suii/colcon_ws/suii/ros2_ws/install/suii_msgs/share/ament_index/resource_index/rosidl_interfaces/suii_msgs
[15.453s] -- Symlinking: /home/suii/colcon_ws/suii/ros2_ws/install/suii_msgs/include/suii_msgs/msg/detail/suii_task__functions.h
[15.461s] -- Symlinking: /home/suii/colcon_ws/suii/ros2_ws/install/suii_msgs/include/suii_msgs/msg/detail/suii_task__struct.h
[15.469s] -- Symlinking: /home/suii/colcon_ws/suii/ros2_ws/install/suii_msgs/include/suii_msgs/msg/detail/suii_task__type_support.h
[15.478s] -- Symlinking: /home/suii/colcon_ws/suii/ros2_ws/install/suii_msgs/include/suii_msgs/msg/detail/suii_task_list__functions.h
[15.486s] -- Symlinking: /home/suii/colcon_ws/suii/ros2_ws/install/suii_msgs/include/suii_msgs/msg/detail/suii_task_list__struct.h
[15.495s] -- Symlinking: /home/suii/colcon_ws/suii/ros2_ws/install/suii_msgs/include/suii_msgs/msg/detail/suii_task_list__type_support.h
[15.503s] -- Symlinking: /home/suii/colcon_ws/suii/ros2_ws/install/suii_msgs/include/suii_msgs/msg/detail/task__functions.h
[15.512s] -- Symlinking: /home/suii/colcon_ws/suii/ros2_ws/install/suii_msgs/include/suii_msgs/msg/detail/task__struct.h
[15.521s] -- Symlinking: /home/suii/colcon_ws/suii/ros2_ws/install/suii_msgs/include/suii_msgs/msg/detail/task__type_support.h
[15.530s] -- Symlinking: /home/suii/colcon_ws/suii/ros2_ws/install/suii_msgs/include/suii_msgs/msg/detail/vision_scan_object__functions.h
[15.539s] -- Symlinking: /home/suii/colcon_ws/suii/ros2_ws/install/suii_msgs/include/suii_msgs/msg/detail/vision_scan_object__struct.h
[15.548s] -- Symlinking: /home/suii/colcon_ws/suii/ros2_ws/install/suii_msgs/include/suii_msgs/msg/detail/vision_scan_object__type_support.h
[15.557s] -- Symlinking: /home/suii/colcon_ws/suii/ros2_ws/install/suii_msgs/include/suii_msgs/msg/rosidl_generator_c__visibility_control.h
[15.566s] -- Symlinking: /home/suii/colcon_ws/suii/ros2_ws/install/suii_msgs/include/suii_msgs/msg/suii_task.h
[15.575s] -- Symlinking: /home/suii/colcon_ws/suii/ros2_ws/install/suii_msgs/include/suii_msgs/msg/suii_task_list.h
[15.583s] -- Symlinking: /home/suii/colcon_ws/suii/ros2_ws/install/suii_msgs/include/suii_msgs/msg/task.h
[15.592s] -- Symlinking: /home/suii/colcon_ws/suii/ros2_ws/install/suii_msgs/include/suii_msgs/msg/vision_scan_object.h
[15.601s] -- Symlinking: /home/suii/colcon_ws/suii/ros2_ws/install/suii_msgs/include/suii_msgs/srv/detail/distance_to_goal__functions.h
[15.610s] -- Symlinking: /home/suii/colcon_ws/suii/ros2_ws/install/suii_msgs/include/suii_msgs/srv/detail/distance_to_goal__struct.h
[15.619s] -- Symlinking: /home/suii/colcon_ws/suii/ros2_ws/install/suii_msgs/include/suii_msgs/srv/detail/distance_to_goal__type_support.h
[15.628s] -- Symlinking: /home/suii/colcon_ws/suii/ros2_ws/install/suii_msgs/include/suii_msgs/srv/detail/get_free_spot__functions.h
[15.637s] -- Symlinking: /home/suii/colcon_ws/suii/ros2_ws/install/suii_msgs/include/suii_msgs/srv/detail/get_free_spot__struct.h
[15.646s] -- Symlinking: /home/suii/colcon_ws/suii/ros2_ws/install/suii_msgs/include/suii_msgs/srv/detail/get_free_spot__type_support.h
[15.654s] -- Symlinking: /home/suii/colcon_ws/suii/ros2_ws/install/suii_msgs/include/suii_msgs/srv/detail/item__functions.h
[15.663s] -- Symlinking: /home/suii/colcon_ws/suii/ros2_ws/install/suii_msgs/include/suii_msgs/srv/detail/item__struct.h
[15.672s] -- Symlinking: /home/suii/colcon_ws/suii/ros2_ws/install/suii_msgs/include/suii_msgs/srv/detail/item__type_support.h
[15.681s] -- Symlinking: /home/suii/colcon_ws/suii/ros2_ws/install/suii_msgs/include/suii_msgs/srv/detail/item_drive__functions.h
[15.689s] -- Symlinking: /home/suii/colcon_ws/suii/ros2_ws/install/suii_msgs/include/suii_msgs/srv/detail/item_drive__struct.h
[15.698s] -- Symlinking: /home/suii/colcon_ws/suii/ros2_ws/install/suii_msgs/include/suii_msgs/srv/detail/item_drive__type_support.h
[15.707s] -- Symlinking: /home/suii/colcon_ws/suii/ros2_ws/install/suii_msgs/include/suii_msgs/srv/detail/item_move__functions.h
[15.716s] -- Symlinking: /home/suii/colcon_ws/suii/ros2_ws/install/suii_msgs/include/suii_msgs/srv/detail/item_move__struct.h
[15.725s] -- Symlinking: /home/suii/colcon_ws/suii/ros2_ws/install/suii_msgs/include/suii_msgs/srv/detail/item_move__type_support.h
[15.733s] -- Symlinking: /home/suii/colcon_ws/suii/ros2_ws/install/suii_msgs/include/suii_msgs/srv/detail/item_pick__functions.h
[15.742s] -- Symlinking: /home/suii/colcon_ws/suii/ros2_ws/install/suii_msgs/include/suii_msgs/srv/detail/item_pick__struct.h
[15.751s] -- Symlinking: /home/suii/colcon_ws/suii/ros2_ws/install/suii_msgs/include/suii_msgs/srv/detail/item_pick__type_support.h
[15.760s] -- Symlinking: /home/suii/colcon_ws/suii/ros2_ws/install/suii_msgs/include/suii_msgs/srv/detail/item_place__functions.h
[15.769s] -- Symlinking: /home/suii/colcon_ws/suii/ros2_ws/install/suii_msgs/include/suii_msgs/srv/detail/item_place__struct.h
[15.777s] -- Symlinking: /home/suii/colcon_ws/suii/ros2_ws/install/suii_msgs/include/suii_msgs/srv/detail/item_place__type_support.h
[15.786s] -- Symlinking: /home/suii/colcon_ws/suii/ros2_ws/install/suii_msgs/include/suii_msgs/srv/detail/manipulation_action__functions.h
[15.795s] -- Symlinking: /home/suii/colcon_ws/suii/ros2_ws/install/suii_msgs/include/suii_msgs/srv/detail/manipulation_action__struct.h
[15.804s] -- Symlinking: /home/suii/colcon_ws/suii/ros2_ws/install/suii_msgs/include/suii_msgs/srv/detail/manipulation_action__type_support.h
[15.813s] -- Symlinking: /home/suii/colcon_ws/suii/ros2_ws/install/suii_msgs/include/suii_msgs/srv/detail/manipulation_pose__functions.h
[15.822s] -- Symlinking: /home/suii/colcon_ws/suii/ros2_ws/install/suii_msgs/include/suii_msgs/srv/detail/manipulation_pose__struct.h
[15.830s] -- Symlinking: /home/suii/colcon_ws/suii/ros2_ws/install/suii_msgs/include/suii_msgs/srv/detail/manipulation_pose__type_support.h
[15.839s] -- Symlinking: /home/suii/colcon_ws/suii/ros2_ws/install/suii_msgs/include/suii_msgs/srv/detail/navigation_goal__functions.h
[15.848s] -- Symlinking: /home/suii/colcon_ws/suii/ros2_ws/install/suii_msgs/include/suii_msgs/srv/detail/navigation_goal__struct.h
[15.856s] -- Symlinking: /home/suii/colcon_ws/suii/ros2_ws/install/suii_msgs/include/suii_msgs/srv/detail/navigation_goal__type_support.h
[15.866s] -- Symlinking: /home/suii/colcon_ws/suii/ros2_ws/install/suii_msgs/include/suii_msgs/srv/detail/navigation_repose__functions.h
[15.874s] -- Symlinking: /home/suii/colcon_ws/suii/ros2_ws/install/suii_msgs/include/suii_msgs/srv/detail/navigation_repose__struct.h
[15.883s] -- Symlinking: /home/suii/colcon_ws/suii/ros2_ws/install/suii_msgs/include/suii_msgs/srv/detail/navigation_repose__type_support.h
[15.892s] -- Symlinking: /home/suii/colcon_ws/suii/ros2_ws/install/suii_msgs/include/suii_msgs/srv/detail/update_items__functions.h
[15.900s] -- Symlinking: /home/suii/colcon_ws/suii/ros2_ws/install/suii_msgs/include/suii_msgs/srv/detail/update_items__struct.h
[15.909s] -- Symlinking: /home/suii/colcon_ws/suii/ros2_ws/install/suii_msgs/include/suii_msgs/srv/detail/update_items__type_support.h
[15.918s] -- Symlinking: /home/suii/colcon_ws/suii/ros2_ws/install/suii_msgs/include/suii_msgs/srv/detail/vision_scan__functions.h
[15.927s] -- Symlinking: /home/suii/colcon_ws/suii/ros2_ws/install/suii_msgs/include/suii_msgs/srv/detail/vision_scan__struct.h
[15.935s] -- Symlinking: /home/suii/colcon_ws/suii/ros2_ws/install/suii_msgs/include/suii_msgs/srv/detail/vision_scan__type_support.h
[15.944s] -- Symlinking: /home/suii/colcon_ws/suii/ros2_ws/install/suii_msgs/include/suii_msgs/srv/distance_to_goal.h
[15.953s] -- Symlinking: /home/suii/colcon_ws/suii/ros2_ws/install/suii_msgs/include/suii_msgs/srv/get_free_spot.h
[15.962s] -- Symlinking: /home/suii/colcon_ws/suii/ros2_ws/install/suii_msgs/include/suii_msgs/srv/item.h
[15.971s] -- Symlinking: /home/suii/colcon_ws/suii/ros2_ws/install/suii_msgs/include/suii_msgs/srv/item_drive.h
[15.980s] -- Symlinking: /home/suii/colcon_ws/suii/ros2_ws/install/suii_msgs/include/suii_msgs/srv/item_move.h
[15.988s] -- Symlinking: /home/suii/colcon_ws/suii/ros2_ws/install/suii_msgs/include/suii_msgs/srv/item_pick.h
[15.997s] -- Symlinking: /home/suii/colcon_ws/suii/ros2_ws/install/suii_msgs/include/suii_msgs/srv/item_place.h
[16.006s] -- Symlinking: /home/suii/colcon_ws/suii/ros2_ws/install/suii_msgs/include/suii_msgs/srv/manipulation_action.h
[16.015s] -- Symlinking: /home/suii/colcon_ws/suii/ros2_ws/install/suii_msgs/include/suii_msgs/srv/manipulation_pose.h
[16.024s] -- Symlinking: /home/suii/colcon_ws/suii/ros2_ws/install/suii_msgs/include/suii_msgs/srv/navigation_goal.h
[16.033s] -- Symlinking: /home/suii/colcon_ws/suii/ros2_ws/install/suii_msgs/include/suii_msgs/srv/navigation_repose.h
[16.041s] -- Symlinking: /home/suii/colcon_ws/suii/ros2_ws/install/suii_msgs/include/suii_msgs/srv/update_items.h
[16.050s] -- Symlinking: /home/suii/colcon_ws/suii/ros2_ws/install/suii_msgs/include/suii_msgs/srv/vision_scan.h
[16.059s] -- Symlinking: /home/suii/colcon_ws/suii/ros2_ws/install/suii_msgs/share/suii_msgs/environment/library_path.sh
[16.069s] -- Symlinking: /home/suii/colcon_ws/suii/ros2_ws/install/suii_msgs/share/suii_msgs/environment/library_path.dsv
[16.078s] -- Symlinking: /home/suii/colcon_ws/suii/ros2_ws/install/suii_msgs/include/suii_msgs/msg/detail/suii_task__rosidl_typesupport_fastrtps_c.h
[16.087s] -- Symlinking: /home/suii/colcon_ws/suii/ros2_ws/install/suii_msgs/include/suii_msgs/msg/detail/suii_task_list__rosidl_typesupport_fastrtps_c.h
[16.096s] -- Symlinking: /home/suii/colcon_ws/suii/ros2_ws/install/suii_msgs/include/suii_msgs/msg/detail/task__rosidl_typesupport_fastrtps_c.h
[16.105s] -- Symlinking: /home/suii/colcon_ws/suii/ros2_ws/install/suii_msgs/include/suii_msgs/msg/detail/vision_scan_object__rosidl_typesupport_fastrtps_c.h
[16.114s] -- Symlinking: /home/suii/colcon_ws/suii/ros2_ws/install/suii_msgs/include/suii_msgs/msg/rosidl_typesupport_fastrtps_c__visibility_control.h
[16.123s] -- Symlinking: /home/suii/colcon_ws/suii/ros2_ws/install/suii_msgs/include/suii_msgs/srv/detail/distance_to_goal__rosidl_typesupport_fastrtps_c.h
[16.132s] -- Symlinking: /home/suii/colcon_ws/suii/ros2_ws/install/suii_msgs/include/suii_msgs/srv/detail/get_free_spot__rosidl_typesupport_fastrtps_c.h
[16.140s] -- Symlinking: /home/suii/colcon_ws/suii/ros2_ws/install/suii_msgs/include/suii_msgs/srv/detail/item__rosidl_typesupport_fastrtps_c.h
[16.149s] -- Symlinking: /home/suii/colcon_ws/suii/ros2_ws/install/suii_msgs/include/suii_msgs/srv/detail/item_drive__rosidl_typesupport_fastrtps_c.h
[16.158s] -- Symlinking: /home/suii/colcon_ws/suii/ros2_ws/install/suii_msgs/include/suii_msgs/srv/detail/item_move__rosidl_typesupport_fastrtps_c.h
[16.167s] -- Symlinking: /home/suii/colcon_ws/suii/ros2_ws/install/suii_msgs/include/suii_msgs/srv/detail/item_pick__rosidl_typesupport_fastrtps_c.h
[16.176s] -- Symlinking: /home/suii/colcon_ws/suii/ros2_ws/install/suii_msgs/include/suii_msgs/srv/detail/item_place__rosidl_typesupport_fastrtps_c.h
[16.185s] -- Symlinking: /home/suii/colcon_ws/suii/ros2_ws/install/suii_msgs/include/suii_msgs/srv/detail/manipulation_action__rosidl_typesupport_fastrtps_c.h
[16.193s] -- Symlinking: /home/suii/colcon_ws/suii/ros2_ws/install/suii_msgs/include/suii_msgs/srv/detail/manipulation_pose__rosidl_typesupport_fastrtps_c.h
[16.202s] -- Symlinking: /home/suii/colcon_ws/suii/ros2_ws/install/suii_msgs/include/suii_msgs/srv/detail/navigation_goal__rosidl_typesupport_fastrtps_c.h
[16.211s] -- Symlinking: /home/suii/colcon_ws/suii/ros2_ws/install/suii_msgs/include/suii_msgs/srv/detail/navigation_repose__rosidl_typesupport_fastrtps_c.h
[16.220s] -- Symlinking: /home/suii/colcon_ws/suii/ros2_ws/install/suii_msgs/include/suii_msgs/srv/detail/update_items__rosidl_typesupport_fastrtps_c.h
[16.229s] -- Symlinking: /home/suii/colcon_ws/suii/ros2_ws/install/suii_msgs/include/suii_msgs/srv/detail/vision_scan__rosidl_typesupport_fastrtps_c.h
[16.238s] -- Symlinking: /home/suii/colcon_ws/suii/ros2_ws/install/suii_msgs/lib/libsuii_msgs__rosidl_typesupport_fastrtps_c.so
[16.248s] -- Symlinking: /home/suii/colcon_ws/suii/ros2_ws/install/suii_msgs/include/suii_msgs/msg/detail/suii_task__rosidl_typesupport_fastrtps_cpp.hpp
[16.257s] -- Symlinking: /home/suii/colcon_ws/suii/ros2_ws/install/suii_msgs/include/suii_msgs/msg/detail/suii_task_list__rosidl_typesupport_fastrtps_cpp.hpp
[16.266s] -- Symlinking: /home/suii/colcon_ws/suii/ros2_ws/install/suii_msgs/include/suii_msgs/msg/detail/task__rosidl_typesupport_fastrtps_cpp.hpp
[16.274s] -- Symlinking: /home/suii/colcon_ws/suii/ros2_ws/install/suii_msgs/include/suii_msgs/msg/detail/vision_scan_object__rosidl_typesupport_fastrtps_cpp.hpp
[16.283s] -- Symlinking: /home/suii/colcon_ws/suii/ros2_ws/install/suii_msgs/include/suii_msgs/msg/rosidl_typesupport_fastrtps_cpp__visibility_control.h
[16.292s] -- Symlinking: /home/suii/colcon_ws/suii/ros2_ws/install/suii_msgs/include/suii_msgs/srv/detail/distance_to_goal__rosidl_typesupport_fastrtps_cpp.hpp
[16.301s] -- Symlinking: /home/suii/colcon_ws/suii/ros2_ws/install/suii_msgs/include/suii_msgs/srv/detail/get_free_spot__rosidl_typesupport_fastrtps_cpp.hpp
[16.310s] -- Symlinking: /home/suii/colcon_ws/suii/ros2_ws/install/suii_msgs/include/suii_msgs/srv/detail/item__rosidl_typesupport_fastrtps_cpp.hpp
[16.318s] -- Symlinking: /home/suii/colcon_ws/suii/ros2_ws/install/suii_msgs/include/suii_msgs/srv/detail/item_drive__rosidl_typesupport_fastrtps_cpp.hpp
[16.327s] -- Symlinking: /home/suii/colcon_ws/suii/ros2_ws/install/suii_msgs/include/suii_msgs/srv/detail/item_move__rosidl_typesupport_fastrtps_cpp.hpp
[16.336s] -- Symlinking: /home/suii/colcon_ws/suii/ros2_ws/install/suii_msgs/include/suii_msgs/srv/detail/item_pick__rosidl_typesupport_fastrtps_cpp.hpp
[16.345s] -- Symlinking: /home/suii/colcon_ws/suii/ros2_ws/install/suii_msgs/include/suii_msgs/srv/detail/item_place__rosidl_typesupport_fastrtps_cpp.hpp
[16.354s] -- Symlinking: /home/suii/colcon_ws/suii/ros2_ws/install/suii_msgs/include/suii_msgs/srv/detail/manipulation_action__rosidl_typesupport_fastrtps_cpp.hpp
[16.362s] -- Symlinking: /home/suii/colcon_ws/suii/ros2_ws/install/suii_msgs/include/suii_msgs/srv/detail/manipulation_pose__rosidl_typesupport_fastrtps_cpp.hpp
[16.371s] -- Symlinking: /home/suii/colcon_ws/suii/ros2_ws/install/suii_msgs/include/suii_msgs/srv/detail/navigation_goal__rosidl_typesupport_fastrtps_cpp.hpp
[16.380s] -- Symlinking: /home/suii/colcon_ws/suii/ros2_ws/install/suii_msgs/include/suii_msgs/srv/detail/navigation_repose__rosidl_typesupport_fastrtps_cpp.hpp
[16.389s] -- Symlinking: /home/suii/colcon_ws/suii/ros2_ws/install/suii_msgs/include/suii_msgs/srv/detail/update_items__rosidl_typesupport_fastrtps_cpp.hpp
[16.397s] -- Symlinking: /home/suii/colcon_ws/suii/ros2_ws/install/suii_msgs/include/suii_msgs/srv/detail/vision_scan__rosidl_typesupport_fastrtps_cpp.hpp
[16.407s] -- Symlinking: /home/suii/colcon_ws/suii/ros2_ws/install/suii_msgs/lib/libsuii_msgs__rosidl_typesupport_fastrtps_cpp.so
[16.416s] -- Symlinking: /home/suii/colcon_ws/suii/ros2_ws/install/suii_msgs/include/suii_msgs/msg/detail/suii_task__rosidl_typesupport_introspection_c.h
[16.425s] -- Symlinking: /home/suii/colcon_ws/suii/ros2_ws/install/suii_msgs/include/suii_msgs/msg/detail/suii_task_list__rosidl_typesupport_introspection_c.h
[16.434s] -- Symlinking: /home/suii/colcon_ws/suii/ros2_ws/install/suii_msgs/include/suii_msgs/msg/detail/task__rosidl_typesupport_introspection_c.h
[16.443s] -- Symlinking: /home/suii/colcon_ws/suii/ros2_ws/install/suii_msgs/include/suii_msgs/msg/detail/vision_scan_object__rosidl_typesupport_introspection_c.h
[16.452s] -- Symlinking: /home/suii/colcon_ws/suii/ros2_ws/install/suii_msgs/include/suii_msgs/msg/rosidl_typesupport_introspection_c__visibility_control.h
[16.461s] -- Symlinking: /home/suii/colcon_ws/suii/ros2_ws/install/suii_msgs/include/suii_msgs/srv/detail/distance_to_goal__rosidl_typesupport_introspection_c.h
[16.469s] -- Symlinking: /home/suii/colcon_ws/suii/ros2_ws/install/suii_msgs/include/suii_msgs/srv/detail/get_free_spot__rosidl_typesupport_introspection_c.h
[16.478s] -- Symlinking: /home/suii/colcon_ws/suii/ros2_ws/install/suii_msgs/include/suii_msgs/srv/detail/item__rosidl_typesupport_introspection_c.h
[16.486s] -- Symlinking: /home/suii/colcon_ws/suii/ros2_ws/install/suii_msgs/include/suii_msgs/srv/detail/item_drive__rosidl_typesupport_introspection_c.h
[16.495s] -- Symlinking: /home/suii/colcon_ws/suii/ros2_ws/install/suii_msgs/include/suii_msgs/srv/detail/item_move__rosidl_typesupport_introspection_c.h
[16.504s] -- Symlinking: /home/suii/colcon_ws/suii/ros2_ws/install/suii_msgs/include/suii_msgs/srv/detail/item_pick__rosidl_typesupport_introspection_c.h
[16.513s] -- Symlinking: /home/suii/colcon_ws/suii/ros2_ws/install/suii_msgs/include/suii_msgs/srv/detail/item_place__rosidl_typesupport_introspection_c.h
[16.522s] -- Symlinking: /home/suii/colcon_ws/suii/ros2_ws/install/suii_msgs/include/suii_msgs/srv/detail/manipulation_action__rosidl_typesupport_introspection_c.h
[16.530s] -- Symlinking: /home/suii/colcon_ws/suii/ros2_ws/install/suii_msgs/include/suii_msgs/srv/detail/manipulation_pose__rosidl_typesupport_introspection_c.h
[16.539s] -- Symlinking: /home/suii/colcon_ws/suii/ros2_ws/install/suii_msgs/include/suii_msgs/srv/detail/navigation_goal__rosidl_typesupport_introspection_c.h
[16.548s] -- Symlinking: /home/suii/colcon_ws/suii/ros2_ws/install/suii_msgs/include/suii_msgs/srv/detail/navigation_repose__rosidl_typesupport_introspection_c.h
[16.557s] -- Symlinking: /home/suii/colcon_ws/suii/ros2_ws/install/suii_msgs/include/suii_msgs/srv/detail/update_items__rosidl_typesupport_introspection_c.h
[16.566s] -- Symlinking: /home/suii/colcon_ws/suii/ros2_ws/install/suii_msgs/include/suii_msgs/srv/detail/vision_scan__rosidl_typesupport_introspection_c.h
[16.575s] -- Symlinking: /home/suii/colcon_ws/suii/ros2_ws/install/suii_msgs/include/suii_msgs/msg/detail/suii_task__builder.hpp
[16.584s] -- Symlinking: /home/suii/colcon_ws/suii/ros2_ws/install/suii_msgs/include/suii_msgs/msg/detail/suii_task__struct.hpp
[16.593s] -- Symlinking: /home/suii/colcon_ws/suii/ros2_ws/install/suii_msgs/include/suii_msgs/msg/detail/suii_task__traits.hpp
[16.602s] -- Symlinking: /home/suii/colcon_ws/suii/ros2_ws/install/suii_msgs/include/suii_msgs/msg/detail/suii_task_list__builder.hpp
[16.611s] -- Symlinking: /home/suii/colcon_ws/suii/ros2_ws/install/suii_msgs/include/suii_msgs/msg/detail/suii_task_list__struct.hpp
[16.620s] -- Symlinking: /home/suii/colcon_ws/suii/ros2_ws/install/suii_msgs/include/suii_msgs/msg/detail/suii_task_list__traits.hpp
[16.630s] -- Symlinking: /home/suii/colcon_ws/suii/ros2_ws/install/suii_msgs/include/suii_msgs/msg/detail/task__builder.hpp
[16.640s] -- Symlinking: /home/suii/colcon_ws/suii/ros2_ws/install/suii_msgs/include/suii_msgs/msg/detail/task__struct.hpp
[16.649s] -- Symlinking: /home/suii/colcon_ws/suii/ros2_ws/install/suii_msgs/include/suii_msgs/msg/detail/task__traits.hpp
[16.658s] -- Symlinking: /home/suii/colcon_ws/suii/ros2_ws/install/suii_msgs/include/suii_msgs/msg/detail/vision_scan_object__builder.hpp
[16.667s] -- Symlinking: /home/suii/colcon_ws/suii/ros2_ws/install/suii_msgs/include/suii_msgs/msg/detail/vision_scan_object__struct.hpp
[16.676s] -- Symlinking: /home/suii/colcon_ws/suii/ros2_ws/install/suii_msgs/include/suii_msgs/msg/detail/vision_scan_object__traits.hpp
[16.685s] -- Symlinking: /home/suii/colcon_ws/suii/ros2_ws/install/suii_msgs/include/suii_msgs/msg/suii_task.hpp
[16.694s] -- Symlinking: /home/suii/colcon_ws/suii/ros2_ws/install/suii_msgs/include/suii_msgs/msg/suii_task_list.hpp
[16.704s] -- Symlinking: /home/suii/colcon_ws/suii/ros2_ws/install/suii_msgs/include/suii_msgs/msg/task.hpp
[16.713s] -- Symlinking: /home/suii/colcon_ws/suii/ros2_ws/install/suii_msgs/include/suii_msgs/msg/vision_scan_object.hpp
[16.722s] -- Symlinking: /home/suii/colcon_ws/suii/ros2_ws/install/suii_msgs/include/suii_msgs/srv/detail/distance_to_goal__builder.hpp
[16.732s] -- Symlinking: /home/suii/colcon_ws/suii/ros2_ws/install/suii_msgs/include/suii_msgs/srv/detail/distance_to_goal__struct.hpp
[16.740s] -- Symlinking: /home/suii/colcon_ws/suii/ros2_ws/install/suii_msgs/include/suii_msgs/srv/detail/distance_to_goal__traits.hpp
[16.749s] -- Symlinking: /home/suii/colcon_ws/suii/ros2_ws/install/suii_msgs/include/suii_msgs/srv/detail/get_free_spot__builder.hpp
[16.759s] -- Symlinking: /home/suii/colcon_ws/suii/ros2_ws/install/suii_msgs/include/suii_msgs/srv/detail/get_free_spot__struct.hpp
[16.768s] -- Symlinking: /home/suii/colcon_ws/suii/ros2_ws/install/suii_msgs/include/suii_msgs/srv/detail/get_free_spot__traits.hpp
[16.776s] -- Symlinking: /home/suii/colcon_ws/suii/ros2_ws/install/suii_msgs/include/suii_msgs/srv/detail/item__builder.hpp
[16.786s] -- Symlinking: /home/suii/colcon_ws/suii/ros2_ws/install/suii_msgs/include/suii_msgs/srv/detail/item__struct.hpp
[16.794s] -- Symlinking: /home/suii/colcon_ws/suii/ros2_ws/install/suii_msgs/include/suii_msgs/srv/detail/item__traits.hpp
[16.803s] -- Symlinking: /home/suii/colcon_ws/suii/ros2_ws/install/suii_msgs/include/suii_msgs/srv/detail/item_drive__builder.hpp
[16.812s] -- Symlinking: /home/suii/colcon_ws/suii/ros2_ws/install/suii_msgs/include/suii_msgs/srv/detail/item_drive__struct.hpp
[16.821s] -- Symlinking: /home/suii/colcon_ws/suii/ros2_ws/install/suii_msgs/include/suii_msgs/srv/detail/item_drive__traits.hpp
[16.830s] -- Symlinking: /home/suii/colcon_ws/suii/ros2_ws/install/suii_msgs/include/suii_msgs/srv/detail/item_move__builder.hpp
[16.838s] -- Symlinking: /home/suii/colcon_ws/suii/ros2_ws/install/suii_msgs/include/suii_msgs/srv/detail/item_move__struct.hpp
[16.847s] -- Symlinking: /home/suii/colcon_ws/suii/ros2_ws/install/suii_msgs/include/suii_msgs/srv/detail/item_move__traits.hpp
[16.856s] -- Symlinking: /home/suii/colcon_ws/suii/ros2_ws/install/suii_msgs/include/suii_msgs/srv/detail/item_pick__builder.hpp
[16.865s] -- Symlinking: /home/suii/colcon_ws/suii/ros2_ws/install/suii_msgs/include/suii_msgs/srv/detail/item_pick__struct.hpp
[16.874s] -- Symlinking: /home/suii/colcon_ws/suii/ros2_ws/install/suii_msgs/include/suii_msgs/srv/detail/item_pick__traits.hpp
[16.883s] -- Symlinking: /home/suii/colcon_ws/suii/ros2_ws/install/suii_msgs/include/suii_msgs/srv/detail/item_place__builder.hpp
[16.892s] -- Symlinking: /home/suii/colcon_ws/suii/ros2_ws/install/suii_msgs/include/suii_msgs/srv/detail/item_place__struct.hpp
[16.901s] -- Symlinking: /home/suii/colcon_ws/suii/ros2_ws/install/suii_msgs/include/suii_msgs/srv/detail/item_place__traits.hpp
[16.910s] -- Symlinking: /home/suii/colcon_ws/suii/ros2_ws/install/suii_msgs/include/suii_msgs/srv/detail/manipulation_action__builder.hpp
[16.918s] -- Symlinking: /home/suii/colcon_ws/suii/ros2_ws/install/suii_msgs/include/suii_msgs/srv/detail/manipulation_action__struct.hpp
[16.927s] -- Symlinking: /home/suii/colcon_ws/suii/ros2_ws/install/suii_msgs/include/suii_msgs/srv/detail/manipulation_action__traits.hpp
[16.936s] -- Symlinking: /home/suii/colcon_ws/suii/ros2_ws/install/suii_msgs/include/suii_msgs/srv/detail/manipulation_pose__builder.hpp
[16.945s] -- Symlinking: /home/suii/colcon_ws/suii/ros2_ws/install/suii_msgs/include/suii_msgs/srv/detail/manipulation_pose__struct.hpp
[16.954s] -- Symlinking: /home/suii/colcon_ws/suii/ros2_ws/install/suii_msgs/include/suii_msgs/srv/detail/manipulation_pose__traits.hpp
[16.963s] -- Symlinking: /home/suii/colcon_ws/suii/ros2_ws/install/suii_msgs/include/suii_msgs/srv/detail/navigation_goal__builder.hpp
[16.971s] -- Symlinking: /home/suii/colcon_ws/suii/ros2_ws/install/suii_msgs/include/suii_msgs/srv/detail/navigation_goal__struct.hpp
[16.980s] -- Symlinking: /home/suii/colcon_ws/suii/ros2_ws/install/suii_msgs/include/suii_msgs/srv/detail/navigation_goal__traits.hpp
[16.989s] -- Symlinking: /home/suii/colcon_ws/suii/ros2_ws/install/suii_msgs/include/suii_msgs/srv/detail/navigation_repose__builder.hpp
[16.998s] -- Symlinking: /home/suii/colcon_ws/suii/ros2_ws/install/suii_msgs/include/suii_msgs/srv/detail/navigation_repose__struct.hpp
[17.007s] -- Symlinking: /home/suii/colcon_ws/suii/ros2_ws/install/suii_msgs/include/suii_msgs/srv/detail/navigation_repose__traits.hpp
[17.015s] -- Symlinking: /home/suii/colcon_ws/suii/ros2_ws/install/suii_msgs/include/suii_msgs/srv/detail/update_items__builder.hpp
[17.024s] -- Symlinking: /home/suii/colcon_ws/suii/ros2_ws/install/suii_msgs/include/suii_msgs/srv/detail/update_items__struct.hpp
[17.033s] -- Symlinking: /home/suii/colcon_ws/suii/ros2_ws/install/suii_msgs/include/suii_msgs/srv/detail/update_items__traits.hpp
[17.042s] -- Symlinking: /home/suii/colcon_ws/suii/ros2_ws/install/suii_msgs/include/suii_msgs/srv/detail/vision_scan__builder.hpp
[17.051s] -- Symlinking: /home/suii/colcon_ws/suii/ros2_ws/install/suii_msgs/include/suii_msgs/srv/detail/vision_scan__struct.hpp
[17.060s] -- Symlinking: /home/suii/colcon_ws/suii/ros2_ws/install/suii_msgs/include/suii_msgs/srv/detail/vision_scan__traits.hpp
[17.068s] -- Symlinking: /home/suii/colcon_ws/suii/ros2_ws/install/suii_msgs/include/suii_msgs/srv/distance_to_goal.hpp
[17.144s] -- Symlinking: /home/suii/colcon_ws/suii/ros2_ws/install/suii_msgs/include/suii_msgs/srv/get_free_spot.hpp
[17.172s] -- Symlinking: /home/suii/colcon_ws/suii/ros2_ws/install/suii_msgs/include/suii_msgs/srv/item.hpp
[17.186s] -- Symlinking: /home/suii/colcon_ws/suii/ros2_ws/install/suii_msgs/include/suii_msgs/srv/item_drive.hpp
[17.196s] -- Symlinking: /home/suii/colcon_ws/suii/ros2_ws/install/suii_msgs/include/suii_msgs/srv/item_move.hpp
[17.205s] -- Symlinking: /home/suii/colcon_ws/suii/ros2_ws/install/suii_msgs/include/suii_msgs/srv/item_pick.hpp
[17.215s] -- Symlinking: /home/suii/colcon_ws/suii/ros2_ws/install/suii_msgs/include/suii_msgs/srv/item_place.hpp
[17.224s] -- Symlinking: /home/suii/colcon_ws/suii/ros2_ws/install/suii_msgs/include/suii_msgs/srv/manipulation_action.hpp
[17.233s] -- Symlinking: /home/suii/colcon_ws/suii/ros2_ws/install/suii_msgs/include/suii_msgs/srv/manipulation_pose.hpp
[17.241s] -- Symlinking: /home/suii/colcon_ws/suii/ros2_ws/install/suii_msgs/include/suii_msgs/srv/navigation_goal.hpp
[17.250s] -- Symlinking: /home/suii/colcon_ws/suii/ros2_ws/install/suii_msgs/include/suii_msgs/srv/navigation_repose.hpp
[17.259s] -- Symlinking: /home/suii/colcon_ws/suii/ros2_ws/install/suii_msgs/include/suii_msgs/srv/update_items.hpp
[17.268s] -- Symlinking: /home/suii/colcon_ws/suii/ros2_ws/install/suii_msgs/include/suii_msgs/srv/vision_scan.hpp
[17.277s] -- Symlinking: /home/suii/colcon_ws/suii/ros2_ws/install/suii_msgs/include/suii_msgs/msg/detail/suii_task__rosidl_typesupport_introspection_cpp.hpp
[17.286s] -- Symlinking: /home/suii/colcon_ws/suii/ros2_ws/install/suii_msgs/include/suii_msgs/msg/detail/suii_task_list__rosidl_typesupport_introspection_cpp.hpp
[17.295s] -- Symlinking: /home/suii/colcon_ws/suii/ros2_ws/install/suii_msgs/include/suii_msgs/msg/detail/task__rosidl_typesupport_introspection_cpp.hpp
[17.304s] -- Symlinking: /home/suii/colcon_ws/suii/ros2_ws/install/suii_msgs/include/suii_msgs/msg/detail/vision_scan_object__rosidl_typesupport_introspection_cpp.hpp
[17.313s] -- Symlinking: /home/suii/colcon_ws/suii/ros2_ws/install/suii_msgs/include/suii_msgs/srv/detail/distance_to_goal__rosidl_typesupport_introspection_cpp.hpp
[17.321s] -- Symlinking: /home/suii/colcon_ws/suii/ros2_ws/install/suii_msgs/include/suii_msgs/srv/detail/get_free_spot__rosidl_typesupport_introspection_cpp.hpp
[17.330s] -- Symlinking: /home/suii/colcon_ws/suii/ros2_ws/install/suii_msgs/include/suii_msgs/srv/detail/item__rosidl_typesupport_introspection_cpp.hpp
[17.339s] -- Symlinking: /home/suii/colcon_ws/suii/ros2_ws/install/suii_msgs/include/suii_msgs/srv/detail/item_drive__rosidl_typesupport_introspection_cpp.hpp
[17.348s] -- Symlinking: /home/suii/colcon_ws/suii/ros2_ws/install/suii_msgs/include/suii_msgs/srv/detail/item_move__rosidl_typesupport_introspection_cpp.hpp
[17.357s] -- Symlinking: /home/suii/colcon_ws/suii/ros2_ws/install/suii_msgs/include/suii_msgs/srv/detail/item_pick__rosidl_typesupport_introspection_cpp.hpp
[17.366s] -- Symlinking: /home/suii/colcon_ws/suii/ros2_ws/install/suii_msgs/include/suii_msgs/srv/detail/item_place__rosidl_typesupport_introspection_cpp.hpp
[17.374s] -- Symlinking: /home/suii/colcon_ws/suii/ros2_ws/install/suii_msgs/include/suii_msgs/srv/detail/manipulation_action__rosidl_typesupport_introspection_cpp.hpp
[17.383s] -- Symlinking: /home/suii/colcon_ws/suii/ros2_ws/install/suii_msgs/include/suii_msgs/srv/detail/manipulation_pose__rosidl_typesupport_introspection_cpp.hpp
[17.392s] -- Symlinking: /home/suii/colcon_ws/suii/ros2_ws/install/suii_msgs/include/suii_msgs/srv/detail/navigation_goal__rosidl_typesupport_introspection_cpp.hpp
[17.401s] -- Symlinking: /home/suii/colcon_ws/suii/ros2_ws/install/suii_msgs/include/suii_msgs/srv/detail/navigation_repose__rosidl_typesupport_introspection_cpp.hpp
[17.410s] -- Symlinking: /home/suii/colcon_ws/suii/ros2_ws/install/suii_msgs/include/suii_msgs/srv/detail/update_items__rosidl_typesupport_introspection_cpp.hpp
[17.419s] -- Symlinking: /home/suii/colcon_ws/suii/ros2_ws/install/suii_msgs/include/suii_msgs/srv/detail/vision_scan__rosidl_typesupport_introspection_cpp.hpp
[17.428s] -- Symlinking: /home/suii/colcon_ws/suii/ros2_ws/install/suii_msgs/share/suii_msgs/environment/pythonpath.sh
[17.437s] -- Symlinking: /home/suii/colcon_ws/suii/ros2_ws/install/suii_msgs/share/suii_msgs/environment/pythonpath.dsv
[17.446s] -- Symlinking: /home/suii/colcon_ws/suii/ros2_ws/install/suii_msgs/lib/python3.8/site-packages/suii_msgs/__init__.py
[17.455s] -- Symlinking: /home/suii/colcon_ws/suii/ros2_ws/install/suii_msgs/lib/python3.8/site-packages/suii_msgs/msg/__init__.py
[17.464s] -- Symlinking: /home/suii/colcon_ws/suii/ros2_ws/install/suii_msgs/lib/python3.8/site-packages/suii_msgs/msg/_suii_task.py
[17.473s] -- Symlinking: /home/suii/colcon_ws/suii/ros2_ws/install/suii_msgs/lib/python3.8/site-packages/suii_msgs/msg/_suii_task_list.py
[17.482s] -- Symlinking: /home/suii/colcon_ws/suii/ros2_ws/install/suii_msgs/lib/python3.8/site-packages/suii_msgs/msg/_task.py
[17.491s] -- Symlinking: /home/suii/colcon_ws/suii/ros2_ws/install/suii_msgs/lib/python3.8/site-packages/suii_msgs/msg/_vision_scan_object.py
[17.500s] -- Symlinking: /home/suii/colcon_ws/suii/ros2_ws/install/suii_msgs/lib/python3.8/site-packages/suii_msgs/srv/__init__.py
[17.509s] -- Symlinking: /home/suii/colcon_ws/suii/ros2_ws/install/suii_msgs/lib/python3.8/site-packages/suii_msgs/srv/_distance_to_goal.py
[17.518s] -- Symlinking: /home/suii/colcon_ws/suii/ros2_ws/install/suii_msgs/lib/python3.8/site-packages/suii_msgs/srv/_get_free_spot.py
[17.527s] -- Symlinking: /home/suii/colcon_ws/suii/ros2_ws/install/suii_msgs/lib/python3.8/site-packages/suii_msgs/srv/_item.py
[17.536s] -- Symlinking: /home/suii/colcon_ws/suii/ros2_ws/install/suii_msgs/lib/python3.8/site-packages/suii_msgs/srv/_item_drive.py
[17.545s] -- Symlinking: /home/suii/colcon_ws/suii/ros2_ws/install/suii_msgs/lib/python3.8/site-packages/suii_msgs/srv/_item_move.py
[17.554s] -- Symlinking: /home/suii/colcon_ws/suii/ros2_ws/install/suii_msgs/lib/python3.8/site-packages/suii_msgs/srv/_item_pick.py
[17.563s] -- Symlinking: /home/suii/colcon_ws/suii/ros2_ws/install/suii_msgs/lib/python3.8/site-packages/suii_msgs/srv/_item_place.py
[17.571s] -- Symlinking: /home/suii/colcon_ws/suii/ros2_ws/install/suii_msgs/lib/python3.8/site-packages/suii_msgs/srv/_manipulation_action.py
[17.580s] -- Symlinking: /home/suii/colcon_ws/suii/ros2_ws/install/suii_msgs/lib/python3.8/site-packages/suii_msgs/srv/_manipulation_pose.py
[17.589s] -- Symlinking: /home/suii/colcon_ws/suii/ros2_ws/install/suii_msgs/lib/python3.8/site-packages/suii_msgs/srv/_navigation_goal.py
[17.598s] -- Symlinking: /home/suii/colcon_ws/suii/ros2_ws/install/suii_msgs/lib/python3.8/site-packages/suii_msgs/srv/_navigation_repose.py
[17.607s] -- Symlinking: /home/suii/colcon_ws/suii/ros2_ws/install/suii_msgs/lib/python3.8/site-packages/suii_msgs/srv/_update_items.py
[17.616s] -- Symlinking: /home/suii/colcon_ws/suii/ros2_ws/install/suii_msgs/lib/python3.8/site-packages/suii_msgs/srv/_vision_scan.py
[17.626s] -- Symlinking: /home/suii/colcon_ws/suii/ros2_ws/install/suii_msgs/lib/python3.8/site-packages/suii_msgs/suii_msgs_s__rosidl_typesupport_fastrtps_c.cpython-38-x86_64-linux-gnu.so
[17.635s] -- Symlinking: /home/suii/colcon_ws/suii/ros2_ws/install/suii_msgs/lib/python3.8/site-packages/suii_msgs/suii_msgs_s__rosidl_typesupport_introspection_c.cpython-38-x86_64-linux-gnu.so
[17.644s] -- Symlinking: /home/suii/colcon_ws/suii/ros2_ws/install/suii_msgs/lib/python3.8/site-packages/suii_msgs/suii_msgs_s__rosidl_typesupport_c.cpython-38-x86_64-linux-gnu.so
[17.653s] -- Symlinking: /home/suii/colcon_ws/suii/ros2_ws/install/suii_msgs/lib/libsuii_msgs__python.so
[17.663s] -- Symlinking: /home/suii/colcon_ws/suii/ros2_ws/install/suii_msgs/share/suii_msgs/msg/SuiiTask.idl
[17.672s] -- Symlinking: /home/suii/colcon_ws/suii/ros2_ws/install/suii_msgs/share/suii_msgs/msg/SuiiTaskList.idl
[17.681s] -- Symlinking: /home/suii/colcon_ws/suii/ros2_ws/install/suii_msgs/share/suii_msgs/msg/Task.idl
[17.691s] -- Symlinking: /home/suii/colcon_ws/suii/ros2_ws/install/suii_msgs/share/suii_msgs/msg/VisionScanObject.idl
[17.700s] -- Symlinking: /home/suii/colcon_ws/suii/ros2_ws/install/suii_msgs/share/suii_msgs/srv/DistanceToGoal.idl
[17.709s] -- Symlinking: /home/suii/colcon_ws/suii/ros2_ws/install/suii_msgs/share/suii_msgs/srv/GetFreeSpot.idl
[17.719s] -- Symlinking: /home/suii/colcon_ws/suii/ros2_ws/install/suii_msgs/share/suii_msgs/srv/Item.idl
[17.728s] -- Symlinking: /home/suii/colcon_ws/suii/ros2_ws/install/suii_msgs/share/suii_msgs/srv/ItemDrive.idl
[17.739s] -- Symlinking: /home/suii/colcon_ws/suii/ros2_ws/install/suii_msgs/share/suii_msgs/srv/ItemMove.idl
[17.748s] -- Symlinking: /home/suii/colcon_ws/suii/ros2_ws/install/suii_msgs/share/suii_msgs/srv/ItemPick.idl
[17.756s] -- Symlinking: /home/suii/colcon_ws/suii/ros2_ws/install/suii_msgs/share/suii_msgs/srv/ItemPlace.idl
[17.765s] -- Symlinking: /home/suii/colcon_ws/suii/ros2_ws/install/suii_msgs/share/suii_msgs/srv/ManipulationAction.idl
[17.773s] -- Symlinking: /home/suii/colcon_ws/suii/ros2_ws/install/suii_msgs/share/suii_msgs/srv/ManipulationPose.idl
[17.781s] -- Symlinking: /home/suii/colcon_ws/suii/ros2_ws/install/suii_msgs/share/suii_msgs/srv/NavigationGoal.idl
[17.789s] -- Symlinking: /home/suii/colcon_ws/suii/ros2_ws/install/suii_msgs/share/suii_msgs/srv/NavigationRepose.idl
[17.797s] -- Symlinking: /home/suii/colcon_ws/suii/ros2_ws/install/suii_msgs/share/suii_msgs/srv/UpdateItems.idl
[17.805s] -- Symlinking: /home/suii/colcon_ws/suii/ros2_ws/install/suii_msgs/share/suii_msgs/srv/VisionScan.idl
[17.814s] -- Symlinking: /home/suii/colcon_ws/suii/ros2_ws/install/suii_msgs/share/suii_msgs/msg/SuiiTask.msg
[17.822s] -- Symlinking: /home/suii/colcon_ws/suii/ros2_ws/install/suii_msgs/share/suii_msgs/msg/SuiiTaskList.msg
[17.831s] -- Symlinking: /home/suii/colcon_ws/suii/ros2_ws/install/suii_msgs/share/suii_msgs/msg/Task.msg
[17.840s] -- Symlinking: /home/suii/colcon_ws/suii/ros2_ws/install/suii_msgs/share/suii_msgs/msg/VisionScanObject.msg
[17.849s] -- Symlinking: /home/suii/colcon_ws/suii/ros2_ws/install/suii_msgs/share/suii_msgs/srv/DistanceToGoal.srv
[17.858s] -- Symlinking: /home/suii/colcon_ws/suii/ros2_ws/install/suii_msgs/share/suii_msgs/srv/DistanceToGoal_Request.msg
[17.867s] -- Symlinking: /home/suii/colcon_ws/suii/ros2_ws/install/suii_msgs/share/suii_msgs/srv/DistanceToGoal_Response.msg
[17.876s] -- Symlinking: /home/suii/colcon_ws/suii/ros2_ws/install/suii_msgs/share/suii_msgs/srv/GetFreeSpot.srv
[17.885s] -- Symlinking: /home/suii/colcon_ws/suii/ros2_ws/install/suii_msgs/share/suii_msgs/srv/GetFreeSpot_Request.msg
[17.894s] -- Symlinking: /home/suii/colcon_ws/suii/ros2_ws/install/suii_msgs/share/suii_msgs/srv/GetFreeSpot_Response.msg
[17.903s] -- Symlinking: /home/suii/colcon_ws/suii/ros2_ws/install/suii_msgs/share/suii_msgs/srv/Item.srv
[17.912s] -- Symlinking: /home/suii/colcon_ws/suii/ros2_ws/install/suii_msgs/share/suii_msgs/srv/Item_Request.msg
[17.921s] -- Symlinking: /home/suii/colcon_ws/suii/ros2_ws/install/suii_msgs/share/suii_msgs/srv/Item_Response.msg
[17.930s] -- Symlinking: /home/suii/colcon_ws/suii/ros2_ws/install/suii_msgs/share/suii_msgs/srv/ItemDrive.srv
[17.939s] -- Symlinking: /home/suii/colcon_ws/suii/ros2_ws/install/suii_msgs/share/suii_msgs/srv/ItemDrive_Request.msg
[17.948s] -- Symlinking: /home/suii/colcon_ws/suii/ros2_ws/install/suii_msgs/share/suii_msgs/srv/ItemDrive_Response.msg
[17.957s] -- Symlinking: /home/suii/colcon_ws/suii/ros2_ws/install/suii_msgs/share/suii_msgs/srv/ItemMove.srv
[17.966s] -- Symlinking: /home/suii/colcon_ws/suii/ros2_ws/install/suii_msgs/share/suii_msgs/srv/ItemMove_Request.msg
[17.975s] -- Symlinking: /home/suii/colcon_ws/suii/ros2_ws/install/suii_msgs/share/suii_msgs/srv/ItemMove_Response.msg
[17.984s] -- Symlinking: /home/suii/colcon_ws/suii/ros2_ws/install/suii_msgs/share/suii_msgs/srv/ItemPick.srv
[17.993s] -- Symlinking: /home/suii/colcon_ws/suii/ros2_ws/install/suii_msgs/share/suii_msgs/srv/ItemPick_Request.msg
[18.002s] -- Symlinking: /home/suii/colcon_ws/suii/ros2_ws/install/suii_msgs/share/suii_msgs/srv/ItemPick_Response.msg
[18.011s] -- Symlinking: /home/suii/colcon_ws/suii/ros2_ws/install/suii_msgs/share/suii_msgs/srv/ItemPlace.srv
[18.020s] -- Symlinking: /home/suii/colcon_ws/suii/ros2_ws/install/suii_msgs/share/suii_msgs/srv/ItemPlace_Request.msg
[18.029s] -- Symlinking: /home/suii/colcon_ws/suii/ros2_ws/install/suii_msgs/share/suii_msgs/srv/ItemPlace_Response.msg
[18.038s] -- Symlinking: /home/suii/colcon_ws/suii/ros2_ws/install/suii_msgs/share/suii_msgs/srv/ManipulationAction.srv
[18.047s] -- Symlinking: /home/suii/colcon_ws/suii/ros2_ws/install/suii_msgs/share/suii_msgs/srv/ManipulationAction_Request.msg
[18.056s] -- Symlinking: /home/suii/colcon_ws/suii/ros2_ws/install/suii_msgs/share/suii_msgs/srv/ManipulationAction_Response.msg
[18.065s] -- Symlinking: /home/suii/colcon_ws/suii/ros2_ws/install/suii_msgs/share/suii_msgs/srv/ManipulationPose.srv
[18.074s] -- Symlinking: /home/suii/colcon_ws/suii/ros2_ws/install/suii_msgs/share/suii_msgs/srv/ManipulationPose_Request.msg
[18.082s] -- Symlinking: /home/suii/colcon_ws/suii/ros2_ws/install/suii_msgs/share/suii_msgs/srv/ManipulationPose_Response.msg
[18.091s] -- Symlinking: /home/suii/colcon_ws/suii/ros2_ws/install/suii_msgs/share/suii_msgs/srv/NavigationGoal.srv
[18.100s] -- Symlinking: /home/suii/colcon_ws/suii/ros2_ws/install/suii_msgs/share/suii_msgs/srv/NavigationGoal_Request.msg
[18.109s] -- Symlinking: /home/suii/colcon_ws/suii/ros2_ws/install/suii_msgs/share/suii_msgs/srv/NavigationGoal_Response.msg
[18.118s] -- Symlinking: /home/suii/colcon_ws/suii/ros2_ws/install/suii_msgs/share/suii_msgs/srv/NavigationRepose.srv
[18.127s] -- Symlinking: /home/suii/colcon_ws/suii/ros2_ws/install/suii_msgs/share/suii_msgs/srv/NavigationRepose_Request.msg
[18.136s] -- Symlinking: /home/suii/colcon_ws/suii/ros2_ws/install/suii_msgs/share/suii_msgs/srv/NavigationRepose_Response.msg
[18.145s] -- Symlinking: /home/suii/colcon_ws/suii/ros2_ws/install/suii_msgs/share/suii_msgs/srv/UpdateItems.srv
[18.154s] -- Symlinking: /home/suii/colcon_ws/suii/ros2_ws/install/suii_msgs/share/suii_msgs/srv/UpdateItems_Request.msg
[18.163s] -- Symlinking: /home/suii/colcon_ws/suii/ros2_ws/install/suii_msgs/share/suii_msgs/srv/UpdateItems_Response.msg
[18.172s] -- Symlinking: /home/suii/colcon_ws/suii/ros2_ws/install/suii_msgs/share/suii_msgs/srv/VisionScan.srv
[18.181s] -- Symlinking: /home/suii/colcon_ws/suii/ros2_ws/install/suii_msgs/share/suii_msgs/srv/VisionScan_Request.msg
[18.190s] -- Symlinking: /home/suii/colcon_ws/suii/ros2_ws/install/suii_msgs/share/suii_msgs/srv/VisionScan_Response.msg
[18.199s] -- Symlinking: /home/suii/colcon_ws/suii/ros2_ws/install/suii_msgs/share/ament_index/resource_index/package_run_dependencies/suii_msgs
[18.208s] -- Symlinking: /home/suii/colcon_ws/suii/ros2_ws/install/suii_msgs/share/ament_index/resource_index/parent_prefix_path/suii_msgs
[18.217s] -- Symlinking: /home/suii/colcon_ws/suii/ros2_ws/install/suii_msgs/share/suii_msgs/environment/ament_prefix_path.sh
[18.226s] -- Symlinking: /home/suii/colcon_ws/suii/ros2_ws/install/suii_msgs/share/suii_msgs/environment/ament_prefix_path.dsv
[18.235s] -- Symlinking: /home/suii/colcon_ws/suii/ros2_ws/install/suii_msgs/share/suii_msgs/environment/path.sh
[18.244s] -- Symlinking: /home/suii/colcon_ws/suii/ros2_ws/install/suii_msgs/share/suii_msgs/environment/path.dsv
[18.253s] -- Symlinking: /home/suii/colcon_ws/suii/ros2_ws/install/suii_msgs/share/suii_msgs/local_setup.bash
[18.262s] -- Symlinking: /home/suii/colcon_ws/suii/ros2_ws/install/suii_msgs/share/suii_msgs/local_setup.sh
[18.271s] -- Symlinking: /home/suii/colcon_ws/suii/ros2_ws/install/suii_msgs/share/suii_msgs/local_setup.zsh
[18.280s] -- Symlinking: /home/suii/colcon_ws/suii/ros2_ws/install/suii_msgs/share/suii_msgs/local_setup.dsv
[18.289s] -- Symlinking: /home/suii/colcon_ws/suii/ros2_ws/install/suii_msgs/share/suii_msgs/package.dsv
[18.298s] -- Symlinking: /home/suii/colcon_ws/suii/ros2_ws/install/suii_msgs/share/ament_index/resource_index/packages/suii_msgs
[18.307s] -- Symlinking: /home/suii/colcon_ws/suii/ros2_ws/install/suii_msgs/share/suii_msgs/cmake/rosidl_cmake-extras.cmake
[18.316s] -- Symlinking: /home/suii/colcon_ws/suii/ros2_ws/install/suii_msgs/share/suii_msgs/cmake/ament_cmake_export_dependencies-extras.cmake
[18.325s] -- Symlinking: /home/suii/colcon_ws/suii/ros2_ws/install/suii_msgs/share/suii_msgs/cmake/ament_cmake_export_libraries-extras.cmake
[18.334s] -- Symlinking: /home/suii/colcon_ws/suii/ros2_ws/install/suii_msgs/share/suii_msgs/cmake/ament_cmake_export_targets-extras.cmake
[18.342s] -- Symlinking: /home/suii/colcon_ws/suii/ros2_ws/install/suii_msgs/share/suii_msgs/cmake/ament_cmake_export_include_directories-extras.cmake
[18.351s] -- Symlinking: /home/suii/colcon_ws/suii/ros2_ws/install/suii_msgs/share/suii_msgs/cmake/rosidl_cmake_export_typesupport_libraries-extras.cmake
[18.360s] -- Symlinking: /home/suii/colcon_ws/suii/ros2_ws/install/suii_msgs/share/suii_msgs/cmake/rosidl_cmake_export_typesupport_targets-extras.cmake
[18.369s] -- Symlinking: /home/suii/colcon_ws/suii/ros2_ws/install/suii_msgs/share/suii_msgs/cmake/suii_msgsConfig.cmake
[18.378s] -- Symlinking: /home/suii/colcon_ws/suii/ros2_ws/install/suii_msgs/share/suii_msgs/cmake/suii_msgsConfig-version.cmake
[18.387s] -- Symlinking: /home/suii/colcon_ws/suii/ros2_ws/install/suii_msgs/share/suii_msgs/package.xml
[18.396s] -- Installing: /home/suii/colcon_ws/suii/ros2_ws/install/suii_msgs/lib/libsuii_msgs__rosidl_generator_c.so
[18.397s] -- Set runtime path of "/home/suii/colcon_ws/suii/ros2_ws/install/suii_msgs/lib/libsuii_msgs__rosidl_generator_c.so" to ""
[18.397s] -- Installing: /home/suii/colcon_ws/suii/ros2_ws/install/suii_msgs/lib/libsuii_msgs__rosidl_typesupport_introspection_c.so
[18.397s] -- Set runtime path of "/home/suii/colcon_ws/suii/ros2_ws/install/suii_msgs/lib/libsuii_msgs__rosidl_typesupport_introspection_c.so" to ""
[18.397s] -- Installing: /home/suii/colcon_ws/suii/ros2_ws/install/suii_msgs/lib/libsuii_msgs__rosidl_typesupport_c.so
[18.398s] -- Set runtime path of "/home/suii/colcon_ws/suii/ros2_ws/install/suii_msgs/lib/libsuii_msgs__rosidl_typesupport_c.so" to ""
[18.398s] -- Installing: /home/suii/colcon_ws/suii/ros2_ws/install/suii_msgs/lib/libsuii_msgs__rosidl_typesupport_introspection_cpp.so
[18.398s] -- Set runtime path of "/home/suii/colcon_ws/suii/ros2_ws/install/suii_msgs/lib/libsuii_msgs__rosidl_typesupport_introspection_cpp.so" to ""
[18.398s] -- Installing: /home/suii/colcon_ws/suii/ros2_ws/install/suii_msgs/lib/libsuii_msgs__rosidl_typesupport_cpp.so
[18.399s] -- Set runtime path of "/home/suii/colcon_ws/suii/ros2_ws/install/suii_msgs/lib/libsuii_msgs__rosidl_typesupport_cpp.so" to ""
[18.426s] Compiling '/home/suii/colcon_ws/suii/ros2_ws/install/suii_msgs/lib/python3.8/site-packages/suii_msgs/__init__.py'...
[18.430s] -- Installing: /home/suii/colcon_ws/suii/ros2_ws/install/suii_msgs/share/suii_msgs/cmake/suii_msgs__rosidl_generator_cExport.cmake
[18.430s] -- Installing: /home/suii/colcon_ws/suii/ros2_ws/install/suii_msgs/share/suii_msgs/cmake/suii_msgs__rosidl_generator_cExport-noconfig.cmake
[18.430s] -- Installing: /home/suii/colcon_ws/suii/ros2_ws/install/suii_msgs/share/suii_msgs/cmake/suii_msgs__rosidl_typesupport_introspection_cExport.cmake
[18.430s] -- Installing: /home/suii/colcon_ws/suii/ros2_ws/install/suii_msgs/share/suii_msgs/cmake/suii_msgs__rosidl_typesupport_introspection_cExport-noconfig.cmake
[18.430s] -- Installing: /home/suii/colcon_ws/suii/ros2_ws/install/suii_msgs/share/suii_msgs/cmake/suii_msgs__rosidl_typesupport_cExport.cmake
[18.430s] -- Installing: /home/suii/colcon_ws/suii/ros2_ws/install/suii_msgs/share/suii_msgs/cmake/suii_msgs__rosidl_typesupport_cExport-noconfig.cmake
[18.431s] -- Installing: /home/suii/colcon_ws/suii/ros2_ws/install/suii_msgs/share/suii_msgs/cmake/suii_msgs__rosidl_generator_cppExport.cmake
[18.431s] -- Installing: /home/suii/colcon_ws/suii/ros2_ws/install/suii_msgs/share/suii_msgs/cmake/suii_msgs__rosidl_typesupport_introspection_cppExport.cmake
[18.431s] -- Installing: /home/suii/colcon_ws/suii/ros2_ws/install/suii_msgs/share/suii_msgs/cmake/suii_msgs__rosidl_typesupport_introspection_cppExport-noconfig.cmake
[18.431s] -- Installing: /home/suii/colcon_ws/suii/ros2_ws/install/suii_msgs/share/suii_msgs/cmake/suii_msgs__rosidl_typesupport_cppExport.cmake
[18.431s] -- Installing: /home/suii/colcon_ws/suii/ros2_ws/install/suii_msgs/share/suii_msgs/cmake/suii_msgs__rosidl_typesupport_cppExport-noconfig.cmake
[18.434s] Invoked command in '/home/suii/colcon_ws/suii/ros2_ws/build/suii_msgs' returned '0': CMAKE_PREFIX_PATH=/opt/ros/foxy /usr/bin/cmake --install /home/suii/colcon_ws/suii/ros2_ws/build/suii_msgs
