[0.341s] Invoking command in '/home/suii/colcon_ws/suii/ros2_ws/build/suii_navigation': PYTHONPATH=/home/suii/colcon_ws/suii/ros2_ws/install/suii_navigation/lib/python3.8/site-packages:${PYTHONPATH} /usr/bin/python3 setup.py develop --prefix /home/suii/colcon_ws/suii/ros2_ws/install/suii_navigation --uninstall --editable --build-directory /home/suii/colcon_ws/suii/ros2_ws/build/suii_navigation/build
[0.645s] running develop
[0.821s] Invoked command in '/home/suii/colcon_ws/suii/ros2_ws/build/suii_navigation' returned '0': PYTHONPATH=/home/suii/colcon_ws/suii/ros2_ws/install/suii_navigation/lib/python3.8/site-packages:${PYTHONPATH} /usr/bin/python3 setup.py develop --prefix /home/suii/colcon_ws/suii/ros2_ws/install/suii_navigation --uninstall --editable --build-directory /home/suii/colcon_ws/suii/ros2_ws/build/suii_navigation/build
[0.822s] Invoking command in '/home/suii/colcon_ws/suii/ros2_ws/src/suii_navigation': PYTHONPATH=/home/suii/colcon_ws/suii/ros2_ws/install/suii_navigation/lib/python3.8/site-packages:${PYTHONPATH} /usr/bin/python3 setup.py egg_info --egg-base ../../build/suii_navigation build --build-base /home/suii/colcon_ws/suii/ros2_ws/build/suii_navigation/build install --prefix /home/suii/colcon_ws/suii/ros2_ws/install/suii_navigation --record /home/suii/colcon_ws/suii/ros2_ws/build/suii_navigation/install.log --single-version-externally-managed
[1.032s] running egg_info
[1.033s] writing ../../build/suii_navigation/suii_navigation.egg-info/PKG-INFO
[1.033s] writing dependency_links to ../../build/suii_navigation/suii_navigation.egg-info/dependency_links.txt
[1.033s] writing entry points to ../../build/suii_navigation/suii_navigation.egg-info/entry_points.txt
[1.033s] writing requirements to ../../build/suii_navigation/suii_navigation.egg-info/requires.txt
[1.033s] writing top-level names to ../../build/suii_navigation/suii_navigation.egg-info/top_level.txt
[1.066s] reading manifest file '../../build/suii_navigation/suii_navigation.egg-info/SOURCES.txt'
[1.067s] writing manifest file '../../build/suii_navigation/suii_navigation.egg-info/SOURCES.txt'
[1.067s] running build
[1.067s] running build_py
[1.067s] copying suii_navigation/Motors.py -> /home/suii/colcon_ws/suii/ros2_ws/build/suii_navigation/build/lib/suii_navigation
[1.067s] running install
[1.067s] running install_lib
[1.069s] copying /home/suii/colcon_ws/suii/ros2_ws/build/suii_navigation/build/lib/suii_navigation/Motors.py -> /home/suii/colcon_ws/suii/ros2_ws/install/suii_navigation/lib/python3.8/site-packages/suii_navigation
[1.069s] byte-compiling /home/suii/colcon_ws/suii/ros2_ws/install/suii_navigation/lib/python3.8/site-packages/suii_navigation/Motors.py to Motors.cpython-38.pyc
[1.072s] running install_data
[1.072s] running install_egg_info
[1.076s] removing '/home/suii/colcon_ws/suii/ros2_ws/install/suii_navigation/lib/python3.8/site-packages/suii_navigation-0.0.0-py3.8.egg-info' (and everything under it)
[1.076s] Copying ../../build/suii_navigation/suii_navigation.egg-info to /home/suii/colcon_ws/suii/ros2_ws/install/suii_navigation/lib/python3.8/site-packages/suii_navigation-0.0.0-py3.8.egg-info
[1.076s] running install_scripts
[1.094s] writing list of installed files to '/home/suii/colcon_ws/suii/ros2_ws/build/suii_navigation/install.log'
[1.314s] Invoked command in '/home/suii/colcon_ws/suii/ros2_ws/src/suii_navigation' returned '0': PYTHONPATH=/home/suii/colcon_ws/suii/ros2_ws/install/suii_navigation/lib/python3.8/site-packages:${PYTHONPATH} /usr/bin/python3 setup.py egg_info --egg-base ../../build/suii_navigation build --build-base /home/suii/colcon_ws/suii/ros2_ws/build/suii_navigation/build install --prefix /home/suii/colcon_ws/suii/ros2_ws/install/suii_navigation --record /home/suii/colcon_ws/suii/ros2_ws/build/suii_navigation/install.log --single-version-externally-managed
