[0.068s] Invoking command in '/home/suii/colcon_ws/suii/ros2_ws/build/suii_bringup': CMAKE_PREFIX_PATH=${CMAKE_PREFIX_PATH}:/home/suii/colcon_ws/suii/ros2_ws/install/nav_test_package_ros2:/opt/ros/foxy /usr/bin/cmake --build /home/suii/colcon_ws/suii/ros2_ws/build/suii_bringup -- -j8 -l8
[0.348s] Invoked command in '/home/suii/colcon_ws/suii/ros2_ws/build/suii_bringup' returned '0': CMAKE_PREFIX_PATH=${CMAKE_PREFIX_PATH}:/home/suii/colcon_ws/suii/ros2_ws/install/nav_test_package_ros2:/opt/ros/foxy /usr/bin/cmake --build /home/suii/colcon_ws/suii/ros2_ws/build/suii_bringup -- -j8 -l8
[0.369s] Invoking command in '/home/suii/colcon_ws/suii/ros2_ws/build/suii_bringup': CMAKE_PREFIX_PATH=${CMAKE_PREFIX_PATH}:/home/suii/colcon_ws/suii/ros2_ws/install/nav_test_package_ros2:/opt/ros/foxy /usr/bin/cmake --install /home/suii/colcon_ws/suii/ros2_ws/build/suii_bringup
[0.382s] -- Install configuration: ""
[0.382s] -- Up-to-date: /home/suii/colcon_ws/suii/ros2_ws/install/suii_bringup/share/suii_bringup//launch
[0.382s] -- Up-to-date: /home/suii/colcon_ws/suii/ros2_ws/install/suii_bringup/share/suii_bringup//launch/suii_bringup_launch.py
[0.383s] -- Installing: /home/suii/colcon_ws/suii/ros2_ws/install/suii_bringup/share/suii_bringup//launch/suii_bringup.launch.py
[0.383s] -- Up-to-date: /home/suii/colcon_ws/suii/ros2_ws/install/suii_bringup/share/ament_index/resource_index/package_run_dependencies/suii_bringup
[0.383s] -- Up-to-date: /home/suii/colcon_ws/suii/ros2_ws/install/suii_bringup/share/ament_index/resource_index/parent_prefix_path/suii_bringup
[0.384s] -- Up-to-date: /home/suii/colcon_ws/suii/ros2_ws/install/suii_bringup/share/suii_bringup/environment/ament_prefix_path.sh
[0.384s] -- Up-to-date: /home/suii/colcon_ws/suii/ros2_ws/install/suii_bringup/share/suii_bringup/environment/ament_prefix_path.dsv
[0.384s] -- Up-to-date: /home/suii/colcon_ws/suii/ros2_ws/install/suii_bringup/share/suii_bringup/environment/path.sh
[0.385s] -- Up-to-date: /home/suii/colcon_ws/suii/ros2_ws/install/suii_bringup/share/suii_bringup/environment/path.dsv
[0.385s] -- Up-to-date: /home/suii/colcon_ws/suii/ros2_ws/install/suii_bringup/share/suii_bringup/local_setup.bash
[0.386s] -- Up-to-date: /home/suii/colcon_ws/suii/ros2_ws/install/suii_bringup/share/suii_bringup/local_setup.sh
[0.386s] -- Up-to-date: /home/suii/colcon_ws/suii/ros2_ws/install/suii_bringup/share/suii_bringup/local_setup.zsh
[0.386s] -- Up-to-date: /home/suii/colcon_ws/suii/ros2_ws/install/suii_bringup/share/suii_bringup/local_setup.dsv
[0.386s] -- Installing: /home/suii/colcon_ws/suii/ros2_ws/install/suii_bringup/share/suii_bringup/package.dsv
[0.387s] -- Up-to-date: /home/suii/colcon_ws/suii/ros2_ws/install/suii_bringup/share/ament_index/resource_index/packages/suii_bringup
[0.387s] -- Up-to-date: /home/suii/colcon_ws/suii/ros2_ws/install/suii_bringup/share/suii_bringup/cmake/suii_bringupConfig.cmake
[0.387s] -- Up-to-date: /home/suii/colcon_ws/suii/ros2_ws/install/suii_bringup/share/suii_bringup/cmake/suii_bringupConfig-version.cmake
[0.387s] -- Up-to-date: /home/suii/colcon_ws/suii/ros2_ws/install/suii_bringup/share/suii_bringup/package.xml
[0.398s] Invoked command in '/home/suii/colcon_ws/suii/ros2_ws/build/suii_bringup' returned '0': CMAKE_PREFIX_PATH=${CMAKE_PREFIX_PATH}:/home/suii/colcon_ws/suii/ros2_ws/install/nav_test_package_ros2:/opt/ros/foxy /usr/bin/cmake --install /home/suii/colcon_ws/suii/ros2_ws/build/suii_bringup
