[0.224s] Invoking command in '/home/suii/colcon_ws/suii/ros2_ws/build/suii_navigation': PYTHONPATH=/home/suii/colcon_ws/suii/ros2_ws/install/suii_navigation/lib/python3.8/site-packages: /usr/bin/python3 setup.py develop --prefix /home/suii/colcon_ws/suii/ros2_ws/install/suii_navigation --editable --build-directory /home/suii/colcon_ws/suii/ros2_ws/build/suii_navigation/build --no-deps install_data --install-dir /home/suii/colcon_ws/suii/ros2_ws/install/suii_navigation
[0.406s] running develop
[0.503s] running egg_info
[0.504s] creating suii_navigation.egg-info
[0.504s] writing suii_navigation.egg-info/PKG-INFO
[0.504s] writing dependency_links to suii_navigation.egg-info/dependency_links.txt
[0.504s] writing entry points to suii_navigation.egg-info/entry_points.txt
[0.504s] writing requirements to suii_navigation.egg-info/requires.txt
[0.504s] writing top-level names to suii_navigation.egg-info/top_level.txt
[0.506s] writing manifest file 'suii_navigation.egg-info/SOURCES.txt'
[0.533s] reading manifest file 'suii_navigation.egg-info/SOURCES.txt'
[0.533s] writing manifest file 'suii_navigation.egg-info/SOURCES.txt'
[0.564s] running build_ext
[0.565s] Creating /home/suii/colcon_ws/suii/ros2_ws/install/suii_navigation/lib/python3.8/site-packages/site.py
[0.566s] Creating /home/suii/colcon_ws/suii/ros2_ws/install/suii_navigation/lib/python3.8/site-packages/suii-navigation.egg-link (link to .)
[0.567s] 
[0.567s] Installed /home/suii/colcon_ws/suii/ros2_ws/build/suii_navigation
[0.567s] running install_data
[0.567s] creating /home/suii/colcon_ws/suii/ros2_ws/install/suii_navigation/share/ament_index
[0.567s] creating /home/suii/colcon_ws/suii/ros2_ws/install/suii_navigation/share/ament_index/resource_index
[0.567s] creating /home/suii/colcon_ws/suii/ros2_ws/install/suii_navigation/share/ament_index/resource_index/packages
[0.567s] copying resource/suii_navigation -> /home/suii/colcon_ws/suii/ros2_ws/install/suii_navigation/share/ament_index/resource_index/packages
[0.567s] copying package.xml -> /home/suii/colcon_ws/suii/ros2_ws/install/suii_navigation/share/suii_navigation
