[0.296s] Invoking command in '/home/suii/colcon_ws/suii/ros2_ws/build/urg_node': CMAKE_PREFIX_PATH=${CMAKE_PREFIX_PATH}:/home/suii/Suii_code/colcon_ws/suii/install/nav_test_package_ros2 /usr/bin/cmake /home/suii/colcon_ws/suii/ros2_ws/src/urg_node -DCMAKE_INSTALL_PREFIX=/home/suii/colcon_ws/suii/ros2_ws/install/urg_node
[0.365s] -- The C compiler identification is GNU 9.3.0
[0.422s] -- The CXX compiler identification is GNU 9.3.0
[0.427s] -- Check for working C compiler: /usr/bin/cc
[0.494s] -- Check for working C compiler: /usr/bin/cc -- works
[0.495s] -- Detecting C compiler ABI info
[0.566s] -- Detecting C compiler ABI info - done
[0.588s] -- Detecting C compile features
[0.588s] -- Detecting C compile features - done
[0.593s] -- Check for working CXX compiler: /usr/bin/c++
[0.676s] -- Check for working CXX compiler: /usr/bin/c++ -- works
[0.676s] -- Detecting CXX compiler ABI info
[0.751s] -- Detecting CXX compiler ABI info - done
[0.762s] -- Detecting CXX compile features
[0.762s] -- Detecting CXX compile features - done
[0.772s] CMake Error at CMakeLists.txt:4 (find_package):
[0.773s]   By not providing "Findament_cmake.cmake" in CMAKE_MODULE_PATH this project
[0.773s]   has asked CMake to find a package configuration file provided by
[0.773s]   "ament_cmake", but CMake did not find one.
[0.773s] 
[0.773s]   Could not find a package configuration file provided by "ament_cmake" with
[0.774s]   any of the following names:
[0.774s] 
[0.774s]     ament_cmakeConfig.cmake
[0.774s]     ament_cmake-config.cmake
[0.774s] 
[0.775s]   Add the installation prefix of "ament_cmake" to CMAKE_PREFIX_PATH or set
[0.775s]   "ament_cmake_DIR" to a directory containing one of the above files.  If
[0.775s]   "ament_cmake" provides a separate development package or SDK, be sure it
[0.775s]   has been installed.
[0.775s] 
[0.775s] 
[0.775s] -- Configuring incomplete, errors occurred!
[0.775s] See also "/home/suii/colcon_ws/suii/ros2_ws/build/urg_node/CMakeFiles/CMakeOutput.log".
[0.776s] Invoked command in '/home/suii/colcon_ws/suii/ros2_ws/build/urg_node' returned '1': CMAKE_PREFIX_PATH=${CMAKE_PREFIX_PATH}:/home/suii/Suii_code/colcon_ws/suii/install/nav_test_package_ros2 /usr/bin/cmake /home/suii/colcon_ws/suii/ros2_ws/src/urg_node -DCMAKE_INSTALL_PREFIX=/home/suii/colcon_ws/suii/ros2_ws/install/urg_node
