[0.243s] Invoking command in '/home/suii/colcon_ws/suii/ros2_ws/build/suii_navigation': PYTHONPATH=/home/suii/colcon_ws/suii/ros2_ws/install/suii_navigation/lib/python3.8/site-packages: /usr/bin/python3 setup.py develop --prefix /home/suii/colcon_ws/suii/ros2_ws/install/suii_navigation --uninstall --editable --build-directory /home/suii/colcon_ws/suii/ros2_ws/build/suii_navigation/build
[0.492s] running develop
[0.603s] Invoked command in '/home/suii/colcon_ws/suii/ros2_ws/build/suii_navigation' returned '0': PYTHONPATH=/home/suii/colcon_ws/suii/ros2_ws/install/suii_navigation/lib/python3.8/site-packages: /usr/bin/python3 setup.py develop --prefix /home/suii/colcon_ws/suii/ros2_ws/install/suii_navigation --uninstall --editable --build-directory /home/suii/colcon_ws/suii/ros2_ws/build/suii_navigation/build
[0.604s] Invoking command in '/home/suii/colcon_ws/suii/ros2_ws/src/suii_navigation': PYTHONPATH=/home/suii/colcon_ws/suii/ros2_ws/install/suii_navigation/lib/python3.8/site-packages: /usr/bin/python3 setup.py egg_info --egg-base ../../build/suii_navigation build --build-base /home/suii/colcon_ws/suii/ros2_ws/build/suii_navigation/build install --prefix /home/suii/colcon_ws/suii/ros2_ws/install/suii_navigation --record /home/suii/colcon_ws/suii/ros2_ws/build/suii_navigation/install.log --single-version-externally-managed
[0.765s] running egg_info
[0.765s] writing ../../build/suii_navigation/suii_navigation.egg-info/PKG-INFO
[0.765s] writing dependency_links to ../../build/suii_navigation/suii_navigation.egg-info/dependency_links.txt
[0.765s] writing entry points to ../../build/suii_navigation/suii_navigation.egg-info/entry_points.txt
[0.766s] writing requirements to ../../build/suii_navigation/suii_navigation.egg-info/requires.txt
[0.766s] writing top-level names to ../../build/suii_navigation/suii_navigation.egg-info/top_level.txt
[0.801s] reading manifest file '../../build/suii_navigation/suii_navigation.egg-info/SOURCES.txt'
[0.802s] writing manifest file '../../build/suii_navigation/suii_navigation.egg-info/SOURCES.txt'
[0.803s] running build
[0.803s] running build_py
[0.803s] copying suii_navigation/Motors.py -> /home/suii/colcon_ws/suii/ros2_ws/build/suii_navigation/build/lib/suii_navigation
[0.803s] copying suii_navigation/manager.py -> /home/suii/colcon_ws/suii/ros2_ws/build/suii_navigation/build/lib/suii_navigation
[0.803s] running install
[0.804s] running install_lib
[0.804s] copying /home/suii/colcon_ws/suii/ros2_ws/build/suii_navigation/build/lib/suii_navigation/Motors.py -> /home/suii/colcon_ws/suii/ros2_ws/install/suii_navigation/lib/python3.8/site-packages/suii_navigation
[0.804s] copying /home/suii/colcon_ws/suii/ros2_ws/build/suii_navigation/build/lib/suii_navigation/manager.py -> /home/suii/colcon_ws/suii/ros2_ws/install/suii_navigation/lib/python3.8/site-packages/suii_navigation
[0.805s] byte-compiling /home/suii/colcon_ws/suii/ros2_ws/install/suii_navigation/lib/python3.8/site-packages/suii_navigation/Motors.py to Motors.cpython-38.pyc
[0.806s] byte-compiling /home/suii/colcon_ws/suii/ros2_ws/install/suii_navigation/lib/python3.8/site-packages/suii_navigation/manager.py to manager.cpython-38.pyc
[0.807s] running install_data
[0.807s] running install_egg_info
[0.808s] removing '/home/suii/colcon_ws/suii/ros2_ws/install/suii_navigation/lib/python3.8/site-packages/suii_navigation-0.0.0-py3.8.egg-info' (and everything under it)
[0.808s] Copying ../../build/suii_navigation/suii_navigation.egg-info to /home/suii/colcon_ws/suii/ros2_ws/install/suii_navigation/lib/python3.8/site-packages/suii_navigation-0.0.0-py3.8.egg-info
[0.809s] running install_scripts
[0.823s] Installing suii_navigation script to /home/suii/colcon_ws/suii/ros2_ws/install/suii_navigation/lib/suii_navigation
[0.824s] writing list of installed files to '/home/suii/colcon_ws/suii/ros2_ws/build/suii_navigation/install.log'
[0.989s] Invoked command in '/home/suii/colcon_ws/suii/ros2_ws/src/suii_navigation' returned '0': PYTHONPATH=/home/suii/colcon_ws/suii/ros2_ws/install/suii_navigation/lib/python3.8/site-packages: /usr/bin/python3 setup.py egg_info --egg-base ../../build/suii_navigation build --build-base /home/suii/colcon_ws/suii/ros2_ws/build/suii_navigation/build install --prefix /home/suii/colcon_ws/suii/ros2_ws/install/suii_navigation --record /home/suii/colcon_ws/suii/ros2_ws/build/suii_navigation/install.log --single-version-externally-managed
