[0.016s] Invoking command in '/home/suii/colcon_ws/suii/ros2_ws/build/suii_communication_ros2': /usr/bin/cmake /home/suii/colcon_ws/suii/ros2_ws/src/suii_communication_ros2 -DAMENT_CMAKE_SYMLINK_INSTALL=1 -DCMAKE_INSTALL_PREFIX=/home/suii/colcon_ws/suii/ros2_ws/install/suii_communication_ros2
[0.089s] -- The C compiler identification is GNU 9.3.0
[0.157s] -- The CXX compiler identification is GNU 9.3.0
[0.161s] -- Check for working C compiler: /usr/bin/cc
[0.228s] -- Check for working C compiler: /usr/bin/cc -- works
[0.228s] -- Detecting C compiler ABI info
[0.286s] -- Detecting C compiler ABI info - done
[0.304s] -- Detecting C compile features
[0.305s] -- Detecting C compile features - done
[0.307s] -- Check for working CXX compiler: /usr/bin/c++
[0.372s] -- Check for working CXX compiler: /usr/bin/c++ -- works
[0.373s] -- Detecting CXX compiler ABI info
[0.440s] -- Detecting CXX compiler ABI info - done
[0.459s] -- Detecting CXX compile features
[0.460s] -- Detecting CXX compile features - done
[0.472s] CMake Error at CMakeLists.txt:19 (find_package):
[0.472s]   By not providing "Findament_cmake.cmake" in CMAKE_MODULE_PATH this project
[0.472s]   has asked CMake to find a package configuration file provided by
[0.472s]   "ament_cmake", but CMake did not find one.
[0.472s] 
[0.472s]   Could not find a package configuration file provided by "ament_cmake" with
[0.472s]   any of the following names:
[0.472s] 
[0.472s]     ament_cmakeConfig.cmake
[0.472s]     ament_cmake-config.cmake
[0.473s] 
[0.473s]   Add the installation prefix of "ament_cmake" to CMAKE_PREFIX_PATH or set
[0.473s]   "ament_cmake_DIR" to a directory containing one of the above files.  If
[0.473s]   "ament_cmake" provides a separate development package or SDK, be sure it
[0.473s]   has been installed.
[0.473s] 
[0.473s] 
[0.477s] -- Configuring incomplete, errors occurred!
[0.478s] See also "/home/suii/colcon_ws/suii/ros2_ws/build/suii_communication_ros2/CMakeFiles/CMakeOutput.log".
[0.480s] Invoked command in '/home/suii/colcon_ws/suii/ros2_ws/build/suii_communication_ros2' returned '1': /usr/bin/cmake /home/suii/colcon_ws/suii/ros2_ws/src/suii_communication_ros2 -DAMENT_CMAKE_SYMLINK_INSTALL=1 -DCMAKE_INSTALL_PREFIX=/home/suii/colcon_ws/suii/ros2_ws/install/suii_communication_ros2
