[0.247s] DEBUG:colcon:Command line arguments: ['/usr/bin/colcon', 'build']
[0.247s] DEBUG:colcon:Parsed command line arguments: Namespace(ament_cmake_args=None, base_paths=['.'], build_base='build', catkin_cmake_args=None, catkin_skip_building_tests=False, cmake_args=None, cmake_clean_cache=False, cmake_clean_first=False, cmake_force_configure=False, cmake_target=None, cmake_target_skip_unavailable=False, continue_on_error=False, event_handlers=None, executor='parallel', ignore_user_meta=False, install_base='install', log_base=None, log_level=None, main=<bound method BuildVerb.main of <colcon_core.verb.build.BuildVerb object at 0x7f4ac86d0cd0>>, merge_install=False, metas=['./colcon.meta'], packages_above=None, packages_above_and_dependencies=None, packages_above_depth=None, packages_end=None, packages_ignore=None, packages_ignore_regex=None, packages_select=None, packages_select_build_failed=False, packages_select_by_dep=None, packages_select_regex=None, packages_select_test_failures=False, packages_skip=None, packages_skip_build_finished=False, packages_skip_by_dep=None, packages_skip_regex=None, packages_skip_test_passed=False, packages_skip_up_to=None, packages_start=None, packages_up_to=None, packages_up_to_regex=None, parallel_workers=8, paths=None, symlink_install=False, test_result_base=None, verb_extension=<colcon_core.verb.build.BuildVerb object at 0x7f4ac86d0cd0>, verb_name='build', verb_parser=<colcon_defaults.argument_parser.defaults.DefaultArgumentsDecorator object at 0x7f4ac86db280>)
[0.251s] Level 1:colcon.colcon_core.package_discovery:discover_packages(colcon_meta) check parameters
[0.251s] Level 1:colcon.colcon_core.package_discovery:discover_packages(recursive) check parameters
[0.251s] Level 1:colcon.colcon_core.package_discovery:discover_packages(ignore) check parameters
[0.251s] Level 1:colcon.colcon_core.package_discovery:discover_packages(path) check parameters
[0.251s] Level 1:colcon.colcon_core.package_discovery:discover_packages(colcon_meta) discover
[0.251s] Level 1:colcon.colcon_core.package_discovery:discover_packages(recursive) discover
[0.251s] INFO:colcon.colcon_core.package_discovery:Crawling recursively for packages in '/home/suii/colcon_ws/suii/ros2_ws'
[0.251s] Level 1:colcon.colcon_core.package_identification:_identify(.) by extensions ['ignore', 'ignore_ament_install']
[0.251s] Level 1:colcon.colcon_core.package_identification:_identify(.) by extension 'ignore'
[0.251s] Level 1:colcon.colcon_core.package_identification:_identify(.) by extension 'ignore_ament_install'
[0.251s] Level 1:colcon.colcon_core.package_identification:_identify(.) by extensions ['colcon_pkg']
[0.251s] Level 1:colcon.colcon_core.package_identification:_identify(.) by extension 'colcon_pkg'
[0.251s] Level 1:colcon.colcon_core.package_identification:_identify(.) by extensions ['colcon_meta']
[0.251s] Level 1:colcon.colcon_core.package_identification:_identify(.) by extension 'colcon_meta'
[0.251s] Level 1:colcon.colcon_core.package_identification:_identify(.) by extensions ['ros']
[0.251s] Level 1:colcon.colcon_core.package_identification:_identify(.) by extension 'ros'
[0.261s] Level 1:colcon.colcon_core.package_identification:_identify(.) by extensions ['cmake', 'python']
[0.261s] Level 1:colcon.colcon_core.package_identification:_identify(.) by extension 'cmake'
[0.261s] Level 1:colcon.colcon_core.package_identification:_identify(.) by extension 'python'
[0.261s] Level 1:colcon.colcon_core.package_identification:_identify(.) by extensions ['python_setup_py']
[0.261s] Level 1:colcon.colcon_core.package_identification:_identify(.) by extension 'python_setup_py'
[0.261s] Level 1:colcon.colcon_core.package_identification:_identify(build) by extensions ['ignore', 'ignore_ament_install']
[0.261s] Level 1:colcon.colcon_core.package_identification:_identify(build) by extension 'ignore'
[0.261s] Level 1:colcon.colcon_core.package_identification:_identify(build) ignored
[0.261s] Level 1:colcon.colcon_core.package_identification:_identify(install) by extensions ['ignore', 'ignore_ament_install']
[0.261s] Level 1:colcon.colcon_core.package_identification:_identify(install) by extension 'ignore'
[0.261s] Level 1:colcon.colcon_core.package_identification:_identify(install) ignored
[0.261s] Level 1:colcon.colcon_core.package_identification:_identify(log) by extensions ['ignore', 'ignore_ament_install']
[0.262s] Level 1:colcon.colcon_core.package_identification:_identify(log) by extension 'ignore'
[0.262s] Level 1:colcon.colcon_core.package_identification:_identify(log) ignored
[0.262s] Level 1:colcon.colcon_core.package_identification:_identify(src) by extensions ['ignore', 'ignore_ament_install']
[0.262s] Level 1:colcon.colcon_core.package_identification:_identify(src) by extension 'ignore'
[0.262s] Level 1:colcon.colcon_core.package_identification:_identify(src) by extension 'ignore_ament_install'
[0.262s] Level 1:colcon.colcon_core.package_identification:_identify(src) by extensions ['colcon_pkg']
[0.262s] Level 1:colcon.colcon_core.package_identification:_identify(src) by extension 'colcon_pkg'
[0.262s] Level 1:colcon.colcon_core.package_identification:_identify(src) by extensions ['colcon_meta']
[0.262s] Level 1:colcon.colcon_core.package_identification:_identify(src) by extension 'colcon_meta'
[0.262s] Level 1:colcon.colcon_core.package_identification:_identify(src) by extensions ['ros']
[0.262s] Level 1:colcon.colcon_core.package_identification:_identify(src) by extension 'ros'
[0.262s] Level 1:colcon.colcon_core.package_identification:_identify(src) by extensions ['cmake', 'python']
[0.262s] Level 1:colcon.colcon_core.package_identification:_identify(src) by extension 'cmake'
[0.262s] Level 1:colcon.colcon_core.package_identification:_identify(src) by extension 'python'
[0.262s] Level 1:colcon.colcon_core.package_identification:_identify(src) by extensions ['python_setup_py']
[0.262s] Level 1:colcon.colcon_core.package_identification:_identify(src) by extension 'python_setup_py'
[0.262s] Level 1:colcon.colcon_core.package_identification:_identify(src/nav_test_package_ros2) by extensions ['ignore', 'ignore_ament_install']
[0.262s] Level 1:colcon.colcon_core.package_identification:_identify(src/nav_test_package_ros2) by extension 'ignore'
[0.262s] Level 1:colcon.colcon_core.package_identification:_identify(src/nav_test_package_ros2) by extension 'ignore_ament_install'
[0.262s] Level 1:colcon.colcon_core.package_identification:_identify(src/nav_test_package_ros2) by extensions ['colcon_pkg']
[0.263s] Level 1:colcon.colcon_core.package_identification:_identify(src/nav_test_package_ros2) by extension 'colcon_pkg'
[0.263s] Level 1:colcon.colcon_core.package_identification:_identify(src/nav_test_package_ros2) by extensions ['colcon_meta']
[0.263s] Level 1:colcon.colcon_core.package_identification:_identify(src/nav_test_package_ros2) by extension 'colcon_meta'
[0.263s] Level 1:colcon.colcon_core.package_identification:_identify(src/nav_test_package_ros2) by extensions ['ros']
[0.263s] Level 1:colcon.colcon_core.package_identification:_identify(src/nav_test_package_ros2) by extension 'ros'
[0.265s] DEBUG:colcon.colcon_core.package_identification:Package 'src/nav_test_package_ros2' with type 'ros.ament_python' and name 'nav_test_package_ros2'
[0.265s] Level 1:colcon.colcon_core.package_identification:_identify(src/ros1_bridge) by extensions ['ignore', 'ignore_ament_install']
[0.265s] Level 1:colcon.colcon_core.package_identification:_identify(src/ros1_bridge) by extension 'ignore'
[0.265s] Level 1:colcon.colcon_core.package_identification:_identify(src/ros1_bridge) by extension 'ignore_ament_install'
[0.265s] Level 1:colcon.colcon_core.package_identification:_identify(src/ros1_bridge) by extensions ['colcon_pkg']
[0.265s] Level 1:colcon.colcon_core.package_identification:_identify(src/ros1_bridge) by extension 'colcon_pkg'
[0.265s] Level 1:colcon.colcon_core.package_identification:_identify(src/ros1_bridge) by extensions ['colcon_meta']
[0.265s] Level 1:colcon.colcon_core.package_identification:_identify(src/ros1_bridge) by extension 'colcon_meta'
[0.265s] Level 1:colcon.colcon_core.package_identification:_identify(src/ros1_bridge) by extensions ['ros']
[0.265s] Level 1:colcon.colcon_core.package_identification:_identify(src/ros1_bridge) by extension 'ros'
[0.266s] DEBUG:colcon.colcon_core.package_identification:Package 'src/ros1_bridge' with type 'ros.ament_cmake' and name 'ros1_bridge'
[0.266s] Level 1:colcon.colcon_core.package_identification:_identify(src/suii_bringup) by extensions ['ignore', 'ignore_ament_install']
[0.266s] Level 1:colcon.colcon_core.package_identification:_identify(src/suii_bringup) by extension 'ignore'
[0.266s] Level 1:colcon.colcon_core.package_identification:_identify(src/suii_bringup) by extension 'ignore_ament_install'
[0.266s] Level 1:colcon.colcon_core.package_identification:_identify(src/suii_bringup) by extensions ['colcon_pkg']
[0.266s] Level 1:colcon.colcon_core.package_identification:_identify(src/suii_bringup) by extension 'colcon_pkg'
[0.266s] Level 1:colcon.colcon_core.package_identification:_identify(src/suii_bringup) by extensions ['colcon_meta']
[0.266s] Level 1:colcon.colcon_core.package_identification:_identify(src/suii_bringup) by extension 'colcon_meta'
[0.266s] Level 1:colcon.colcon_core.package_identification:_identify(src/suii_bringup) by extensions ['ros']
[0.266s] Level 1:colcon.colcon_core.package_identification:_identify(src/suii_bringup) by extension 'ros'
[0.267s] DEBUG:colcon.colcon_core.package_identification:Package 'src/suii_bringup' with type 'ros.ament_cmake' and name 'suii_bringup'
[0.267s] Level 1:colcon.colcon_core.package_identification:_identify(src/suii_communication_ros2) by extensions ['ignore', 'ignore_ament_install']
[0.267s] Level 1:colcon.colcon_core.package_identification:_identify(src/suii_communication_ros2) by extension 'ignore'
[0.267s] Level 1:colcon.colcon_core.package_identification:_identify(src/suii_communication_ros2) by extension 'ignore_ament_install'
[0.267s] Level 1:colcon.colcon_core.package_identification:_identify(src/suii_communication_ros2) by extensions ['colcon_pkg']
[0.267s] Level 1:colcon.colcon_core.package_identification:_identify(src/suii_communication_ros2) by extension 'colcon_pkg'
[0.267s] Level 1:colcon.colcon_core.package_identification:_identify(src/suii_communication_ros2) by extensions ['colcon_meta']
[0.267s] Level 1:colcon.colcon_core.package_identification:_identify(src/suii_communication_ros2) by extension 'colcon_meta'
[0.267s] Level 1:colcon.colcon_core.package_identification:_identify(src/suii_communication_ros2) by extensions ['ros']
[0.267s] Level 1:colcon.colcon_core.package_identification:_identify(src/suii_communication_ros2) by extension 'ros'
[0.268s] DEBUG:colcon.colcon_core.package_identification:Package 'src/suii_communication_ros2' with type 'ros.ament_cmake' and name 'suii_communication_ros2'
[0.268s] Level 1:colcon.colcon_core.package_identification:_identify(src/suii_description) by extensions ['ignore', 'ignore_ament_install']
[0.268s] Level 1:colcon.colcon_core.package_identification:_identify(src/suii_description) by extension 'ignore'
[0.268s] Level 1:colcon.colcon_core.package_identification:_identify(src/suii_description) by extension 'ignore_ament_install'
[0.268s] Level 1:colcon.colcon_core.package_identification:_identify(src/suii_description) by extensions ['colcon_pkg']
[0.268s] Level 1:colcon.colcon_core.package_identification:_identify(src/suii_description) by extension 'colcon_pkg'
[0.268s] Level 1:colcon.colcon_core.package_identification:_identify(src/suii_description) by extensions ['colcon_meta']
[0.268s] Level 1:colcon.colcon_core.package_identification:_identify(src/suii_description) by extension 'colcon_meta'
[0.268s] Level 1:colcon.colcon_core.package_identification:_identify(src/suii_description) by extensions ['ros']
[0.268s] Level 1:colcon.colcon_core.package_identification:_identify(src/suii_description) by extension 'ros'
[0.268s] DEBUG:colcon.colcon_core.package_identification:Package 'src/suii_description' with type 'ros.ament_cmake' and name 'suii_description'
[0.268s] Level 1:colcon.colcon_core.package_identification:_identify(src/suii_msgs) by extensions ['ignore', 'ignore_ament_install']
[0.268s] Level 1:colcon.colcon_core.package_identification:_identify(src/suii_msgs) by extension 'ignore'
[0.268s] Level 1:colcon.colcon_core.package_identification:_identify(src/suii_msgs) by extension 'ignore_ament_install'
[0.269s] Level 1:colcon.colcon_core.package_identification:_identify(src/suii_msgs) by extensions ['colcon_pkg']
[0.269s] Level 1:colcon.colcon_core.package_identification:_identify(src/suii_msgs) by extension 'colcon_pkg'
[0.269s] Level 1:colcon.colcon_core.package_identification:_identify(src/suii_msgs) by extensions ['colcon_meta']
[0.269s] Level 1:colcon.colcon_core.package_identification:_identify(src/suii_msgs) by extension 'colcon_meta'
[0.269s] Level 1:colcon.colcon_core.package_identification:_identify(src/suii_msgs) by extensions ['ros']
[0.269s] Level 1:colcon.colcon_core.package_identification:_identify(src/suii_msgs) by extension 'ros'
[0.269s] DEBUG:colcon.colcon_core.package_identification:Package 'src/suii_msgs' with type 'ros.ament_cmake' and name 'suii_msgs'
[0.269s] Level 1:colcon.colcon_core.package_identification:_identify(src/suii_navigation) by extensions ['ignore', 'ignore_ament_install']
[0.269s] Level 1:colcon.colcon_core.package_identification:_identify(src/suii_navigation) by extension 'ignore'
[0.270s] Level 1:colcon.colcon_core.package_identification:_identify(src/suii_navigation) by extension 'ignore_ament_install'
[0.270s] Level 1:colcon.colcon_core.package_identification:_identify(src/suii_navigation) by extensions ['colcon_pkg']
[0.270s] Level 1:colcon.colcon_core.package_identification:_identify(src/suii_navigation) by extension 'colcon_pkg'
[0.270s] Level 1:colcon.colcon_core.package_identification:_identify(src/suii_navigation) by extensions ['colcon_meta']
[0.270s] Level 1:colcon.colcon_core.package_identification:_identify(src/suii_navigation) by extension 'colcon_meta'
[0.270s] Level 1:colcon.colcon_core.package_identification:_identify(src/suii_navigation) by extensions ['ros']
[0.270s] Level 1:colcon.colcon_core.package_identification:_identify(src/suii_navigation) by extension 'ros'
[0.270s] DEBUG:colcon.colcon_core.package_identification:Failed to parse potential ROS package manifest in'src/suii_navigation': Error(s) in package 'src/suii_navigation/package.xml':
The manifest contains invalid XML:
mismatched tag: line 14, column 26
[0.270s] Level 1:colcon.colcon_core.package_identification:_identify(src/suii_navigation) by extensions ['cmake', 'python']
[0.270s] Level 1:colcon.colcon_core.package_identification:_identify(src/suii_navigation) by extension 'cmake'
[0.270s] Level 1:colcon.colcon_core.package_identification:_identify(src/suii_navigation) by extension 'python'
[0.270s] DEBUG:colcon.colcon_core.package_identification:Python package in 'src/suii_navigation' passes arguments to the setup() function which requires a different identification extension than 'python'
[0.270s] Level 1:colcon.colcon_core.package_identification:_identify(src/suii_navigation) by extensions ['python_setup_py']
[0.270s] Level 1:colcon.colcon_core.package_identification:_identify(src/suii_navigation) by extension 'python_setup_py'
[0.453s] DEBUG:colcon.colcon_core.package_identification:Package 'src/suii_navigation' with type 'python' and name 'suii_navigation'
[0.453s] Level 1:colcon.colcon_core.package_discovery:discover_packages(recursive) using defaults
[0.521s] Level 1:colcon.colcon_core.package_discovery:discover_packages(ignore) discover
[0.521s] Level 1:colcon.colcon_core.package_discovery:discover_packages(ignore) using defaults
[0.521s] Level 1:colcon.colcon_core.package_discovery:discover_packages(path) discover
[0.521s] Level 1:colcon.colcon_core.package_discovery:discover_packages(path) using defaults
[0.574s] Level 5:colcon.colcon_core.verb:set package 'suii_bringup' build argument 'cmake_args' from command line to 'None'
[0.574s] Level 5:colcon.colcon_core.verb:set package 'suii_bringup' build argument 'cmake_target' from command line to 'None'
[0.574s] Level 5:colcon.colcon_core.verb:set package 'suii_bringup' build argument 'cmake_target_skip_unavailable' from command line to 'False'
[0.574s] Level 5:colcon.colcon_core.verb:set package 'suii_bringup' build argument 'cmake_clean_cache' from command line to 'False'
[0.574s] Level 5:colcon.colcon_core.verb:set package 'suii_bringup' build argument 'cmake_clean_first' from command line to 'False'
[0.574s] Level 5:colcon.colcon_core.verb:set package 'suii_bringup' build argument 'cmake_force_configure' from command line to 'False'
[0.574s] Level 5:colcon.colcon_core.verb:set package 'suii_bringup' build argument 'ament_cmake_args' from command line to 'None'
[0.574s] Level 5:colcon.colcon_core.verb:set package 'suii_bringup' build argument 'catkin_cmake_args' from command line to 'None'
[0.574s] Level 5:colcon.colcon_core.verb:set package 'suii_bringup' build argument 'catkin_skip_building_tests' from command line to 'False'
[0.574s] DEBUG:colcon.colcon_core.verb:Building package 'suii_bringup' with the following arguments: {'ament_cmake_args': None, 'build_base': '/home/suii/colcon_ws/suii/ros2_ws/build/suii_bringup', 'catkin_cmake_args': None, 'catkin_skip_building_tests': False, 'cmake_args': None, 'cmake_clean_cache': False, 'cmake_clean_first': False, 'cmake_force_configure': False, 'cmake_target': None, 'cmake_target_skip_unavailable': False, 'install_base': '/home/suii/colcon_ws/suii/ros2_ws/install/suii_bringup', 'merge_install': False, 'path': '/home/suii/colcon_ws/suii/ros2_ws/src/suii_bringup', 'symlink_install': False, 'test_result_base': None}
[0.577s] Level 5:colcon.colcon_core.verb:set package 'suii_communication_ros2' build argument 'cmake_args' from command line to 'None'
[0.577s] Level 5:colcon.colcon_core.verb:set package 'suii_communication_ros2' build argument 'cmake_target' from command line to 'None'
[0.577s] Level 5:colcon.colcon_core.verb:set package 'suii_communication_ros2' build argument 'cmake_target_skip_unavailable' from command line to 'False'
[0.577s] Level 5:colcon.colcon_core.verb:set package 'suii_communication_ros2' build argument 'cmake_clean_cache' from command line to 'False'
[0.577s] Level 5:colcon.colcon_core.verb:set package 'suii_communication_ros2' build argument 'cmake_clean_first' from command line to 'False'
[0.577s] Level 5:colcon.colcon_core.verb:set package 'suii_communication_ros2' build argument 'cmake_force_configure' from command line to 'False'
[0.577s] Level 5:colcon.colcon_core.verb:set package 'suii_communication_ros2' build argument 'ament_cmake_args' from command line to 'None'
[0.577s] Level 5:colcon.colcon_core.verb:set package 'suii_communication_ros2' build argument 'catkin_cmake_args' from command line to 'None'
[0.577s] Level 5:colcon.colcon_core.verb:set package 'suii_communication_ros2' build argument 'catkin_skip_building_tests' from command line to 'False'
[0.577s] DEBUG:colcon.colcon_core.verb:Building package 'suii_communication_ros2' with the following arguments: {'ament_cmake_args': None, 'build_base': '/home/suii/colcon_ws/suii/ros2_ws/build/suii_communication_ros2', 'catkin_cmake_args': None, 'catkin_skip_building_tests': False, 'cmake_args': None, 'cmake_clean_cache': False, 'cmake_clean_first': False, 'cmake_force_configure': False, 'cmake_target': None, 'cmake_target_skip_unavailable': False, 'install_base': '/home/suii/colcon_ws/suii/ros2_ws/install/suii_communication_ros2', 'merge_install': False, 'path': '/home/suii/colcon_ws/suii/ros2_ws/src/suii_communication_ros2', 'symlink_install': False, 'test_result_base': None}
[0.579s] Level 5:colcon.colcon_core.verb:set package 'suii_description' build argument 'cmake_args' from command line to 'None'
[0.579s] Level 5:colcon.colcon_core.verb:set package 'suii_description' build argument 'cmake_target' from command line to 'None'
[0.579s] Level 5:colcon.colcon_core.verb:set package 'suii_description' build argument 'cmake_target_skip_unavailable' from command line to 'False'
[0.579s] Level 5:colcon.colcon_core.verb:set package 'suii_description' build argument 'cmake_clean_cache' from command line to 'False'
[0.579s] Level 5:colcon.colcon_core.verb:set package 'suii_description' build argument 'cmake_clean_first' from command line to 'False'
[0.579s] Level 5:colcon.colcon_core.verb:set package 'suii_description' build argument 'cmake_force_configure' from command line to 'False'
[0.579s] Level 5:colcon.colcon_core.verb:set package 'suii_description' build argument 'ament_cmake_args' from command line to 'None'
[0.580s] Level 5:colcon.colcon_core.verb:set package 'suii_description' build argument 'catkin_cmake_args' from command line to 'None'
[0.580s] Level 5:colcon.colcon_core.verb:set package 'suii_description' build argument 'catkin_skip_building_tests' from command line to 'False'
[0.580s] DEBUG:colcon.colcon_core.verb:Building package 'suii_description' with the following arguments: {'ament_cmake_args': None, 'build_base': '/home/suii/colcon_ws/suii/ros2_ws/build/suii_description', 'catkin_cmake_args': None, 'catkin_skip_building_tests': False, 'cmake_args': None, 'cmake_clean_cache': False, 'cmake_clean_first': False, 'cmake_force_configure': False, 'cmake_target': None, 'cmake_target_skip_unavailable': False, 'install_base': '/home/suii/colcon_ws/suii/ros2_ws/install/suii_description', 'merge_install': False, 'path': '/home/suii/colcon_ws/suii/ros2_ws/src/suii_description', 'symlink_install': False, 'test_result_base': None}
[0.582s] Level 5:colcon.colcon_core.verb:set package 'suii_msgs' build argument 'cmake_args' from command line to 'None'
[0.582s] Level 5:colcon.colcon_core.verb:set package 'suii_msgs' build argument 'cmake_target' from command line to 'None'
[0.582s] Level 5:colcon.colcon_core.verb:set package 'suii_msgs' build argument 'cmake_target_skip_unavailable' from command line to 'False'
[0.582s] Level 5:colcon.colcon_core.verb:set package 'suii_msgs' build argument 'cmake_clean_cache' from command line to 'False'
[0.582s] Level 5:colcon.colcon_core.verb:set package 'suii_msgs' build argument 'cmake_clean_first' from command line to 'False'
[0.582s] Level 5:colcon.colcon_core.verb:set package 'suii_msgs' build argument 'cmake_force_configure' from command line to 'False'
[0.582s] Level 5:colcon.colcon_core.verb:set package 'suii_msgs' build argument 'ament_cmake_args' from command line to 'None'
[0.582s] Level 5:colcon.colcon_core.verb:set package 'suii_msgs' build argument 'catkin_cmake_args' from command line to 'None'
[0.582s] Level 5:colcon.colcon_core.verb:set package 'suii_msgs' build argument 'catkin_skip_building_tests' from command line to 'False'
[0.582s] DEBUG:colcon.colcon_core.verb:Building package 'suii_msgs' with the following arguments: {'ament_cmake_args': None, 'build_base': '/home/suii/colcon_ws/suii/ros2_ws/build/suii_msgs', 'catkin_cmake_args': None, 'catkin_skip_building_tests': False, 'cmake_args': None, 'cmake_clean_cache': False, 'cmake_clean_first': False, 'cmake_force_configure': False, 'cmake_target': None, 'cmake_target_skip_unavailable': False, 'install_base': '/home/suii/colcon_ws/suii/ros2_ws/install/suii_msgs', 'merge_install': False, 'path': '/home/suii/colcon_ws/suii/ros2_ws/src/suii_msgs', 'symlink_install': False, 'test_result_base': None}
[0.585s] Level 5:colcon.colcon_core.verb:set package 'suii_navigation' build argument 'cmake_args' from command line to 'None'
[0.585s] Level 5:colcon.colcon_core.verb:set package 'suii_navigation' build argument 'cmake_target' from command line to 'None'
[0.585s] Level 5:colcon.colcon_core.verb:set package 'suii_navigation' build argument 'cmake_target_skip_unavailable' from command line to 'False'
[0.585s] Level 5:colcon.colcon_core.verb:set package 'suii_navigation' build argument 'cmake_clean_cache' from command line to 'False'
[0.585s] Level 5:colcon.colcon_core.verb:set package 'suii_navigation' build argument 'cmake_clean_first' from command line to 'False'
[0.585s] Level 5:colcon.colcon_core.verb:set package 'suii_navigation' build argument 'cmake_force_configure' from command line to 'False'
[0.585s] Level 5:colcon.colcon_core.verb:set package 'suii_navigation' build argument 'ament_cmake_args' from command line to 'None'
[0.585s] Level 5:colcon.colcon_core.verb:set package 'suii_navigation' build argument 'catkin_cmake_args' from command line to 'None'
[0.585s] Level 5:colcon.colcon_core.verb:set package 'suii_navigation' build argument 'catkin_skip_building_tests' from command line to 'False'
[0.585s] DEBUG:colcon.colcon_core.verb:Building package 'suii_navigation' with the following arguments: {'ament_cmake_args': None, 'build_base': '/home/suii/colcon_ws/suii/ros2_ws/build/suii_navigation', 'catkin_cmake_args': None, 'catkin_skip_building_tests': False, 'cmake_args': None, 'cmake_clean_cache': False, 'cmake_clean_first': False, 'cmake_force_configure': False, 'cmake_target': None, 'cmake_target_skip_unavailable': False, 'install_base': '/home/suii/colcon_ws/suii/ros2_ws/install/suii_navigation', 'merge_install': False, 'path': '/home/suii/colcon_ws/suii/ros2_ws/src/suii_navigation', 'symlink_install': False, 'test_result_base': None}
[0.587s] Level 5:colcon.colcon_core.verb:set package 'nav_test_package_ros2' build argument 'cmake_args' from command line to 'None'
[0.587s] Level 5:colcon.colcon_core.verb:set package 'nav_test_package_ros2' build argument 'cmake_target' from command line to 'None'
[0.587s] Level 5:colcon.colcon_core.verb:set package 'nav_test_package_ros2' build argument 'cmake_target_skip_unavailable' from command line to 'False'
[0.587s] Level 5:colcon.colcon_core.verb:set package 'nav_test_package_ros2' build argument 'cmake_clean_cache' from command line to 'False'
[0.587s] Level 5:colcon.colcon_core.verb:set package 'nav_test_package_ros2' build argument 'cmake_clean_first' from command line to 'False'
[0.587s] Level 5:colcon.colcon_core.verb:set package 'nav_test_package_ros2' build argument 'cmake_force_configure' from command line to 'False'
[0.587s] Level 5:colcon.colcon_core.verb:set package 'nav_test_package_ros2' build argument 'ament_cmake_args' from command line to 'None'
[0.587s] Level 5:colcon.colcon_core.verb:set package 'nav_test_package_ros2' build argument 'catkin_cmake_args' from command line to 'None'
[0.587s] Level 5:colcon.colcon_core.verb:set package 'nav_test_package_ros2' build argument 'catkin_skip_building_tests' from command line to 'False'
[0.587s] DEBUG:colcon.colcon_core.verb:Building package 'nav_test_package_ros2' with the following arguments: {'ament_cmake_args': None, 'build_base': '/home/suii/colcon_ws/suii/ros2_ws/build/nav_test_package_ros2', 'catkin_cmake_args': None, 'catkin_skip_building_tests': False, 'cmake_args': None, 'cmake_clean_cache': False, 'cmake_clean_first': False, 'cmake_force_configure': False, 'cmake_target': None, 'cmake_target_skip_unavailable': False, 'install_base': '/home/suii/colcon_ws/suii/ros2_ws/install/nav_test_package_ros2', 'merge_install': False, 'path': '/home/suii/colcon_ws/suii/ros2_ws/src/nav_test_package_ros2', 'symlink_install': False, 'test_result_base': None}
[0.589s] Level 5:colcon.colcon_core.verb:set package 'ros1_bridge' build argument 'cmake_args' from command line to 'None'
[0.589s] Level 5:colcon.colcon_core.verb:set package 'ros1_bridge' build argument 'cmake_target' from command line to 'None'
[0.589s] Level 5:colcon.colcon_core.verb:set package 'ros1_bridge' build argument 'cmake_target_skip_unavailable' from command line to 'False'
[0.589s] Level 5:colcon.colcon_core.verb:set package 'ros1_bridge' build argument 'cmake_clean_cache' from command line to 'False'
[0.589s] Level 5:colcon.colcon_core.verb:set package 'ros1_bridge' build argument 'cmake_clean_first' from command line to 'False'
[0.589s] Level 5:colcon.colcon_core.verb:set package 'ros1_bridge' build argument 'cmake_force_configure' from command line to 'False'
[0.589s] Level 5:colcon.colcon_core.verb:set package 'ros1_bridge' build argument 'ament_cmake_args' from command line to 'None'
[0.589s] Level 5:colcon.colcon_core.verb:set package 'ros1_bridge' build argument 'catkin_cmake_args' from command line to 'None'
[0.589s] Level 5:colcon.colcon_core.verb:set package 'ros1_bridge' build argument 'catkin_skip_building_tests' from command line to 'False'
[0.590s] DEBUG:colcon.colcon_core.verb:Building package 'ros1_bridge' with the following arguments: {'ament_cmake_args': None, 'build_base': '/home/suii/colcon_ws/suii/ros2_ws/build/ros1_bridge', 'catkin_cmake_args': None, 'catkin_skip_building_tests': False, 'cmake_args': None, 'cmake_clean_cache': False, 'cmake_clean_first': False, 'cmake_force_configure': False, 'cmake_target': None, 'cmake_target_skip_unavailable': False, 'install_base': '/home/suii/colcon_ws/suii/ros2_ws/install/ros1_bridge', 'merge_install': False, 'path': '/home/suii/colcon_ws/suii/ros2_ws/src/ros1_bridge', 'symlink_install': False, 'test_result_base': None}
[0.590s] INFO:colcon.colcon_core.executor:Executing jobs using 'parallel' executor
[0.592s] DEBUG:colcon.colcon_parallel_executor.executor.parallel:run_until_complete
[0.593s] INFO:colcon.colcon_ros.task.ament_cmake.build:Building ROS package in '/home/suii/colcon_ws/suii/ros2_ws/src/suii_msgs' with build type 'ament_cmake'
[0.593s] INFO:colcon.colcon_cmake.task.cmake.build:Building CMake package in '/home/suii/colcon_ws/suii/ros2_ws/src/suii_msgs'
[0.596s] INFO:colcon.colcon_core.plugin_system:Skipping extension 'colcon_core.shell.bat': Not used on non-Windows systems
[0.596s] INFO:colcon.colcon_core.shell:Skip shell extension 'powershell' for command environment: Not usable outside of PowerShell
[0.596s] DEBUG:colcon.colcon_core.shell:Skip shell extension 'dsv' for command environment
[0.599s] DEBUG:colcon.colcon_core.shell:Ignoring prefix path '/opt/ros/foxy'
[0.601s] INFO:colcon.colcon_ros.task.ament_cmake.build:Building ROS package in '/home/suii/colcon_ws/suii/ros2_ws/src/suii_communication_ros2' with build type 'ament_cmake'
[0.601s] INFO:colcon.colcon_cmake.task.cmake.build:Building CMake package in '/home/suii/colcon_ws/suii/ros2_ws/src/suii_communication_ros2'
[0.602s] INFO:colcon.colcon_core.shell:Skip shell extension 'powershell' for command environment: Not usable outside of PowerShell
[0.602s] DEBUG:colcon.colcon_core.shell:Skip shell extension 'dsv' for command environment
[0.604s] DEBUG:colcon.colcon_core.shell:Ignoring prefix path '/opt/ros/foxy'
[0.606s] INFO:colcon.colcon_ros.task.ament_cmake.build:Building ROS package in '/home/suii/colcon_ws/suii/ros2_ws/src/suii_bringup' with build type 'ament_cmake'
[0.606s] INFO:colcon.colcon_cmake.task.cmake.build:Building CMake package in '/home/suii/colcon_ws/suii/ros2_ws/src/suii_bringup'
[0.607s] INFO:colcon.colcon_core.shell:Skip shell extension 'powershell' for command environment: Not usable outside of PowerShell
[0.607s] DEBUG:colcon.colcon_core.shell:Skip shell extension 'dsv' for command environment
[0.609s] DEBUG:colcon.colcon_core.shell:Ignoring prefix path '/opt/ros/foxy'
[0.611s] INFO:colcon.colcon_ros.task.ament_cmake.build:Building ROS package in '/home/suii/colcon_ws/suii/ros2_ws/src/suii_description' with build type 'ament_cmake'
[0.612s] INFO:colcon.colcon_cmake.task.cmake.build:Building CMake package in '/home/suii/colcon_ws/suii/ros2_ws/src/suii_description'
[0.613s] INFO:colcon.colcon_core.shell:Skip shell extension 'powershell' for command environment: Not usable outside of PowerShell
[0.613s] DEBUG:colcon.colcon_core.shell:Skip shell extension 'dsv' for command environment
[0.615s] DEBUG:colcon.colcon_core.shell:Ignoring prefix path '/opt/ros/foxy'
[0.617s] INFO:colcon.colcon_core.task.python.build:Building Python package in '/home/suii/colcon_ws/suii/ros2_ws/src/suii_navigation'
[0.618s] INFO:colcon.colcon_core.shell:Skip shell extension 'powershell' for command environment: Not usable outside of PowerShell
[0.618s] DEBUG:colcon.colcon_core.shell:Skip shell extension 'dsv' for command environment
[0.620s] DEBUG:colcon.colcon_core.shell:Ignoring prefix path '/opt/ros/foxy'
[0.632s] DEBUG:colcon.colcon_core.event_handler.log_command:Invoking command in '/home/suii/colcon_ws/suii/ros2_ws/build/suii_msgs': CMAKE_PREFIX_PATH=${CMAKE_PREFIX_PATH}:/home/suii/colcon_ws/suii/ros2_ws/install/nav_test_package_ros2:/opt/ros/foxy /usr/bin/cmake --build /home/suii/colcon_ws/suii/ros2_ws/build/suii_msgs -- -j8 -l8
[0.637s] DEBUG:colcon.colcon_core.event_handler.log_command:Invoking command in '/home/suii/colcon_ws/suii/ros2_ws/build/suii_communication_ros2': CMAKE_PREFIX_PATH=${CMAKE_PREFIX_PATH}:/home/suii/colcon_ws/suii/ros2_ws/install/nav_test_package_ros2:/opt/ros/foxy /usr/bin/cmake --build /home/suii/colcon_ws/suii/ros2_ws/build/suii_communication_ros2 -- -j8 -l8
[0.643s] DEBUG:colcon.colcon_core.event_handler.log_command:Invoking command in '/home/suii/colcon_ws/suii/ros2_ws/build/suii_bringup': CMAKE_PREFIX_PATH=${CMAKE_PREFIX_PATH}:/home/suii/colcon_ws/suii/ros2_ws/install/nav_test_package_ros2:/opt/ros/foxy /usr/bin/cmake --build /home/suii/colcon_ws/suii/ros2_ws/build/suii_bringup -- -j8 -l8
[0.647s] DEBUG:colcon.colcon_core.event_handler.log_command:Invoking command in '/home/suii/colcon_ws/suii/ros2_ws/build/suii_description': CMAKE_PREFIX_PATH=${CMAKE_PREFIX_PATH}:/home/suii/colcon_ws/suii/ros2_ws/install/nav_test_package_ros2:/opt/ros/foxy /usr/bin/cmake --build /home/suii/colcon_ws/suii/ros2_ws/build/suii_description -- -j8 -l8
[0.916s] DEBUG:colcon.colcon_core.event_handler.log_command:Invoking command in '/home/suii/colcon_ws/suii/ros2_ws/build/suii_navigation': PYTHONPATH=/home/suii/colcon_ws/suii/ros2_ws/install/suii_navigation/lib/python3.8/site-packages:${PYTHONPATH} /usr/bin/python3 setup.py develop --prefix /home/suii/colcon_ws/suii/ros2_ws/install/suii_navigation --uninstall --editable --build-directory /home/suii/colcon_ws/suii/ros2_ws/build/suii_navigation/build
[0.929s] DEBUG:colcon.colcon_core.event_handler.log_command:Invoked command in '/home/suii/colcon_ws/suii/ros2_ws/build/suii_communication_ros2' returned '0': CMAKE_PREFIX_PATH=${CMAKE_PREFIX_PATH}:/home/suii/colcon_ws/suii/ros2_ws/install/nav_test_package_ros2:/opt/ros/foxy /usr/bin/cmake --build /home/suii/colcon_ws/suii/ros2_ws/build/suii_communication_ros2 -- -j8 -l8
[0.930s] DEBUG:colcon.colcon_core.event_handler.log_command:Invoked command in '/home/suii/colcon_ws/suii/ros2_ws/build/suii_bringup' returned '0': CMAKE_PREFIX_PATH=${CMAKE_PREFIX_PATH}:/home/suii/colcon_ws/suii/ros2_ws/install/nav_test_package_ros2:/opt/ros/foxy /usr/bin/cmake --build /home/suii/colcon_ws/suii/ros2_ws/build/suii_bringup -- -j8 -l8
[0.964s] DEBUG:colcon.colcon_core.event_handler.log_command:Invoking command in '/home/suii/colcon_ws/suii/ros2_ws/build/suii_bringup': CMAKE_PREFIX_PATH=${CMAKE_PREFIX_PATH}:/home/suii/colcon_ws/suii/ros2_ws/install/nav_test_package_ros2:/opt/ros/foxy /usr/bin/cmake --install /home/suii/colcon_ws/suii/ros2_ws/build/suii_bringup
[0.966s] DEBUG:colcon.colcon_core.event_handler.log_command:Invoked command in '/home/suii/colcon_ws/suii/ros2_ws/build/suii_msgs' returned '0': CMAKE_PREFIX_PATH=${CMAKE_PREFIX_PATH}:/home/suii/colcon_ws/suii/ros2_ws/install/nav_test_package_ros2:/opt/ros/foxy /usr/bin/cmake --build /home/suii/colcon_ws/suii/ros2_ws/build/suii_msgs -- -j8 -l8
[0.976s] DEBUG:colcon.colcon_core.event_handler.log_command:Invoking command in '/home/suii/colcon_ws/suii/ros2_ws/build/suii_communication_ros2': CMAKE_PREFIX_PATH=${CMAKE_PREFIX_PATH}:/home/suii/colcon_ws/suii/ros2_ws/install/nav_test_package_ros2:/opt/ros/foxy /usr/bin/cmake --install /home/suii/colcon_ws/suii/ros2_ws/build/suii_communication_ros2
[0.978s] Level 1:colcon.colcon_core.environment:create_environment_scripts_only(suii_bringup)
[0.984s] DEBUG:colcon.colcon_core.event_handler.log_command:Invoked command in '/home/suii/colcon_ws/suii/ros2_ws/build/suii_bringup' returned '0': CMAKE_PREFIX_PATH=${CMAKE_PREFIX_PATH}:/home/suii/colcon_ws/suii/ros2_ws/install/nav_test_package_ros2:/opt/ros/foxy /usr/bin/cmake --install /home/suii/colcon_ws/suii/ros2_ws/build/suii_bringup
[0.987s] Level 1:colcon.colcon_core.environment:checking '/home/suii/colcon_ws/suii/ros2_ws/install/suii_bringup' for CMake module files
[0.989s] Level 1:colcon.colcon_core.environment:checking '/home/suii/colcon_ws/suii/ros2_ws/install/suii_bringup' for CMake config files
[0.990s] Level 1:colcon.colcon_core.shell:create_environment_hook('suii_bringup', 'cmake_prefix_path')
[0.991s] INFO:colcon.colcon_core.shell:Creating environment hook '/home/suii/colcon_ws/suii/ros2_ws/install/suii_bringup/share/suii_bringup/hook/cmake_prefix_path.ps1'
[0.993s] INFO:colcon.colcon_core.shell:Creating environment descriptor '/home/suii/colcon_ws/suii/ros2_ws/install/suii_bringup/share/suii_bringup/hook/cmake_prefix_path.dsv'
[0.994s] INFO:colcon.colcon_core.shell:Creating environment hook '/home/suii/colcon_ws/suii/ros2_ws/install/suii_bringup/share/suii_bringup/hook/cmake_prefix_path.sh'
[0.997s] Level 1:colcon.colcon_core.environment:checking '/home/suii/colcon_ws/suii/ros2_ws/install/suii_bringup/bin'
[0.997s] Level 1:colcon.colcon_core.environment:checking '/home/suii/colcon_ws/suii/ros2_ws/install/suii_bringup/lib/pkgconfig/suii_bringup.pc'
[0.997s] Level 1:colcon.colcon_core.environment:checking '/home/suii/colcon_ws/suii/ros2_ws/install/suii_bringup/lib/python3.8/site-packages'
[0.998s] INFO:colcon.colcon_core.shell:Creating package script '/home/suii/colcon_ws/suii/ros2_ws/install/suii_bringup/share/suii_bringup/package.ps1'
[1.000s] INFO:colcon.colcon_core.shell:Creating package descriptor '/home/suii/colcon_ws/suii/ros2_ws/install/suii_bringup/share/suii_bringup/package.dsv'
[1.001s] INFO:colcon.colcon_core.shell:Creating package script '/home/suii/colcon_ws/suii/ros2_ws/install/suii_bringup/share/suii_bringup/package.sh'
[1.003s] INFO:colcon.colcon_core.shell:Creating package script '/home/suii/colcon_ws/suii/ros2_ws/install/suii_bringup/share/suii_bringup/package.bash'
[1.005s] INFO:colcon.colcon_core.shell:Creating package script '/home/suii/colcon_ws/suii/ros2_ws/install/suii_bringup/share/suii_bringup/package.zsh'
[1.007s] Level 1:colcon.colcon_core.environment:create_file_with_runtime_dependencies(/home/suii/colcon_ws/suii/ros2_ws/install/suii_bringup/share/colcon-core/packages/suii_bringup)
[1.030s] Level 1:colcon.colcon_core.environment:create_environment_scripts_only(suii_bringup)
[1.032s] Level 1:colcon.colcon_core.environment:checking '/home/suii/colcon_ws/suii/ros2_ws/install/suii_bringup' for CMake module files
[1.032s] Level 1:colcon.colcon_core.environment:checking '/home/suii/colcon_ws/suii/ros2_ws/install/suii_bringup' for CMake config files
[1.033s] Level 1:colcon.colcon_core.shell:create_environment_hook('suii_bringup', 'cmake_prefix_path')
[1.034s] INFO:colcon.colcon_core.shell:Creating environment hook '/home/suii/colcon_ws/suii/ros2_ws/install/suii_bringup/share/suii_bringup/hook/cmake_prefix_path.ps1'
[1.034s] INFO:colcon.colcon_core.shell:Creating environment descriptor '/home/suii/colcon_ws/suii/ros2_ws/install/suii_bringup/share/suii_bringup/hook/cmake_prefix_path.dsv'
[1.035s] INFO:colcon.colcon_core.shell:Creating environment hook '/home/suii/colcon_ws/suii/ros2_ws/install/suii_bringup/share/suii_bringup/hook/cmake_prefix_path.sh'
[1.036s] Level 1:colcon.colcon_core.environment:checking '/home/suii/colcon_ws/suii/ros2_ws/install/suii_bringup/bin'
[1.036s] Level 1:colcon.colcon_core.environment:checking '/home/suii/colcon_ws/suii/ros2_ws/install/suii_bringup/lib/pkgconfig/suii_bringup.pc'
[1.036s] Level 1:colcon.colcon_core.environment:checking '/home/suii/colcon_ws/suii/ros2_ws/install/suii_bringup/lib/python3.8/site-packages'
[1.037s] INFO:colcon.colcon_core.shell:Creating package script '/home/suii/colcon_ws/suii/ros2_ws/install/suii_bringup/share/suii_bringup/package.ps1'
[1.038s] INFO:colcon.colcon_core.shell:Creating package descriptor '/home/suii/colcon_ws/suii/ros2_ws/install/suii_bringup/share/suii_bringup/package.dsv'
[1.038s] INFO:colcon.colcon_core.shell:Creating package script '/home/suii/colcon_ws/suii/ros2_ws/install/suii_bringup/share/suii_bringup/package.sh'
[1.039s] INFO:colcon.colcon_core.shell:Creating package script '/home/suii/colcon_ws/suii/ros2_ws/install/suii_bringup/share/suii_bringup/package.bash'
[1.039s] INFO:colcon.colcon_core.shell:Creating package script '/home/suii/colcon_ws/suii/ros2_ws/install/suii_bringup/share/suii_bringup/package.zsh'
[1.040s] Level 1:colcon.colcon_core.environment:create_file_with_runtime_dependencies(/home/suii/colcon_ws/suii/ros2_ws/install/suii_bringup/share/colcon-core/packages/suii_bringup)
[1.047s] DEBUG:colcon.colcon_core.event_handler.log_command:Invoked command in '/home/suii/colcon_ws/suii/ros2_ws/build/suii_description' returned '0': CMAKE_PREFIX_PATH=${CMAKE_PREFIX_PATH}:/home/suii/colcon_ws/suii/ros2_ws/install/nav_test_package_ros2:/opt/ros/foxy /usr/bin/cmake --build /home/suii/colcon_ws/suii/ros2_ws/build/suii_description -- -j8 -l8
[1.069s] Level 1:colcon.colcon_core.environment:create_environment_scripts_only(suii_communication_ros2)
[1.071s] Level 1:colcon.colcon_core.environment:checking '/home/suii/colcon_ws/suii/ros2_ws/install/suii_communication_ros2' for CMake module files
[1.071s] DEBUG:colcon.colcon_core.event_handler.log_command:Invoked command in '/home/suii/colcon_ws/suii/ros2_ws/build/suii_communication_ros2' returned '0': CMAKE_PREFIX_PATH=${CMAKE_PREFIX_PATH}:/home/suii/colcon_ws/suii/ros2_ws/install/nav_test_package_ros2:/opt/ros/foxy /usr/bin/cmake --install /home/suii/colcon_ws/suii/ros2_ws/build/suii_communication_ros2
[1.072s] Level 1:colcon.colcon_core.environment:checking '/home/suii/colcon_ws/suii/ros2_ws/install/suii_communication_ros2' for CMake config files
[1.072s] Level 1:colcon.colcon_core.shell:create_environment_hook('suii_communication_ros2', 'cmake_prefix_path')
[1.073s] INFO:colcon.colcon_core.shell:Creating environment hook '/home/suii/colcon_ws/suii/ros2_ws/install/suii_communication_ros2/share/suii_communication_ros2/hook/cmake_prefix_path.ps1'
[1.073s] INFO:colcon.colcon_core.shell:Creating environment descriptor '/home/suii/colcon_ws/suii/ros2_ws/install/suii_communication_ros2/share/suii_communication_ros2/hook/cmake_prefix_path.dsv'
[1.074s] INFO:colcon.colcon_core.shell:Creating environment hook '/home/suii/colcon_ws/suii/ros2_ws/install/suii_communication_ros2/share/suii_communication_ros2/hook/cmake_prefix_path.sh'
[1.074s] Level 1:colcon.colcon_core.environment:checking '/home/suii/colcon_ws/suii/ros2_ws/install/suii_communication_ros2/lib'
[1.074s] Level 1:colcon.colcon_core.shell:create_environment_hook('suii_communication_ros2', 'ld_library_path_lib')
[1.075s] INFO:colcon.colcon_core.shell:Creating environment hook '/home/suii/colcon_ws/suii/ros2_ws/install/suii_communication_ros2/share/suii_communication_ros2/hook/ld_library_path_lib.ps1'
[1.075s] INFO:colcon.colcon_core.shell:Creating environment descriptor '/home/suii/colcon_ws/suii/ros2_ws/install/suii_communication_ros2/share/suii_communication_ros2/hook/ld_library_path_lib.dsv'
[1.076s] INFO:colcon.colcon_core.shell:Creating environment hook '/home/suii/colcon_ws/suii/ros2_ws/install/suii_communication_ros2/share/suii_communication_ros2/hook/ld_library_path_lib.sh'
[1.076s] Level 1:colcon.colcon_core.environment:checking '/home/suii/colcon_ws/suii/ros2_ws/install/suii_communication_ros2/bin'
[1.076s] Level 1:colcon.colcon_core.environment:checking '/home/suii/colcon_ws/suii/ros2_ws/install/suii_communication_ros2/lib/pkgconfig/suii_communication_ros2.pc'
[1.076s] Level 1:colcon.colcon_core.environment:checking '/home/suii/colcon_ws/suii/ros2_ws/install/suii_communication_ros2/lib/python3.8/site-packages'
[1.076s] Level 1:colcon.colcon_core.shell:create_environment_hook('suii_communication_ros2', 'pythonpath')
[1.077s] INFO:colcon.colcon_core.shell:Creating environment hook '/home/suii/colcon_ws/suii/ros2_ws/install/suii_communication_ros2/share/suii_communication_ros2/hook/pythonpath.ps1'
[1.077s] INFO:colcon.colcon_core.shell:Creating environment descriptor '/home/suii/colcon_ws/suii/ros2_ws/install/suii_communication_ros2/share/suii_communication_ros2/hook/pythonpath.dsv'
[1.077s] INFO:colcon.colcon_core.shell:Creating environment hook '/home/suii/colcon_ws/suii/ros2_ws/install/suii_communication_ros2/share/suii_communication_ros2/hook/pythonpath.sh'
[1.078s] INFO:colcon.colcon_core.shell:Creating package script '/home/suii/colcon_ws/suii/ros2_ws/install/suii_communication_ros2/share/suii_communication_ros2/package.ps1'
[1.079s] INFO:colcon.colcon_core.shell:Creating package descriptor '/home/suii/colcon_ws/suii/ros2_ws/install/suii_communication_ros2/share/suii_communication_ros2/package.dsv'
[1.079s] INFO:colcon.colcon_core.shell:Creating package script '/home/suii/colcon_ws/suii/ros2_ws/install/suii_communication_ros2/share/suii_communication_ros2/package.sh'
[1.079s] INFO:colcon.colcon_core.shell:Creating package script '/home/suii/colcon_ws/suii/ros2_ws/install/suii_communication_ros2/share/suii_communication_ros2/package.bash'
[1.080s] INFO:colcon.colcon_core.shell:Creating package script '/home/suii/colcon_ws/suii/ros2_ws/install/suii_communication_ros2/share/suii_communication_ros2/package.zsh'
[1.080s] Level 1:colcon.colcon_core.environment:create_file_with_runtime_dependencies(/home/suii/colcon_ws/suii/ros2_ws/install/suii_communication_ros2/share/colcon-core/packages/suii_communication_ros2)
[1.085s] DEBUG:colcon.colcon_core.event_handler.log_command:Invoking command in '/home/suii/colcon_ws/suii/ros2_ws/build/suii_description': CMAKE_PREFIX_PATH=${CMAKE_PREFIX_PATH}:/home/suii/colcon_ws/suii/ros2_ws/install/nav_test_package_ros2:/opt/ros/foxy /usr/bin/cmake --install /home/suii/colcon_ws/suii/ros2_ws/build/suii_description
[1.097s] Level 1:colcon.colcon_core.environment:create_environment_scripts_only(suii_description)
[1.098s] Level 1:colcon.colcon_core.environment:checking '/home/suii/colcon_ws/suii/ros2_ws/install/suii_description' for CMake module files
[1.099s] DEBUG:colcon.colcon_core.event_handler.log_command:Invoked command in '/home/suii/colcon_ws/suii/ros2_ws/build/suii_description' returned '0': CMAKE_PREFIX_PATH=${CMAKE_PREFIX_PATH}:/home/suii/colcon_ws/suii/ros2_ws/install/nav_test_package_ros2:/opt/ros/foxy /usr/bin/cmake --install /home/suii/colcon_ws/suii/ros2_ws/build/suii_description
[1.100s] Level 1:colcon.colcon_core.environment:checking '/home/suii/colcon_ws/suii/ros2_ws/install/suii_description' for CMake config files
[1.100s] Level 1:colcon.colcon_core.shell:create_environment_hook('suii_description', 'cmake_prefix_path')
[1.101s] INFO:colcon.colcon_core.shell:Creating environment hook '/home/suii/colcon_ws/suii/ros2_ws/install/suii_description/share/suii_description/hook/cmake_prefix_path.ps1'
[1.102s] INFO:colcon.colcon_core.shell:Creating environment descriptor '/home/suii/colcon_ws/suii/ros2_ws/install/suii_description/share/suii_description/hook/cmake_prefix_path.dsv'
[1.102s] INFO:colcon.colcon_core.shell:Creating environment hook '/home/suii/colcon_ws/suii/ros2_ws/install/suii_description/share/suii_description/hook/cmake_prefix_path.sh'
[1.103s] Level 1:colcon.colcon_core.environment:checking '/home/suii/colcon_ws/suii/ros2_ws/install/suii_description/bin'
[1.103s] Level 1:colcon.colcon_core.environment:checking '/home/suii/colcon_ws/suii/ros2_ws/install/suii_description/lib/pkgconfig/suii_description.pc'
[1.103s] Level 1:colcon.colcon_core.environment:checking '/home/suii/colcon_ws/suii/ros2_ws/install/suii_description/lib/python3.8/site-packages'
[1.104s] INFO:colcon.colcon_core.shell:Creating package script '/home/suii/colcon_ws/suii/ros2_ws/install/suii_description/share/suii_description/package.ps1'
[1.104s] INFO:colcon.colcon_core.shell:Creating package descriptor '/home/suii/colcon_ws/suii/ros2_ws/install/suii_description/share/suii_description/package.dsv'
[1.105s] INFO:colcon.colcon_core.shell:Creating package script '/home/suii/colcon_ws/suii/ros2_ws/install/suii_description/share/suii_description/package.sh'
[1.105s] INFO:colcon.colcon_core.shell:Creating package script '/home/suii/colcon_ws/suii/ros2_ws/install/suii_description/share/suii_description/package.bash'
[1.106s] INFO:colcon.colcon_core.shell:Creating package script '/home/suii/colcon_ws/suii/ros2_ws/install/suii_description/share/suii_description/package.zsh'
[1.106s] Level 1:colcon.colcon_core.environment:create_file_with_runtime_dependencies(/home/suii/colcon_ws/suii/ros2_ws/install/suii_description/share/colcon-core/packages/suii_description)
[1.124s] Level 1:colcon.colcon_core.environment:create_environment_scripts_only(suii_communication_ros2)
[1.125s] Level 1:colcon.colcon_core.environment:checking '/home/suii/colcon_ws/suii/ros2_ws/install/suii_communication_ros2' for CMake module files
[1.126s] Level 1:colcon.colcon_core.environment:checking '/home/suii/colcon_ws/suii/ros2_ws/install/suii_communication_ros2' for CMake config files
[1.126s] Level 1:colcon.colcon_core.shell:create_environment_hook('suii_communication_ros2', 'cmake_prefix_path')
[1.127s] INFO:colcon.colcon_core.shell:Creating environment hook '/home/suii/colcon_ws/suii/ros2_ws/install/suii_communication_ros2/share/suii_communication_ros2/hook/cmake_prefix_path.ps1'
[1.127s] INFO:colcon.colcon_core.shell:Creating environment descriptor '/home/suii/colcon_ws/suii/ros2_ws/install/suii_communication_ros2/share/suii_communication_ros2/hook/cmake_prefix_path.dsv'
[1.128s] INFO:colcon.colcon_core.shell:Creating environment hook '/home/suii/colcon_ws/suii/ros2_ws/install/suii_communication_ros2/share/suii_communication_ros2/hook/cmake_prefix_path.sh'
[1.128s] Level 1:colcon.colcon_core.environment:checking '/home/suii/colcon_ws/suii/ros2_ws/install/suii_communication_ros2/lib'
[1.128s] Level 1:colcon.colcon_core.shell:create_environment_hook('suii_communication_ros2', 'ld_library_path_lib')
[1.129s] INFO:colcon.colcon_core.shell:Creating environment hook '/home/suii/colcon_ws/suii/ros2_ws/install/suii_communication_ros2/share/suii_communication_ros2/hook/ld_library_path_lib.ps1'
[1.129s] INFO:colcon.colcon_core.shell:Creating environment descriptor '/home/suii/colcon_ws/suii/ros2_ws/install/suii_communication_ros2/share/suii_communication_ros2/hook/ld_library_path_lib.dsv'
[1.129s] INFO:colcon.colcon_core.shell:Creating environment hook '/home/suii/colcon_ws/suii/ros2_ws/install/suii_communication_ros2/share/suii_communication_ros2/hook/ld_library_path_lib.sh'
[1.130s] Level 1:colcon.colcon_core.environment:checking '/home/suii/colcon_ws/suii/ros2_ws/install/suii_communication_ros2/bin'
[1.130s] Level 1:colcon.colcon_core.environment:checking '/home/suii/colcon_ws/suii/ros2_ws/install/suii_communication_ros2/lib/pkgconfig/suii_communication_ros2.pc'
[1.130s] Level 1:colcon.colcon_core.environment:checking '/home/suii/colcon_ws/suii/ros2_ws/install/suii_communication_ros2/lib/python3.8/site-packages'
[1.130s] Level 1:colcon.colcon_core.shell:create_environment_hook('suii_communication_ros2', 'pythonpath')
[1.130s] INFO:colcon.colcon_core.shell:Creating environment hook '/home/suii/colcon_ws/suii/ros2_ws/install/suii_communication_ros2/share/suii_communication_ros2/hook/pythonpath.ps1'
[1.131s] INFO:colcon.colcon_core.shell:Creating environment descriptor '/home/suii/colcon_ws/suii/ros2_ws/install/suii_communication_ros2/share/suii_communication_ros2/hook/pythonpath.dsv'
[1.131s] INFO:colcon.colcon_core.shell:Creating environment hook '/home/suii/colcon_ws/suii/ros2_ws/install/suii_communication_ros2/share/suii_communication_ros2/hook/pythonpath.sh'
[1.132s] INFO:colcon.colcon_core.shell:Creating package script '/home/suii/colcon_ws/suii/ros2_ws/install/suii_communication_ros2/share/suii_communication_ros2/package.ps1'
[1.132s] INFO:colcon.colcon_core.shell:Creating package descriptor '/home/suii/colcon_ws/suii/ros2_ws/install/suii_communication_ros2/share/suii_communication_ros2/package.dsv'
[1.132s] INFO:colcon.colcon_core.shell:Creating package script '/home/suii/colcon_ws/suii/ros2_ws/install/suii_communication_ros2/share/suii_communication_ros2/package.sh'
[1.133s] INFO:colcon.colcon_core.shell:Creating package script '/home/suii/colcon_ws/suii/ros2_ws/install/suii_communication_ros2/share/suii_communication_ros2/package.bash'
[1.133s] INFO:colcon.colcon_core.shell:Creating package script '/home/suii/colcon_ws/suii/ros2_ws/install/suii_communication_ros2/share/suii_communication_ros2/package.zsh'
[1.133s] Level 1:colcon.colcon_core.environment:create_file_with_runtime_dependencies(/home/suii/colcon_ws/suii/ros2_ws/install/suii_communication_ros2/share/colcon-core/packages/suii_communication_ros2)
[1.136s] Level 1:colcon.colcon_core.environment:create_environment_scripts_only(suii_description)
[1.137s] Level 1:colcon.colcon_core.environment:checking '/home/suii/colcon_ws/suii/ros2_ws/install/suii_description' for CMake module files
[1.137s] Level 1:colcon.colcon_core.environment:checking '/home/suii/colcon_ws/suii/ros2_ws/install/suii_description' for CMake config files
[1.138s] Level 1:colcon.colcon_core.shell:create_environment_hook('suii_description', 'cmake_prefix_path')
[1.138s] INFO:colcon.colcon_core.shell:Creating environment hook '/home/suii/colcon_ws/suii/ros2_ws/install/suii_description/share/suii_description/hook/cmake_prefix_path.ps1'
[1.139s] INFO:colcon.colcon_core.shell:Creating environment descriptor '/home/suii/colcon_ws/suii/ros2_ws/install/suii_description/share/suii_description/hook/cmake_prefix_path.dsv'
[1.139s] INFO:colcon.colcon_core.shell:Creating environment hook '/home/suii/colcon_ws/suii/ros2_ws/install/suii_description/share/suii_description/hook/cmake_prefix_path.sh'
[1.139s] Level 1:colcon.colcon_core.environment:checking '/home/suii/colcon_ws/suii/ros2_ws/install/suii_description/bin'
[1.139s] Level 1:colcon.colcon_core.environment:checking '/home/suii/colcon_ws/suii/ros2_ws/install/suii_description/lib/pkgconfig/suii_description.pc'
[1.139s] Level 1:colcon.colcon_core.environment:checking '/home/suii/colcon_ws/suii/ros2_ws/install/suii_description/lib/python3.8/site-packages'
[1.140s] INFO:colcon.colcon_core.shell:Creating package script '/home/suii/colcon_ws/suii/ros2_ws/install/suii_description/share/suii_description/package.ps1'
[1.140s] INFO:colcon.colcon_core.shell:Creating package descriptor '/home/suii/colcon_ws/suii/ros2_ws/install/suii_description/share/suii_description/package.dsv'
[1.141s] INFO:colcon.colcon_core.shell:Creating package script '/home/suii/colcon_ws/suii/ros2_ws/install/suii_description/share/suii_description/package.sh'
[1.141s] INFO:colcon.colcon_core.shell:Creating package script '/home/suii/colcon_ws/suii/ros2_ws/install/suii_description/share/suii_description/package.bash'
[1.141s] INFO:colcon.colcon_core.shell:Creating package script '/home/suii/colcon_ws/suii/ros2_ws/install/suii_description/share/suii_description/package.zsh'
[1.142s] Level 1:colcon.colcon_core.environment:create_file_with_runtime_dependencies(/home/suii/colcon_ws/suii/ros2_ws/install/suii_description/share/colcon-core/packages/suii_description)
[1.214s] DEBUG:colcon.colcon_core.event_handler.log_command:Invoking command in '/home/suii/colcon_ws/suii/ros2_ws/build/suii_msgs': CMAKE_PREFIX_PATH=${CMAKE_PREFIX_PATH}:/home/suii/colcon_ws/suii/ros2_ws/install/nav_test_package_ros2:/opt/ros/foxy /usr/bin/cmake --install /home/suii/colcon_ws/suii/ros2_ws/build/suii_msgs
[1.329s] Level 1:colcon.colcon_core.environment:create_environment_scripts_only(suii_msgs)
[1.331s] Level 1:colcon.colcon_core.environment:checking '/home/suii/colcon_ws/suii/ros2_ws/install/suii_msgs' for CMake module files
[1.331s] DEBUG:colcon.colcon_core.event_handler.log_command:Invoked command in '/home/suii/colcon_ws/suii/ros2_ws/build/suii_msgs' returned '0': CMAKE_PREFIX_PATH=${CMAKE_PREFIX_PATH}:/home/suii/colcon_ws/suii/ros2_ws/install/nav_test_package_ros2:/opt/ros/foxy /usr/bin/cmake --install /home/suii/colcon_ws/suii/ros2_ws/build/suii_msgs
[1.332s] Level 1:colcon.colcon_core.environment:checking '/home/suii/colcon_ws/suii/ros2_ws/install/suii_msgs' for CMake config files
[1.333s] Level 1:colcon.colcon_core.shell:create_environment_hook('suii_msgs', 'cmake_prefix_path')
[1.334s] INFO:colcon.colcon_core.shell:Creating environment hook '/home/suii/colcon_ws/suii/ros2_ws/install/suii_msgs/share/suii_msgs/hook/cmake_prefix_path.ps1'
[1.335s] INFO:colcon.colcon_core.shell:Creating environment descriptor '/home/suii/colcon_ws/suii/ros2_ws/install/suii_msgs/share/suii_msgs/hook/cmake_prefix_path.dsv'
[1.335s] INFO:colcon.colcon_core.shell:Creating environment hook '/home/suii/colcon_ws/suii/ros2_ws/install/suii_msgs/share/suii_msgs/hook/cmake_prefix_path.sh'
[1.335s] Level 1:colcon.colcon_core.environment:checking '/home/suii/colcon_ws/suii/ros2_ws/install/suii_msgs/lib'
[1.336s] Level 1:colcon.colcon_core.shell:create_environment_hook('suii_msgs', 'ld_library_path_lib')
[1.336s] INFO:colcon.colcon_core.shell:Creating environment hook '/home/suii/colcon_ws/suii/ros2_ws/install/suii_msgs/share/suii_msgs/hook/ld_library_path_lib.ps1'
[1.336s] INFO:colcon.colcon_core.shell:Creating environment descriptor '/home/suii/colcon_ws/suii/ros2_ws/install/suii_msgs/share/suii_msgs/hook/ld_library_path_lib.dsv'
[1.337s] INFO:colcon.colcon_core.shell:Creating environment hook '/home/suii/colcon_ws/suii/ros2_ws/install/suii_msgs/share/suii_msgs/hook/ld_library_path_lib.sh'
[1.337s] Level 1:colcon.colcon_core.environment:checking '/home/suii/colcon_ws/suii/ros2_ws/install/suii_msgs/bin'
[1.337s] Level 1:colcon.colcon_core.environment:checking '/home/suii/colcon_ws/suii/ros2_ws/install/suii_msgs/lib/pkgconfig/suii_msgs.pc'
[1.337s] Level 1:colcon.colcon_core.environment:checking '/home/suii/colcon_ws/suii/ros2_ws/install/suii_msgs/lib/python3.8/site-packages'
[1.337s] Level 1:colcon.colcon_core.shell:create_environment_hook('suii_msgs', 'pythonpath')
[1.338s] INFO:colcon.colcon_core.shell:Creating environment hook '/home/suii/colcon_ws/suii/ros2_ws/install/suii_msgs/share/suii_msgs/hook/pythonpath.ps1'
[1.338s] INFO:colcon.colcon_core.shell:Creating environment descriptor '/home/suii/colcon_ws/suii/ros2_ws/install/suii_msgs/share/suii_msgs/hook/pythonpath.dsv'
[1.338s] INFO:colcon.colcon_core.shell:Creating environment hook '/home/suii/colcon_ws/suii/ros2_ws/install/suii_msgs/share/suii_msgs/hook/pythonpath.sh'
[1.339s] INFO:colcon.colcon_core.shell:Creating package script '/home/suii/colcon_ws/suii/ros2_ws/install/suii_msgs/share/suii_msgs/package.ps1'
[1.340s] INFO:colcon.colcon_core.shell:Creating package descriptor '/home/suii/colcon_ws/suii/ros2_ws/install/suii_msgs/share/suii_msgs/package.dsv'
[1.340s] INFO:colcon.colcon_core.shell:Creating package script '/home/suii/colcon_ws/suii/ros2_ws/install/suii_msgs/share/suii_msgs/package.sh'
[1.341s] INFO:colcon.colcon_core.shell:Creating package script '/home/suii/colcon_ws/suii/ros2_ws/install/suii_msgs/share/suii_msgs/package.bash'
[1.341s] INFO:colcon.colcon_core.shell:Creating package script '/home/suii/colcon_ws/suii/ros2_ws/install/suii_msgs/share/suii_msgs/package.zsh'
[1.341s] Level 1:colcon.colcon_core.environment:create_file_with_runtime_dependencies(/home/suii/colcon_ws/suii/ros2_ws/install/suii_msgs/share/colcon-core/packages/suii_msgs)
[1.347s] DEBUG:colcon.colcon_core.event_handler.log_command:Invoked command in '/home/suii/colcon_ws/suii/ros2_ws/build/suii_navigation' returned '0': PYTHONPATH=/home/suii/colcon_ws/suii/ros2_ws/install/suii_navigation/lib/python3.8/site-packages:${PYTHONPATH} /usr/bin/python3 setup.py develop --prefix /home/suii/colcon_ws/suii/ros2_ws/install/suii_navigation --uninstall --editable --build-directory /home/suii/colcon_ws/suii/ros2_ws/build/suii_navigation/build
[1.347s] DEBUG:colcon.colcon_core.event_handler.log_command:Invoking command in '/home/suii/colcon_ws/suii/ros2_ws/src/suii_navigation': PYTHONPATH=/home/suii/colcon_ws/suii/ros2_ws/install/suii_navigation/lib/python3.8/site-packages:${PYTHONPATH} /usr/bin/python3 setup.py egg_info --egg-base ../../build/suii_navigation build --build-base /home/suii/colcon_ws/suii/ros2_ws/build/suii_navigation/build install --prefix /home/suii/colcon_ws/suii/ros2_ws/install/suii_navigation --record /home/suii/colcon_ws/suii/ros2_ws/build/suii_navigation/install.log --single-version-externally-managed
[1.565s] Level 1:colcon.colcon_core.environment:create_environment_scripts_only(suii_msgs)
[1.567s] Level 1:colcon.colcon_core.environment:checking '/home/suii/colcon_ws/suii/ros2_ws/install/suii_msgs' for CMake module files
[1.567s] Level 1:colcon.colcon_core.environment:checking '/home/suii/colcon_ws/suii/ros2_ws/install/suii_msgs' for CMake config files
[1.569s] Level 1:colcon.colcon_core.shell:create_environment_hook('suii_msgs', 'cmake_prefix_path')
[1.570s] INFO:colcon.colcon_core.shell:Creating environment hook '/home/suii/colcon_ws/suii/ros2_ws/install/suii_msgs/share/suii_msgs/hook/cmake_prefix_path.ps1'
[1.571s] INFO:colcon.colcon_core.shell:Creating environment descriptor '/home/suii/colcon_ws/suii/ros2_ws/install/suii_msgs/share/suii_msgs/hook/cmake_prefix_path.dsv'
[1.571s] INFO:colcon.colcon_core.shell:Creating environment hook '/home/suii/colcon_ws/suii/ros2_ws/install/suii_msgs/share/suii_msgs/hook/cmake_prefix_path.sh'
[1.572s] Level 1:colcon.colcon_core.environment:checking '/home/suii/colcon_ws/suii/ros2_ws/install/suii_msgs/lib'
[1.572s] Level 1:colcon.colcon_core.shell:create_environment_hook('suii_msgs', 'ld_library_path_lib')
[1.572s] INFO:colcon.colcon_core.shell:Creating environment hook '/home/suii/colcon_ws/suii/ros2_ws/install/suii_msgs/share/suii_msgs/hook/ld_library_path_lib.ps1'
[1.573s] INFO:colcon.colcon_core.shell:Creating environment descriptor '/home/suii/colcon_ws/suii/ros2_ws/install/suii_msgs/share/suii_msgs/hook/ld_library_path_lib.dsv'
[1.573s] INFO:colcon.colcon_core.shell:Creating environment hook '/home/suii/colcon_ws/suii/ros2_ws/install/suii_msgs/share/suii_msgs/hook/ld_library_path_lib.sh'
[1.573s] Level 1:colcon.colcon_core.environment:checking '/home/suii/colcon_ws/suii/ros2_ws/install/suii_msgs/bin'
[1.573s] Level 1:colcon.colcon_core.environment:checking '/home/suii/colcon_ws/suii/ros2_ws/install/suii_msgs/lib/pkgconfig/suii_msgs.pc'
[1.574s] Level 1:colcon.colcon_core.environment:checking '/home/suii/colcon_ws/suii/ros2_ws/install/suii_msgs/lib/python3.8/site-packages'
[1.574s] Level 1:colcon.colcon_core.shell:create_environment_hook('suii_msgs', 'pythonpath')
[1.574s] INFO:colcon.colcon_core.shell:Creating environment hook '/home/suii/colcon_ws/suii/ros2_ws/install/suii_msgs/share/suii_msgs/hook/pythonpath.ps1'
[1.575s] INFO:colcon.colcon_core.shell:Creating environment descriptor '/home/suii/colcon_ws/suii/ros2_ws/install/suii_msgs/share/suii_msgs/hook/pythonpath.dsv'
[1.575s] INFO:colcon.colcon_core.shell:Creating environment hook '/home/suii/colcon_ws/suii/ros2_ws/install/suii_msgs/share/suii_msgs/hook/pythonpath.sh'
[1.576s] INFO:colcon.colcon_core.shell:Creating package script '/home/suii/colcon_ws/suii/ros2_ws/install/suii_msgs/share/suii_msgs/package.ps1'
[1.577s] INFO:colcon.colcon_core.shell:Creating package descriptor '/home/suii/colcon_ws/suii/ros2_ws/install/suii_msgs/share/suii_msgs/package.dsv'
[1.577s] INFO:colcon.colcon_core.shell:Creating package script '/home/suii/colcon_ws/suii/ros2_ws/install/suii_msgs/share/suii_msgs/package.sh'
[1.578s] INFO:colcon.colcon_core.shell:Creating package script '/home/suii/colcon_ws/suii/ros2_ws/install/suii_msgs/share/suii_msgs/package.bash'
[1.578s] INFO:colcon.colcon_core.shell:Creating package script '/home/suii/colcon_ws/suii/ros2_ws/install/suii_msgs/share/suii_msgs/package.zsh'
[1.579s] Level 1:colcon.colcon_core.environment:create_file_with_runtime_dependencies(/home/suii/colcon_ws/suii/ros2_ws/install/suii_msgs/share/colcon-core/packages/suii_msgs)
[1.579s] INFO:colcon.colcon_ros.task.ament_python.build:Building ROS package in '/home/suii/colcon_ws/suii/ros2_ws/src/nav_test_package_ros2' with build type 'ament_python'
[1.579s] Level 1:colcon.colcon_core.shell:create_environment_hook('nav_test_package_ros2', 'ament_prefix_path')
[1.580s] INFO:colcon.colcon_core.shell:Creating environment hook '/home/suii/colcon_ws/suii/ros2_ws/install/nav_test_package_ros2/share/nav_test_package_ros2/hook/ament_prefix_path.ps1'
[1.581s] INFO:colcon.colcon_core.shell:Creating environment descriptor '/home/suii/colcon_ws/suii/ros2_ws/install/nav_test_package_ros2/share/nav_test_package_ros2/hook/ament_prefix_path.dsv'
[1.581s] INFO:colcon.colcon_core.shell:Creating environment hook '/home/suii/colcon_ws/suii/ros2_ws/install/nav_test_package_ros2/share/nav_test_package_ros2/hook/ament_prefix_path.sh'
[1.583s] INFO:colcon.colcon_core.shell:Skip shell extension 'powershell' for command environment: Not usable outside of PowerShell
[1.583s] DEBUG:colcon.colcon_core.shell:Skip shell extension 'dsv' for command environment
[1.585s] DEBUG:colcon.colcon_core.shell:Ignoring prefix path '/opt/ros/foxy'
[1.588s] INFO:colcon.colcon_ros.task.ament_cmake.build:Building ROS package in '/home/suii/colcon_ws/suii/ros2_ws/src/ros1_bridge' with build type 'ament_cmake'
[1.588s] INFO:colcon.colcon_cmake.task.cmake.build:Building CMake package in '/home/suii/colcon_ws/suii/ros2_ws/src/ros1_bridge'
[1.589s] INFO:colcon.colcon_core.shell:Skip shell extension 'powershell' for command environment: Not usable outside of PowerShell
[1.589s] DEBUG:colcon.colcon_core.shell:Skip shell extension 'dsv' for command environment
[1.593s] DEBUG:colcon.colcon_core.shell:Ignoring prefix path '/opt/ros/foxy'
[1.795s] INFO:colcon.colcon_core.task.python.build:Building Python package in '/home/suii/colcon_ws/suii/ros2_ws/src/nav_test_package_ros2'
[1.796s] INFO:colcon.colcon_core.shell:Skip shell extension 'powershell' for command environment: Not usable outside of PowerShell
[1.796s] DEBUG:colcon.colcon_core.shell:Skip shell extension 'dsv' for command environment
[1.798s] DEBUG:colcon.colcon_core.shell:Ignoring prefix path '/opt/ros/foxy'
[1.806s] DEBUG:colcon.colcon_core.event_handler.log_command:Invoking command in '/home/suii/colcon_ws/suii/ros2_ws/build/ros1_bridge': CMAKE_PREFIX_PATH=/home/suii/colcon_ws/suii/ros2_ws/install/suii_msgs:/home/suii/colcon_ws/suii/ros2_ws/install/suii_communication_ros2:/home/suii/colcon_ws/suii/ros2_ws/install/suii_description:/home/suii/colcon_ws/suii/ros2_ws/install/ros1_bridge:/home/suii/colcon_ws/suii/ros2_ws/install/suii_bringup:/home/suii/colcon_ws/suii/ros2_ws/install/nav_test_package_ros2:/opt/ros/foxy PYTHONPATH=/home/suii/colcon_ws/suii/ros2_ws/install/suii_msgs/lib/python3.8/site-packages:/home/suii/colcon_ws/suii/ros2_ws/install/suii_communication_ros2/lib/python3.8/site-packages:/home/suii/colcon_ws/suii/ros2_ws/install/suii_navigation/lib/python3.8/site-packages:/home/suii/colcon_ws/suii/ros2_ws/install/nav_test_package_ros2/lib/python3.8/site-packages:/opt/ros/foxy/lib/python3.8/site-packages /usr/bin/cmake --build /home/suii/colcon_ws/suii/ros2_ws/build/ros1_bridge -- -j8 -l8
[1.807s] Level 1:colcon.colcon_core.environment:checking '/home/suii/colcon_ws/suii/ros2_ws/install/suii_navigation' for CMake module files
[1.808s] DEBUG:colcon.colcon_core.event_handler.log_command:Invoked command in '/home/suii/colcon_ws/suii/ros2_ws/src/suii_navigation' returned '0': PYTHONPATH=/home/suii/colcon_ws/suii/ros2_ws/install/suii_navigation/lib/python3.8/site-packages:${PYTHONPATH} /usr/bin/python3 setup.py egg_info --egg-base ../../build/suii_navigation build --build-base /home/suii/colcon_ws/suii/ros2_ws/build/suii_navigation/build install --prefix /home/suii/colcon_ws/suii/ros2_ws/install/suii_navigation --record /home/suii/colcon_ws/suii/ros2_ws/build/suii_navigation/install.log --single-version-externally-managed
[1.808s] Level 1:colcon.colcon_core.environment:checking '/home/suii/colcon_ws/suii/ros2_ws/install/suii_navigation' for CMake config files
[1.809s] Level 1:colcon.colcon_core.environment:checking '/home/suii/colcon_ws/suii/ros2_ws/install/suii_navigation/lib'
[1.809s] Level 1:colcon.colcon_core.environment:checking '/home/suii/colcon_ws/suii/ros2_ws/install/suii_navigation/bin'
[1.809s] Level 1:colcon.colcon_core.environment:checking '/home/suii/colcon_ws/suii/ros2_ws/install/suii_navigation/lib/pkgconfig/suii_navigation.pc'
[1.809s] Level 1:colcon.colcon_core.environment:checking '/home/suii/colcon_ws/suii/ros2_ws/install/suii_navigation/lib/python3.8/site-packages'
[1.809s] Level 1:colcon.colcon_core.shell:create_environment_hook('suii_navigation', 'pythonpath')
[1.810s] INFO:colcon.colcon_core.shell:Creating environment hook '/home/suii/colcon_ws/suii/ros2_ws/install/suii_navigation/share/suii_navigation/hook/pythonpath.ps1'
[1.810s] INFO:colcon.colcon_core.shell:Creating environment descriptor '/home/suii/colcon_ws/suii/ros2_ws/install/suii_navigation/share/suii_navigation/hook/pythonpath.dsv'
[1.810s] INFO:colcon.colcon_core.shell:Creating environment hook '/home/suii/colcon_ws/suii/ros2_ws/install/suii_navigation/share/suii_navigation/hook/pythonpath.sh'
[1.811s] Level 1:colcon.colcon_core.environment:create_environment_scripts_only(suii_navigation)
[1.811s] INFO:colcon.colcon_core.shell:Creating package script '/home/suii/colcon_ws/suii/ros2_ws/install/suii_navigation/share/suii_navigation/package.ps1'
[1.812s] INFO:colcon.colcon_core.shell:Creating package descriptor '/home/suii/colcon_ws/suii/ros2_ws/install/suii_navigation/share/suii_navigation/package.dsv'
[1.812s] INFO:colcon.colcon_core.shell:Creating package script '/home/suii/colcon_ws/suii/ros2_ws/install/suii_navigation/share/suii_navigation/package.sh'
[1.812s] INFO:colcon.colcon_core.shell:Creating package script '/home/suii/colcon_ws/suii/ros2_ws/install/suii_navigation/share/suii_navigation/package.bash'
[1.813s] INFO:colcon.colcon_core.shell:Creating package script '/home/suii/colcon_ws/suii/ros2_ws/install/suii_navigation/share/suii_navigation/package.zsh'
[1.813s] Level 1:colcon.colcon_core.environment:create_file_with_runtime_dependencies(/home/suii/colcon_ws/suii/ros2_ws/install/suii_navigation/share/colcon-core/packages/suii_navigation)
[1.818s] DEBUG:colcon.colcon_core.event_handler.log_command:Invoking command in '/home/suii/colcon_ws/suii/ros2_ws/build/nav_test_package_ros2': CMAKE_PREFIX_PATH=/home/suii/colcon_ws/suii/ros2_ws/install/suii_msgs:/home/suii/colcon_ws/suii/ros2_ws/install/suii_description:/home/suii/colcon_ws/suii/ros2_ws/install/ros1_bridge:/home/suii/colcon_ws/suii/ros2_ws/install/suii_communication_ros2:/home/suii/colcon_ws/suii/ros2_ws/install/suii_bringup PYTHONPATH=/home/suii/colcon_ws/suii/ros2_ws/install/nav_test_package_ros2/lib/python3.8/site-packages:/home/suii/colcon_ws/suii/ros2_ws/install/suii_msgs/lib/python3.8/site-packages:/home/suii/colcon_ws/suii/ros2_ws/install/suii_navigation/lib/python3.8/site-packages:/home/suii/colcon_ws/suii/ros2_ws/install/nav_test_package_ros2/lib/python3.8/site-packages:/home/suii/colcon_ws/suii/ros2_ws/install/suii_communication_ros2/lib/python3.8/site-packages:/opt/ros/foxy/lib/python3.8/site-packages /usr/bin/python3 setup.py develop --prefix /home/suii/colcon_ws/suii/ros2_ws/install/nav_test_package_ros2 --uninstall --editable --build-directory /home/suii/colcon_ws/suii/ros2_ws/build/nav_test_package_ros2/build
[1.845s] DEBUG:colcon.colcon_core.event_handler.log_command:Invoked command in '/home/suii/colcon_ws/suii/ros2_ws/build/ros1_bridge' returned '0': CMAKE_PREFIX_PATH=/home/suii/colcon_ws/suii/ros2_ws/install/suii_msgs:/home/suii/colcon_ws/suii/ros2_ws/install/suii_communication_ros2:/home/suii/colcon_ws/suii/ros2_ws/install/suii_description:/home/suii/colcon_ws/suii/ros2_ws/install/ros1_bridge:/home/suii/colcon_ws/suii/ros2_ws/install/suii_bringup:/home/suii/colcon_ws/suii/ros2_ws/install/nav_test_package_ros2:/opt/ros/foxy PYTHONPATH=/home/suii/colcon_ws/suii/ros2_ws/install/suii_msgs/lib/python3.8/site-packages:/home/suii/colcon_ws/suii/ros2_ws/install/suii_communication_ros2/lib/python3.8/site-packages:/home/suii/colcon_ws/suii/ros2_ws/install/suii_navigation/lib/python3.8/site-packages:/home/suii/colcon_ws/suii/ros2_ws/install/nav_test_package_ros2/lib/python3.8/site-packages:/opt/ros/foxy/lib/python3.8/site-packages /usr/bin/cmake --build /home/suii/colcon_ws/suii/ros2_ws/build/ros1_bridge -- -j8 -l8
[1.866s] DEBUG:colcon.colcon_core.event_handler.log_command:Invoking command in '/home/suii/colcon_ws/suii/ros2_ws/build/ros1_bridge': CMAKE_PREFIX_PATH=/home/suii/colcon_ws/suii/ros2_ws/install/suii_msgs:/home/suii/colcon_ws/suii/ros2_ws/install/suii_communication_ros2:/home/suii/colcon_ws/suii/ros2_ws/install/suii_description:/home/suii/colcon_ws/suii/ros2_ws/install/ros1_bridge:/home/suii/colcon_ws/suii/ros2_ws/install/suii_bringup:/home/suii/colcon_ws/suii/ros2_ws/install/nav_test_package_ros2:/opt/ros/foxy PYTHONPATH=/home/suii/colcon_ws/suii/ros2_ws/install/suii_msgs/lib/python3.8/site-packages:/home/suii/colcon_ws/suii/ros2_ws/install/suii_communication_ros2/lib/python3.8/site-packages:/home/suii/colcon_ws/suii/ros2_ws/install/suii_navigation/lib/python3.8/site-packages:/home/suii/colcon_ws/suii/ros2_ws/install/nav_test_package_ros2/lib/python3.8/site-packages:/opt/ros/foxy/lib/python3.8/site-packages /usr/bin/cmake --install /home/suii/colcon_ws/suii/ros2_ws/build/ros1_bridge
[1.889s] Level 1:colcon.colcon_core.environment:create_environment_scripts_only(ros1_bridge)
[1.890s] Level 1:colcon.colcon_core.environment:checking '/home/suii/colcon_ws/suii/ros2_ws/install/ros1_bridge' for CMake module files
[1.890s] DEBUG:colcon.colcon_core.event_handler.log_command:Invoked command in '/home/suii/colcon_ws/suii/ros2_ws/build/ros1_bridge' returned '0': CMAKE_PREFIX_PATH=/home/suii/colcon_ws/suii/ros2_ws/install/suii_msgs:/home/suii/colcon_ws/suii/ros2_ws/install/suii_communication_ros2:/home/suii/colcon_ws/suii/ros2_ws/install/suii_description:/home/suii/colcon_ws/suii/ros2_ws/install/ros1_bridge:/home/suii/colcon_ws/suii/ros2_ws/install/suii_bringup:/home/suii/colcon_ws/suii/ros2_ws/install/nav_test_package_ros2:/opt/ros/foxy PYTHONPATH=/home/suii/colcon_ws/suii/ros2_ws/install/suii_msgs/lib/python3.8/site-packages:/home/suii/colcon_ws/suii/ros2_ws/install/suii_communication_ros2/lib/python3.8/site-packages:/home/suii/colcon_ws/suii/ros2_ws/install/suii_navigation/lib/python3.8/site-packages:/home/suii/colcon_ws/suii/ros2_ws/install/nav_test_package_ros2/lib/python3.8/site-packages:/opt/ros/foxy/lib/python3.8/site-packages /usr/bin/cmake --install /home/suii/colcon_ws/suii/ros2_ws/build/ros1_bridge
[1.890s] Level 1:colcon.colcon_core.environment:checking '/home/suii/colcon_ws/suii/ros2_ws/install/ros1_bridge' for CMake config files
[1.891s] Level 1:colcon.colcon_core.shell:create_environment_hook('ros1_bridge', 'cmake_prefix_path')
[1.891s] INFO:colcon.colcon_core.shell:Creating environment hook '/home/suii/colcon_ws/suii/ros2_ws/install/ros1_bridge/share/ros1_bridge/hook/cmake_prefix_path.ps1'
[1.892s] INFO:colcon.colcon_core.shell:Creating environment descriptor '/home/suii/colcon_ws/suii/ros2_ws/install/ros1_bridge/share/ros1_bridge/hook/cmake_prefix_path.dsv'
[1.892s] INFO:colcon.colcon_core.shell:Creating environment hook '/home/suii/colcon_ws/suii/ros2_ws/install/ros1_bridge/share/ros1_bridge/hook/cmake_prefix_path.sh'
[1.892s] Level 1:colcon.colcon_core.environment:checking '/home/suii/colcon_ws/suii/ros2_ws/install/ros1_bridge/bin'
[1.892s] Level 1:colcon.colcon_core.environment:checking '/home/suii/colcon_ws/suii/ros2_ws/install/ros1_bridge/lib/pkgconfig/ros1_bridge.pc'
[1.892s] Level 1:colcon.colcon_core.environment:checking '/home/suii/colcon_ws/suii/ros2_ws/install/ros1_bridge/lib/python3.8/site-packages'
[1.893s] INFO:colcon.colcon_core.shell:Creating package script '/home/suii/colcon_ws/suii/ros2_ws/install/ros1_bridge/share/ros1_bridge/package.ps1'
[1.893s] INFO:colcon.colcon_core.shell:Creating package descriptor '/home/suii/colcon_ws/suii/ros2_ws/install/ros1_bridge/share/ros1_bridge/package.dsv'
[1.894s] INFO:colcon.colcon_core.shell:Creating package script '/home/suii/colcon_ws/suii/ros2_ws/install/ros1_bridge/share/ros1_bridge/package.sh'
[1.894s] INFO:colcon.colcon_core.shell:Creating package script '/home/suii/colcon_ws/suii/ros2_ws/install/ros1_bridge/share/ros1_bridge/package.bash'
[1.894s] INFO:colcon.colcon_core.shell:Creating package script '/home/suii/colcon_ws/suii/ros2_ws/install/ros1_bridge/share/ros1_bridge/package.zsh'
[1.895s] Level 1:colcon.colcon_core.environment:create_file_with_runtime_dependencies(/home/suii/colcon_ws/suii/ros2_ws/install/ros1_bridge/share/colcon-core/packages/ros1_bridge)
[1.913s] Level 1:colcon.colcon_core.environment:create_environment_scripts_only(ros1_bridge)
[1.914s] Level 1:colcon.colcon_core.environment:checking '/home/suii/colcon_ws/suii/ros2_ws/install/ros1_bridge' for CMake module files
[1.915s] Level 1:colcon.colcon_core.environment:checking '/home/suii/colcon_ws/suii/ros2_ws/install/ros1_bridge' for CMake config files
[1.915s] Level 1:colcon.colcon_core.shell:create_environment_hook('ros1_bridge', 'cmake_prefix_path')
[1.916s] INFO:colcon.colcon_core.shell:Creating environment hook '/home/suii/colcon_ws/suii/ros2_ws/install/ros1_bridge/share/ros1_bridge/hook/cmake_prefix_path.ps1'
[1.916s] INFO:colcon.colcon_core.shell:Creating environment descriptor '/home/suii/colcon_ws/suii/ros2_ws/install/ros1_bridge/share/ros1_bridge/hook/cmake_prefix_path.dsv'
[1.917s] INFO:colcon.colcon_core.shell:Creating environment hook '/home/suii/colcon_ws/suii/ros2_ws/install/ros1_bridge/share/ros1_bridge/hook/cmake_prefix_path.sh'
[1.917s] Level 1:colcon.colcon_core.environment:checking '/home/suii/colcon_ws/suii/ros2_ws/install/ros1_bridge/bin'
[1.917s] Level 1:colcon.colcon_core.environment:checking '/home/suii/colcon_ws/suii/ros2_ws/install/ros1_bridge/lib/pkgconfig/ros1_bridge.pc'
[1.917s] Level 1:colcon.colcon_core.environment:checking '/home/suii/colcon_ws/suii/ros2_ws/install/ros1_bridge/lib/python3.8/site-packages'
[1.918s] INFO:colcon.colcon_core.shell:Creating package script '/home/suii/colcon_ws/suii/ros2_ws/install/ros1_bridge/share/ros1_bridge/package.ps1'
[1.919s] INFO:colcon.colcon_core.shell:Creating package descriptor '/home/suii/colcon_ws/suii/ros2_ws/install/ros1_bridge/share/ros1_bridge/package.dsv'
[1.919s] INFO:colcon.colcon_core.shell:Creating package script '/home/suii/colcon_ws/suii/ros2_ws/install/ros1_bridge/share/ros1_bridge/package.sh'
[1.920s] INFO:colcon.colcon_core.shell:Creating package script '/home/suii/colcon_ws/suii/ros2_ws/install/ros1_bridge/share/ros1_bridge/package.bash'
[1.920s] INFO:colcon.colcon_core.shell:Creating package script '/home/suii/colcon_ws/suii/ros2_ws/install/ros1_bridge/share/ros1_bridge/package.zsh'
[1.920s] Level 1:colcon.colcon_core.environment:create_file_with_runtime_dependencies(/home/suii/colcon_ws/suii/ros2_ws/install/ros1_bridge/share/colcon-core/packages/ros1_bridge)
[2.158s] DEBUG:colcon.colcon_core.event_handler.log_command:Invoked command in '/home/suii/colcon_ws/suii/ros2_ws/build/nav_test_package_ros2' returned '0': CMAKE_PREFIX_PATH=/home/suii/colcon_ws/suii/ros2_ws/install/suii_msgs:/home/suii/colcon_ws/suii/ros2_ws/install/suii_description:/home/suii/colcon_ws/suii/ros2_ws/install/ros1_bridge:/home/suii/colcon_ws/suii/ros2_ws/install/suii_communication_ros2:/home/suii/colcon_ws/suii/ros2_ws/install/suii_bringup PYTHONPATH=/home/suii/colcon_ws/suii/ros2_ws/install/nav_test_package_ros2/lib/python3.8/site-packages:/home/suii/colcon_ws/suii/ros2_ws/install/suii_msgs/lib/python3.8/site-packages:/home/suii/colcon_ws/suii/ros2_ws/install/suii_navigation/lib/python3.8/site-packages:/home/suii/colcon_ws/suii/ros2_ws/install/nav_test_package_ros2/lib/python3.8/site-packages:/home/suii/colcon_ws/suii/ros2_ws/install/suii_communication_ros2/lib/python3.8/site-packages:/opt/ros/foxy/lib/python3.8/site-packages /usr/bin/python3 setup.py develop --prefix /home/suii/colcon_ws/suii/ros2_ws/install/nav_test_package_ros2 --uninstall --editable --build-directory /home/suii/colcon_ws/suii/ros2_ws/build/nav_test_package_ros2/build
[2.159s] DEBUG:colcon.colcon_core.event_handler.log_command:Invoking command in '/home/suii/colcon_ws/suii/ros2_ws/src/nav_test_package_ros2': CMAKE_PREFIX_PATH=/home/suii/colcon_ws/suii/ros2_ws/install/suii_msgs:/home/suii/colcon_ws/suii/ros2_ws/install/suii_description:/home/suii/colcon_ws/suii/ros2_ws/install/ros1_bridge:/home/suii/colcon_ws/suii/ros2_ws/install/suii_communication_ros2:/home/suii/colcon_ws/suii/ros2_ws/install/suii_bringup PYTHONPATH=/home/suii/colcon_ws/suii/ros2_ws/install/nav_test_package_ros2/lib/python3.8/site-packages:/home/suii/colcon_ws/suii/ros2_ws/install/suii_msgs/lib/python3.8/site-packages:/home/suii/colcon_ws/suii/ros2_ws/install/suii_navigation/lib/python3.8/site-packages:/home/suii/colcon_ws/suii/ros2_ws/install/nav_test_package_ros2/lib/python3.8/site-packages:/home/suii/colcon_ws/suii/ros2_ws/install/suii_communication_ros2/lib/python3.8/site-packages:/opt/ros/foxy/lib/python3.8/site-packages /usr/bin/python3 setup.py egg_info --egg-base ../../build/nav_test_package_ros2 build --build-base /home/suii/colcon_ws/suii/ros2_ws/build/nav_test_package_ros2/build install --prefix /home/suii/colcon_ws/suii/ros2_ws/install/nav_test_package_ros2 --record /home/suii/colcon_ws/suii/ros2_ws/build/nav_test_package_ros2/install.log --single-version-externally-managed
[2.405s] Level 1:colcon.colcon_core.environment:checking '/home/suii/colcon_ws/suii/ros2_ws/install/nav_test_package_ros2' for CMake module files
[2.405s] DEBUG:colcon.colcon_core.event_handler.log_command:Invoked command in '/home/suii/colcon_ws/suii/ros2_ws/src/nav_test_package_ros2' returned '0': CMAKE_PREFIX_PATH=/home/suii/colcon_ws/suii/ros2_ws/install/suii_msgs:/home/suii/colcon_ws/suii/ros2_ws/install/suii_description:/home/suii/colcon_ws/suii/ros2_ws/install/ros1_bridge:/home/suii/colcon_ws/suii/ros2_ws/install/suii_communication_ros2:/home/suii/colcon_ws/suii/ros2_ws/install/suii_bringup PYTHONPATH=/home/suii/colcon_ws/suii/ros2_ws/install/nav_test_package_ros2/lib/python3.8/site-packages:/home/suii/colcon_ws/suii/ros2_ws/install/suii_msgs/lib/python3.8/site-packages:/home/suii/colcon_ws/suii/ros2_ws/install/suii_navigation/lib/python3.8/site-packages:/home/suii/colcon_ws/suii/ros2_ws/install/nav_test_package_ros2/lib/python3.8/site-packages:/home/suii/colcon_ws/suii/ros2_ws/install/suii_communication_ros2/lib/python3.8/site-packages:/opt/ros/foxy/lib/python3.8/site-packages /usr/bin/python3 setup.py egg_info --egg-base ../../build/nav_test_package_ros2 build --build-base /home/suii/colcon_ws/suii/ros2_ws/build/nav_test_package_ros2/build install --prefix /home/suii/colcon_ws/suii/ros2_ws/install/nav_test_package_ros2 --record /home/suii/colcon_ws/suii/ros2_ws/build/nav_test_package_ros2/install.log --single-version-externally-managed
[2.406s] Level 1:colcon.colcon_core.environment:checking '/home/suii/colcon_ws/suii/ros2_ws/install/nav_test_package_ros2' for CMake config files
[2.406s] Level 1:colcon.colcon_core.environment:checking '/home/suii/colcon_ws/suii/ros2_ws/install/nav_test_package_ros2/lib'
[2.406s] Level 1:colcon.colcon_core.environment:checking '/home/suii/colcon_ws/suii/ros2_ws/install/nav_test_package_ros2/bin'
[2.406s] Level 1:colcon.colcon_core.environment:checking '/home/suii/colcon_ws/suii/ros2_ws/install/nav_test_package_ros2/lib/pkgconfig/nav_test_package_ros2.pc'
[2.406s] Level 1:colcon.colcon_core.environment:checking '/home/suii/colcon_ws/suii/ros2_ws/install/nav_test_package_ros2/lib/python3.8/site-packages'
[2.406s] Level 1:colcon.colcon_core.shell:create_environment_hook('nav_test_package_ros2', 'pythonpath')
[2.407s] INFO:colcon.colcon_core.shell:Creating environment hook '/home/suii/colcon_ws/suii/ros2_ws/install/nav_test_package_ros2/share/nav_test_package_ros2/hook/pythonpath.ps1'
[2.408s] INFO:colcon.colcon_core.shell:Creating environment descriptor '/home/suii/colcon_ws/suii/ros2_ws/install/nav_test_package_ros2/share/nav_test_package_ros2/hook/pythonpath.dsv'
[2.408s] INFO:colcon.colcon_core.shell:Creating environment hook '/home/suii/colcon_ws/suii/ros2_ws/install/nav_test_package_ros2/share/nav_test_package_ros2/hook/pythonpath.sh'
[2.408s] Level 1:colcon.colcon_core.environment:create_environment_scripts_only(nav_test_package_ros2)
[2.409s] INFO:colcon.colcon_core.shell:Creating package script '/home/suii/colcon_ws/suii/ros2_ws/install/nav_test_package_ros2/share/nav_test_package_ros2/package.ps1'
[2.409s] INFO:colcon.colcon_core.shell:Creating package descriptor '/home/suii/colcon_ws/suii/ros2_ws/install/nav_test_package_ros2/share/nav_test_package_ros2/package.dsv'
[2.410s] INFO:colcon.colcon_core.shell:Creating package script '/home/suii/colcon_ws/suii/ros2_ws/install/nav_test_package_ros2/share/nav_test_package_ros2/package.sh'
[2.410s] INFO:colcon.colcon_core.shell:Creating package script '/home/suii/colcon_ws/suii/ros2_ws/install/nav_test_package_ros2/share/nav_test_package_ros2/package.bash'
[2.410s] INFO:colcon.colcon_core.shell:Creating package script '/home/suii/colcon_ws/suii/ros2_ws/install/nav_test_package_ros2/share/nav_test_package_ros2/package.zsh'
[2.411s] Level 1:colcon.colcon_core.environment:create_file_with_runtime_dependencies(/home/suii/colcon_ws/suii/ros2_ws/install/nav_test_package_ros2/share/colcon-core/packages/nav_test_package_ros2)
[2.411s] DEBUG:colcon.colcon_parallel_executor.executor.parallel:closing loop
[2.411s] DEBUG:colcon.colcon_parallel_executor.executor.parallel:loop closed
[2.411s] DEBUG:colcon.colcon_parallel_executor.executor.parallel:run_until_complete finished with '0'
[2.411s] DEBUG:colcon.colcon_core.event_reactor:joining thread
[2.417s] INFO:colcon.colcon_core.plugin_system:Skipping extension 'colcon_notification.desktop_notification.terminal_notifier': Not used on non-Darwin systems
[2.417s] INFO:colcon.colcon_core.plugin_system:Skipping extension 'colcon_notification.desktop_notification.win32': Not used on non-Windows systems
[2.417s] INFO:colcon.colcon_notification.desktop_notification:Sending desktop notification using 'notify2'
[2.432s] DEBUG:colcon.colcon_core.event_reactor:joined thread
[2.432s] INFO:colcon.colcon_core.shell:Creating prefix script '/home/suii/colcon_ws/suii/ros2_ws/install/local_setup.ps1'
[2.433s] INFO:colcon.colcon_core.shell:Creating prefix util module '/home/suii/colcon_ws/suii/ros2_ws/install/_local_setup_util_ps1.py'
[2.435s] INFO:colcon.colcon_core.shell:Creating prefix chain script '/home/suii/colcon_ws/suii/ros2_ws/install/setup.ps1'
[2.437s] INFO:colcon.colcon_core.shell:Creating prefix script '/home/suii/colcon_ws/suii/ros2_ws/install/local_setup.sh'
[2.437s] INFO:colcon.colcon_core.shell:Creating prefix util module '/home/suii/colcon_ws/suii/ros2_ws/install/_local_setup_util_sh.py'
[2.438s] INFO:colcon.colcon_core.shell:Creating prefix chain script '/home/suii/colcon_ws/suii/ros2_ws/install/setup.sh'
[2.440s] INFO:colcon.colcon_core.shell:Creating prefix script '/home/suii/colcon_ws/suii/ros2_ws/install/local_setup.bash'
[2.441s] INFO:colcon.colcon_core.shell:Creating prefix chain script '/home/suii/colcon_ws/suii/ros2_ws/install/setup.bash'
[2.443s] INFO:colcon.colcon_core.shell:Creating prefix script '/home/suii/colcon_ws/suii/ros2_ws/install/local_setup.zsh'
[2.443s] INFO:colcon.colcon_core.shell:Creating prefix chain script '/home/suii/colcon_ws/suii/ros2_ws/install/setup.zsh'
