[0.237s] Invoking command in '/home/suii/colcon_ws/suii/ros2_ws/build/ros1_bridge': CMAKE_PREFIX_PATH=/home/suii/colcon_ws/suii/ros2_ws/install/suii_msgs:/home/suii/colcon_ws/suii/ros2_ws/install/suii_communication_ros2:/home/suii/colcon_ws/suii/ros2_ws/install/ros1_bridge:/home/suii/colcon_ws/suii/ros2_ws/install/suii_navigation:/home/suii/colcon_ws/suii/ros2_ws/install/nav_test_package_ros2:/opt/ros/foxy PYTHONPATH=/home/suii/colcon_ws/suii/ros2_ws/install/suii_msgs/lib/python3.8/site-packages:/home/suii/colcon_ws/suii/ros2_ws/install/suii_communication_ros2/lib/python3.8/site-packages:/home/suii/colcon_ws/suii/ros2_ws/build/suii_navigation:/home/suii/colcon_ws/suii/ros2_ws/install/suii_navigation/lib/python3.8/site-packages:/home/suii/colcon_ws/suii/ros2_ws/build/nav_test_package_ros2:/home/suii/colcon_ws/suii/ros2_ws/install/nav_test_package_ros2/lib/python3.8/site-packages:/opt/ros/foxy/lib/python3.8/site-packages /usr/bin/cmake /home/suii/colcon_ws/suii/ros2_ws/src/ros1_bridge -DCMAKE_INSTALL_PREFIX=/home/suii/colcon_ws/suii/ros2_ws/install/ros1_bridge
[0.249s] -- Found rmw: 1.0.3 (/opt/ros/foxy/share/rmw/cmake)
[0.275s] -- Using PYTHON_EXECUTABLE: /usr/bin/python3
[0.435s] -- Override CMake install command with custom implementation using symlinks instead of copying resources
[0.460s] -- Found rclcpp: 2.3.1 (/opt/ros/foxy/share/rclcpp/cmake)
[0.476s] -- Using all available rosidl_typesupport_c: rosidl_typesupport_fastrtps_c;rosidl_typesupport_introspection_c
[0.479s] -- Found rosidl_adapter: 1.2.1 (/opt/ros/foxy/share/rosidl_adapter/cmake)
[0.584s] -- Using all available rosidl_typesupport_cpp: rosidl_typesupport_fastrtps_cpp;rosidl_typesupport_introspection_cpp
[0.628s] -- Found rmw_implementation_cmake: 1.0.3 (/opt/ros/foxy/share/rmw_implementation_cmake/cmake)
[0.629s] -- Using RMW implementation 'rmw_fastrtps_cpp' as default
[0.762s] -- Checking for module 'roscpp'
[0.764s] --   No package 'roscpp' found
[0.765s] CMake Warning at CMakeLists.txt:34 (message):
[0.765s]   Failed to find ROS 1 roscpp, skipping...
[0.765s] 
[0.765s] 
[0.822s] -- Configuring done
[0.824s] -- Generating done
[0.825s] -- Build files have been written to: /home/suii/colcon_ws/suii/ros2_ws/build/ros1_bridge
[0.832s] Invoked command in '/home/suii/colcon_ws/suii/ros2_ws/build/ros1_bridge' returned '0': CMAKE_PREFIX_PATH=/home/suii/colcon_ws/suii/ros2_ws/install/suii_msgs:/home/suii/colcon_ws/suii/ros2_ws/install/suii_communication_ros2:/home/suii/colcon_ws/suii/ros2_ws/install/ros1_bridge:/home/suii/colcon_ws/suii/ros2_ws/install/suii_navigation:/home/suii/colcon_ws/suii/ros2_ws/install/nav_test_package_ros2:/opt/ros/foxy PYTHONPATH=/home/suii/colcon_ws/suii/ros2_ws/install/suii_msgs/lib/python3.8/site-packages:/home/suii/colcon_ws/suii/ros2_ws/install/suii_communication_ros2/lib/python3.8/site-packages:/home/suii/colcon_ws/suii/ros2_ws/build/suii_navigation:/home/suii/colcon_ws/suii/ros2_ws/install/suii_navigation/lib/python3.8/site-packages:/home/suii/colcon_ws/suii/ros2_ws/build/nav_test_package_ros2:/home/suii/colcon_ws/suii/ros2_ws/install/nav_test_package_ros2/lib/python3.8/site-packages:/opt/ros/foxy/lib/python3.8/site-packages /usr/bin/cmake /home/suii/colcon_ws/suii/ros2_ws/src/ros1_bridge -DCMAKE_INSTALL_PREFIX=/home/suii/colcon_ws/suii/ros2_ws/install/ros1_bridge
[0.835s] Invoking command in '/home/suii/colcon_ws/suii/ros2_ws/build/ros1_bridge': CMAKE_PREFIX_PATH=/home/suii/colcon_ws/suii/ros2_ws/install/suii_msgs:/home/suii/colcon_ws/suii/ros2_ws/install/suii_communication_ros2:/home/suii/colcon_ws/suii/ros2_ws/install/ros1_bridge:/home/suii/colcon_ws/suii/ros2_ws/install/suii_navigation:/home/suii/colcon_ws/suii/ros2_ws/install/nav_test_package_ros2:/opt/ros/foxy PYTHONPATH=/home/suii/colcon_ws/suii/ros2_ws/install/suii_msgs/lib/python3.8/site-packages:/home/suii/colcon_ws/suii/ros2_ws/install/suii_communication_ros2/lib/python3.8/site-packages:/home/suii/colcon_ws/suii/ros2_ws/build/suii_navigation:/home/suii/colcon_ws/suii/ros2_ws/install/suii_navigation/lib/python3.8/site-packages:/home/suii/colcon_ws/suii/ros2_ws/build/nav_test_package_ros2:/home/suii/colcon_ws/suii/ros2_ws/install/nav_test_package_ros2/lib/python3.8/site-packages:/opt/ros/foxy/lib/python3.8/site-packages /usr/bin/cmake --build /home/suii/colcon_ws/suii/ros2_ws/build/ros1_bridge -- -j8 -l8
[0.880s] Invoked command in '/home/suii/colcon_ws/suii/ros2_ws/build/ros1_bridge' returned '0': CMAKE_PREFIX_PATH=/home/suii/colcon_ws/suii/ros2_ws/install/suii_msgs:/home/suii/colcon_ws/suii/ros2_ws/install/suii_communication_ros2:/home/suii/colcon_ws/suii/ros2_ws/install/ros1_bridge:/home/suii/colcon_ws/suii/ros2_ws/install/suii_navigation:/home/suii/colcon_ws/suii/ros2_ws/install/nav_test_package_ros2:/opt/ros/foxy PYTHONPATH=/home/suii/colcon_ws/suii/ros2_ws/install/suii_msgs/lib/python3.8/site-packages:/home/suii/colcon_ws/suii/ros2_ws/install/suii_communication_ros2/lib/python3.8/site-packages:/home/suii/colcon_ws/suii/ros2_ws/build/suii_navigation:/home/suii/colcon_ws/suii/ros2_ws/install/suii_navigation/lib/python3.8/site-packages:/home/suii/colcon_ws/suii/ros2_ws/build/nav_test_package_ros2:/home/suii/colcon_ws/suii/ros2_ws/install/nav_test_package_ros2/lib/python3.8/site-packages:/opt/ros/foxy/lib/python3.8/site-packages /usr/bin/cmake --build /home/suii/colcon_ws/suii/ros2_ws/build/ros1_bridge -- -j8 -l8
[0.906s] Invoking command in '/home/suii/colcon_ws/suii/ros2_ws/build/ros1_bridge': CMAKE_PREFIX_PATH=/home/suii/colcon_ws/suii/ros2_ws/install/suii_msgs:/home/suii/colcon_ws/suii/ros2_ws/install/suii_communication_ros2:/home/suii/colcon_ws/suii/ros2_ws/install/ros1_bridge:/home/suii/colcon_ws/suii/ros2_ws/install/suii_navigation:/home/suii/colcon_ws/suii/ros2_ws/install/nav_test_package_ros2:/opt/ros/foxy PYTHONPATH=/home/suii/colcon_ws/suii/ros2_ws/install/suii_msgs/lib/python3.8/site-packages:/home/suii/colcon_ws/suii/ros2_ws/install/suii_communication_ros2/lib/python3.8/site-packages:/home/suii/colcon_ws/suii/ros2_ws/build/suii_navigation:/home/suii/colcon_ws/suii/ros2_ws/install/suii_navigation/lib/python3.8/site-packages:/home/suii/colcon_ws/suii/ros2_ws/build/nav_test_package_ros2:/home/suii/colcon_ws/suii/ros2_ws/install/nav_test_package_ros2/lib/python3.8/site-packages:/opt/ros/foxy/lib/python3.8/site-packages /usr/bin/cmake --install /home/suii/colcon_ws/suii/ros2_ws/build/ros1_bridge
[0.918s] -- Install configuration: ""
[0.919s] -- Execute custom install script
[0.919s] -- Up-to-date symlink: /home/suii/colcon_ws/suii/ros2_ws/install/ros1_bridge/share/ament_index/resource_index/package_run_dependencies/ros1_bridge
[0.919s] -- Up-to-date symlink: /home/suii/colcon_ws/suii/ros2_ws/install/ros1_bridge/share/ament_index/resource_index/parent_prefix_path/ros1_bridge
[0.920s] -- Up-to-date symlink: /home/suii/colcon_ws/suii/ros2_ws/install/ros1_bridge/share/ros1_bridge/environment/ament_prefix_path.sh
[0.920s] -- Up-to-date symlink: /home/suii/colcon_ws/suii/ros2_ws/install/ros1_bridge/share/ros1_bridge/environment/ament_prefix_path.dsv
[0.920s] -- Up-to-date symlink: /home/suii/colcon_ws/suii/ros2_ws/install/ros1_bridge/share/ros1_bridge/environment/path.sh
[0.921s] -- Up-to-date symlink: /home/suii/colcon_ws/suii/ros2_ws/install/ros1_bridge/share/ros1_bridge/environment/path.dsv
[0.921s] -- Up-to-date symlink: /home/suii/colcon_ws/suii/ros2_ws/install/ros1_bridge/share/ros1_bridge/local_setup.bash
[0.921s] -- Up-to-date symlink: /home/suii/colcon_ws/suii/ros2_ws/install/ros1_bridge/share/ros1_bridge/local_setup.sh
[0.921s] -- Up-to-date symlink: /home/suii/colcon_ws/suii/ros2_ws/install/ros1_bridge/share/ros1_bridge/local_setup.zsh
[0.922s] -- Up-to-date symlink: /home/suii/colcon_ws/suii/ros2_ws/install/ros1_bridge/share/ros1_bridge/local_setup.dsv
[0.922s] -- Symlinking: /home/suii/colcon_ws/suii/ros2_ws/install/ros1_bridge/share/ros1_bridge/package.dsv
[0.932s] -- Up-to-date symlink: /home/suii/colcon_ws/suii/ros2_ws/install/ros1_bridge/share/ament_index/resource_index/packages/ros1_bridge
[0.932s] -- Up-to-date symlink: /home/suii/colcon_ws/suii/ros2_ws/install/ros1_bridge/share/ros1_bridge/cmake/find_ros1_package.cmake
[0.933s] -- Up-to-date symlink: /home/suii/colcon_ws/suii/ros2_ws/install/ros1_bridge/share/ros1_bridge/cmake/find_ros1_interface_packages.cmake
[0.933s] -- Up-to-date symlink: /home/suii/colcon_ws/suii/ros2_ws/install/ros1_bridge/share/ros1_bridge/cmake/ros1_bridgeConfig.cmake
[0.933s] -- Up-to-date symlink: /home/suii/colcon_ws/suii/ros2_ws/install/ros1_bridge/share/ros1_bridge/cmake/ros1_bridgeConfig-version.cmake
[0.933s] -- Up-to-date symlink: /home/suii/colcon_ws/suii/ros2_ws/install/ros1_bridge/share/ros1_bridge/package.xml
[0.937s] Invoked command in '/home/suii/colcon_ws/suii/ros2_ws/build/ros1_bridge' returned '0': CMAKE_PREFIX_PATH=/home/suii/colcon_ws/suii/ros2_ws/install/suii_msgs:/home/suii/colcon_ws/suii/ros2_ws/install/suii_communication_ros2:/home/suii/colcon_ws/suii/ros2_ws/install/ros1_bridge:/home/suii/colcon_ws/suii/ros2_ws/install/suii_navigation:/home/suii/colcon_ws/suii/ros2_ws/install/nav_test_package_ros2:/opt/ros/foxy PYTHONPATH=/home/suii/colcon_ws/suii/ros2_ws/install/suii_msgs/lib/python3.8/site-packages:/home/suii/colcon_ws/suii/ros2_ws/install/suii_communication_ros2/lib/python3.8/site-packages:/home/suii/colcon_ws/suii/ros2_ws/build/suii_navigation:/home/suii/colcon_ws/suii/ros2_ws/install/suii_navigation/lib/python3.8/site-packages:/home/suii/colcon_ws/suii/ros2_ws/build/nav_test_package_ros2:/home/suii/colcon_ws/suii/ros2_ws/install/nav_test_package_ros2/lib/python3.8/site-packages:/opt/ros/foxy/lib/python3.8/site-packages /usr/bin/cmake --install /home/suii/colcon_ws/suii/ros2_ws/build/ros1_bridge
