[0.219s] Invoking command in '/home/suii/colcon_ws/suii/ros2_ws/build/ros1_bridge': CMAKE_PREFIX_PATH=/home/suii/colcon_ws/suii/ros2_ws/install/suii_msgs:/home/suii/colcon_ws/suii/ros2_ws/install/suii_communication_ros2:/home/suii/colcon_ws/suii/ros2_ws/install/suii_description:/home/suii/colcon_ws/suii/ros2_ws/install/ros1_bridge:/home/suii/colcon_ws/suii/ros2_ws/install/suii_bringup:/home/suii/colcon_ws/suii/ros2_ws/install/nav_test_package_ros2:/opt/ros/foxy PYTHONPATH=/home/suii/colcon_ws/suii/ros2_ws/install/suii_msgs/lib/python3.8/site-packages:/home/suii/colcon_ws/suii/ros2_ws/install/suii_communication_ros2/lib/python3.8/site-packages:/home/suii/colcon_ws/suii/ros2_ws/install/suii_navigation/lib/python3.8/site-packages:/home/suii/colcon_ws/suii/ros2_ws/install/nav_test_package_ros2/lib/python3.8/site-packages:/opt/ros/foxy/lib/python3.8/site-packages /usr/bin/cmake --build /home/suii/colcon_ws/suii/ros2_ws/build/ros1_bridge -- -j8 -l8
[0.255s] Invoked command in '/home/suii/colcon_ws/suii/ros2_ws/build/ros1_bridge' returned '0': CMAKE_PREFIX_PATH=/home/suii/colcon_ws/suii/ros2_ws/install/suii_msgs:/home/suii/colcon_ws/suii/ros2_ws/install/suii_communication_ros2:/home/suii/colcon_ws/suii/ros2_ws/install/suii_description:/home/suii/colcon_ws/suii/ros2_ws/install/ros1_bridge:/home/suii/colcon_ws/suii/ros2_ws/install/suii_bringup:/home/suii/colcon_ws/suii/ros2_ws/install/nav_test_package_ros2:/opt/ros/foxy PYTHONPATH=/home/suii/colcon_ws/suii/ros2_ws/install/suii_msgs/lib/python3.8/site-packages:/home/suii/colcon_ws/suii/ros2_ws/install/suii_communication_ros2/lib/python3.8/site-packages:/home/suii/colcon_ws/suii/ros2_ws/install/suii_navigation/lib/python3.8/site-packages:/home/suii/colcon_ws/suii/ros2_ws/install/nav_test_package_ros2/lib/python3.8/site-packages:/opt/ros/foxy/lib/python3.8/site-packages /usr/bin/cmake --build /home/suii/colcon_ws/suii/ros2_ws/build/ros1_bridge -- -j8 -l8
[0.278s] Invoking command in '/home/suii/colcon_ws/suii/ros2_ws/build/ros1_bridge': CMAKE_PREFIX_PATH=/home/suii/colcon_ws/suii/ros2_ws/install/suii_msgs:/home/suii/colcon_ws/suii/ros2_ws/install/suii_communication_ros2:/home/suii/colcon_ws/suii/ros2_ws/install/suii_description:/home/suii/colcon_ws/suii/ros2_ws/install/ros1_bridge:/home/suii/colcon_ws/suii/ros2_ws/install/suii_bringup:/home/suii/colcon_ws/suii/ros2_ws/install/nav_test_package_ros2:/opt/ros/foxy PYTHONPATH=/home/suii/colcon_ws/suii/ros2_ws/install/suii_msgs/lib/python3.8/site-packages:/home/suii/colcon_ws/suii/ros2_ws/install/suii_communication_ros2/lib/python3.8/site-packages:/home/suii/colcon_ws/suii/ros2_ws/install/suii_navigation/lib/python3.8/site-packages:/home/suii/colcon_ws/suii/ros2_ws/install/nav_test_package_ros2/lib/python3.8/site-packages:/opt/ros/foxy/lib/python3.8/site-packages /usr/bin/cmake --install /home/suii/colcon_ws/suii/ros2_ws/build/ros1_bridge
[0.286s] -- Install configuration: ""
[0.286s] -- Execute custom install script
[0.286s] -- Up-to-date symlink: /home/suii/colcon_ws/suii/ros2_ws/install/ros1_bridge/share/ament_index/resource_index/package_run_dependencies/ros1_bridge
[0.287s] -- Up-to-date symlink: /home/suii/colcon_ws/suii/ros2_ws/install/ros1_bridge/share/ament_index/resource_index/parent_prefix_path/ros1_bridge
[0.287s] -- Up-to-date symlink: /home/suii/colcon_ws/suii/ros2_ws/install/ros1_bridge/share/ros1_bridge/environment/ament_prefix_path.sh
[0.287s] -- Up-to-date symlink: /home/suii/colcon_ws/suii/ros2_ws/install/ros1_bridge/share/ros1_bridge/environment/ament_prefix_path.dsv
[0.287s] -- Up-to-date symlink: /home/suii/colcon_ws/suii/ros2_ws/install/ros1_bridge/share/ros1_bridge/environment/path.sh
[0.288s] -- Up-to-date symlink: /home/suii/colcon_ws/suii/ros2_ws/install/ros1_bridge/share/ros1_bridge/environment/path.dsv
[0.288s] -- Up-to-date symlink: /home/suii/colcon_ws/suii/ros2_ws/install/ros1_bridge/share/ros1_bridge/local_setup.bash
[0.288s] -- Up-to-date symlink: /home/suii/colcon_ws/suii/ros2_ws/install/ros1_bridge/share/ros1_bridge/local_setup.sh
[0.288s] -- Up-to-date symlink: /home/suii/colcon_ws/suii/ros2_ws/install/ros1_bridge/share/ros1_bridge/local_setup.zsh
[0.289s] -- Up-to-date symlink: /home/suii/colcon_ws/suii/ros2_ws/install/ros1_bridge/share/ros1_bridge/local_setup.dsv
[0.289s] -- Symlinking: /home/suii/colcon_ws/suii/ros2_ws/install/ros1_bridge/share/ros1_bridge/package.dsv
[0.298s] -- Up-to-date symlink: /home/suii/colcon_ws/suii/ros2_ws/install/ros1_bridge/share/ament_index/resource_index/packages/ros1_bridge
[0.298s] -- Up-to-date symlink: /home/suii/colcon_ws/suii/ros2_ws/install/ros1_bridge/share/ros1_bridge/cmake/find_ros1_package.cmake
[0.298s] -- Up-to-date symlink: /home/suii/colcon_ws/suii/ros2_ws/install/ros1_bridge/share/ros1_bridge/cmake/find_ros1_interface_packages.cmake
[0.299s] -- Up-to-date symlink: /home/suii/colcon_ws/suii/ros2_ws/install/ros1_bridge/share/ros1_bridge/cmake/ros1_bridgeConfig.cmake
[0.299s] -- Up-to-date symlink: /home/suii/colcon_ws/suii/ros2_ws/install/ros1_bridge/share/ros1_bridge/cmake/ros1_bridgeConfig-version.cmake
[0.299s] -- Up-to-date symlink: /home/suii/colcon_ws/suii/ros2_ws/install/ros1_bridge/share/ros1_bridge/package.xml
[0.302s] Invoked command in '/home/suii/colcon_ws/suii/ros2_ws/build/ros1_bridge' returned '0': CMAKE_PREFIX_PATH=/home/suii/colcon_ws/suii/ros2_ws/install/suii_msgs:/home/suii/colcon_ws/suii/ros2_ws/install/suii_communication_ros2:/home/suii/colcon_ws/suii/ros2_ws/install/suii_description:/home/suii/colcon_ws/suii/ros2_ws/install/ros1_bridge:/home/suii/colcon_ws/suii/ros2_ws/install/suii_bringup:/home/suii/colcon_ws/suii/ros2_ws/install/nav_test_package_ros2:/opt/ros/foxy PYTHONPATH=/home/suii/colcon_ws/suii/ros2_ws/install/suii_msgs/lib/python3.8/site-packages:/home/suii/colcon_ws/suii/ros2_ws/install/suii_communication_ros2/lib/python3.8/site-packages:/home/suii/colcon_ws/suii/ros2_ws/install/suii_navigation/lib/python3.8/site-packages:/home/suii/colcon_ws/suii/ros2_ws/install/nav_test_package_ros2/lib/python3.8/site-packages:/opt/ros/foxy/lib/python3.8/site-packages /usr/bin/cmake --install /home/suii/colcon_ws/suii/ros2_ws/build/ros1_bridge
